[2023-08-08 09:03:21.490] 接收<- sync result 1 search num 1866 4768

sync succ pre 0x11 rssi -121 cur -25.0 last -25.0 frac -175

status change 0 to 1

wcmd2c w 0 r 7 type 6 cc 0x0 idx 0 subf 2 0

cmdtype 1 isSuc 0 cc 0x13 subf 3 0 idx 0 gus 255

status change 1 to 0

wcmd2c w 1 r 0 type 2 cc 0x0 idx 0 subf 3 0

cmdtype 1 isSuc 0 cc 0xf subf 0 0 idx 0 gus 255

wcmd2c w 2 r 1 type 1 cc 0x0 idx 0 subf 0 0

wcmd2c w 3 r 1 type 6 cc 0x0 idx 0 subf 0 0

wcmd2c w 4 r 1 type 6 cc 0x0 idx 0 subf 0 0


[2023-08-08 09:03:21.813] 接收<- sync result 1 search num 318 5120

sync succ pre 0x1 rssi -111 cur -12.75 last -11.75 frac -4033

status change 0 to 1

wcmd2c w 5 r 4 type 6 cc 0x0 idx 0 subf 2 0

cmdtype 1 isSuc 0 cc 0x2 subf 3 0 idx 0 gus 255

status change 1 to 0

wcmd2c w 6 r 5 type 2 cc 0x0 idx 0 subf 3 0

cmdtype 1 isSuc 0 cc 0x13 subf 0 0 idx 0 gus 255

wcmd2c w 7 r 6 type 1 cc 0x0 idx 0 subf 0 0

wcmd2c w 0 r 6 type 6 cc 0x0 idx 0 subf 0 0

wcmd2c w 1 r 6 type 6 cc 0x0 idx 0 subf 0 0


[2023-08-08 09:03:22.734] 接收<- 
[2023-08-08 09:03:22.947] 接收<- version:v1.0
make time:Aug 22 2022 15:33:01
baud_rate= 115200,baud_flag = 2,mode=96, size = 0
boot_share_data.mode  0x60

[2023-08-08 09:03:24.986] 接收<- re -1 input 0x0
Jump to application running ... 


entry

tthread_startup


[2023-08-08 09:03:25.089] 接收<- 
main...sizeof(tAODVRoute)=27 
static init 4

static init 728 708 0x0

error num 0xff 

error num 0xff 

module id, crc error 0x0 0xe7

update security from b0 0x4

update stable dcxo 32 -> 32

rf_freq 120, data_rate 0, bandwidth 1, id 3, systemid 287454020, tx_power 20
baud_rate=115200 data_bits=8 stop_bits=0 parity=0
exit fail, cur state 0

cur make time:Jun 16 2023 19:55:07

cur git version:v2.8_async Thu Jun 15 16:16:33 2023

cur cce version:9b132a7

subsys init1 u 123 idL 1 pp 1 pz 8 symL 1 band 1 bt 1 subsys 0x21456981

subsys init2 0x63c8b54c 0x0 
 8288
 123456
 v2.8_async
 ucchip
 v1.0

l1 buffer init

subnum dl 8 ul 0

frameLen 110912 bc 94528 head 44960

detect time 254592

detect cnt 248

userid 0x63c8b54c

calc limit symLen 1 rfMcs 0 btValue 1 isDS 4

calc result mcs 0 0 data 4 6

userid 0x3

subsys init1 u 123 idL 1 pp 1 pz 8 symL 1 band 1 bt 1 subsys 0x21456981

subsys init2 0x3 0x0 
 8288
 123456
 v2.8_async
 ucchip
 v1.0

subnum dl 8 ul 0

frameLen 110912 bc 94528
[2023-08-08 09:03:25.191] 接收<-  head 44960

detect time 254592

detect cnt 248

mcs limit 0 -> 0

calc limit symLen 1 rfMcs 0 btValue 1 isDS 4

calc result mcs 0 0 data 4 6

auto pow 0 to 0

power 20 idx 36 ramp 850

create l1_i task taskHandle 003085dc

create l1_m task taskHandle 00308a40

create mac task taskHandle 00308f54

inter task start

subsys init1 u 123 idL 1 pp 1 pz 8 symL 1 band 1 bt 1 subsys 0x21456981

subsys init2 0x3 0x0 
 8288
 123456
 v2.8_async
 ucchip
 v1.0

cce fetch done

l1 main task start

power 20 idx 36 ramp 850

wcmd2c w 1 r 0 type 1 cc 0x0 idx 0 subf 0 0

wcmd2c w 2 r 0 type 6 cc 0x0 idx 0 subf 0 0

wcmd2c w 3 r 0 type 6 cc 0x0 idx 0 subf 0 0

mac task start

mac user singalCode 0x403 142991 147750

rt_tick_from_millisecond(10000)=10000
 sdk_us_count = 145945 
 sdk_us_count = 146257 
 sdk_us_count = 146777 
 sdk_us_count = 147319 
 sdk_us_count = 147861 
 sdk_us_count = 148402 
 sdk_us_count = 148944 
 sdk_us_count = 149486 
 sdk_us_count = 150027 
 sdk_us_count = 150569 
 sdk_
[2023-08-08 09:03:25.292] 接收<- us_count = 151111 
 sdk_us_count = 152227 
 sdk_us_count = 152513 
 sdk_us_count = 153054 
 sdk_us_count = 153596 
 sdk_us_count = 154138 
 sdk_us_count = 154679 
 sdk_us_count = 155221 
 sdk_us_count = 155763 
 sdk_us_count = 156304 
 sdk_us_count = 156846 
 sdk_us_count = 157388 
 sdk_us_count = 157929 
 sdk_us_count = 158471 
 sdk_us_count = 159013 
 sdk_us_count = 160118 
 sdk_us_count = 160404 
 sdk_us_count = 160945 
 sdk_us_count = 161487 
 sdk_us_count = 162029 
 sdk_us_count = 162570 
 sdk_us_count = 163112 
 sdk_us_count = 163654 
 sdk_us_count = 164195 
 sdk_us_count = 164737 
 sdk_us_count = 165279 
 sdk_us_count = 165820 
 sdk_us_count = 166362 
 sdk_us_count = 166904 
 sdk_us_count = 167445 
 sdk_us_count = 168275 
 sdk_us_count = 168754 
 sdk_us_count = 169296 
 sdk_us_count = 169837 
 sdk_us_count = 170379 
 sdk_us_count = 170921 
 sdk_us_count = 171462 
 sdk_us_count = 172004 
 sdk_us_count = 172546 
 sdk_us_count = 173087 
 sdk_us_count = 173629 
 sd
[2023-08-08 09:03:25.394] 接收<- k_us_count = 174171 
 sdk_us_count = 174712 
 sdk_us_count = 175254 
 sdk_us_count = 176182 
 sdk_us_count = 176502 
 sdk_us_count = 177044 
 sdk_us_count = 177585 
 sdk_us_count = 178127 
 sdk_us_count = 178669 
 sdk_us_count = 179210 
 sdk_us_count = 179752 
 sdk_us_count = 180294 
 sdk_us_count = 180835 
 sdk_us_count = 181377 
 sdk_us_count = 181919 
 sdk_us_count = 182460 
 sdk_us_count = 183002 
 sdk_us_count = 183544 
 sdk_us_count = 184363 
 sdk_us_count = 184837 
 sdk_us_count = 185379 
 sdk_us_count = 185920 
 sdk_us_count = 186462 
 sdk_us_count = 187004 
 sdk_us_count = 187545 
 sdk_us_count = 188087 
 sdk_us_count = 188629 
 sdk_us_count = 189170 
 sdk_us_count = 189712 
 sdk_us_count = 190254 
 sdk_us_count = 190795 
 sdk_us_count = 191337 
 sdk_us_count = 192247 
 sdk_us_count = 192587 
 sdk_us_count = 193129 
 sdk_us_count = 193671 
 sdk_us_count = 194212 
 sdk_us_count = 194754 
 sdk_us_count = 195296 
 sdk_us_count = 195837 
 sdk_us_count = 196379 
 
[2023-08-08 09:03:25.495] 接收<- sdk_us_count = 196921 
 sdk_us_count = 197462 
 sdk_us_count = 198004 
 sdk_us_count = 198546 
 sdk_us_count = 199087 
 sdk_us_count = 199629 
 sdk_us_count = 200444 
 sdk_us_count = 200922 
 sdk_us_count = 201464 
 sdk_us_count = 202006 
 sdk_us_count = 202547 
 sdk_us_count = 203089 
 sdk_us_count = 203631 
 sdk_us_count = 204172 
 sdk_us_count = 204714 
 sdk_us_count = 205256 
 sdk_us_count = 205797 
 sdk_us_count = 206339 
 sdk_us_count = 206881 
 sdk_us_count = 207426 
 sdk_us_count = 208332 
 sdk_us_count = 208696 
 sdk_us_count = 209238 
 sdk_us_count = 209780 
 sdk_us_count = 210321 
 sdk_us_count = 210863 
 sdk_us_count = 211405 
 sdk_us_count = 211946 
 sdk_us_count = 212488 
 sdk_us_count = 213030 
 sdk_us_count = 213571 
 sdk_us_count = 214113 
 sdk_us_count = 214655 
 sdk_us_count = 215196 
 sdk_us_count = 216363 
 sdk_us_count = 216618 
 sdk_us_count = 217159 
 sdk_us_count = 217701 
 sdk_us_count = 218243 
 sdk_us_count = 218784 
 sdk_us_count = 219326 
[2023-08-08 09:03:25.596] 接收<- 
 sdk_us_count = 219868 
 sdk_us_count = 220409 
 sdk_us_count = 220951 
 sdk_us_count = 221493 
 sdk_us_count = 222034 
 sdk_us_count = 222576 
 sdk_us_count = 223118 
 sdk_us_count = 223659 
 sdk_us_count = 224455 
 sdk_us_count = 224933 
 sdk_us_count = 225475 
 sdk_us_count = 226017 
 sdk_us_count = 226562 
 sdk_us_count = 227100 
 sdk_us_count = 227642 
 sdk_us_count = 228183 
 sdk_us_count = 228725 
 sdk_us_count = 229267 
 sdk_us_count = 229808 
 sdk_us_count = 230350 
 sdk_us_count = 230892 
 sdk_us_count = 231433 
 sdk_us_count = 232426 
 sdk_us_count = 232703 
 sdk_us_count = 233245 
 sdk_us_count = 233786 
 sdk_us_count = 234328 
 sdk_us_count = 234870 
 sdk_us_count = 235411 
 sdk_us_count = 235953 
 sdk_us_count = 236495 
 sdk_us_count = 237036 
 sdk_us_count = 237578 
 sdk_us_count = 238120 
 sdk_us_count = 238661 
 sdk_us_count = 239203 
 sdk_us_count = 239745 
 sdk_us_count = 240540 
 sdk_us_count = 241019 
 sdk_us_count = 241560 
 sdk_us_count = 242102
[2023-08-08 09:03:25.698] 接收<-  
 sdk_us_count = 242647 
 sdk_us_count = 243185 
 sdk_us_count = 243727 
 sdk_us_count = 244269 
 sdk_us_count = 244810 
 sdk_us_count = 245352 
 sdk_us_count = 245894 
 sdk_us_count = 246435 
 sdk_us_count = 246977 
 sdk_us_count = 247519 
 sdk_us_count = 248490 
 sdk_us_count = 248788 
 sdk_us_count = 249330 
 sdk_us_count = 249872 
 sdk_us_count = 250413 
 sdk_us_count = 250955 
 sdk_us_count = 251497 
 sdk_us_count = 252038 
 sdk_us_count = 252580 
 sdk_us_count = 253122 
 sdk_us_count = 253663 
 sdk_us_count = 254205 
 sdk_us_count = 254747 
 sdk_us_count = 255288 
 sdk_us_count = 255830 
 sdk_us_count = 256626 
 sdk_us_count = 257104 
 sdk_us_count = 257646 
 sdk_us_count = 258187 
 sdk_us_count = 258733 
 sdk_us_count = 259271 
 sdk_us_count = 259812 
 sdk_us_count = 260354 
 sdk_us_count = 260896 
 sdk_us_count = 261437 
 sdk_us_count = 261979 
 sdk_us_count = 262521 
 sdk_us_count = 263062 
 sdk_us_count = 263604 
 sdk_us_count = 264555 
 sdk_us_count = 2648
[2023-08-08 09:03:25.801] 接收<- 74 
 sdk_us_count = 265415 
 sdk_us_count = 265957 
 sdk_us_count = 266499 
 sdk_us_count = 267040 
 sdk_us_count = 267582 
 sdk_us_count = 268124 
 sdk_us_count = 268665 
 sdk_us_count = 269207 
 sdk_us_count = 269749 
 sdk_us_count = 270290 
 sdk_us_count = 270832 
 sdk_us_count = 271374 
 sdk_us_count = 271915 
 sdk_us_count = 272711 
 sdk_us_count = 273189 
 sdk_us_count = 273731 
 sdk_us_count = 274273 
 sdk_us_count = 274818 
 sdk_us_count = 275356 
 sdk_us_count = 275898 
 sdk_us_count = 276439 
 sdk_us_count = 276981 
 sdk_us_count = 277523 
 sdk_us_count = 278064 
 sdk_us_count = 278606 
 sdk_us_count = 279148 
 sdk_us_count = 279689 
 sdk_us_count = 280618 
 sdk_us_count = 280959 
 sdk_us_count = 281501 
 sdk_us_count = 282042 
 sdk_us_count = 282584 
 sdk_us_count = 283126 
 sdk_us_count = 283667 
 sdk_us_count = 284209 
 sdk_us_count = 284751 
 sdk_us_count = 285292 
 sdk_us_count = 285834 
 sdk_us_count = 286376 
 sdk_us_count = 286917 
 sdk_us_count = 28
[2023-08-08 09:03:25.914] 接收<- 7459 
 sdk_us_count = 288001 
 sdk_us_count = 288796 
 sdk_us_count = 289275 
 sdk_us_count = 289816 
 sdk_us_count = 290358 
 sdk_us_count = 290903 
 sdk_us_count = 291441 
 sdk_us_count = 291983 
 sdk_us_count = 292525 
 sdk_us_count = 293066 
 sdk_us_count = 293608 
 sdk_us_count = 294150 
 sdk_us_count = 294691 
 sdk_us_count = 295233 

[2023-08-08 09:03:26.046] 接收<- sync result 1 search num 870 904

sync succ pre 0x19 rssi -120 cur -12.0 last -12.0 frac 5483

status change 0 to 1

wcmd2c w 4 r 2 type 6 cc 0x0 idx 0 subf 2 0

cmdtype 1 isSuc 0 cc 0x12 subf 3 0 idx 0 gus 255

status change 1 to 0

wcmd2c w 5 r 2 type 2 cc 0x0 idx 0 subf 3 0

wcmd2c w 6 r 5 type 1 cc 0x0 idx 0 subf 0 0

wcmd2c w 7 r 5 type 6 cc 0x0 idx 0 subf 0 0

wcmd2c w 0 r 5 type 6 cc 0x0 idx 0 subf 0 0


[2023-08-08 09:03:27.691] 接收<- sync result 1 search num 1602 2536

sync succ pre 0x19 rssi -120 cur -9.75 last -8.75 frac -5136

status change 0 to 1

wcmd2c w 1 r 7 type 6 cc 0x0 idx 0 subf 2 0

cmdtype 1 isSuc 0 cc 0xc subf 3 0 idx 0 gus 255

status change 1 to 0

wcmd2c w 2 r 7 type 2 cc 0x0 idx 0 subf 3 0

wcmd2c w 3 r 2 type 1 cc 0x0 idx 0 subf 0 0

wcmd2c w 4 r 2 type 6 cc 0x0 idx 0 subf 0 0

wcmd2c w 5 r 2 type 6 cc 0x0 idx 0 subf 0 0


[2023-08-08 09:03:28.007] 接收<- 
[2023-08-08 09:03:28.321] 接收<- version:v1.0
make time:Aug 22 2022 15:33:01
baud_rate= 115200,baud_flag = 2,mode=96, size = 0
boot_share_data.mode  0x60

[2023-08-08 09:03:30.343] 接收<- re -1 input 0x0
Jump to application running ... 


entry

tthread_startup


[2023-08-08 09:03:30.444] 接收<- 
main...sizeof(tAODVRoute)=27 
static init 4

static init 728 708 0x0

error num 0xff 

error num 0xff 

module id, crc error 0x0 0xe7

update security from b0 0x4

update stable dcxo 32 -> 32

rf_freq 120, data_rate 0, bandwidth 1, id 3, systemid 287454020, tx_power 20
baud_rate=115200 data_bits=8 stop_bits=0 parity=0
exit fail, cur state 0

cur make time:Jun 16 2023 19:55:07

cur git version:v2.8_async Thu Jun 15 16:16:33 2023

cur cce version:9b132a7

subsys init1 u 123 idL 1 pp 1 pz 8 symL 1 band 1 bt 1 subsys 0x21456981

subsys init2 0x63c8b54c 0x0 
 8288
 123456
 v2.8_async
 ucchip
 v1.0

l1 buffer init

subnum dl 8 ul 0

frameLen 110912 bc 94528 head 44960

detect time 254592

detect cnt 248

userid 0x63c8b54c

calc limit symLen 1 rfMcs 0 btValue 1 isDS 4

calc result mcs 0 0 data 4 6

userid 0x3

subsys init1 u 123 idL 1 pp 1 pz 8 symL 1 band 1 bt 1 subsys 0x21456981

subsys init2 0x3 0x0 
 8288
 123456
 v2.8_async
 ucchip
 v1.0

subnum dl 8 ul 0

frameLen 110912 bc 94528
[2023-08-08 09:03:30.545] 接收<-  head 44960

detect time 254592

detect cnt 248

mcs limit 0 -> 0

calc limit symLen 1 rfMcs 0 btValue 1 isDS 4

calc result mcs 0 0 data 4 6

auto pow 0 to 0

power 20 idx 36 ramp 850

create l1_i task taskHandle 003085dc

create l1_m task taskHandle 00308a40

create mac task taskHandle 00308f54

inter task start

subsys init1 u 123 idL 1 pp 1 pz 8 symL 1 band 1 bt 1 subsys 0x21456981

subsys init2 0x3 0x0 
 8288
 123456
 v2.8_async
 ucchip
 v1.0

cce fetch done

l1 main task start

power 20 idx 36 ramp 850

wcmd2c w 1 r 0 type 1 cc 0x0 idx 0 subf 0 0

wcmd2c w 2 r 0 type 6 cc 0x0 idx 0 subf 0 0

wcmd2c w 3 r 0 type 6 cc 0x0 idx 0 subf 0 0

mac task start

mac user singalCode 0x403 143004 147750

rt_tick_from_millisecond(10000)=10000
 sdk_us_count = 145958 
 sdk_us_count = 146270 
 sdk_us_count = 146790 
 sdk_us_count = 147332 
 sdk_us_count = 147874 
 sdk_us_count = 148415 
 sdk_us_count = 148957 
 sdk_us_count = 149499 
 sdk_us_count = 150041 
 sdk_us_count = 150582 
 sdk_
[2023-08-08 09:03:30.647] 接收<- us_count = 151124 
 sdk_us_count = 152241 
 sdk_us_count = 152528 
 sdk_us_count = 153069 
 sdk_us_count = 153611 
 sdk_us_count = 154153 
 sdk_us_count = 154694 
 sdk_us_count = 155236 
 sdk_us_count = 155778 
 sdk_us_count = 156319 
 sdk_us_count = 156861 
 sdk_us_count = 157403 
 sdk_us_count = 157944 
 sdk_us_count = 158486 
 sdk_us_count = 159028 
 sdk_us_count = 160132 
 sdk_us_count = 160419 
 sdk_us_count = 160960 
 sdk_us_count = 161502 
 sdk_us_count = 162044 
 sdk_us_count = 162585 
 sdk_us_count = 163127 
 sdk_us_count = 163669 
 sdk_us_count = 164210 
 sdk_us_count = 164752 
 sdk_us_count = 165294 
 sdk_us_count = 165835 
 sdk_us_count = 166377 
 sdk_us_count = 166919 
 sdk_us_count = 167460 
 sdk_us_count = 168286 
 sdk_us_count = 168765 
 sdk_us_count = 169306 
 sdk_us_count = 169848 
 sdk_us_count = 170390 
 sdk_us_count = 170931 
 sdk_us_count = 171473 
 sdk_us_count = 172015 
 sdk_us_count = 172556 
 sdk_us_count = 173098 
 sdk_us_count = 173640 
 sd
[2023-08-08 09:03:30.748] 接收<- k_us_count = 174182 
 sdk_us_count = 174723 
 sdk_us_count = 175265 
 sdk_us_count = 176196 
 sdk_us_count = 176517 
 sdk_us_count = 177059 
 sdk_us_count = 177600 
 sdk_us_count = 178142 
 sdk_us_count = 178684 
 sdk_us_count = 179226 
 sdk_us_count = 179767 
 sdk_us_count = 180309 
 sdk_us_count = 180850 
 sdk_us_count = 181392 
 sdk_us_count = 181934 
 sdk_us_count = 182475 
 sdk_us_count = 183017 
 sdk_us_count = 183559 
 sdk_us_count = 184376 
 sdk_us_count = 184854 
 sdk_us_count = 185396 
 sdk_us_count = 185938 
 sdk_us_count = 186479 
 sdk_us_count = 187021 
 sdk_us_count = 187563 
 sdk_us_count = 188105 
 sdk_us_count = 188646 
 sdk_us_count = 189188 
 sdk_us_count = 189729 
 sdk_us_count = 190271 
 sdk_us_count = 190813 
 sdk_us_count = 191354 
 sdk_us_count = 192260 
 sdk_us_count = 192602 
 sdk_us_count = 193144 
 sdk_us_count = 193686 
 sdk_us_count = 194227 
 sdk_us_count = 194769 
 sdk_us_count = 195311 
 sdk_us_count = 195853 
 sdk_us_count = 196398 
 
[2023-08-08 09:03:30.850] 接收<- sdk_us_count = 196936 
 sdk_us_count = 197477 
 sdk_us_count = 198019 
 sdk_us_count = 198561 
 sdk_us_count = 199102 
 sdk_us_count = 199644 
 sdk_us_count = 200461 
 sdk_us_count = 200940 
 sdk_us_count = 201481 
 sdk_us_count = 202023 
 sdk_us_count = 202565 
 sdk_us_count = 203106 
 sdk_us_count = 203648 
 sdk_us_count = 204190 
 sdk_us_count = 204731 
 sdk_us_count = 205273 
 sdk_us_count = 205815 
 sdk_us_count = 206356 
 sdk_us_count = 206898 
 sdk_us_count = 207440 
 sdk_us_count = 208346 
 sdk_us_count = 208709 
 sdk_us_count = 209251 
 sdk_us_count = 209793 
 sdk_us_count = 210334 
 sdk_us_count = 210876 
 sdk_us_count = 211418 
 sdk_us_count = 211959 
 sdk_us_count = 212501 
 sdk_us_count = 213043 
 sdk_us_count = 213584 
 sdk_us_count = 214126 
 sdk_us_count = 214668 
 sdk_us_count = 215210 
 sdk_us_count = 216376 
 sdk_us_count = 216631 
 sdk_us_count = 217172 
 sdk_us_count = 217714 
 sdk_us_count = 218256 
 sdk_us_count = 218797 
 sdk_us_count = 219339 
[2023-08-08 09:03:30.952] 接收<- 
 sdk_us_count = 219881 
 sdk_us_count = 220422 
 sdk_us_count = 220964 
 sdk_us_count = 221509 
 sdk_us_count = 222047 
 sdk_us_count = 222589 
 sdk_us_count = 223131 
 sdk_us_count = 223672 
 sdk_us_count = 224466 
 sdk_us_count = 224944 
 sdk_us_count = 225486 
 sdk_us_count = 226028 
 sdk_us_count = 226569 
 sdk_us_count = 227111 
 sdk_us_count = 227653 
 sdk_us_count = 228194 
 sdk_us_count = 228736 
 sdk_us_count = 229278 
 sdk_us_count = 229819 
 sdk_us_count = 230361 
 sdk_us_count = 230903 
 sdk_us_count = 231444 
 sdk_us_count = 232439 
 sdk_us_count = 232716 
 sdk_us_count = 233258 
 sdk_us_count = 233799 
 sdk_us_count = 234341 
 sdk_us_count = 234883 
 sdk_us_count = 235424 
 sdk_us_count = 235966 
 sdk_us_count = 236508 
 sdk_us_count = 237050 
 sdk_us_count = 237595 
 sdk_us_count = 238133 
 sdk_us_count = 238674 
 sdk_us_count = 239216 
 sdk_us_count = 239758 
 sdk_us_count = 240551 
 sdk_us_count = 241030 
 sdk_us_count = 241571 
 sdk_us_count = 242113
[2023-08-08 09:03:31.065] 接收<-  
 sdk_us_count = 242655 
 sdk_us_count = 243196 
 sdk_us_count = 243738 
 sdk_us_count = 244415 
 sdk_us_count = 244876 
 sdk_us_count = 245679 

[2023-08-08 09:03:32.132] 接收<- sync result 1 search num 1626 1656

sync succ pre 0x1 rssi -121 cur -12.25 last -11.25 frac 3220

status change 0 to 1

wcmd2c w 4 r 3 type 6 cc 0x0 idx 0 subf 2 0

cmdtype 1 isSuc 0 cc 0xe subf 3 0 idx 0 gus 255

status change 1 to 0

wcmd2c w 5 r 4 type 2 cc 0x0 idx 0 subf 3 0

cmdtype 1 isSuc 0 cc 0x9 subf 0 0 idx 0 gus 255

wcmd2c w 6 r 5 type 1 cc 0x0 idx 0 subf 0 0

wcmd2c w 7 r 5 type 6 cc 0x0 idx 0 subf 0 0

wcmd2c w 0 r 5 type 6 cc 0x0 idx 0 subf 0 0


[2023-08-08 09:03:35.073] 接收<- sync result 1 search num 2892 4584

sync succ pre 0x1 rssi -119 cur -12.0 last -12.0 frac -3395

status change 0 to 1

wcmd2c w 1 r 0 type 6 cc 0x0 idx 0 subf 2 0

cmdtype 1 isSuc 0 cc 0x1b subf 3 0 idx 0 gus 255

status change 1 to 0

wcmd2c w 2 r 1 type 2 cc 0x0 idx 0 subf 3 0

cmdtype 1 isSuc 0 cc 0x1c subf 0 0 idx 0 gus 255

wcmd2c w 3 r 2 type 1 cc 0x0 idx 0 subf 0 0

wcmd2c w 4 r 2 type 6 cc 0x0 idx 0 subf 0 0

wcmd2c w 5 r 2 type 6 cc 0x0 idx 0 subf 0 0


[2023-08-08 09:03:36.024] 接收<- sync result 1 search num 900 5520

sync succ pre 0x1 rssi -112 cur -12.50 last -11.50 frac -3598

status change 0 to 1

wcmd2c w 6 r 5 type 6 cc 0x0 idx 0 subf 2 0

cmdtype 1 isSuc 0 cc 0xe subf 3 0 idx 0 gus 255

status change 1 to 0

wcmd2c w 7 r 6 type 2 cc 0x0 idx 0 subf 3 0

cmdtype 1 isSuc 0 cc 0x5 subf 0 0 idx 0 gus 255

wcmd2c w 0 r 7 type 1 cc 0x0 idx 0 subf 0 0

wcmd2c w 1 r 7 type 6 cc 0x0 idx 0 subf 0 0

wcmd2c w 2 r 7 type 6 cc 0x0 idx 0 subf 0 0


[2023-08-08 09:03:36.337] 接收<- sync result 1 search num 248 5800

sync succ pre 0x11 rssi -111 cur -12.75 last -11.75 frac 3220

status change 0 to 1

wcmd2c w 3 r 2 type 6 cc 0x0 idx 0 subf 2 0

cmdtype 1 isSuc 0 cc 0x12 subf 3 0 idx 0 gus 255

status change 1 to 0

wcmd2c w 4 r 3 type 2 cc 0x0 idx 0 subf 3 0

cmdtype 1 isSuc 0 cc 0xd subf 0 0 idx 0 gus 255

wcmd2c w 5 r 4 type 1 cc 0x0 idx 0 subf 0 0

wcmd2c w 6 r 4 type 6 cc 0x0 idx 0 subf 0 0

wcmd2c w 7 r 4 type 6 cc 0x0 idx 0 subf 0 0


[2023-08-08 09:03:38.059] 接收<- sync result 1 search num 1656 7488

sync succ pre 0x19 rssi -120 cur -25.0 last -25.0 frac -2206

status change 0 to 1

wcmd2c w 0 r 6 type 6 cc 0x0 idx 0 subf 2 0

cmdtype 1 isSuc 0 cc 0xb subf 3 0 idx 0 gus 255

status change 1 to 0

wcmd2c w 1 r 6 type 2 cc 0x0 idx 0 subf 3 0

wcmd2c w 2 r 1 type 1 cc 0x0 idx 0 subf 0 0

wcmd2c w 3 r 1 type 6 cc 0x0 idx 0 subf 0 0

wcmd2c w 4 r 1 type 6 cc 0x0 idx 0 subf 0 0


[2023-08-08 09:03:38.673] 接收<- sync result 1 search num 578 8096

sync succ pre 0x19 rssi -120 cur -12.25 last -11.25 frac 1015

status change 0 to 1

wcmd2c w 5 r 3 type 6 cc 0x0 idx 0 subf 2 0

cmdtype 1 isSuc 0 cc 0x10 subf 3 0 idx 0 gus 255

status change 1 to 0

wcmd2c w 6 r 3 type 2 cc 0x0 idx 0 subf 3 0

wcmd2c w 7 r 6 type 1 cc 0x0 idx 0 subf 0 0

wcmd2c w 0 r 6 type 6 cc 0x0 idx 0 subf 0 0

wcmd2c w 1 r 6 type 6 cc 0x0 idx 0 subf 0 0


[2023-08-08 09:03:40.192] 接收<- sync result 1 search num 1468 9600

sync succ pre 0x1 rssi -121 cur -12.75 last -11.75 frac -320

status change 0 to 1

wcmd2c w 2 r 1 type 6 cc 0x0 idx 0 subf 2 0

cmdtype 1 isSuc 0 cc 0x18 subf 3 0 idx 0 gus 255

status change 1 to 0

wcmd2c w 3 r 2 type 2 cc 0x0 idx 0 subf 3 0

cmdtype 1 isSuc 0 cc 0xa subf 0 0 idx 0 gus 255

wcmd2c w 4 r 3 type 1 cc 0x0 idx 0 subf 0 0

wcmd2c w 5 r 3 type 6 cc 0x0 idx 0 subf 0 0

wcmd2c w 6 r 3 type 6 cc 0x0 idx 0 subf 0 0


[2023-08-08 09:03:42.743] 接收<- sync result 1 search num 2542 12176

sync succ pre 0x9 rssi -120 cur -12.75 last -11.75 frac 4352

status change 0 to 1

wcmd2c w 7 r 5 type 6 cc 0x0 idx 0 subf 2 0

cmdtype 1 isSuc 0 cc 0x15 subf 3 0 idx 0 gus 255

status change 1 to 0

wcmd2c w 0 r 5 type 2 cc 0x0 idx 0 subf 3 0

wcmd2c w 1 r 0 type 1 cc 0x0 idx 0 subf 0 0

wcmd2c w 2 r 0 type 6 cc 0x0 idx 0 subf 0 0

wcmd2c w 3 r 0 type 6 cc 0x0 idx 0 subf 0 0


[2023-08-08 09:03:45.170] 接收<- sync result 1 search num 2346 14552

sync succ pre 0x9 rssi -120 cur -25.0 last -25.0 frac 5687

status change 0 to 1

wcmd2c w 4 r 2 type 6 cc 0x0 idx 0 subf 2 0

cmdtype 1 isSuc 0 cc 0x7 subf 3 0 idx 0 gus 255

status change 1 to 0

wcmd2c w 5 r 2 type 2 cc 0x0 idx 0 subf 3 0

wcmd2c w 6 r 5 type 1 cc 0x0 idx 0 subf 0 0

wcmd2c w 7 r 5 type 6 cc 0x0 idx 0 subf 0 0

wcmd2c w 0 r 5 type 6 cc 0x0 idx 0 subf 0 0


[2023-08-08 09:03:47.496] 接收<- sync result 1 search num 2314 16896

sync succ pre 0x11 rssi -120 cur -10.50 last -9.50 frac 2118

status change 0 to 1

wcmd2c w 1 r 0 type 6 cc 0x0 idx 0 subf 2 0

cmdtype 1 isSuc 0 cc 0x18 subf 3 0 idx 0 gus 255

status change 1 to 0

wcmd2c w 2 r 1 type 2 cc 0x0 idx 0 subf 3 0

cmdtype 1 isSuc 0 cc 0x10 subf 0 0 idx 0 gus 255

wcmd2c w 3 r 2 type 1 cc 0x0 idx 0 subf 0 0

wcmd2c w 4 r 2 type 6 cc 0x0 idx 0 subf 0 0

wcmd2c w 5 r 2 type 6 cc 0x0 idx 0 subf 0 0


[2023-08-08 09:03:48.113] 接收<- sync result 1 search num 526 17456

sync succ pre 0x19 rssi -120 cur -12.50 last -11.50 frac 232

status change 0 to 1

wcmd2c w 6 r 4 type 6 cc 0x0 idx 0 subf 2 0

cmdtype 1 isSuc 0 cc 0x4 subf 3 0 idx 0 gus 255

status change 1 to 0

wcmd2c w 7 r 4 type 2 cc 0x0 idx 0 subf 3 0

wcmd2c w 0 r 7 type 1 cc 0x0 idx 0 subf 0 0

wcmd2c w 1 r 7 type 6 cc 0x0 idx 0 subf 0 0

wcmd2c w 2 r 7 type 6 cc 0x0 idx 0 subf 0 0


