[2023-08-07 16:56:08.877] 发送->:AT
█
[2023-08-07 16:56:08.982] 接收<- wcmd2c w 0 r 7 type 13 cc 0x0 idx 0 subf 2
track succ pre 0x1 rssi -19 cur 19.50 last 20.33 ratio 195915/195915 frac -384 to 1 fo -44561 frame 195927
cmdtype 7 isSuc 0 cc 0x0 subf 5

[2023-08-07 16:56:09.098] 接收<- wcmd2c w 1 r 0 type 13 cc 0x0 idx 0 subf 2
track succ pre 0x1 rssi -19 cur 19.75 last 20.27 ratio 195916/195916 frac -383 to 0 fo 44561 frame 195928
cmdtype 7 isSuc 0 cc 0x0 subf 5

[2023-08-07 16:56:09.217] 接收<- wcmd2c w 2 r 1 type 13 cc 0x0 idx 0 subf 2
track succ pre 0x1 rssi -19 cur 20.25 last 20.27 ratio 195917/195917 frac -384 to 0 fo -44561 frame 195929
cmdtype 7 isSuc 0 cc 0x0 subf 5

[2023-08-07 16:56:09.431] 接收<- wcmd2c w 3 r 2 type 13 cc 0x0 idx 0 subf 2
track succ pre 0x1 rssi -19 cur 20.0 last 20.24 ratio 195918/195918 frac -384 to 0 fo 0 frame 195930
cmdtype 7 isSuc 0 cc 0x0 subf 5

[2023-08-07 16:56:09.544] 接收<- wcmd2c w 4 r 3 type 13 cc 0x0 idx 0 subf 2
track succ pre 0x1 rssi -19 cur 20.50 last 20.27 ratio 195919/195919 frac -384 to 0 fo 0 frame 195931
cmdtype 7 isSuc 0 cc 0x0 subf 5

[2023-08-07 16:56:09.671] 接收<- wcmd2c w 5 r 4 type 13 cc 0x0 idx 0 subf 2
track succ pre 0x9 rssi -19 cur 26.0 last 20.84 ratio 195920/195920 frac -383 to 0 fo 44561 frame 195932
cmdtype 7 isSuc 0 cc 0x0 subf 5
wcmd2c w 6 r 5 type 2 cc 0x0 idx 0 subf 6

[2023-08-07 16:56:09.784] 接收<- cmdtype 2 isSuc 1 cc 0x0 subf 9
frame_head_dfe 2828616077
wcmd2c w 7 r 6 type 13 cc 0x0 idx 0 subf 2
track succ pre 0x1 rssi -19 cur 20.50 last 20.80 ratio 195921/195921 frac -382 to 0 fo 89122 frame 195933

[2023-08-07 16:56:09.898] 接收<- cmdtype 7 isSuc 0 cc 0x0 subf 5

[2023-08-07 16:56:10.012] 接收<- wcmd2c w 0 r 7 type 13 cc 0x0 idx 0 subf 2
track succ pre 0x1 rssi -19 cur 20.25 last 20.75 ratio 195922/195922 frac -382 to 0 fo 0 frame 195934
cmdtype 7 isSuc 0 cc 0x0 subf 5

[2023-08-07 16:56:10.126] 接收<- wcmd2c w 1 r 0 type 13 cc 0x0 idx 0 subf 2
track succ pre 0x1 rssi -19 cur 20.0 last 20.67 ratio 195923/195923 frac -382 to 0 fo 0 frame 195935
uc_wiota_gateway_api_handle connect_state 1
cmdtype 7 isSuc 0 cc 0x0 subf 5

[2023-08-07 16:56:10.239] 接收<- wcmd2c w 2 r 1 type 13 cc 0x0 idx 0 subf 2
track succ pre 0x1 rssi -19 cur 20.50 last 20.66 ratio 195924/195924 frac -382 to 0 fo 44561 frame 195936
cmdtype 7 isSuc 0 cc 0x0 subf 5

[2023-08-07 16:56:10.452] 接收<- wcmd2c w 3 r 2 type 13 cc 0x0 idx 0 subf 2
track succ pre 0x1 rssi -19 cur 20.25 last 20.61 ratio 195925/195925 frac -382 to 0 fo 0 frame 195937
cmdtype 7 isSuc 0 cc 0x0 subf 5

[2023-08-07 16:56:10.565] 接收<- wcmd2c w 4 r 3 type 13 cc 0x0 idx 0 subf 2
track succ pre 0x1 rssi -19 cur 20.25 last 20.58 ratio 195926/195926 frac -382 to 0 fo 0 frame 195938
cmdtype 7 isSuc 0 cc 0x0 subf 5

[2023-08-07 16:56:10.677] 接收<- wcmd2c w 5 r 4 type 13 cc 0x0 idx 0 subf 2
track succ pre 0x1 rssi -19 cur 20.25 last 20.54 ratio 195927/195927 frac -382 to 0 fo 0 frame 195939
cmdtype 7 isSuc 0 cc 0x0 subf 5

[2023-08-07 16:56:10.889] 接收<- wcmd2c w 6 r 5 type 13 cc 0x0 idx 0 subf 2
track succ pre 0x1 rssi -19 cur 19.75 last 20.46 ratio 195928/195928 frac -382 to 0 fo -44561 frame 195940
cmdtype 7 isSuc 0 cc 0x0 subf 5

[2023-08-07 16:56:11.003] 接收<- wcmd2c w 7 r 6 type 13 cc 0x0 idx 0 subf 2
track succ pre 0x1 rssi -19 cur 20.0 last 20.42 ratio 195929/195929 frac -382 to 0 fo 0 frame 195941
cmdtype 7 isSuc 0 cc 0x0 subf 5

[2023-08-07 16:56:11.116] 接收<- wcmd2c w 0 r 7 type 13 cc 0x0 idx 0 subf 2
track succ pre 0x1 rssi -19 cur 20.0 last 20.37 ratio 195930/195930 frac -383 to 0 fo -89122 frame 195942
cmdtype 7 isSuc 0 cc 0x0 subf 5

[2023-08-07 16:56:11.328] 接收<- wcmd2c w 1 r 0 type 13 cc 0x0 idx 0 subf 2
track succ pre 0x9 rssi -19 cur 25.50 last 20.89 ratio 195931/195931 frac -383 to 0 fo 0 frame 195943
cmdtype 7 isSuc 0 cc 0x0 subf 5
wcmd2c w 2 r 1 type 2 cc 0x0 idx 0 subf 6
cmdtype 2 isSuc 1 cc 0x0 subf 9

[2023-08-07 16:56:11.440] 接收<- wcmd2c w 3 r 2 type 13 cc 0x0 idx 0 subf 2
track succ pre 0x1 rssi -19 cur 20.25 last 20.82 ratio 195932/195932 frac -383 to 0 fo 0 frame 195944
cmdtype 7 isSuc 0 cc 0x0 subf 5

[2023-08-07 16:56:11.552] 接收<- wcmd2c w 4 r 3 type 13 cc 0x0 idx 0 subf 2
track succ pre 0x1 rssi -19 cur 19.75 last 20.71 ratio 195933/195933 frac -384 to 0 fo -44561 frame 195945
cmdtype 7 isSuc 0 cc 0x0 subf 5

[2023-08-07 16:56:11.767] 接收<- wcmd2c w 5 r 4 type 13 cc 0x0 idx 0 subf 2
track succ pre 0x1 rssi -19 cur 20.0 last 20.64 ratio 195934/195934 frac -384 to 0 fo -44561 frame 195946
cmdtype 7 isSuc 0 cc 0x0 subf 5

[2023-08-07 16:56:11.880] 接收<- wcmd2c w 6 r 5 type 13 cc 0x0 idx 0 subf 2
track succ pre 0x1 rssi -19 cur 20.0 last 20.58 ratio 195935/195935 frac -384 to 0 fo 0 frame 195947
cmdtype 7 isSuc 0 cc 0x0 subf 5

[2023-08-07 16:56:11.992] 接收<- wcmd2c w 7 r 6 type 13 cc 0x0 idx 0 subf 2
track succ pre 0x1 rssi -19 cur 20.25 last 20.54 ratio 195936/195936 frac -384 to 0 fo 0 frame 195948
cmdtype 7 isSuc 0 cc 0x0 subf 5

[2023-08-07 16:56:12.206] 接收<- wcmd2c w 0 r 7 type 13 cc 0x0 idx 0 subf 2
track succ pre 0x1 rssi -19 cur 19.75 last 20.46 ratio 195937/195937 frac -384 to 0 fo -44561 frame 195949
cmdtype 7 isSuc 0 cc 0x0 subf 5

[2023-08-07 16:56:12.320] 接收<- wcmd2c w 1 r 0 type 13 cc 0x0 idx 0 subf 2
track succ pre 0x1 rssi -19 cur 19.50 last 20.37 ratio 195938/195938 frac -384 to 0 fo 0 frame 195950
cmdtype 7 isSuc 0 cc 0x0 subf 5

[2023-08-07 16:56:12.432] 接收<- wcmd2c w 2 r 1 type 13 cc 0x0 idx 0 subf 2
track succ pre 0x1 rssi -19 cur 19.50 last 20.28 ratio 195939/195939 frac -384 to 1 fo 0 frame 195951
cmdtype 7 isSuc 0 cc 0x0 subf 5

[2023-08-07 16:56:12.646] 接收<- wcmd2c w 3 r 2 type 13 cc 0x0 idx 0 subf 2
track succ pre 0x1 rssi -19 cur 19.75 last 20.23 ratio 195940/195940 frac -384 to 0 fo 89122 frame 195952
cmdtype 7 isSuc 0 cc 0x0 subf 5

[2023-08-07 16:56:12.728] 发送->:AT
█
[2023-08-07 16:56:12.759] 接收<- wcmd2c w 4 r 3 type 13 cc 0x0 idx 0 subf 2
track succ pre 0x1 rssi -19 cur 20.50 last 20.25 ratio 195941/195941 frac -384 to 0 fo 0 frame 195953
cmdtype 7 isSuc 0 cc 0x0 subf 5

[2023-08-07 16:56:12.880] 接收<- wcmd2c w 5 r 4 type 13 cc 0x0 idx 0 subf 2
track succ pre 0x9 rssi -19 cur 25.75 last 20.80 ratio 195942/195942 frac -383 to 0 fo 44561 frame 195954
cmdtype 7 isSuc 0 cc 0x0 subf 5
wcmd2c w 6 r 5 type 2 cc 0x0 idx 0 subf 6

[2023-08-07 16:56:12.995] 接收<- cmdtype 2 isSuc 1 cc 0x0 subf 9
wcmd2c w 7 r 6 type 13 cc 0x0 idx 0 subf 2
track succ pre 0x1 rssi -19 cur 19.75 last 20.70 ratio 195943/195943 frac -384 to 0 fo -44561 frame 195955

[2023-08-07 16:56:13.108] 接收<- cmdtype 7 isSuc 0 cc 0x0 subf 5

[2023-08-07 16:56:13.221] 接收<- wcmd2c w 0 r 7 type 13 cc 0x0 idx 0 subf 2
track succ pre 0x1 rssi -19 cur 20.50 last 20.68 ratio 195944/195944 frac -384 to 0 fo 0 frame 195956
cmdtype 7 isSuc 0 cc 0x0 subf 5

[2023-08-07 16:56:13.334] 接收<- wcmd2c w 1 r 0 type 13 cc 0x0 idx 0 subf 2
track succ pre 0x1 rssi -19 cur 20.25 last 20.63 ratio 195945/195945 frac -384 to 0 fo -44561 frame 195957
cmdtype 7 isSuc 0 cc 0x0 subf 5

[2023-08-07 16:56:13.461] 接收<- wcmd2c w 2 r 1 type 13 cc 0x0 idx 0 subf 2
track succ pre 0x1 rssi -19 cur 20.0 last 20.57 ratio 195946/195946 frac -384 to 0 fo 44561 frame 195958
cmdtype 7 isSuc 0 cc 0x0 subf 5

[2023-08-07 16:56:13.575] 接收<- wcmd2c w 3 r 2 type 13 cc 0x0 idx 0 subf 2
track succ pre 0x1 rssi -19 cur 20.25 last 20.54 ratio 195947/195947 frac -384 to 0 fo 0 frame 195959

[2023-08-07 16:56:13.687] 接收<- cmdtype 7 isSuc 0 cc 0x0 subf 5

[2023-08-07 16:56:13.800] 接收<- wcmd2c w 4 r 3 type 13 cc 0x0 idx 0 subf 2
track succ pre 0x1 rssi -19 cur 20.25 last 20.51 ratio 195948/195948 frac -384 to 0 fo 0 frame 195960
cmdtype 7 isSuc 0 cc 0x0 subf 5

[2023-08-07 16:56:13.913] 接收<- wcmd2c w 5 r 4 type 13 cc 0x0 idx 0 subf 2
track succ pre 0x1 rssi -19 cur 20.25 last 20.48 ratio 195949/195949 frac -384 to 0 fo 0 frame 195961
cmdtype 7 isSuc 0 cc 0x0 subf 5

[2023-08-07 16:56:14.042] 接收<- wcmd2c w 6 r 5 type 13 cc 0x0 idx 0 subf 2
track succ pre 0x1 rssi -19 cur 20.25 last 20.46 ratio 195950/195950 frac -384 to 0 fo -44561 frame 195962
cmdtype 7 isSuc 0 cc 0x0 subf 5

[2023-08-07 16:56:14.183] 接收<- wcmd2c w 7 r 6 type 13 cc 0x0 idx 0 subf 2
track succ pre 0x1 rssi -19 cur 20.0 last 20.41 ratio 195951/195951 frac -384 to 0 fo 44561 frame 195963
cmdtype 7 isSuc 0 cc 0x0 subf 5

[2023-08-07 16:56:14.396] 接收<- wcmd2c w 0 r 7 type 13 cc 0x0 idx 0 subf 2
track succ pre 0x1 rssi -19 cur 20.25 last 20.40 ratio 195952/195952 frac -384 to 0 fo 0 frame 195964
cmdtype 7 isSuc 0 cc 0x0 subf 5

[2023-08-07 16:56:14.510] 接收<- wcmd2c w 1 r 0 type 13 cc 0x0 idx 0 subf 2
track succ pre 0x9 rssi -19 cur 25.75 last 20.93 ratio 195953/195953 frac -384 to 0 fo 0 frame 195965
cmdtype 7 isSuc 0 cc 0x0 subf 5
wcmd2c w 2 r 1 type 2 cc 0x0 idx 0 subf 6
cmdtype 2 isSuc 1 cc 0x0 subf 9

[2023-08-07 16:56:14.624] 接收<- wcmd2c w 3 r 2 type 13 cc 0x0 idx 0 subf 2
track succ pre 0x1 rssi -19 cur 20.25 last 20.86 ratio 195954/195954 frac -384 to 0 fo -44561 frame 195966
cmdtype 7 isSuc 0 cc 0x0 subf 5

[2023-08-07 16:56:14.838] 接收<- wcmd2c w 4 r 3 type 13 cc 0x0 idx 0 subf 2
track succ pre 0x1 rssi -19 cur 20.25 last 20.80 ratio 195955/195955 frac -384 to 0 fo -44561 frame 195967
cmdtype 7 isSuc 0 cc 0x0 subf 5

[2023-08-07 16:56:14.952] 接收<- wcmd2c w 5 r 4 type 13 cc 0x0 idx 0 subf 2
track succ pre 0x1 rssi -19 cur 19.75 last 20.69 ratio 195956/195956 frac -384 to 0 fo 44561 frame 195968
cmdtype 7 isSuc 0 cc 0x0 subf 5

[2023-08-07 16:56:15.065] 接收<- frame_head_dfe 2833870923
wcmd2c w 6 r 5 type 13 cc 0x0 idx 0 subf 2
track succ pre 0x1 rssi -19 cur 20.25 last 20.65 ratio 195957/195957 frac -384 to 0 fo -44561 frame 195969
cmdtype 7 isSuc 0 cc 0x0 subf 5

[2023-08-07 16:56:15.181] 接收<- uc_wiota_gateway_api_handle connect_state 1
wcmd2c w 7 r 6 type 13 cc 0x0 idx 0 subf 2
track succ pre 0x1 rssi -19 cur 20.25 last 20.61 ratio 195958/195958 frac -384 to 0 fo 0 frame 195970

[2023-08-07 16:56:15.294] 接收<- cmdtype 7 isSuc 0 cc 0x0 subf 5

[2023-08-07 16:56:15.407] 接收<- wcmd2c w 0 r 7 type 13 cc 0x0 idx 0 subf 2
track succ pre 0x1 rssi -19 cur 20.0 last 20.55 ratio 195959/195959 frac -384 to 0 fo 0 frame 195971
cmdtype 7 isSuc 0 cc 0x0 subf 5

[2023-08-07 16:56:15.519] 接收<- wcmd2c w 1 r 0 type 13 cc 0x0 idx 0 subf 2
track succ pre 0x1 rssi -19 cur 19.75 last 20.47 ratio 195960/195960 frac -384 to 0 fo 0 frame 195972
cmdtype 7 isSuc 0 cc 0x0 subf 5

[2023-08-07 16:56:15.651] 接收<- wcmd2c w 2 r 1 type 13 cc 0x0 idx 0 subf 2
track succ pre 0x1 rssi -19 cur 19.75 last 20.40 ratio 195961/195961 frac -384 to 0 fo 0 frame 195973
cmdtype 7 isSuc 0 cc 0x0 subf 5

[2023-08-07 16:56:15.764] 接收<- wcmd2c w 3 r 2 type 13 cc 0x0 idx 0 subf 2
track succ pre 0x1 rssi -19 cur 19.75 last 20.33 ratio 195962/195962 frac -384 to 0 fo 0 frame 195974

[2023-08-07 16:56:15.876] 接收<- cmdtype 7 isSuc 0 cc 0x0 subf 5

[2023-08-07 16:56:15.989] 接收<- wcmd2c w 4 r 3 type 13 cc 0x0 idx 0 subf 2
track succ pre 0x1 rssi -19 cur 19.50 last 20.25 ratio 195963/195963 frac -385 to 1 fo -44561 frame 195975
cmdtype 7 isSuc 0 cc 0x0 subf 5

[2023-08-07 16:56:16.117] 接收<- wcmd2c w 5 r 4 type 13 cc 0x0 idx 0 subf 2
track succ pre 0x9 rssi -19 cur 25.25 last 20.75 ratio 195964/195964 frac -385 to 0 fo 0 frame 195976
cmdtype 7 isSuc 0 cc 0x0 subf 5
wcmd2c w 6 r 5 type 2 cc 0x0 idx 0 subf 6
cmdtype 2 isSuc 1 cc 0x0 subf 9

[2023-08-07 16:56:16.231] 接收<- frame_head_dfe 2835038665
wcmd2c w 7 r 6 type 13 cc 0x0 idx 0 subf 2
track succ pre 0x1 rssi -19 cur 19.25 last 20.60 ratio 195965/195965 frac -385 to 1 fo 0 frame 195977
cmdtype 7 isSuc 0 cc 0x0 subf 5

[2023-08-07 16:56:16.348] 接收<- wcmd2c w 0 r 7 type 13 cc 0x0 idx 0 subf 2
track succ pre 0x1 rssi -19 cur 19.50 last 20.49 ratio 195966/195966 frac -385 to 0 fo 0 frame 195978

[2023-08-07 16:56:16.460] 接收<- cmdtype 7 isSuc 0 cc 0x0 subf 5

[2023-08-07 16:56:16.572] 接收<- wcmd2c w 1 r 0 type 13 cc 0x0 idx 0 subf 2
track succ pre 0x1 rssi -19 cur 20.50 last 20.49 ratio 195967/195967 frac -384 to 0 fo 44561 frame 195979
cmdtype 7 isSuc 0 cc 0x0 subf 5

[2023-08-07 16:56:16.685] 接收<- wcmd2c w 2 r 1 type 13 cc 0x0 idx 0 subf 2
track succ pre 0x1 rssi -19 cur 20.25 last 20.46 ratio 195968/195968 frac -384 to 0 fo 0 frame 195980
cmdtype 7 isSuc 0 cc 0x0 subf 5

[2023-08-07 16:56:16.816] 接收<- wcmd2c w 3 r 2 type 13 cc 0x0 idx 0 subf 2
track succ pre 0x1 rssi -19 cur 20.25 last 20.44 ratio 195969/195969 frac -384 to 0 fo 0 frame 195981
cmdtype 7 isSuc 0 cc 0x0 subf 5

[2023-08-07 16:56:16.956] 接收<- wcmd2c w 4 r 3 type 13 cc 0x0 idx 0 subf 2
track succ pre 0x1 rssi -19 cur 20.25 last 20.42 ratio 195970/195970 frac -384 to 0 fo 44561 frame 195982
cmdtype 7 isSuc 0 cc 0x0 subf 5

[2023-08-07 16:56:17.170] 接收<- wcmd2c w 5 r 4 type 13 cc 0x0 idx 0 subf 2
track succ pre 0x1 rssi -19 cur 19.75 last 20.35 ratio 195971/195971 frac -384 to 0 fo 44561 frame 195983
cmdtype 7 isSuc 0 cc 0x0 subf 5

[2023-08-07 16:56:17.283] 接收<- wcmd2c w 6 r 5 type 13 cc 0x0 idx 0 subf 2
track succ pre 0x1 rssi -19 cur 20.25 last 20.34 ratio 195972/195972 frac -384 to 0 fo 0 frame 195984
cmdtype 7 isSuc 0 cc 0x0 subf 5

[2023-08-07 16:56:17.395] 接收<- wcmd2c w 7 r 6 type 13 cc 0x0 idx 0 subf 2
track succ pre 0x1 rssi -19 cur 20.25 last 20.33 ratio 195973/195973 frac -384 to 0 fo 0 frame 195985
cmdtype 7 isSuc 0 cc 0x0 subf 5

[2023-08-07 16:56:17.608] 接收<- wcmd2c w 0 r 7 type 13 cc 0x0 idx 0 subf 2
track succ pre 0x1 rssi -19 cur 20.25 last 20.32 ratio 195974/195974 frac -383 to 0 fo 44561 frame 195986
cmdtype 7 isSuc 0 cc 0x0 subf 5

[2023-08-07 16:56:17.720] 接收<- wcmd2c w 1 r 0 type 13 cc 0x0 idx 0 subf 2
track succ pre 0x9 rssi -19 cur 26.0 last 20.89 ratio 195975/195975 frac -384 to 0 fo -44561 frame 195987
cmdtype 7 isSuc 0 cc 0x0 subf 5
wcmd2c w 2 r 1 type 2 cc 0x0 idx 0 subf 6
cmdtype 2 isSuc 1 cc 0x0 subf 9

[2023-08-07 16:56:17.832] 接收<- wcmd2c w 3 r 2 type 13 cc 0x0 idx 0 subf 2
track succ pre 0x1 rssi -19 cur 20.0 last 20.80 ratio 195976/195976 frac -384 to 0 fo -44561 frame 195988
cmdtype 7 isSuc 0 cc 0x0 subf 5

[2023-08-07 16:56:18.046] 接收<- wcmd2c w 4 r 3 type 13 cc 0x0 idx 0 subf 2
track succ pre 0x1 rssi -19 cur 20.25 last 20.75 ratio 195977/195977 frac -384 to 0 fo -44561 frame 195989
cmdtype 7 isSuc 0 cc 0x0 subf 5

[2023-08-07 16:56:18.158] 接收<- wcmd2c w 5 r 4 type 13 cc 0x0 idx 0 subf 2
track succ pre 0x1 rssi -19 cur 20.25 last 20.70 ratio 195978/195978 frac -384 to 0 fo 0 frame 195990
cmdtype 7 isSuc 0 cc 0x0 subf 5

[2023-08-07 16:56:18.272] 接收<- wcmd2c w 6 r 5 type 13 cc 0x0 idx 0 subf 2
track succ pre 0x1 rssi -19 cur 20.25 last 20.65 ratio 195979/195979 frac -384 to 0 fo 0 frame 195991
cmdtype 7 isSuc 0 cc 0x0 subf 5

[2023-08-07 16:56:18.486] 接收<- wcmd2c w 7 r 6 type 13 cc 0x0 idx 0 subf 2
track succ pre 0x1 rssi -19 cur 20.25 last 20.61 ratio 195980/195980 frac -384 to 0 fo 0 frame 195992
cmdtype 7 isSuc 0 cc 0x0 subf 5

[2023-08-07 16:56:18.598] 接收<- wcmd2c w 0 r 7 type 13 cc 0x0 idx 0 subf 2
track succ pre 0x1 rssi -19 cur 20.0 last 20.55 ratio 195981/195981 frac -384 to 0 fo 0 frame 195993
cmdtype 7 isSuc 0 cc 0x0 subf 5

[2023-08-07 16:56:18.711] 接收<- wcmd2c w 1 r 0 type 13 cc 0x0 idx 0 subf 2
track succ pre 0x1 rssi -19 cur 20.25 last 20.52 ratio 195982/195982 frac -384 to 0 fo 0 frame 195994
cmdtype 7 isSuc 0 cc 0x0 subf 5

[2023-08-07 16:56:18.924] 接收<- wcmd2c w 2 r 1 type 13 cc 0x0 idx 0 subf 2
track succ pre 0x1 rssi -19 cur 20.0 last 20.47 ratio 195983/195983 frac -385 to 0 fo -44561 frame 195995
cmdtype 7 isSuc 0 cc 0x0 subf 5

[2023-08-07 16:56:19.037] 接收<- wcmd2c w 3 r 2 type 13 cc 0x0 idx 0 subf 2
track succ pre 0x1 rssi -19 cur 19.50 last 20.37 ratio 195984/195984 frac -385 to 0 fo 0 frame 195996
cmdtype 7 isSuc 0 cc 0x0 subf 5

[2023-08-07 16:56:19.149] 接收<- wcmd2c w 4 r 3 type 13 cc 0x0 idx 0 subf 2
track succ pre 0x1 rssi -19 cur 19.75 last 20.31 ratio 195985/195985 frac -385 to 0 fo 0 frame 195997
cmdtype 7 isSuc 0 cc 0x0 subf 5

[2023-08-07 16:56:19.266] 接收<- wcmd2c w 5 r 4 type 13 cc 0x0 idx 0 subf 2
track succ pre 0x9 rssi -19 cur 23.75 last 20.65 ratio 195986/195986 frac -385 to 1 fo -44561 frame 195998

[2023-08-07 16:56:19.379] 接收<- cmdtype 7 isSuc 0 cc 0x0 subf 5
wcmd2c w 6 r 5 type 2 cc 0x0 idx 0 subf 6
cmdtype 2 isSuc 1 cc 0x0 subf 9

[2023-08-07 16:56:19.493] 接收<- wcmd2c w 7 r 6 type 13 cc 0x0 idx 0 subf 2
track succ pre 0x1 rssi -19 cur 20.0 last 20.58 ratio 195987/195987 frac -385 to 0 fo 44561 frame 195999
cmdtype 7 isSuc 0 cc 0x0 subf 5

[2023-08-07 16:56:19.607] 接收<- wcmd2c w 0 r 7 type 13 cc 0x0 idx 0 subf 2
track succ pre 0x1 rssi -19 cur 19.50 last 20.48 ratio 195988/195988 frac -385 to 1 fo 0 frame 196000
cmdtype 7 isSuc 0 cc 0x0 subf 5

[2023-08-07 16:56:19.728] 接收<- wcmd2c w 1 r 0 type 13 cc 0x0 idx 0 subf 2
track succ pre 0x1 rssi -19 cur 19.75 last 20.40 ratio 195989/195989 frac -384 to 0 fo 44561 frame 196001
cmdtype 7 isSuc 0 cc 0x0 subf 5

[2023-08-07 16:56:19.941] 接收<- wcmd2c w 2 r 1 type 13 cc 0x0 idx 0 subf 2
track succ pre 0x1 rssi -19 cur 19.50 last 20.31 ratio 195990/195990 frac -384 to 1 fo 0 frame 196002
cmdtype 7 isSuc 0 cc 0x0 subf 5

[2023-08-07 16:56:20.054] 接收<- wcmd2c w 3 r 2 type 13 cc 0x0 idx 0 subf 2
track succ pre 0x1 rssi -19 cur 19.75 last 20.26 ratio 195991/195991 frac -384 to 0 fo 0 frame 196003
cmdtype 7 isSuc 0 cc 0x0 subf 5

[2023-08-07 16:56:20.167] 接收<- wcmd2c w 4 r 3 type 13 cc 0x0 idx 0 subf 2
track succ pre 0x1 rssi -19 cur 20.25 last 20.25 ratio 195992/195992 frac -384 to 0 fo 44561 frame 196004
uc_wiota_gateway_api_handle connect_state 1
cmdtype 7 isSuc 0 cc 0x0 subf 5

[2023-08-07 16:56:20.292] 接收<- frame_head_dfe 2839125767
wcmd2c w 5 r 4 type 13 cc 0x0 idx 0 subf 2
track succ pre 0x1 rssi -19 cur 20.25 last 20.25 ratio 195993/195993 frac -384 to 0 fo 0 frame 196005

[2023-08-07 16:56:20.407] 接收<- cmdtype 7 isSuc 0 cc 0x0 subf 5

[2023-08-07 16:56:20.521] 接收<- wcmd2c w 6 r 5 type 13 cc 0x0 idx 0 subf 2
track succ pre 0x1 rssi -19 cur 19.50 last 20.18 ratio 195994/195994 frac -384 to 0 fo 0 frame 196006
cmdtype 7 isSuc 0 cc 0x0 subf 5

[2023-08-07 16:56:20.634] 接收<- wcmd2c w 7 r 6 type 13 cc 0x0 idx 0 subf 2
track succ pre 0x1 rssi -19 cur 20.25 last 20.18 ratio 195995/195995 frac -384 to 0 fo 44561 frame 196007
cmdtype 7 isSuc 0 cc 0x0 subf 5

[2023-08-07 16:56:20.760] 接收<- wcmd2c w 0 r 7 type 13 cc 0x0 idx 0 subf 2
track succ pre 0x1 rssi -19 cur 20.25 last 20.19 ratio 195996/195996 frac -384 to 0 fo 0 frame 196008
cmdtype 7 isSuc 0 cc 0x0 subf 5

[2023-08-07 16:56:20.874] 接收<- wcmd2c w 1 r 0 type 13 cc 0x0 idx 0 subf 2
track succ pre 0x9 rssi -19 cur 26.0 last 20.77 ratio 195997/195997 frac -383 to 0 fo 44561 frame 196009

[2023-08-07 16:56:20.986] 接收<- cmdtype 7 isSuc 0 cc 0x0 subf 5
wcmd2c w 2 r 1 type 2 cc 0x0 idx 0 subf 6
cmdtype 2 isSuc 1 cc 0x0 subf 9

[2023-08-07 16:56:21.098] 接收<- wcmd2c w 3 r 2 type 13 cc 0x0 idx 0 subf 2
track succ pre 0x1 rssi -19 cur 20.25 last 20.72 ratio 195998/195998 frac -383 to 0 fo 0 frame 196010
cmdtype 7 isSuc 0 cc 0x0 subf 5

[2023-08-07 16:56:21.210] 接收<- wcmd2c w 4 r 3 type 13 cc 0x0 idx 0 subf 2
track succ pre 0x1 rssi -19 cur 19.75 last 20.62 ratio 195999/195999 frac -383 to 0 fo 0 frame 196011
cmdtype 7 isSuc 0 cc 0x0 subf 5

[2023-08-07 16:56:21.336] 接收<- wcmd2c w 5 r 4 type 13 cc 0x0 idx 0 subf 2
track succ pre 0x1 rssi -19 cur 20.25 last 20.58 ratio 196000/196000 frac -384 to 0 fo -44561 frame 196012
cmdtype 7 isSuc 0 cc 0x0 subf 5

[2023-08-07 16:56:21.461] 接收<- frame_head_dfe 2840293511
wcmd2c w 6 r 5 type 13 cc 0x0 idx 0 subf 2
track succ pre 0x1 rssi -19 cur 20.25 last 20.55 ratio 196001/196001 frac -384 to 0 fo 0 frame 196013

[2023-08-07 16:56:21.575] 接收<- cmdtype 7 isSuc 0 cc 0x0 subf 5

[2023-08-07 16:56:21.689] 接收<- wcmd2c w 7 r 6 type 13 cc 0x0 idx 0 subf 2
track succ pre 0x1 rssi -19 cur 20.0 last 20.49 ratio 196002/196002 frac -384 to 0 fo -44561 frame 196014
cmdtype 7 isSuc 0 cc 0x0 subf 5

[2023-08-07 16:56:21.801] 接收<- wcmd2c w 0 r 7 type 13 cc 0x0 idx 0 subf 2
track succ pre 0x1 rssi -19 cur 20.25 last 20.47 ratio 196003/196003 frac -384 to 0 fo 0 frame 196015
cmdtype 7 isSuc 0 cc 0x0 subf 5

[2023-08-07 16:56:21.927] 接收<- wcmd2c w 1 r 0 type 13 cc 0x0 idx 0 subf 2
track succ pre 0x1 rssi -19 cur 20.0 last 20.42 ratio 196004/196004 frac -384 to 0 fo 0 frame 196016
cmdtype 7 isSuc 0 cc 0x0 subf 5

[2023-08-07 16:56:22.040] 接收<- wcmd2c w 2 r 1 type 13 cc 0x0 idx 0 subf 2
track succ pre 0x1 rssi -19 cur 20.25 last 20.40 ratio 196005/196005 frac -384 to 0 fo 0 frame 196017

[2023-08-07 16:56:22.064] 发送->:AT
█
[2023-08-07 16:56:22.153] 接收<- cmdtype 7 isSuc 0 cc 0x0 subf 5

[2023-08-07 16:56:22.266] 接收<- wcmd2c w 3 r 2 type 13 cc 0x0 idx 0 subf 2
track succ pre 0x1 rssi -19 cur 19.75 last 20.34 ratio 196006/196006 frac -384 to 0 fo 0 frame 196018
cmdtype 7 isSuc 0 cc 0x0 subf 5

[2023-08-07 16:56:22.379] 接收<- wcmd2c w 4 r 3 type 13 cc 0x0 idx 0 subf 2
track succ pre 0x1 rssi -19 cur 20.0 last 20.30 ratio 196007/196007 frac -384 to 0 fo -44561 frame 196019
cmdtype 7 isSuc 0 cc 0x0 subf 5

[2023-08-07 16:56:22.518] 接收<- wcmd2c w 5 r 4 type 13 cc 0x0 idx 0 subf 2
track succ pre 0x9 rssi -19 cur 25.50 last 20.82 ratio 196008/196008 frac -384 to 0 fo 0 frame 196020
cmdtype 7 isSuc 0 cc 0x0 subf 5
wcmd2c w 6 r 5 type 2 cc 0x0 idx 0 subf 6

[2023-08-07 16:56:22.631] 接收<- cmdtype 2 isSuc 1 cc 0x0 subf 9
frame_head_dfe 2841461255
wcmd2c w 7 r 6 type 13 cc 0x0 idx 0 subf 2
track succ pre 0x1 rssi -19 cur 20.0 last 20.74 ratio 196009/196009 frac -384 to 0 fo 0 frame 196021

[2023-08-07 16:56:22.743] 接收<- cmdtype 7 isSuc 0 cc 0x0 subf 5

[2023-08-07 16:56:22.855] 接收<- wcmd2c w 0 r 7 type 13 cc 0x0 idx 0 subf 2
track succ pre 0x1 rssi -19 cur 19.75 last 20.64 ratio 196010/196010 frac -384 to 0 fo 0 frame 196022
cmdtype 7 isSuc 0 cc 0x0 subf 5

[2023-08-07 16:56:22.968] 接收<- wcmd2c w 1 r 0 type 13 cc 0x0 idx 0 subf 2
track succ pre 0x1 rssi -19 cur 19.75 last 20.55 ratio 196011/196011 frac -385 to 1 fo -44561 frame 196023
cmdtype 7 isSuc 0 cc 0x0 subf 5

[2023-08-07 16:56:23.098] 接收<- wcmd2c w 2 r 1 type 13 cc 0x0 idx 0 subf 2
track succ pre 0x1 rssi -19 cur 19.50 last 20.45 ratio 196012/196012 frac -385 to 0 fo 0 frame 196024
cmdtype 7 isSuc 0 cc 0x0 subf 5

[2023-08-07 16:56:23.211] 接收<- wcmd2c w 3 r 2 type 13 cc 0x0 idx 0 subf 2
track succ pre 0x1 rssi -19 cur 19.50 last 20.35 ratio 196013/196013 frac -385 to 1 fo 0 frame 196025

[2023-08-07 16:56:23.324] 接收<- cmdtype 7 isSuc 0 cc 0x0 subf 5

[2023-08-07 16:56:23.437] 接收<- wcmd2c w 4 r 3 type 13 cc 0x0 idx 0 subf 2
track succ pre 0x1 rssi -19 cur 19.75 last 20.29 ratio 196014/196014 frac -384 to 0 fo 44561 frame 196026
cmdtype 7 isSuc 0 cc 0x0 subf 5

[2023-08-07 16:56:23.550] 接收<- wcmd2c w 5 r 4 type 13 cc 0x0 idx 0 subf 2
track succ pre 0x1 rssi -19 cur 19.50 last 20.21 ratio 196015/196015 frac -384 to 1 fo 44561 frame 196027
cmdtype 7 isSuc 0 cc 0x0 subf 5

[2023-08-07 16:56:23.675] 接收<- wcmd2c w 6 r 5 type 13 cc 0x0 idx 0 subf 2
track succ pre 0x1 rssi -19 cur 19.75 last 20.16 ratio 196016/196016 frac -384 to 0 fo 44561 frame 196028
cmdtype 7 isSuc 0 cc 0x0 subf 5

[2023-08-07 16:56:23.798] 接收<- wcmd2c w 7 r 6 type 13 cc 0x0 idx 0 subf 2
track succ pre 0x1 rssi -19 cur 20.25 last 20.17 ratio 196017/196017 frac -384 to 0 fo 0 frame 196029

[2023-08-07 16:56:23.911] 接收<- cmdtype 7 isSuc 0 cc 0x0 subf 5

[2023-08-07 16:56:24.024] 接收<- wcmd2c w 0 r 7 type 13 cc 0x0 idx 0 subf 2
track succ pre 0x1 rssi -19 cur 20.25 last 20.18 ratio 196018/196018 frac -383 to 0 fo 44561 frame 196030
cmdtype 7 isSuc 0 cc 0x0 subf 5

[2023-08-07 16:56:24.069] 发送->:AT
█
[2023-08-07 16:56:24.144] 接收<- wcmd2c w 1 r 0 type 13 cc 0x0 idx 0 subf 2
track succ pre 0x9 rssi -19 cur 26.25 last 20.79 ratio 196019/196019 frac -383 to 0 fo 0 frame 196031
cmdtype 7 isSuc 0 cc 0x0 subf 5
wcmd2c w 2 r 1 type 2 cc 0x0 idx 0 subf 6
cmdtype 2 isSuc 1 cc 0x0 subf 9

[2023-08-07 16:56:24.257] 接收<- wcmd2c w 3 r 2 type 13 cc 0x0 idx 0 subf 2
track succ pre 0x1 rssi -19 cur 20.50 last 20.76 ratio 196020/196020 frac -383 to 0 fo 0 frame 196032
cmdtype 7 isSuc 0 cc 0x0 subf 5

[2023-08-07 16:56:24.470] 接收<- wcmd2c w 4 r 3 type 13 cc 0x0 idx 0 subf 2
track succ pre 0x1 rssi -19 cur 20.25 last 20.71 ratio 196021/196021 frac -383 to 0 fo 0 frame 196033
cmdtype 7 isSuc 0 cc 0x0 subf 5

[2023-08-07 16:56:24.584] 接收<- wcmd2c w 5 r 4 type 13 cc 0x0 idx 0 subf 2
track succ pre 0x1 rssi -19 cur 20.0 last 20.63 ratio 196022/196022 frac -383 to 0 fo 0 frame 196034
cmdtype 7 isSuc 0 cc 0x0 subf 5

[2023-08-07 16:56:24.697] 接收<- wcmd2c w 6 r 5 type 13 cc 0x0 idx 0 subf 2
track succ pre 0x1 rssi -19 cur 20.25 last 20.60 ratio 196023/196023 frac -383 to 0 fo 0 frame 196035
cmdtype 7 isSuc 0 cc 0x0 subf 5

[2023-08-07 16:56:24.820] 接收<- wcmd2c w 7 r 6 type 13 cc 0x0 idx 0 subf 2
track succ pre 0x1 rssi -19 cur 20.25 last 20.56 ratio 196024/196024 frac -384 to 0 fo -44561 frame 196036

[2023-08-07 16:56:24.934] 接收<- cmdtype 7 isSuc 0 cc 0x0 subf 5

[2023-08-07 16:56:25.046] 接收<- wcmd2c w 0 r 7 type 13 cc 0x0 idx 0 subf 2
track succ pre 0x1 rssi -19 cur 20.25 last 20.53 ratio 196025/196025 frac -383 to 0 fo 44561 frame 196037
cmdtype 7 isSuc 0 cc 0x0 subf 5

[2023-08-07 16:56:25.158] 接收<- wcmd2c w 1 r 0 type 13 cc 0x0 idx 0 subf 2
track succ pre 0x1 rssi -19 cur 20.25 last 20.50 ratio 196026/196026 frac -383 to 0 fo 0 frame 196038
cmdtype 7 isSuc 0 cc 0x0 subf 5

[2023-08-07 16:56:25.287] 接收<- uc_wiota_gateway_api_handle connect_state 1
wcmd2c w 2 r 1 type 13 cc 0x0 idx 0 subf 2
track succ pre 0x1 rssi -19 cur 19.75 last 20.42 ratio 196027/196027 frac -383 to 0 fo 0 frame 196039
cmdtype 7 isSuc 0 cc 0x0 subf 5

[2023-08-07 16:56:25.400] 接收<- wcmd2c w 3 r 2 type 13 cc 0x0 idx 0 subf 2
track succ pre 0x1 rssi -19 cur 20.25 last 20.41 ratio 196028/196028 frac -384 to 0 fo -89122 frame 196040

[2023-08-07 16:56:25.513] 接收<- cmdtype 7 isSuc 0 cc 0x0 subf 5

[2023-08-07 16:56:25.625] 接收<- wcmd2c w 4 r 3 type 13 cc 0x0 idx 0 subf 2
track succ pre 0x1 rssi -19 cur 20.0 last 20.37 ratio 196029/196029 frac -384 to 0 fo 0 frame 196041
cmdtype 7 isSuc 0 cc 0x0 subf 5

[2023-08-07 16:56:25.757] 接收<- wcmd2c w 5 r 4 type 13 cc 0x0 idx 0 subf 2
track succ pre 0x9 rssi -19 cur 25.75 last 20.90 ratio 196030/196030 frac -384 to 0 fo 0 frame 196042
cmdtype 7 isSuc 0 cc 0x0 subf 5
wcmd2c w 6 r 5 type 2 cc 0x0 idx 0 subf 6
cmdtype 2 isSuc 1 cc 0x0 subf 9

[2023-08-07 16:56:25.871] 接收<- wcmd2c w 7 r 6 type 13 cc 0x0 idx 0 subf 2
track succ pre 0x1 rssi -19 cur 20.25 last 20.84 ratio 196031/196031 frac -384 to 0 fo -44561 frame 196043
cmdtype 7 isSuc 0 cc 0x0 subf 5

[2023-08-07 16:56:25.983] 接收<- wcmd2c w 0 r 7 type 13 cc 0x0 idx 0 subf 2
track succ pre 0x1 rssi -19 cur 19.75 last 20.73 ratio 196032/196032 frac -384 to 0 fo 0 frame 196044

[2023-08-07 16:56:26.097] 接收<- cmdtype 7 isSuc 0 cc 0x0 subf 5

[2023-08-07 16:56:26.209] 接收<- wcmd2c w 1 r 0 type 13 cc 0x0 idx 0 subf 2
track succ pre 0x1 rssi -19 cur 20.0 last 20.66 ratio 196033/196033 frac -384 to 0 fo 0 frame 196045
cmdtype 7 isSuc 0 cc 0x0 subf 5

[2023-08-07 16:56:26.323] 接收<- wcmd2c w 2 r 1 type 13 cc 0x0 idx 0 subf 2
track succ pre 0x1 rssi -19 cur 20.0 last 20.59 ratio 196034/196034 frac -384 to 0 fo 44561 frame 196046
cmdtype 7 isSuc 0 cc 0x0 subf 5

[2023-08-07 16:56:26.449] 接收<- wcmd2c w 3 r 2 type 13 cc 0x0 idx 0 subf 2
track succ pre 0x1 rssi -19 cur 19.75 last 20.50 ratio 196035/196035 frac -384 to 1 fo 0 frame 196047
cmdtype 7 isSuc 0 cc 0x0 subf 5

[2023-08-07 16:56:26.574] 接收<- wcmd2c w 4 r 3 type 13 cc 0x0 idx 0 subf 2
track succ pre 0x1 rssi -19 cur 19.75 last 20.43 ratio 196036/196036 frac -384 to 0 fo 44561 frame 196048

[2023-08-07 16:56:26.688] 接收<- cmdtype 7 isSuc 0 cc 0x0 subf 5
frame_head_dfe 2845548355

[2023-08-07 16:56:26.801] 接收<- wcmd2c w 5 r 4 type 13 cc 0x0 idx 0 subf 2
track succ pre 0x1 rssi -19 cur 19.50 last 20.34 ratio 196037/196037 frac -384 to 1 fo 0 frame 196049
cmdtype 7 isSuc 0 cc 0x0 subf 5

[2023-08-07 16:56:26.914] 接收<- wcmd2c w 6 r 5 type 13 cc 0x0 idx 0 subf 2
track succ pre 0x1 rssi -19 cur 20.0 last 20.30 ratio 196038/196038 frac -383 to 0 fo 44561 frame 196050
cmdtype 7 isSuc 0 cc 0x0 subf 5

[2023-08-07 16:56:27.027] 接收<- wcmd2c w 7 r 6 type 13 cc 0x0 idx 0 subf 2
track succ pre 0x1 rssi -19 cur 19.50 last 20.22 ratio 196039/196039 frac -384 to 1 fo -44561 frame 196051
cmdtype 7 isSuc 0 cc 0x0 subf 5

[2023-08-07 16:56:27.241] 接收<- wcmd2c w 0 r 7 type 13 cc 0x0 idx 0 subf 2
track succ pre 0x1 rssi -19 cur 19.50 last 20.15 ratio 196040/196040 frac -384 to 0 fo -44561 frame 196052
cmdtype 7 isSuc 0 cc 0x0 subf 5

[2023-08-07 16:56:27.353] 接收<- wcmd2c w 1 r 0 type 13 cc 0x0 idx 0 subf 2
track succ pre 0x9 rssi -19 cur 26.25 last 20.76 ratio 196041/196041 frac -384 to 0 fo 0 frame 196053
cmdtype 7 isSuc 0 cc 0x0 subf 5
wcmd2c w 2 r 1 type 2 cc 0x0 idx 0 subf 6
cmdtype 2 isSuc 1 cc 0x0 subf 9

[2023-08-07 16:56:27.467] 接收<- wcmd2c w 3 r 2 type 13 cc 0x0 idx 0 subf 2
track succ pre 0x1 rssi -19 cur 20.25 last 20.71 ratio 196042/196042 frac -384 to 0 fo 0 frame 196054
cmdtype 7 isSuc 0 cc 0x0 subf 5

[2023-08-07 16:56:27.680] 接收<- wcmd2c w 4 r 3 type 13 cc 0x0 idx 0 subf 2
track succ pre 0x1 rssi -19 cur 20.50 last 20.69 ratio 196043/196043 frac -384 to 0 fo 0 frame 196055
cmdtype 7 isSuc 0 cc 0x0 subf 5

[2023-08-07 16:56:27.684] 发送->:AT
█
[2023-08-07 16:56:27.793] 接收<- wcmd2c w 5 r 4 type 13 cc 0x0 idx 0 subf 2
track succ pre 0x1 rssi -19 cur 20.25 last 20.64 ratio 196044/196044 frac -384 to 0 fo -44561 frame 196056
cmdtype 7 isSuc 0 cc 0x0 subf 5

[2023-08-07 16:56:27.906] 接收<- frame_head_dfe 2846716099
wcmd2c w 6 r 5 type 13 cc 0x0 idx 0 subf 2
track succ pre 0x1 rssi -19 cur 19.75 last 20.55 ratio 196045/196045 frac -384 to 0 fo 0 frame 196057
cmdtype 7 isSuc 0 cc 0x0 subf 5

[2023-08-07 16:56:28.119] 接收<- wcmd2c w 7 r 6 type 13 cc 0x0 idx 0 subf 2
track succ pre 0x1 rssi -19 cur 20.25 last 20.52 ratio 196046/196046 frac -384 to 0 fo 44561 frame 196058
cmdtype 7 isSuc 0 cc 0x0 subf 5

[2023-08-07 16:56:28.231] 接收<- wcmd2c w 0 r 7 type 13 cc 0x0 idx 0 subf 2
track succ pre 0x1 rssi -19 cur 20.25 last 20.49 ratio 196047/196047 frac -384 to 0 fo 0 frame 196059
cmdtype 7 isSuc 0 cc 0x0 subf 5

[2023-08-07 16:56:28.343] 接收<- wcmd2c w 1 r 0 type 13 cc 0x0 idx 0 subf 2
track succ pre 0x1 rssi -19 cur 20.25 last 20.47 ratio 196048/196048 frac -384 to 0 fo 0 frame 196060
cmdtype 7 isSuc 0 cc 0x0 subf 5

[2023-08-07 16:56:28.555] 接收<- wcmd2c w 2 r 1 type 13 cc 0x0 idx 0 subf 2
track succ pre 0x1 rssi -19 cur 20.25 last 20.45 ratio 196049/196049 frac -384 to 0 fo 0 frame 196061
cmdtype 7 isSuc 0 cc 0x0 subf 5

[2023-08-07 16:56:28.669] 接收<- wcmd2c w 3 r 2 type 13 cc 0x0 idx 0 subf 2
track succ pre 0x1 rssi -19 cur 20.25 last 20.43 ratio 196050/196050 frac -384 to 0 fo 44561 frame 196062
cmdtype 7 isSuc 0 cc 0x0 subf 5

[2023-08-07 16:56:28.782] 接收<- wcmd2c w 4 r 3 type 13 cc 0x0 idx 0 subf 2
track succ pre 0x1 rssi -19 cur 20.25 last 20.41 ratio 196051/196051 frac -384 to 0 fo 0 frame 196063
cmdtype 7 isSuc 0 cc 0x0 subf 5

[2023-08-07 16:56:28.995] 接收<- wcmd2c w 5 r 4 type 13 cc 0x0 idx 0 subf 2
track succ pre 0x9 rssi -19 cur 25.75 last 20.94 ratio 196052/196052 frac -384 to 0 fo 0 frame 196064
cmdtype 7 isSuc 0 cc 0x0 subf 5
wcmd2c w 6 r 5 type 2 cc 0x0 idx 0 subf 6
cmdtype 2 isSuc 1 cc 0x0 subf 9

[2023-08-07 16:56:29.108] 接收<- wcmd2c w 7 r 6 type 13 cc 0x0 idx 0 subf 2
track succ pre 0x1 rssi -19 cur 20.25 last 20.87 ratio 196053/196053 frac -384 to 0 fo -44561 frame 196065
cmdtype 7 isSuc 0 cc 0x0 subf 5

[2023-08-07 16:56:29.221] 接收<- wcmd2c w 0 r 7 type 13 cc 0x0 idx 0 subf 2
track succ pre 0x1 rssi -19 cur 20.0 last 20.78 ratio 196054/196054 frac -384 to 0 fo 0 frame 196066
cmdtype 7 isSuc 0 cc 0x0 subf 5

[2023-08-07 16:56:29.434] 接收<- wcmd2c w 1 r 0 type 13 cc 0x0 idx 0 subf 2
track succ pre 0x1 rssi -19 cur 19.75 last 20.68 ratio 196055/196055 frac -384 to 0 fo 0 frame 196067
cmdtype 7 isSuc 0 cc 0x0 subf 5

[2023-08-07 16:56:29.547] 接收<- wcmd2c w 2 r 1 type 13 cc 0x0 idx 0 subf 2
track succ pre 0x1 rssi -19 cur 20.0 last 20.61 ratio 196056/196056 frac -384 to 0 fo 0 frame 196068
cmdtype 7 isSuc 0 cc 0x0 subf 5

[2023-08-07 16:56:29.660] 接收<- wcmd2c w 3 r 2 type 13 cc 0x0 idx 0 subf 2
track succ pre 0x1 rssi -19 cur 20.25 last 20.58 ratio 196057/196057 frac -384 to 0 fo 0 frame 196069
cmdtype 7 isSuc 0 cc 0x0 subf 5

[2023-08-07 16:56:29.780] 接收<- wcmd2c w 4 r 3 type 13 cc 0x0 idx 0 subf 2
track succ pre 0x1 rssi -19 cur 20.0 last 20.52 ratio 196058/196058 frac -384 to 0 fo -44561 frame 196070

[2023-08-07 16:56:29.893] 接收<- cmdtype 7 isSuc 0 cc 0x0 subf 5

[2023-08-07 16:56:30.005] 接收<- wcmd2c w 5 r 4 type 13 cc 0x0 idx 0 subf 2
track succ pre 0x1 rssi -19 cur 20.0 last 20.46 ratio 196059/196059 frac -384 to 0 fo 44561 frame 196071
cmdtype 7 isSuc 0 cc 0x0 subf 5

[2023-08-07 16:56:30.119] 接收<- wcmd2c w 6 r 5 type 13 cc 0x0 idx 0 subf 2
track succ pre 0x1 rssi -19 cur 19.25 last 20.34 ratio 196060/196060 frac -384 to 1 fo 0 frame 196072
cmdtype 7 isSuc 0 cc 0x0 subf 5

[2023-08-07 16:56:30.247] 接收<- uc_wiota_gateway_api_handle connect_state 1
wcmd2c w 7 r 6 type 13 cc 0x0 idx 0 subf 2
track succ pre 0x1 rssi -19 cur 20.0 last 20.31 ratio 196061/196061 frac -384 to 0 fo 44561 frame 196073
cmdtype 7 isSuc 0 cc 0x0 subf 5

[2023-08-07 16:56:30.361] 接收<- wcmd2c w 0 r 7 type 13 cc 0x0 idx 0 subf 2
track succ pre 0x1 rssi -19 cur 19.50 last 20.23 ratio 196062/196062 frac -384 to 1 fo 0 frame 196074

[2023-08-07 16:56:30.474] 接收<- cmdtype 7 isSuc 0 cc 0x0 subf 5

[2023-08-07 16:56:30.587] 接收<- wcmd2c w 1 r 0 type 13 cc 0x0 idx 0 subf 2
track succ pre 0x9 rssi -19 cur 24.75 last 20.68 ratio 196063/196063 frac -383 to 0 fo 44561 frame 196075
cmdtype 7 isSuc 0 cc 0x0 subf 5
wcmd2c w 2 r 1 type 2 cc 0x0 idx 0 subf 6
cmdtype 2 isSuc 1 cc 0x0 subf 9

[2023-08-07 16:56:30.701] 接收<- wcmd2c w 3 r 2 type 13 cc 0x0 idx 0 subf 2
track succ pre 0x1 rssi -19 cur 19.50 last 20.56 ratio 196064/196064 frac -384 to 1 fo -44561 frame 196076
cmdtype 7 isSuc 0 cc 0x0 subf 5

[2023-08-07 16:56:30.822] 接收<- wcmd2c w 4 r 3 type 13 cc 0x0 idx 0 subf 2
track succ pre 0x1 rssi -19 cur 19.50 last 20.45 ratio 196065/196065 frac -383 to 0 fo 44561 frame 196077
cmdtype 7 isSuc 0 cc 0x0 subf 5

[2023-08-07 16:56:31.035] 接收<- wcmd2c w 5 r 4 type 13 cc 0x0 idx 0 subf 2
track succ pre 0x1 rssi -19 cur 20.50 last 20.46 ratio 196066/196066 frac -383 to 0 fo 0 frame 196078
cmdtype 7 isSuc 0 cc 0x0 subf 5

[2023-08-07 16:56:31.149] 接收<- wcmd2c w 6 r 5 type 13 cc 0x0 idx 0 subf 2
track succ pre 0x1 rssi -19 cur 20.50 last 20.46 ratio 196067/196067 frac -383 to 0 fo 44561 frame 196079
cmdtype 7 isSuc 0 cc 0x0 subf 5

[2023-08-07 16:56:31.263] 接收<- wcmd2c w 7 r 6 type 13 cc 0x0 idx 0 subf 2
track succ pre 0x1 rssi -19 cur 20.0 last 20.41 ratio 196068/196068 frac -383 to 0 fo -44561 frame 196080
cmdtype 7 isSuc 0 cc 0x0 subf 5

[2023-08-07 16:56:31.476] 接收<- wcmd2c w 0 r 7 type 13 cc 0x0 idx 0 subf 2
track succ pre 0x1 rssi -19 cur 20.25 last 20.40 ratio 196069/196069 frac -383 to 0 fo 44561 frame 196081
cmdtype 7 isSuc 0 cc 0x0 subf 5

[2023-08-07 16:56:31.590] 接收<- wcmd2c w 1 r 0 type 13 cc 0x0 idx 0 subf 2
track succ pre 0x1 rssi -19 cur 20.25 last 20.38 ratio 196070/196070 frac -383 to 0 fo 0 frame 196082
cmdtype 7 isSuc 0 cc 0x0 subf 5

[2023-08-07 16:56:31.703] 接收<- wcmd2c w 2 r 1 type 13 cc 0x0 idx 0 subf 2
track succ pre 0x1 rssi -19 cur 20.25 last 20.37 ratio 196071/196071 frac -383 to 0 fo 0 frame 196083
cmdtype 7 isSuc 0 cc 0x0 subf 5

[2023-08-07 16:56:31.916] 接收<- wcmd2c w 3 r 2 type 13 cc 0x0 idx 0 subf 2
track succ pre 0x1 rssi -19 cur 20.25 last 20.36 ratio 196072/196072 frac -383 to 0 fo 0 frame 196084
cmdtype 7 isSuc 0 cc 0x0 subf 5

[2023-08-07 16:56:32.030] 接收<- wcmd2c w 4 r 3 type 13 cc 0x0 idx 0 subf 2
track succ pre 0x1 rssi -19 cur 19.75 last 20.30 ratio 196073/196073 frac -383 to 0 fo 0 frame 196085
cmdtype 7 isSuc 0 cc 0x0 subf 5

[2023-08-07 16:56:32.142] 接收<- wcmd2c w 5 r 4 type 13 cc 0x0 idx 0 subf 2
track succ pre 0x9 rssi -19 cur 25.75 last 20.84 ratio 196074/196074 frac -383 to 0 fo 0 frame 196086
cmdtype 7 isSuc 0 cc 0x0 subf 5
wcmd2c w 6 r 5 type 2 cc 0x0 idx 0 subf 6

[2023-08-07 16:56:32.261] 接收<- cmdtype 2 isSuc 1 cc 0x0 subf 9
wcmd2c w 7 r 6 type 13 cc 0x0 idx 0 subf 2
track succ pre 0x1 rssi -19 cur 20.25 last 20.78 ratio 196075/196075 frac -383 to 0 fo -44561 frame 196087

[2023-08-07 16:56:32.374] 接收<- cmdtype 7 isSuc 0 cc 0x0 subf 5

[2023-08-07 16:56:32.487] 接收<- wcmd2c w 0 r 7 type 13 cc 0x0 idx 0 subf 2
track succ pre 0x1 rssi -19 cur 20.25 last 20.73 ratio 196076/196076 frac -384 to 0 fo -89122 frame 196088
cmdtype 7 isSuc 0 cc 0x0 subf 5

[2023-08-07 16:56:32.600] 接收<- wcmd2c w 1 r 0 type 13 cc 0x0 idx 0 subf 2
track succ pre 0x1 rssi -19 cur 20.25 last 20.68 ratio 196077/196077 frac -384 to 0 fo 0 frame 196089
cmdtype 7 isSuc 0 cc 0x0 subf 5

[2023-08-07 16:56:32.729] 接收<- wcmd2c w 2 r 1 type 13 cc 0x0 idx 0 subf 2
track succ pre 0x1 rssi -19 cur 20.0 last 20.61 ratio 196078/196078 frac -384 to 0 fo -44561 frame 196090
cmdtype 7 isSuc 0 cc 0x0 subf 5

[2023-08-07 16:56:32.841] 接收<- wcmd2c w 3 r 2 type 13 cc 0x0 idx 0 subf 2
track succ pre 0x1 rssi -19 cur 20.25 last 20.57 ratio 196079/196079 frac -384 to 0 fo 0 frame 196091

[2023-08-07 16:56:32.954] 接收<- cmdtype 7 isSuc 0 cc 0x0 subf 5

[2023-08-07 16:56:33.066] 接收<- wcmd2c w 4 r 3 type 13 cc 0x0 idx 0 subf 2
track succ pre 0x1 rssi -19 cur 20.0 last 20.52 ratio 196080/196080 frac -385 to 0 fo -44561 frame 196092
cmdtype 7 isSuc 0 cc 0x0 subf 5

[2023-08-07 16:56:33.179] 接收<- frame_head_dfe 2851970945
wcmd2c w 5 r 4 type 13 cc 0x0 idx 0 subf 2
track succ pre 0x1 rssi -19 cur 20.0 last 20.46 ratio 196081/196081 frac -385 to 0 fo 0 frame 196093
cmdtype 7 isSuc 0 cc 0x0 subf 5

[2023-08-07 16:56:33.308] 接收<- wcmd2c w 6 r 5 type 13 cc 0x0 idx 0 subf 2
track succ pre 0x1 rssi -19 cur 19.75 last 20.39 ratio 196082/196082 frac -385 to 0 fo 0 frame 196094
cmdtype 7 isSuc 0 cc 0x0 subf 5

[2023-08-07 16:56:33.522] 接收<- wcmd2c w 7 r 6 type 13 cc 0x0 idx 0 subf 2
track succ pre 0x1 rssi -19 cur 19.50 last 20.30 ratio 196083/196083 frac -385 to 0 fo 0 frame 196095
cmdtype 7 isSuc 0 cc 0x0 subf 5

[2023-08-07 16:56:33.635] 接收<- wcmd2c w 0 r 7 type 13 cc 0x0 idx 0 subf 2
track succ pre 0x1 rssi -19 cur 20.25 last 20.30 ratio 196084/196084 frac -384 to 0 fo 44561 frame 196096
cmdtype 7 isSuc 0 cc 0x0 subf 5

[2023-08-07 16:56:33.748] 接收<- wcmd2c w 1 r 0 type 13 cc 0x0 idx 0 subf 2
track succ pre 0x9 rssi -19 cur 25.25 last 20.79 ratio 196085/196085 frac -384 to 0 fo 0 frame 196097
cmdtype 7 isSuc 0 cc 0x0 subf 5
wcmd2c w 2 r 1 type 2 cc 0x0 idx 0 subf 6

[2023-08-07 16:56:33.870] 接收<- cmdtype 2 isSuc 1 cc 0x0 subf 9
wcmd2c w 3 r 2 type 13 cc 0x0 idx 0 subf 2
track succ pre 0x1 rssi -19 cur 20.0 last 20.71 ratio 196086/196086 frac -384 to 0 fo 0 frame 196098

[2023-08-07 16:56:33.982] 接收<- cmdtype 7 isSuc 0 cc 0x0 subf 5

[2023-08-07 16:56:34.095] 接收<- wcmd2c w 4 r 3 type 13 cc 0x0 idx 0 subf 2
track succ pre 0x1 rssi -19 cur 19.50 last 20.59 ratio 196087/196087 frac -385 to 1 fo -44561 frame 196099
cmdtype 7 isSuc 0 cc 0x0 subf 5

[2023-08-07 16:56:34.207] 接收<- wcmd2c w 5 r 4 type 13 cc 0x0 idx 0 subf 2
track succ pre 0x1 rssi -19 cur 19.50 last 20.48 ratio 196088/196088 frac -384 to 0 fo 89122 frame 196100
cmdtype 7 isSuc 0 cc 0x0 subf 5

[2023-08-07 16:56:34.325] 接收<- frame_head_dfe 2853138687
wcmd2c w 6 r 5 type 13 cc 0x0 idx 0 subf 2
track succ pre 0x1 rssi -19 cur 19.50 last 20.38 ratio 196089/196089 frac -384 to 1 fo 44561 frame 196101
cmdtype 7 isSuc 0 cc 0x0 subf 5

[2023-08-07 16:56:34.539] 接收<- wcmd2c w 7 r 6 type 13 cc 0x0 idx 0 subf 2
track succ pre 0x1 rssi -19 cur 19.75 last 20.32 ratio 196090/196090 frac -383 to 0 fo 44561 frame 196102
cmdtype 7 isSuc 0 cc 0x0 subf 5

[2023-08-07 16:56:34.652] 接收<- wcmd2c w 0 r 7 type 13 cc 0x0 idx 0 subf 2
track succ pre 0x1 rssi -19 cur 20.50 last 20.34 ratio 196091/196091 frac -382 to 0 fo 89122 frame 196103
cmdtype 7 isSuc 0 cc 0x0 subf 5

[2023-08-07 16:56:34.769] 接收<- wcmd2c w 1 r 0 type 13 cc 0x0 idx 0 subf 2
track succ pre 0x1 rssi -19 cur 20.25 last 20.33 ratio 196092/196092 frac -382 to 0 fo 0 frame 196104
cmdtype 7 isSuc 0 cc 0x0 subf 5

[2023-08-07 16:56:34.887] 接收<- wcmd2c w 2 r 1 type 13 cc 0x0 idx 0 subf 2
track succ pre 0x1 rssi -19 cur 20.25 last 20.32 ratio 196093/196093 frac -382 to 0 fo 44561 frame 196105

[2023-08-07 16:56:35.000] 接收<- cmdtype 7 isSuc 0 cc 0x0 subf 5

[2023-08-07 16:56:35.114] 接收<- wcmd2c w 3 r 2 type 13 cc 0x0 idx 0 subf 2
track succ pre 0x1 rssi -19 cur 20.25 last 20.31 ratio 196094/196094 frac -382 to 0 fo 0 frame 196106
cmdtype 7 isSuc 0 cc 0x0 subf 5

[2023-08-07 16:56:35.227] 接收<- wcmd2c w 4 r 3 type 13 cc 0x0 idx 0 subf 2
track succ pre 0x1 rssi -19 cur 20.25 last 20.30 ratio 196095/196095 frac -382 to 0 fo 0 frame 196107
cmdtype 7 isSuc 0 cc 0x0 subf 5

[2023-08-07 16:56:35.355] 接收<- uc_wiota_gateway_api_handle connect_state 1
wcmd2c w 5 r 4 type 13 cc 0x0 idx 0 subf 2
track succ pre 0x9 rssi -19 cur 25.0 last 20.77 ratio 196096/196096 frac -382 to 0 fo 0 frame 196108
cmdtype 7 isSuc 0 cc 0x0 subf 5
wcmd2c w 6 r 5 type 2 cc 0x0 idx 0 subf 6

[2023-08-07 16:56:35.494] 接收<- cmdtype 2 isSuc 1 cc 0x0 subf 9
wcmd2c w 7 r 6 type 13 cc 0x0 idx 0 subf 2
track succ pre 0x1 rssi -19 cur 20.25 last 20.72 ratio 196097/196097 frac -382 to 0 fo -44561 frame 196109
cmdtype 7 isSuc 0 cc 0x0 subf 5

[2023-08-07 16:56:35.708] 接收<- wcmd2c w 0 r 7 type 13 cc 0x0 idx 0 subf 2
track succ pre 0x1 rssi -19 cur 20.25 last 20.67 ratio 196098/196098 frac -382 to 0 fo 0 frame 196110
cmdtype 7 isSuc 0 cc 0x0 subf 5

[2023-08-07 16:56:35.822] 接收<- wcmd2c w 1 r 0 type 13 cc 0x0 idx 0 subf 2
track succ pre 0x1 rssi -19 cur 20.25 last 20.63 ratio 196099/196099 frac -382 to 0 fo 0 frame 196111
cmdtype 7 isSuc 0 cc 0x0 subf 5

[2023-08-07 16:56:35.935] 接收<- wcmd2c w 2 r 1 type 13 cc 0x0 idx 0 subf 2
track succ pre 0x1 rssi -19 cur 20.25 last 20.59 ratio 196100/196100 frac -383 to 0 fo -44561 frame 196112
cmdtype 7 isSuc 0 cc 0x0 subf 5

[2023-08-07 16:56:36.149] 接收<- wcmd2c w 3 r 2 type 13 cc 0x0 idx 0 subf 2
track succ pre 0x1 rssi -19 cur 19.75 last 20.51 ratio 196101/196101 frac -383 to 0 fo 0 frame 196113
cmdtype 7 isSuc 0 cc 0x0 subf 5

[2023-08-07 16:56:36.263] 接收<- wcmd2c w 4 r 3 type 13 cc 0x0 idx 0 subf 2
track succ pre 0x1 rssi -19 cur 20.25 last 20.48 ratio 196102/196102 frac -384 to 0 fo -89122 frame 196114
cmdtype 7 isSuc 0 cc 0x0 subf 5

[2023-08-07 16:56:36.374] 接收<- wcmd2c w 5 r 4 type 13 cc 0x0 idx 0 subf 2
track succ pre 0x1 rssi -19 cur 20.25 last 20.46 ratio 196103/196103 frac -384 to 0 fo -44561 frame 196115
cmdtype 7 isSuc 0 cc 0x0 subf 5

[2023-08-07 16:56:36.587] 接收<- wcmd2c w 6 r 5 type 13 cc 0x0 idx 0 subf 2
track succ pre 0x1 rssi -19 cur 20.25 last 20.44 ratio 196104/196104 frac -384 to 0 fo 44561 frame 196116
cmdtype 7 isSuc 0 cc 0x0 subf 5

[2023-08-07 16:56:36.701] 接收<- wcmd2c w 7 r 6 type 13 cc 0x0 idx 0 subf 2
track succ pre 0x1 rssi -19 cur 20.0 last 20.39 ratio 196105/196105 frac -384 to 0 fo 0 frame 196117
cmdtype 7 isSuc 0 cc 0x0 subf 5

[2023-08-07 16:56:36.814] 接收<- wcmd2c w 0 r 7 type 13 cc 0x0 idx 0 subf 2
track succ pre 0x1 rssi -19 cur 19.75 last 20.33 ratio 196106/196106 frac -384 to 0 fo 0 frame 196118
cmdtype 7 isSuc 0 cc 0x0 subf 5

[2023-08-07 16:56:36.933] 接收<- wcmd2c w 1 r 0 type 13 cc 0x0 idx 0 subf 2
track succ pre 0x9 rssi -19 cur 25.25 last 20.82 ratio 196107/196107 frac -384 to 0 fo 0 frame 196119

[2023-08-07 16:56:37.047] 接收<- cmdtype 7 isSuc 0 cc 0x0 subf 5
wcmd2c w 2 r 1 type 2 cc 0x0 idx 0 subf 6
cmdtype 2 isSuc 1 cc 0x0 subf 9

[2023-08-07 16:56:37.160] 接收<- wcmd2c w 3 r 2 type 13 cc 0x0 idx 0 subf 2
track succ pre 0x1 rssi -19 cur 20.0 last 20.74 ratio 196108/196108 frac -384 to 0 fo 0 frame 196120
cmdtype 7 isSuc 0 cc 0x0 subf 5

[2023-08-07 16:56:37.273] 接收<- wcmd2c w 4 r 3 type 13 cc 0x0 idx 0 subf 2
track succ pre 0x1 rssi -19 cur 20.0 last 20.66 ratio 196109/196109 frac -384 to 0 fo -44561 frame 196121
cmdtype 7 isSuc 0 cc 0x0 subf 5

[2023-08-07 16:56:37.388] 接收<- wcmd2c w 5 r 4 type 13 cc 0x0 idx 0 subf 2
track succ pre 0x1 rssi -19 cur 19.75 last 20.57 ratio 196110/196110 frac -384 to 0 fo 0 frame 196122
cmdtype 7 isSuc 0 cc 0x0 subf 5

[2023-08-07 16:56:37.602] 接收<- wcmd2c w 6 r 5 type 13 cc 0x0 idx 0 subf 2
track succ pre 0x1 rssi -19 cur 19.75 last 20.49 ratio 196111/196111 frac -384 to 0 fo 0 frame 196123
cmdtype 7 isSuc 0 cc 0x0 subf 5

[2023-08-07 16:56:37.715] 接收<- wcmd2c w 7 r 6 type 13 cc 0x0 idx 0 subf 2
track succ pre 0x1 rssi -19 cur 19.50 last 20.39 ratio 196112/196112 frac -384 to 1 fo 44561 frame 196124
cmdtype 7 isSuc 0 cc 0x0 subf 5

[2023-08-07 16:56:37.827] 接收<- wcmd2c w 0 r 7 type 13 cc 0x0 idx 0 subf 2
track succ pre 0x1 rssi -19 cur 20.0 last 20.35 ratio 196113/196113 frac -383 to 0 fo 44561 frame 196125
cmdtype 7 isSuc 0 cc 0x0 subf 5

[2023-08-07 16:56:38.041] 接收<- wcmd2c w 1 r 0 type 13 cc 0x0 idx 0 subf 2
track succ pre 0x1 rssi -19 cur 20.50 last 20.36 ratio 196114/196114 frac -383 to 0 fo 0 frame 196126
cmdtype 7 isSuc 0 cc 0x0 subf 5

[2023-08-07 16:56:38.155] 接收<- wcmd2c w 2 r 1 type 13 cc 0x0 idx 0 subf 2
track succ pre 0x1 rssi -19 cur 20.25 last 20.35 ratio 196115/196115 frac -383 to 0 fo 0 frame 196127
cmdtype 7 isSuc 0 cc 0x0 subf 5

[2023-08-07 16:56:38.267] 接收<- wcmd2c w 3 r 2 type 13 cc 0x0 idx 0 subf 2
track succ pre 0x1 rssi -19 cur 20.0 last 20.32 ratio 196116/196116 frac -383 to 0 fo 44561 frame 196128
cmdtype 7 isSuc 0 cc 0x0 subf 5

[2023-08-07 16:56:38.481] 接收<- wcmd2c w 4 r 3 type 13 cc 0x0 idx 0 subf 2
track succ pre 0x1 rssi -19 cur 20.50 last 20.33 ratio 196117/196117 frac -383 to 0 fo -44561 frame 196129
cmdtype 7 isSuc 0 cc 0x0 subf 5

[2023-08-07 16:56:38.594] 接收<- wcmd2c w 5 r 4 type 13 cc 0x0 idx 0 subf 2
track succ pre 0x9 rssi -19 cur 26.25 last 20.93 ratio 196118/196118 frac -383 to 0 fo 0 frame 196130
cmdtype 7 isSuc 0 cc 0x0 subf 5
wcmd2c w 6 r 5 type 2 cc 0x0 idx 0 subf 6
cmdtype 2 isSuc 1 cc 0x0 subf 9

[2023-08-07 16:56:38.706] 接收<- wcmd2c w 7 r 6 type 13 cc 0x0 idx 0 subf 2
track succ pre 0x1 rssi -19 cur 20.50 last 20.88 ratio 196119/196119 frac -383 to 0 fo 44561 frame 196131
cmdtype 7 isSuc 0 cc 0x0 subf 5

[2023-08-07 16:56:38.925] 接收<- wcmd2c w 0 r 7 type 13 cc 0x0 idx 0 subf 2
track succ pre 0x1 rssi -19 cur 20.25 last 20.82 ratio 196120/196120 frac -383 to 0 fo 0 frame 196132
cmdtype 7 isSuc 0 cc 0x0 subf 5

[2023-08-07 16:56:39.040] 接收<- wcmd2c w 1 r 0 type 13 cc 0x0 idx 0 subf 2
track succ pre 0x1 rssi -19 cur 20.0 last 20.74 ratio 196121/196121 frac -383 to 0 fo 0 frame 196133
cmdtype 7 isSuc 0 cc 0x0 subf 5

[2023-08-07 16:56:39.154] 接收<- wcmd2c w 2 r 1 type 13 cc 0x0 idx 0 subf 2
track succ pre 0x1 rssi -19 cur 20.25 last 20.69 ratio 196122/196122 frac -383 to 0 fo 0 frame 196134
cmdtype 7 isSuc 0 cc 0x0 subf 5

[2023-08-07 16:56:39.266] 接收<- wcmd2c w 3 r 2 type 13 cc 0x0 idx 0 subf 2
track succ pre 0x1 rssi -19 cur 20.25 last 20.64 ratio 196123/196123 frac -383 to 0 fo 0 frame 196135

[2023-08-07 16:56:39.378] 接收<- cmdtype 7 isSuc 0 cc 0x0 subf 5

[2023-08-07 16:56:39.504] 接收<- wcmd2c w 4 r 3 type 13 cc 0x0 idx 0 subf 2
track succ pre 0x1 rssi -19 cur 20.0 last 20.58 ratio 196124/196124 frac -383 to 0 fo -44561 frame 196136
cmdtype 7 isSuc 0 cc 0x0 subf 5

[2023-08-07 16:56:39.616] 接收<- frame_head_dfe 2858393533
wcmd2c w 5 r 4 type 13 cc 0x0 idx 0 subf 2
track succ pre 0x1 rssi -19 cur 20.25 last 20.54 ratio 196125/196125 frac -384 to 0 fo -89122 frame 196137
cmdtype 7 isSuc 0 cc 0x0 subf 5

