[2023-08-08 09:03:49.242] 接收<- wcmd2c w 3 r 2 type 13 cc 0x0 idx 0 subf 2
track succ pre 0x1 rssi -22 cur 20.50 last 20.34 ratio 356965/356965 frac -386 to 0 fo 0 frame 593688
cmdtype 7 isSuc 0 cc 0x0 subf 5

[2023-08-08 09:03:49.375] 接收<- wcmd2c w 4 r 3 type 13 cc 0x0 idx 0 subf 2
track succ pre 0x1 rssi -21 cur 20.25 last 20.33 ratio 356966/356966 frac -386 to 0 fo 0 frame 593689
cmdtype 7 isSuc 0 cc 0x0 subf 5

[2023-08-08 09:03:49.589] 接收<- wcmd2c w 5 r 4 type 13 cc 0x0 idx 0 subf 2
track succ pre 0x1 rssi -21 cur 20.25 last 20.32 ratio 356967/356967 frac -385 to 0 fo 44561 frame 593690
cmdtype 7 isSuc 0 cc 0x0 subf 5

[2023-08-08 09:03:49.702] 接收<- wcmd2c w 6 r 5 type 13 cc 0x0 idx 0 subf 2
track succ pre 0x1 rssi -21 cur 20.25 last 20.32 ratio 356968/356968 frac -386 to 0 fo -44561 frame 593691
cmdtype 7 isSuc 0 cc 0x0 subf 5

[2023-08-08 09:03:49.843] 接收<- wcmd2c w 7 r 6 type 13 cc 0x0 idx 0 subf 2
track succ pre 0x9 rssi -21 cur 24.50 last 20.73 ratio 356969/356969 frac -386 to 0 fo 0 frame 593692
cmdtype 7 isSuc 0 cc 0x0 subf 5
wcmd2c w 0 r 7 type 2 cc 0x0 idx 0 subf 6
cmdtype 2 isSuc 1 cc 0x0 subf 9

[2023-08-08 09:03:49.957] 接收<- wcmd2c w 1 r 0 type 13 cc 0x0 idx 0 subf 2
track succ pre 0x1 rssi -21 cur 20.25 last 20.69 ratio 356970/356970 frac -386 to 0 fo 0 frame 593693
cmdtype 7 isSuc 0 cc 0x0 subf 5

[2023-08-08 09:03:50.077] 接收<- frame_head_dfe 567142025
wcmd2c w 2 r 1 type 13 cc 0x0 idx 0 subf 2
track succ pre 0x1 rssi -21 cur 20.25 last 20.64 ratio 356971/356971 frac -386 to 0 fo 0 frame 593694

[2023-08-08 09:03:50.192] 接收<- cmdtype 7 isSuc 0 cc 0x0 subf 5

[2023-08-08 09:03:50.304] 接收<- wcmd2c w 3 r 2 type 13 cc 0x0 idx 0 subf 2
track succ pre 0x1 rssi -21 cur 20.50 last 20.63 ratio 356972/356972 frac -385 to 0 fo 44561 frame 593695
cmdtype 7 isSuc 0 cc 0x0 subf 5

[2023-08-08 09:03:50.416] 接收<- wcmd2c w 4 r 3 type 13 cc 0x0 idx 0 subf 2
track succ pre 0x1 rssi -21 cur 20.25 last 20.59 ratio 356973/356973 frac -385 to 0 fo 44561 frame 593696
cmdtype 7 isSuc 0 cc 0x0 subf 5

[2023-08-08 09:03:50.550] 接收<- wcmd2c w 5 r 4 type 13 cc 0x0 idx 0 subf 2
track succ pre 0x1 rssi -21 cur 19.75 last 20.50 ratio 356974/356974 frac -385 to 0 fo 0 frame 593697
cmdtype 7 isSuc 0 cc 0x0 subf 5

[2023-08-08 09:03:50.664] 接收<- wcmd2c w 6 r 5 type 13 cc 0x0 idx 0 subf 2
track succ pre 0x1 rssi -21 cur 20.25 last 20.48 ratio 356975/356975 frac -385 to 0 fo 0 frame 593698

[2023-08-08 09:03:50.778] 接收<- cmdtype 7 isSuc 0 cc 0x0 subf 5

[2023-08-08 09:03:50.890] 接收<- wcmd2c w 7 r 6 type 13 cc 0x0 idx 0 subf 2
track succ pre 0x1 rssi -21 cur 20.25 last 20.46 ratio 356976/356976 frac -385 to 0 fo 0 frame 593699
cmdtype 7 isSuc 0 cc 0x0 subf 5

[2023-08-08 09:03:51.003] 接收<- wcmd2c w 0 r 7 type 13 cc 0x0 idx 0 subf 2
track succ pre 0x1 rssi -21 cur 20.0 last 20.41 ratio 356977/356977 frac -385 to 0 fo 0 frame 593700
cmdtype 7 isSuc 0 cc 0x0 subf 5

[2023-08-08 09:03:51.134] 接收<- wcmd2c w 1 r 0 type 13 cc 0x0 idx 0 subf 2
track succ pre 0x1 rssi -21 cur 20.25 last 20.39 ratio 356978/356978 frac -385 to 0 fo 0 frame 593701
cmdtype 7 isSuc 0 cc 0x0 subf 5

[2023-08-08 09:03:51.248] 接收<- frame_head_dfe 568309769
wcmd2c w 2 r 1 type 13 cc 0x0 idx 0 subf 2
track succ pre 0x1 rssi -21 cur 19.25 last 20.28 ratio 356979/356979 frac -385 to 0 fo 0 frame 593702

[2023-08-08 09:03:51.361] 接收<- cmdtype 7 isSuc 0 cc 0x0 subf 5

[2023-08-08 09:03:51.474] 接收<- wcmd2c w 3 r 2 type 13 cc 0x0 idx 0 subf 2
track succ pre 0x9 rssi -21 cur 25.50 last 20.80 ratio 356980/356980 frac -385 to 0 fo 0 frame 593703
cmdtype 7 isSuc 0 cc 0x0 subf 5
wcmd2c w 4 r 3 type 2 cc 0x0 idx 0 subf 6
cmdtype 2 isSuc 1 cc 0x0 subf 9

[2023-08-08 09:03:51.586] 接收<- wcmd2c w 5 r 4 type 13 cc 0x0 idx 0 subf 2
track succ pre 0x1 rssi -21 cur 20.25 last 20.74 ratio 356981/356981 frac -385 to 0 fo 0 frame 593704
cmdtype 7 isSuc 0 cc 0x0 subf 5

[2023-08-08 09:03:51.713] 接收<- wcmd2c w 6 r 5 type 13 cc 0x0 idx 0 subf 2
track succ pre 0x1 rssi -21 cur 20.0 last 20.67 ratio 356982/356982 frac -385 to 0 fo -44561 frame 593705
cmdtype 7 isSuc 0 cc 0x0 subf 5

[2023-08-08 09:03:51.837] 接收<- wcmd2c w 7 r 6 type 13 cc 0x0 idx 0 subf 2
track succ pre 0x1 rssi -21 cur 19.75 last 20.58 ratio 356983/356983 frac -385 to 0 fo 0 frame 593706

[2023-08-08 09:03:51.949] 接收<- cmdtype 7 isSuc 0 cc 0x0 subf 5

[2023-08-08 09:03:52.061] 接收<- wcmd2c w 0 r 7 type 13 cc 0x0 idx 0 subf 2
track succ pre 0x1 rssi -21 cur 18.75 last 20.39 ratio 356984/356984 frac -386 to 1 fo -44561 frame 593707
cmdtype 7 isSuc 0 cc 0x0 subf 5

[2023-08-08 09:03:52.174] 接收<- wcmd2c w 1 r 0 type 13 cc 0x0 idx 0 subf 2
track succ pre 0x1 rssi -21 cur 19.75 last 20.33 ratio 356985/356985 frac -385 to 0 fo 44561 frame 593708
cmdtype 7 isSuc 0 cc 0x0 subf 5

[2023-08-08 09:03:52.292] 接收<- wcmd2c w 2 r 1 type 13 cc 0x0 idx 0 subf 2
track succ pre 0x1 rssi -21 cur 20.50 last 20.35 ratio 356986/356986 frac -385 to 0 fo 44561 frame 593709
cmdtype 7 isSuc 0 cc 0x0 subf 5

[2023-08-08 09:03:52.506] 接收<- wcmd2c w 3 r 2 type 13 cc 0x0 idx 0 subf 2
track succ pre 0x1 rssi -21 cur 19.75 last 20.29 ratio 356987/356987 frac -385 to 1 fo 0 frame 593710
cmdtype 7 isSuc 0 cc 0x0 subf 5

[2023-08-08 09:03:52.619] 接收<- wcmd2c w 4 r 3 type 13 cc 0x0 idx 0 subf 2
track succ pre 0x1 rssi -21 cur 19.75 last 20.23 ratio 356988/356988 frac -384 to 0 fo 44561 frame 593711
cmdtype 7 isSuc 0 cc 0x0 subf 5

[2023-08-08 09:03:52.732] 接收<- wcmd2c w 5 r 4 type 13 cc 0x0 idx 0 subf 2
track succ pre 0x1 rssi -21 cur 19.75 last 20.18 ratio 356989/356989 frac -384 to 0 fo 0 frame 593712
cmdtype 7 isSuc 0 cc 0x0 subf 5

[2023-08-08 09:03:52.944] 接收<- wcmd2c w 6 r 5 type 13 cc 0x0 idx 0 subf 2
track succ pre 0x1 rssi -21 cur 20.25 last 20.19 ratio 356990/356990 frac -384 to 0 fo 44561 frame 593713
cmdtype 7 isSuc 0 cc 0x0 subf 5

[2023-08-08 09:03:53.056] 接收<- wcmd2c w 7 r 6 type 13 cc 0x0 idx 0 subf 2
track succ pre 0x9 rssi -21 cur 26.25 last 20.79 ratio 356991/356991 frac -384 to 0 fo 0 frame 593714
cmdtype 7 isSuc 0 cc 0x0 subf 5
wcmd2c w 0 r 7 type 2 cc 0x0 idx 0 subf 6
cmdtype 2 isSuc 1 cc 0x0 subf 9

[2023-08-08 09:03:53.170] 接收<- wcmd2c w 1 r 0 type 13 cc 0x0 idx 0 subf 2
track succ pre 0x1 rssi -21 cur 20.25 last 20.74 ratio 356992/356992 frac -384 to 0 fo 44561 frame 593715
cmdtype 7 isSuc 0 cc 0x0 subf 5

[2023-08-08 09:03:53.382] 接收<- wcmd2c w 2 r 1 type 13 cc 0x0 idx 0 subf 2
track succ pre 0x1 rssi -21 cur 20.25 last 20.69 ratio 356993/356993 frac -383 to 0 fo 44561 frame 593716
cmdtype 7 isSuc 0 cc 0x0 subf 5

[2023-08-08 09:03:53.495] 接收<- wcmd2c w 3 r 2 type 13 cc 0x0 idx 0 subf 2
track succ pre 0x1 rssi -21 cur 20.0 last 20.62 ratio 356994/356994 frac -384 to 0 fo -44561 frame 593717
cmdtype 7 isSuc 0 cc 0x0 subf 5

[2023-08-08 09:03:53.608] 接收<- wcmd2c w 4 r 3 type 13 cc 0x0 idx 0 subf 2
track succ pre 0x1 rssi -21 cur 20.25 last 20.58 ratio 356995/356995 frac -384 to 0 fo 0 frame 593718
cmdtype 7 isSuc 0 cc 0x0 subf 5

[2023-08-08 09:03:53.822] 接收<- wcmd2c w 5 r 4 type 13 cc 0x0 idx 0 subf 2
track succ pre 0x1 rssi -21 cur 20.25 last 20.55 ratio 356996/356996 frac -384 to 0 fo -89122 frame 593719
cmdtype 7 isSuc 0 cc 0x0 subf 5

[2023-08-08 09:03:53.935] 接收<- wcmd2c w 6 r 5 type 13 cc 0x0 idx 0 subf 2
track succ pre 0x1 rssi -21 cur 20.0 last 20.49 ratio 356997/356997 frac -384 to 0 fo 0 frame 593720
cmdtype 7 isSuc 0 cc 0x0 subf 5

[2023-08-08 09:03:54.048] 接收<- wcmd2c w 7 r 6 type 13 cc 0x0 idx 0 subf 2
track succ pre 0x1 rssi -21 cur 20.25 last 20.47 ratio 356998/356998 frac -384 to 0 fo 0 frame 593721
cmdtype 7 isSuc 0 cc 0x0 subf 5

[2023-08-08 09:03:54.167] 接收<- wcmd2c w 0 r 7 type 13 cc 0x0 idx 0 subf 2
track succ pre 0x1 rssi -21 cur 20.25 last 20.45 ratio 356999/356999 frac -384 to 0 fo 0 frame 593722

[2023-08-08 09:03:54.280] 接收<- cmdtype 7 isSuc 0 cc 0x0 subf 5

[2023-08-08 09:03:54.392] 接收<- wcmd2c w 1 r 0 type 13 cc 0x0 idx 0 subf 2
track succ pre 0x1 rssi -21 cur 20.25 last 20.43 ratio 357000/357000 frac -384 to 0 fo 0 frame 593723
cmdtype 7 isSuc 0 cc 0x0 subf 5

[2023-08-08 09:03:54.505] 接收<- wcmd2c w 2 r 1 type 13 cc 0x0 idx 0 subf 2
track succ pre 0x1 rssi -21 cur 20.25 last 20.41 ratio 357001/357001 frac -385 to 0 fo -89122 frame 593724
cmdtype 7 isSuc 0 cc 0x0 subf 5

[2023-08-08 09:03:54.636] 接收<- wcmd2c w 3 r 2 type 13 cc 0x0 idx 0 subf 2
track succ pre 0x9 rssi -21 cur 24.0 last 20.77 ratio 357002/357002 frac -386 to 0 fo -44561 frame 593725
cmdtype 7 isSuc 0 cc 0x0 subf 5
wcmd2c w 4 r 3 type 2 cc 0x0 idx 0 subf 6

[2023-08-08 09:03:54.749] 接收<- cmdtype 2 isSuc 1 cc 0x0 subf 9
wcmd2c w 5 r 4 type 13 cc 0x0 idx 0 subf 2
track succ pre 0x1 rssi -21 cur 20.25 last 20.71 ratio 357003/357003 frac -386 to 0 fo 0 frame 593726

[2023-08-08 09:03:54.862] 接收<- cmdtype 7 isSuc 0 cc 0x0 subf 5

[2023-08-08 09:03:54.974] 接收<- wcmd2c w 6 r 5 type 13 cc 0x0 idx 0 subf 2
track succ pre 0x1 rssi -21 cur 20.0 last 20.64 ratio 357004/357004 frac -385 to 0 fo 44561 frame 593727
cmdtype 7 isSuc 0 cc 0x0 subf 5

[2023-08-08 09:03:55.087] 接收<- wcmd2c w 7 r 6 type 13 cc 0x0 idx 0 subf 2
track succ pre 0x1 rssi -21 cur 20.25 last 20.60 ratio 357005/357005 frac -385 to 0 fo 0 frame 593728
cmdtype 7 isSuc 0 cc 0x0 subf 5

[2023-08-08 09:03:55.218] 接收<- wcmd2c w 0 r 7 type 13 cc 0x0 idx 0 subf 2
track succ pre 0x1 rssi -21 cur 19.75 last 20.52 ratio 357006/357006 frac -385 to 0 fo 44561 frame 593729
cmdtype 7 isSuc 0 cc 0x0 subf 5

[2023-08-08 09:03:55.332] 接收<- wcmd2c w 1 r 0 type 13 cc 0x0 idx 0 subf 2
track succ pre 0x1 rssi -21 cur 18.75 last 20.34 ratio 357007/357007 frac -385 to 1 fo -44561 frame 593730

[2023-08-08 09:03:55.445] 接收<- cmdtype 7 isSuc 0 cc 0x0 subf 5

[2023-08-08 09:03:55.558] 接收<- wcmd2c w 2 r 1 type 13 cc 0x0 idx 0 subf 2
track succ pre 0x1 rssi -21 cur 19.75 last 20.28 ratio 357008/357008 frac -385 to 0 fo 44561 frame 593731
cmdtype 7 isSuc 0 cc 0x0 subf 5

[2023-08-08 09:03:55.670] 接收<- wcmd2c w 3 r 2 type 13 cc 0x0 idx 0 subf 2
track succ pre 0x1 rssi -21 cur 20.0 last 20.25 ratio 357009/357009 frac -384 to 0 fo 44561 frame 593732
cmdtype 7 isSuc 0 cc 0x0 subf 5

[2023-08-08 09:03:55.800] 接收<- wcmd2c w 4 r 3 type 13 cc 0x0 idx 0 subf 2
track succ pre 0x1 rssi -21 cur 19.50 last 20.18 ratio 357010/357010 frac -384 to 1 fo 0 frame 593733
cmdtype 7 isSuc 0 cc 0x0 subf 5

[2023-08-08 09:03:55.924] 接收<- wcmd2c w 5 r 4 type 13 cc 0x0 idx 0 subf 2
track succ pre 0x1 rssi -21 cur 19.75 last 20.13 ratio 357011/357011 frac -384 to 0 fo 0 frame 593734

[2023-08-08 09:03:56.036] 接收<- cmdtype 7 isSuc 0 cc 0x0 subf 5

[2023-08-08 09:03:56.152] 接收<- wcmd2c w 6 r 5 type 13 cc 0x0 idx 0 subf 2
track succ pre 0x1 rssi -21 cur 18.75 last 19.99 ratio 357012/357012 frac -384 to 1 fo 0 frame 593735
cmdtype 7 isSuc 0 cc 0x0 subf 5

[2023-08-08 09:03:56.265] 接收<- wcmd2c w 7 r 6 type 13 cc 0x0 idx 0 subf 2
track succ pre 0x9 rssi -21 cur 24.75 last 20.47 ratio 357013/357013 frac -384 to 0 fo 0 frame 593736
cmdtype 7 isSuc 0 cc 0x0 subf 5
wcmd2c w 0 r 7 type 2 cc 0x0 idx 0 subf 6
cmdtype 2 isSuc 1 cc 0x0 subf 9

[2023-08-08 09:03:56.377] 接收<- wcmd2c w 1 r 0 type 13 cc 0x0 idx 0 subf 2
track succ pre 0x1 rssi -21 cur 19.50 last 20.37 ratio 357014/357014 frac -385 to 1 fo -44561 frame 593737
cmdtype 7 isSuc 0 cc 0x0 subf 5

[2023-08-08 09:03:56.504] 接收<- frame_head_dfe 573564615
wcmd2c w 2 r 1 type 13 cc 0x0 idx 0 subf 2
track succ pre 0x1 rssi -21 cur 19.75 last 20.31 ratio 357015/357015 frac -385 to 0 fo 0 frame 593738

[2023-08-08 09:03:56.617] 接收<- cmdtype 7 isSuc 0 cc 0x0 subf 5

[2023-08-08 09:03:56.730] 接收<- wcmd2c w 3 r 2 type 13 cc 0x0 idx 0 subf 2
track succ pre 0x1 rssi -21 cur 20.25 last 20.30 ratio 357016/357016 frac -385 to 0 fo 0 frame 593739
cmdtype 7 isSuc 0 cc 0x0 subf 5

[2023-08-08 09:03:56.850] 接收<- wcmd2c w 4 r 3 type 13 cc 0x0 idx 0 subf 2
track succ pre 0x1 rssi -21 cur 19.75 last 20.25 ratio 357017/357017 frac -385 to 0 fo -44561 frame 593740
cmdtype 7 isSuc 0 cc 0x0 subf 5

[2023-08-08 09:03:56.965] 接收<- wcmd2c w 5 r 4 type 13 cc 0x0 idx 0 subf 2
track succ pre 0x1 rssi -21 cur 20.25 last 20.25 ratio 357018/357018 frac -385 to 0 fo 0 frame 593741
cmdtype 7 isSuc 0 cc 0x0 subf 5

[2023-08-08 09:03:57.178] 接收<- wcmd2c w 6 r 5 type 13 cc 0x0 idx 0 subf 2
track succ pre 0x1 rssi -21 cur 20.25 last 20.25 ratio 357019/357019 frac -385 to 0 fo 0 frame 593742
cmdtype 7 isSuc 0 cc 0x0 subf 5

[2023-08-08 09:03:57.291] 接收<- wcmd2c w 7 r 6 type 13 cc 0x0 idx 0 subf 2
track succ pre 0x1 rssi -21 cur 20.50 last 20.27 ratio 357020/357020 frac -385 to 0 fo 44561 frame 593743
cmdtype 7 isSuc 0 cc 0x0 subf 5

[2023-08-08 09:03:57.404] 接收<- wcmd2c w 0 r 7 type 13 cc 0x0 idx 0 subf 2
track succ pre 0x1 rssi -21 cur 20.25 last 20.27 ratio 357021/357021 frac -385 to 0 fo 0 frame 593744
cmdtype 7 isSuc 0 cc 0x0 subf 5

[2023-08-08 09:03:57.618] 接收<- wcmd2c w 1 r 0 type 13 cc 0x0 idx 0 subf 2
track succ pre 0x1 rssi -21 cur 19.25 last 20.17 ratio 357022/357022 frac -385 to 0 fo 0 frame 593745
cmdtype 7 isSuc 0 cc 0x0 subf 5

[2023-08-08 09:03:57.731] 接收<- frame_head_dfe 574732357
wcmd2c w 2 r 1 type 13 cc 0x0 idx 0 subf 2
track succ pre 0x1 rssi -21 cur 20.25 last 20.17 ratio 357023/357023 frac -385 to 0 fo 0 frame 593746
cmdtype 7 isSuc 0 cc 0x0 subf 5

[2023-08-08 09:03:57.844] 接收<- wcmd2c w 3 r 2 type 13 cc 0x0 idx 0 subf 2
track succ pre 0x9 rssi -21 cur 25.75 last 20.73 ratio 357024/357024 frac -385 to 0 fo 0 frame 593747
cmdtype 7 isSuc 0 cc 0x0 subf 5
wcmd2c w 4 r 3 type 2 cc 0x0 idx 0 subf 6

[2023-08-08 09:03:57.984] 接收<- cmdtype 2 isSuc 1 cc 0x0 subf 9
wcmd2c w 5 r 4 type 13 cc 0x0 idx 0 subf 2
track succ pre 0x1 rssi -21 cur 20.25 last 20.68 ratio 357025/357025 frac -385 to 0 fo -44561 frame 593748
cmdtype 7 isSuc 0 cc 0x0 subf 5

[2023-08-08 09:03:58.199] 接收<- wcmd2c w 6 r 5 type 13 cc 0x0 idx 0 subf 2
track succ pre 0x1 rssi -21 cur 20.0 last 20.61 ratio 357026/357026 frac -385 to 0 fo 0 frame 593749
cmdtype 7 isSuc 0 cc 0x0 subf 5

[2023-08-08 09:03:58.312] 接收<- wcmd2c w 7 r 6 type 13 cc 0x0 idx 0 subf 2
track succ pre 0x1 rssi -21 cur 19.50 last 20.50 ratio 357027/357027 frac -385 to 0 fo 0 frame 593750
cmdtype 7 isSuc 0 cc 0x0 subf 5

[2023-08-08 09:03:58.425] 接收<- wcmd2c w 0 r 7 type 13 cc 0x0 idx 0 subf 2
track succ pre 0x1 rssi -21 cur 20.25 last 20.48 ratio 357028/357028 frac -385 to 0 fo 0 frame 593751
cmdtype 7 isSuc 0 cc 0x0 subf 5

[2023-08-08 09:03:58.640] 接收<- wcmd2c w 1 r 0 type 13 cc 0x0 idx 0 subf 2
track succ pre 0x1 rssi -21 cur 20.0 last 20.43 ratio 357029/357029 frac -385 to 0 fo 0 frame 593752
cmdtype 7 isSuc 0 cc 0x0 subf 5

[2023-08-08 09:03:58.752] 接收<- wcmd2c w 2 r 1 type 13 cc 0x0 idx 0 subf 2
track succ pre 0x1 rssi -22 cur 20.0 last 20.38 ratio 357030/357030 frac -386 to 0 fo -44561 frame 593753
cmdtype 7 isSuc 0 cc 0x0 subf 5

[2023-08-08 09:03:58.866] 接收<- wcmd2c w 3 r 2 type 13 cc 0x0 idx 0 subf 2
track succ pre 0x1 rssi -22 cur 19.50 last 20.30 ratio 357031/357031 frac -386 to 1 fo 0 frame 593754
cmdtype 7 isSuc 0 cc 0x0 subf 5

[2023-08-08 09:03:58.989] 接收<- wcmd2c w 4 r 3 type 13 cc 0x0 idx 0 subf 2
track succ pre 0x1 rssi -22 cur 19.25 last 20.19 ratio 357032/357032 frac -386 to 0 fo 0 frame 593755

[2023-08-08 09:03:59.101] 接收<- cmdtype 7 isSuc 0 cc 0x0 subf 5

[2023-08-08 09:03:59.216] 接收<- wcmd2c w 5 r 4 type 13 cc 0x0 idx 0 subf 2
track succ pre 0x1 rssi -22 cur 20.0 last 20.17 ratio 357033/357033 frac -386 to 0 fo 0 frame 593756
cmdtype 7 isSuc 0 cc 0x0 subf 5

[2023-08-08 09:03:59.330] 接收<- wcmd2c w 6 r 5 type 13 cc 0x0 idx 0 subf 2
track succ pre 0x1 rssi -21 cur 19.50 last 20.10 ratio 357034/357034 frac -385 to 1 fo 44561 frame 593757
cmdtype 7 isSuc 0 cc 0x0 subf 5

[2023-08-08 09:03:59.457] 接收<- wcmd2c w 7 r 6 type 13 cc 0x0 idx 0 subf 2
track succ pre 0x9 rssi -22 cur 25.0 last 20.59 ratio 357035/357035 frac -385 to 0 fo 0 frame 593758
cmdtype 7 isSuc 0 cc 0x0 subf 5
wcmd2c w 0 r 7 type 2 cc 0x0 idx 0 subf 6

[2023-08-08 09:03:59.570] 接收<- cmdtype 2 isSuc 1 cc 0x0 subf 9
wcmd2c w 1 r 0 type 13 cc 0x0 idx 0 subf 2
track succ pre 0x1 rssi -22 cur 19.50 last 20.48 ratio 357036/357036 frac -386 to 1 fo -44561 frame 593759

[2023-08-08 09:03:59.683] 接收<- cmdtype 7 isSuc 0 cc 0x0 subf 5

[2023-08-08 09:03:59.796] 接收<- wcmd2c w 2 r 1 type 13 cc 0x0 idx 0 subf 2
track succ pre 0x1 rssi -21 cur 19.0 last 20.33 ratio 357037/357037 frac -385 to 0 fo 44561 frame 593760
cmdtype 7 isSuc 0 cc 0x0 subf 5

[2023-08-08 09:03:59.909] 接收<- wcmd2c w 3 r 2 type 13 cc 0x0 idx 0 subf 2
track succ pre 0x1 rssi -21 cur 20.50 last 20.35 ratio 357038/357038 frac -385 to 0 fo 0 frame 593761
cmdtype 7 isSuc 0 cc 0x0 subf 5

[2023-08-08 09:04:00.036] 接收<- wcmd2c w 4 r 3 type 13 cc 0x0 idx 0 subf 2
track succ pre 0x1 rssi -21 cur 20.50 last 20.36 ratio 357039/357039 frac -385 to 0 fo 0 frame 593762
cmdtype 7 isSuc 0 cc 0x0 subf 5

[2023-08-08 09:04:00.149] 接收<- wcmd2c w 5 r 4 type 13 cc 0x0 idx 0 subf 2
track succ pre 0x1 rssi -21 cur 20.50 last 20.38 ratio 357040/357040 frac -385 to 0 fo 44561 frame 593763

[2023-08-08 09:04:00.262] 接收<- cmdtype 7 isSuc 0 cc 0x0 subf 5

[2023-08-08 09:04:00.375] 接收<- wcmd2c w 6 r 5 type 13 cc 0x0 idx 0 subf 2
track succ pre 0x1 rssi -21 cur 20.50 last 20.39 ratio 357041/357041 frac -385 to 0 fo 0 frame 593764
cmdtype 7 isSuc 0 cc 0x0 subf 5

[2023-08-08 09:04:00.488] 接收<- wcmd2c w 7 r 6 type 13 cc 0x0 idx 0 subf 2
track succ pre 0x1 rssi -21 cur 19.50 last 20.30 ratio 357042/357042 frac -385 to 0 fo -44561 frame 593765
cmdtype 7 isSuc 0 cc 0x0 subf 5

[2023-08-08 09:04:00.614] 接收<- wcmd2c w 0 r 7 type 13 cc 0x0 idx 0 subf 2
track succ pre 0x1 rssi -21 cur 20.25 last 20.29 ratio 357043/357043 frac -385 to 0 fo 44561 frame 593766
cmdtype 7 isSuc 0 cc 0x0 subf 5

[2023-08-08 09:04:00.828] 接收<- wcmd2c w 1 r 0 type 13 cc 0x0 idx 0 subf 2
track succ pre 0x1 rssi -21 cur 20.25 last 20.29 ratio 357044/357044 frac -385 to 0 fo 0 frame 593767
cmdtype 7 isSuc 0 cc 0x0 subf 5

[2023-08-08 09:04:00.941] 接收<- wcmd2c w 2 r 1 type 13 cc 0x0 idx 0 subf 2
track succ pre 0x1 rssi -21 cur 20.50 last 20.31 ratio 357045/357045 frac -384 to 0 fo 89122 frame 593768
cmdtype 7 isSuc 0 cc 0x0 subf 5

[2023-08-08 09:04:01.083] 接收<- wcmd2c w 3 r 2 type 13 cc 0x0 idx 0 subf 2
track succ pre 0x9 rssi -21 cur 26.0 last 20.88 ratio 357046/357046 frac -384 to 0 fo -44561 frame 593769
cmdtype 7 isSuc 0 cc 0x0 subf 5
wcmd2c w 4 r 3 type 2 cc 0x0 idx 0 subf 6
cmdtype 2 isSuc 1 cc 0x0 subf 9

[2023-08-08 09:04:01.196] 接收<- wcmd2c w 5 r 4 type 13 cc 0x0 idx 0 subf 2
track succ pre 0x1 rssi -21 cur 19.50 last 20.74 ratio 357047/357047 frac -384 to 0 fo 0 frame 593770
cmdtype 7 isSuc 0 cc 0x0 subf 5

[2023-08-08 09:04:01.410] 接收<- wcmd2c w 6 r 5 type 13 cc 0x0 idx 0 subf 2
track succ pre 0x1 rssi -21 cur 20.25 last 20.69 ratio 357048/357048 frac -384 to 0 fo 0 frame 593771
cmdtype 7 isSuc 0 cc 0x0 subf 5

[2023-08-08 09:04:01.524] 接收<- wcmd2c w 7 r 6 type 13 cc 0x0 idx 0 subf 2
track succ pre 0x1 rssi -21 cur 20.25 last 20.65 ratio 357049/357049 frac -385 to 0 fo -44561 frame 593772
cmdtype 7 isSuc 0 cc 0x0 subf 5

[2023-08-08 09:04:01.636] 接收<- wcmd2c w 0 r 7 type 13 cc 0x0 idx 0 subf 2
track succ pre 0x1 rssi -21 cur 20.25 last 20.61 ratio 357050/357050 frac -385 to 0 fo 0 frame 593773
cmdtype 7 isSuc 0 cc 0x0 subf 5

[2023-08-08 09:04:01.848] 接收<- wcmd2c w 1 r 0 type 13 cc 0x0 idx 0 subf 2
track succ pre 0x1 rssi -21 cur 20.25 last 20.57 ratio 357051/357051 frac -385 to 0 fo -44561 frame 593774
cmdtype 7 isSuc 0 cc 0x0 subf 5

[2023-08-08 09:04:01.961] 接收<- wcmd2c w 2 r 1 type 13 cc 0x0 idx 0 subf 2
track succ pre 0x1 rssi -21 cur 20.0 last 20.51 ratio 357052/357052 frac -385 to 0 fo 0 frame 593775
cmdtype 7 isSuc 0 cc 0x0 subf 5

[2023-08-08 09:04:02.074] 接收<- wcmd2c w 3 r 2 type 13 cc 0x0 idx 0 subf 2
track succ pre 0x1 rssi -21 cur 20.25 last 20.49 ratio 357053/357053 frac -386 to 0 fo -44561 frame 593776
cmdtype 7 isSuc 0 cc 0x0 subf 5

[2023-08-08 09:04:02.288] 接收<- wcmd2c w 4 r 3 type 13 cc 0x0 idx 0 subf 2
track succ pre 0x1 rssi -21 cur 19.50 last 20.39 ratio 357054/357054 frac -386 to 0 fo -44561 frame 593777
cmdtype 7 isSuc 0 cc 0x0 subf 5

[2023-08-08 09:04:02.402] 接收<- wcmd2c w 5 r 4 type 13 cc 0x0 idx 0 subf 2
track succ pre 0x1 rssi -21 cur 20.25 last 20.37 ratio 357055/357055 frac -387 to 0 fo -44561 frame 593778
cmdtype 7 isSuc 0 cc 0x0 subf 5

[2023-08-08 09:04:02.516] 接收<- wcmd2c w 6 r 5 type 13 cc 0x0 idx 0 subf 2
track succ pre 0x1 rssi -21 cur 20.0 last 20.33 ratio 357056/357056 frac -387 to 0 fo 0 frame 593779
cmdtype 7 isSuc 0 cc 0x0 subf 5

[2023-08-08 09:04:02.629] 接收<- wcmd2c w 7 r 6 type 13 cc 0x0 idx 0 subf 2
track succ pre 0x9 rssi -21 cur 23.0 last 20.60 ratio 357057/357057 frac -387 to 1 fo 0 frame 593780

[2023-08-08 09:04:02.742] 接收<- cmdtype 7 isSuc 0 cc 0x0 subf 5
wcmd2c w 0 r 7 type 2 cc 0x0 idx 0 subf 6
cmdtype 2 isSuc 1 cc 0x0 subf 9

[2023-08-08 09:04:02.855] 接收<- wcmd2c w 1 r 0 type 13 cc 0x0 idx 0 subf 2
track succ pre 0x1 rssi -21 cur 19.75 last 20.52 ratio 357058/357058 frac -386 to 0 fo 44561 frame 593781
cmdtype 7 isSuc 0 cc 0x0 subf 5

[2023-08-08 09:04:02.968] 接收<- frame_head_dfe 579987201
wcmd2c w 2 r 1 type 13 cc 0x0 idx 0 subf 2
track succ pre 0x1 rssi -21 cur 19.25 last 20.39 ratio 357059/357059 frac -386 to 1 fo 0 frame 593782
cmdtype 7 isSuc 0 cc 0x0 subf 5

[2023-08-08 09:04:03.098] 接收<- wcmd2c w 3 r 2 type 13 cc 0x0 idx 0 subf 2
track succ pre 0x1 rssi -21 cur 19.75 last 20.32 ratio 357060/357060 frac -386 to 0 fo 0 frame 593783
cmdtype 7 isSuc 0 cc 0x0 subf 5

[2023-08-08 09:04:03.222] 接收<- wcmd2c w 4 r 3 type 13 cc 0x0 idx 0 subf 2
track succ pre 0x1 rssi -21 cur 19.50 last 20.24 ratio 357061/357061 frac -386 to 1 fo 0 frame 593784

[2023-08-08 09:04:03.335] 接收<- cmdtype 7 isSuc 0 cc 0x0 subf 5

[2023-08-08 09:04:03.449] 接收<- wcmd2c w 5 r 4 type 13 cc 0x0 idx 0 subf 2
track succ pre 0x1 rssi -21 cur 20.25 last 20.24 ratio 357062/357062 frac -386 to 0 fo 44561 frame 593785
cmdtype 7 isSuc 0 cc 0x0 subf 5

[2023-08-08 09:04:03.562] 接收<- wcmd2c w 6 r 5 type 13 cc 0x0 idx 0 subf 2
track succ pre 0x1 rssi -21 cur 20.50 last 20.27 ratio 357063/357063 frac -386 to 0 fo 0 frame 593786
cmdtype 7 isSuc 0 cc 0x0 subf 5

[2023-08-08 09:04:03.675] 接收<- wcmd2c w 7 r 6 type 13 cc 0x0 idx 0 subf 2
track succ pre 0x1 rssi -21 cur 19.50 last 20.19 ratio 357064/357064 frac -386 to 0 fo 0 frame 593787
cmdtype 7 isSuc 0 cc 0x0 subf 5

[2023-08-08 09:04:03.889] 接收<- wcmd2c w 0 r 7 type 13 cc 0x0 idx 0 subf 2
track succ pre 0x1 rssi -21 cur 20.50 last 20.22 ratio 357065/357065 frac -385 to 0 fo 44561 frame 593788
cmdtype 7 isSuc 0 cc 0x0 subf 5

[2023-08-08 09:04:04.002] 接收<- wcmd2c w 1 r 0 type 13 cc 0x0 idx 0 subf 2
track succ pre 0x1 rssi -21 cur 20.25 last 20.22 ratio 357066/357066 frac -385 to 0 fo 0 frame 593789
cmdtype 7 isSuc 0 cc 0x0 subf 5

[2023-08-08 09:04:04.116] 接收<- frame_head_dfe 581154945
wcmd2c w 2 r 1 type 13 cc 0x0 idx 0 subf 2
track succ pre 0x1 rssi -21 cur 20.50 last 20.25 ratio 357067/357067 frac -385 to 0 fo 44561 frame 593790
cmdtype 7 isSuc 0 cc 0x0 subf 5

[2023-08-08 09:04:04.328] 接收<- wcmd2c w 3 r 2 type 13 cc 0x0 idx 0 subf 2
track succ pre 0x9 rssi -21 cur 25.50 last 20.77 ratio 357068/357068 frac -385 to 0 fo 0 frame 593791
cmdtype 7 isSuc 0 cc 0x0 subf 5
wcmd2c w 4 r 3 type 2 cc 0x0 idx 0 subf 6
cmdtype 2 isSuc 1 cc 0x0 subf 9

[2023-08-08 09:04:04.440] 接收<- wcmd2c w 5 r 4 type 13 cc 0x0 idx 0 subf 2
track succ pre 0x1 rssi -21 cur 19.75 last 20.67 ratio 357069/357069 frac -385 to 0 fo 0 frame 593792
cmdtype 7 isSuc 0 cc 0x0 subf 5

[2023-08-08 09:04:04.554] 接收<- wcmd2c w 6 r 5 type 13 cc 0x0 idx 0 subf 2
track succ pre 0x1 rssi -21 cur 20.25 last 20.63 ratio 357070/357070 frac -385 to 0 fo 0 frame 593793
cmdtype 7 isSuc 0 cc 0x0 subf 5

[2023-08-08 09:04:04.768] 接收<- wcmd2c w 7 r 6 type 13 cc 0x0 idx 0 subf 2
track succ pre 0x1 rssi -21 cur 20.25 last 20.59 ratio 357071/357071 frac -385 to 0 fo 0 frame 593794
cmdtype 7 isSuc 0 cc 0x0 subf 5

[2023-08-08 09:04:04.880] 接收<- wcmd2c w 0 r 7 type 13 cc 0x0 idx 0 subf 2
track succ pre 0x1 rssi -21 cur 20.25 last 20.56 ratio 357072/357072 frac -385 to 0 fo 0 frame 593795
cmdtype 7 isSuc 0 cc 0x0 subf 5

[2023-08-08 09:04:04.992] 接收<- wcmd2c w 1 r 0 type 13 cc 0x0 idx 0 subf 2
track succ pre 0x1 rssi -21 cur 20.25 last 20.52 ratio 357073/357073 frac -385 to 0 fo 0 frame 593796
cmdtype 7 isSuc 0 cc 0x0 subf 5

[2023-08-08 09:04:05.206] 接收<- wcmd2c w 2 r 1 type 13 cc 0x0 idx 0 subf 2
track succ pre 0x1 rssi -21 cur 19.75 last 20.45 ratio 357074/357074 frac -385 to 0 fo 0 frame 593797
cmdtype 7 isSuc 0 cc 0x0 subf 5

[2023-08-08 09:04:05.318] 接收<- wcmd2c w 3 r 2 type 13 cc 0x0 idx 0 subf 2
track succ pre 0x1 rssi -21 cur 20.25 last 20.43 ratio 357075/357075 frac -385 to 0 fo 0 frame 593798
cmdtype 7 isSuc 0 cc 0x0 subf 5

[2023-08-08 09:04:05.430] 接收<- wcmd2c w 4 r 3 type 13 cc 0x0 idx 0 subf 2
track succ pre 0x1 rssi -21 cur 20.25 last 20.41 ratio 357076/357076 frac -385 to 0 fo -44561 frame 593799
cmdtype 7 isSuc 0 cc 0x0 subf 5

[2023-08-08 09:04:05.644] 接收<- wcmd2c w 5 r 4 type 13 cc 0x0 idx 0 subf 2
track succ pre 0x1 rssi -21 cur 20.25 last 20.39 ratio 357077/357077 frac -386 to 0 fo -44561 frame 593800
cmdtype 7 isSuc 0 cc 0x0 subf 5

[2023-08-08 09:04:05.756] 接收<- wcmd2c w 6 r 5 type 13 cc 0x0 idx 0 subf 2
track succ pre 0x1 rssi -21 cur 19.75 last 20.33 ratio 357078/357078 frac -386 to 0 fo 0 frame 593801
cmdtype 7 isSuc 0 cc 0x0 subf 5

[2023-08-08 09:04:05.880] 接收<- wcmd2c w 7 r 6 type 13 cc 0x0 idx 0 subf 2
track succ pre 0x9 rssi -21 cur 23.50 last 20.64 ratio 357079/357079 frac -386 to 0 fo 0 frame 593802
cmdtype 7 isSuc 0 cc 0x0 subf 5
wcmd2c w 0 r 7 type 2 cc 0x0 idx 0 subf 6

[2023-08-08 09:04:05.993] 接收<- cmdtype 2 isSuc 1 cc 0x0 subf 9
wcmd2c w 1 r 0 type 13 cc 0x0 idx 0 subf 2
track succ pre 0x1 rssi -21 cur 20.0 last 20.58 ratio 357080/357080 frac -385 to 0 fo 44561 frame 593803

[2023-08-08 09:04:06.107] 接收<- cmdtype 7 isSuc 0 cc 0x0 subf 5

[2023-08-08 09:04:06.220] 接收<- wcmd2c w 2 r 1 type 13 cc 0x0 idx 0 subf 2
track succ pre 0x1 rssi -21 cur 19.50 last 20.47 ratio 357081/357081 frac -386 to 1 fo -44561 frame 593804
cmdtype 7 isSuc 0 cc 0x0 subf 5

[2023-08-08 09:04:06.333] 接收<- wcmd2c w 3 r 2 type 13 cc 0x0 idx 0 subf 2
track succ pre 0x1 rssi -21 cur 20.0 last 20.42 ratio 357082/357082 frac -385 to 0 fo 44561 frame 593805
cmdtype 7 isSuc 0 cc 0x0 subf 5

[2023-08-08 09:04:06.457] 接收<- wcmd2c w 4 r 3 type 13 cc 0x0 idx 0 subf 2
track succ pre 0x1 rssi -21 cur 20.0 last 20.38 ratio 357083/357083 frac -385 to 0 fo 0 frame 593806
cmdtype 7 isSuc 0 cc 0x0 subf 5

[2023-08-08 09:04:06.599] 接收<- wcmd2c w 5 r 4 type 13 cc 0x0 idx 0 subf 2
track succ pre 0x1 rssi -21 cur 18.75 last 20.22 ratio 357084/357084 frac -386 to 1 fo -44561 frame 593807
cmdtype 7 isSuc 0 cc 0x0 subf 5

[2023-08-08 09:04:06.813] 接收<- wcmd2c w 6 r 5 type 13 cc 0x0 idx 0 subf 2
track succ pre 0x1 rssi -21 cur 19.75 last 20.17 ratio 357085/357085 frac -385 to 0 fo 44561 frame 593808
cmdtype 7 isSuc 0 cc 0x0 subf 5

[2023-08-08 09:04:06.926] 接收<- wcmd2c w 7 r 6 type 13 cc 0x0 idx 0 subf 2
track succ pre 0x1 rssi -21 cur 19.50 last 20.10 ratio 357086/357086 frac -385 to 1 fo 0 frame 593809
cmdtype 7 isSuc 0 cc 0x0 subf 5

[2023-08-08 09:04:07.039] 接收<- wcmd2c w 0 r 7 type 13 cc 0x0 idx 0 subf 2
track succ pre 0x1 rssi -21 cur 20.0 last 20.9 ratio 357087/357087 frac -385 to 0 fo 44561 frame 593810
cmdtype 7 isSuc 0 cc 0x0 subf 5

[2023-08-08 09:04:07.252] 接收<- wcmd2c w 1 r 0 type 13 cc 0x0 idx 0 subf 2
track succ pre 0x1 rssi -21 cur 20.25 last 20.11 ratio 357088/357088 frac -385 to 0 fo 0 frame 593811
cmdtype 7 isSuc 0 cc 0x0 subf 5

[2023-08-08 09:04:07.365] 接收<- wcmd2c w 2 r 1 type 13 cc 0x0 idx 0 subf 2
track succ pre 0x1 rssi -21 cur 19.50 last 20.5 ratio 357089/357089 frac -385 to 0 fo 0 frame 593812
cmdtype 7 isSuc 0 cc 0x0 subf 5

[2023-08-08 09:04:07.478] 接收<- wcmd2c w 3 r 2 type 13 cc 0x0 idx 0 subf 2
track succ pre 0x9 rssi -21 cur 26.0 last 20.64 ratio 357090/357090 frac -385 to 0 fo 0 frame 593813
cmdtype 7 isSuc 0 cc 0x0 subf 5
wcmd2c w 4 r 3 type 2 cc 0x0 idx 0 subf 6

[2023-08-08 09:04:07.602] 接收<- cmdtype 2 isSuc 1 cc 0x0 subf 9
wcmd2c w 5 r 4 type 13 cc 0x0 idx 0 subf 2
track succ pre 0x1 rssi -21 cur 20.0 last 20.58 ratio 357091/357091 frac -385 to 0 fo 0 frame 593814

[2023-08-08 09:04:07.716] 接收<- cmdtype 7 isSuc 0 cc 0x0 subf 5

[2023-08-08 09:04:07.828] 接收<- wcmd2c w 6 r 5 type 13 cc 0x0 idx 0 subf 2
track succ pre 0x1 rssi -21 cur 20.25 last 20.54 ratio 357092/357092 frac -385 to 0 fo 0 frame 593815
cmdtype 7 isSuc 0 cc 0x0 subf 5

[2023-08-08 09:04:07.941] 接收<- wcmd2c w 7 r 6 type 13 cc 0x0 idx 0 subf 2
track succ pre 0x1 rssi -21 cur 20.50 last 20.54 ratio 357093/357093 frac -385 to 0 fo -44561 frame 593816
cmdtype 7 isSuc 0 cc 0x0 subf 5

[2023-08-08 09:04:08.054] 接收<- wcmd2c w 0 r 7 type 13 cc 0x0 idx 0 subf 2
track succ pre 0x1 rssi -21 cur 20.25 last 20.51 ratio 357094/357094 frac -385 to 0 fo 0 frame 593817
cmdtype 7 isSuc 0 cc 0x0 subf 5

[2023-08-08 09:04:08.268] 接收<- wcmd2c w 1 r 0 type 13 cc 0x0 idx 0 subf 2
track succ pre 0x1 rssi -21 cur 20.25 last 20.48 ratio 357095/357095 frac -385 to 0 fo 0 frame 593818
cmdtype 7 isSuc 0 cc 0x0 subf 5

[2023-08-08 09:04:08.381] 接收<- wcmd2c w 2 r 1 type 13 cc 0x0 idx 0 subf 2
track succ pre 0x1 rssi -21 cur 19.75 last 20.41 ratio 357096/357096 frac -385 to 0 fo 0 frame 593819
cmdtype 7 isSuc 0 cc 0x0 subf 5

[2023-08-08 09:04:08.494] 接收<- wcmd2c w 3 r 2 type 13 cc 0x0 idx 0 subf 2
track succ pre 0x1 rssi -21 cur 20.25 last 20.39 ratio 357097/357097 frac -385 to 0 fo 0 frame 593820
cmdtype 7 isSuc 0 cc 0x0 subf 5

[2023-08-08 09:04:08.707] 接收<- wcmd2c w 4 r 3 type 13 cc 0x0 idx 0 subf 2
track succ pre 0x1 rssi -21 cur 20.25 last 20.38 ratio 357098/357098 frac -385 to 0 fo 44561 frame 593821
cmdtype 7 isSuc 0 cc 0x0 subf 5

[2023-08-08 09:04:08.820] 接收<- wcmd2c w 5 r 4 type 13 cc 0x0 idx 0 subf 2
track succ pre 0x1 rssi -21 cur 20.25 last 20.36 ratio 357099/357099 frac -385 to 0 fo -44561 frame 593822
cmdtype 7 isSuc 0 cc 0x0 subf 5

[2023-08-08 09:04:08.934] 接收<- wcmd2c w 6 r 5 type 13 cc 0x0 idx 0 subf 2
track succ pre 0x1 rssi -21 cur 20.0 last 20.33 ratio 357100/357100 frac -386 to 0 fo -44561 frame 593823
cmdtype 7 isSuc 0 cc 0x0 subf 5

[2023-08-08 09:04:09.147] 接收<- wcmd2c w 7 r 6 type 13 cc 0x0 idx 0 subf 2
track succ pre 0x9 rssi -21 cur 24.75 last 20.77 ratio 357101/357101 frac -386 to 0 fo 0 frame 593824
cmdtype 7 isSuc 0 cc 0x0 subf 5
wcmd2c w 0 r 7 type 2 cc 0x0 idx 0 subf 6
cmdtype 2 isSuc 1 cc 0x0 subf 9

[2023-08-08 09:04:09.260] 接收<- wcmd2c w 1 r 0 type 13 cc 0x0 idx 0 subf 2
track succ pre 0x1 rssi -21 cur 20.0 last 20.69 ratio 357102/357102 frac -386 to 0 fo 0 frame 593825
cmdtype 7 isSuc 0 cc 0x0 subf 5

[2023-08-08 09:04:09.372] 接收<- frame_head_dfe 586409791
wcmd2c w 2 r 1 type 13 cc 0x0 idx 0 subf 2
track succ pre 0x1 rssi -21 cur 20.0 last 20.62 ratio 357103/357103 frac -386 to 0 fo 0 frame 593826
cmdtype 7 isSuc 0 cc 0x0 subf 5

[2023-08-08 09:04:09.585] 接收<- wcmd2c w 3 r 2 type 13 cc 0x0 idx 0 subf 2
track succ pre 0x1 rssi -21 cur 20.0 last 20.56 ratio 357104/357104 frac -386 to 0 fo 0 frame 593827
cmdtype 7 isSuc 0 cc 0x0 subf 5

[2023-08-08 09:04:09.697] 接收<- wcmd2c w 4 r 3 type 13 cc 0x0 idx 0 subf 2
track succ pre 0x1 rssi -21 cur 19.50 last 20.45 ratio 357105/357105 frac -386 to 1 fo 0 frame 593828
cmdtype 7 isSuc 0 cc 0x0 subf 5

[2023-08-08 09:04:09.810] 接收<- wcmd2c w 5 r 4 type 13 cc 0x0 idx 0 subf 2
track succ pre 0x1 rssi -21 cur 19.25 last 20.33 ratio 357106/357106 frac -386 to 0 fo 0 frame 593829
cmdtype 7 isSuc 0 cc 0x0 subf 5

[2023-08-08 09:04:10.024] 接收<- wcmd2c w 6 r 5 type 13 cc 0x0 idx 0 subf 2
track succ pre 0x1 rssi -21 cur 19.50 last 20.25 ratio 357107/357107 frac -386 to 1 fo 0 frame 593830
cmdtype 7 isSuc 0 cc 0x0 subf 5

[2023-08-08 09:04:10.136] 接收<- wcmd2c w 7 r 6 type 13 cc 0x0 idx 0 subf 2
track succ pre 0x1 rssi -21 cur 19.75 last 20.20 ratio 357108/357108 frac -385 to 0 fo 44561 frame 593831
cmdtype 7 isSuc 0 cc 0x0 subf 5

[2023-08-08 09:04:10.249] 接收<- wcmd2c w 0 r 7 type 13 cc 0x0 idx 0 subf 2
track succ pre 0x1 rssi -21 cur 19.75 last 20.15 ratio 357109/357109 frac -385 to 1 fo 0 frame 593832
cmdtype 7 isSuc 0 cc 0x0 subf 5

[2023-08-08 09:04:10.462] 接收<- wcmd2c w 1 r 0 type 13 cc 0x0 idx 0 subf 2
track succ pre 0x1 rssi -21 cur 19.75 last 20.11 ratio 357110/357110 frac -385 to 0 fo 44561 frame 593833
cmdtype 7 isSuc 0 cc 0x0 subf 5

[2023-08-08 09:04:10.575] 接收<- frame_head_dfe 587577533
wcmd2c w 2 r 1 type 13 cc 0x0 idx 0 subf 2
track succ pre 0x1 rssi -21 cur 19.25 last 20.3 ratio 357111/357111 frac -385 to 1 fo 0 frame 593834
cmdtype 7 isSuc 0 cc 0x0 subf 5

[2023-08-08 09:04:10.691] 接收<- wcmd2c w 3 r 2 type 13 cc 0x0 idx 0 subf 2
track succ pre 0x9 rssi -21 cur 24.75 last 20.50 ratio 357112/357112 frac -385 to 0 fo 0 frame 593835
cmdtype 7 isSuc 0 cc 0x0 subf 5
wcmd2c w 4 r 3 type 2 cc 0x0 idx 0 subf 6

[2023-08-08 09:04:10.805] 接收<- cmdtype 2 isSuc 1 cc 0x0 subf 9
wcmd2c w 5 r 4 type 13 cc 0x0 idx 0 subf 2
track succ pre 0x1 rssi -21 cur 20.0 last 20.45 ratio 357113/357113 frac -385 to 0 fo 0 frame 593836

[2023-08-08 09:04:10.918] 接收<- cmdtype 7 isSuc 0 cc 0x0 subf 5

[2023-08-08 09:04:11.031] 接收<- wcmd2c w 6 r 5 type 13 cc 0x0 idx 0 subf 2
track succ pre 0x1 rssi -21 cur 20.25 last 20.43 ratio 357114/357114 frac -385 to 0 fo 0 frame 593837
cmdtype 7 isSuc 0 cc 0x0 subf 5

[2023-08-08 09:04:11.144] 接收<- wcmd2c w 7 r 6 type 13 cc 0x0 idx 0 subf 2
track succ pre 0x1 rssi -21 cur 20.50 last 20.43 ratio 357115/357115 frac -385 to 0 fo 0 frame 593838
cmdtype 7 isSuc 0 cc 0x0 subf 5

[2023-08-08 09:04:11.272] 接收<- wcmd2c w 0 r 7 type 13 cc 0x0 idx 0 subf 2
track succ pre 0x1 rssi -21 cur 20.25 last 20.41 ratio 357116/357116 frac -385 to 0 fo 0 frame 593839
cmdtype 7 isSuc 0 cc 0x0 subf 5

[2023-08-08 09:04:11.397] 接收<- wcmd2c w 1 r 0 type 13 cc 0x0 idx 0 subf 2
track succ pre 0x1 rssi -21 cur 20.25 last 20.40 ratio 357117/357117 frac -385 to 0 fo 0 frame 593840

[2023-08-08 09:04:11.510] 接收<- cmdtype 7 isSuc 0 cc 0x0 subf 5

[2023-08-08 09:04:11.623] 接收<- wcmd2c w 2 r 1 type 13 cc 0x0 idx 0 subf 2
track succ pre 0x1 rssi -21 cur 19.75 last 20.33 ratio 357118/357118 frac -386 to 0 fo -89122 frame 593841
cmdtype 7 isSuc 0 cc 0x0 subf 5

[2023-08-08 09:04:11.735] 接收<- wcmd2c w 3 r 2 type 13 cc 0x0 idx 0 subf 2
track succ pre 0x1 rssi -21 cur 20.25 last 20.32 ratio 357119/357119 frac -386 to 0 fo 0 frame 593842
cmdtype 7 isSuc 0 cc 0x0 subf 5

[2023-08-08 09:04:11.848] 接收<- wcmd2c w 4 r 3 type 13 cc 0x0 idx 0 subf 2
track succ pre 0x1 rssi -21 cur 20.25 last 20.32 ratio 357120/357120 frac -386 to 0 fo 0 frame 593843
cmdtype 7 isSuc 0 cc 0x0 subf 5

[2023-08-08 09:04:12.062] 接收<- wcmd2c w 5 r 4 type 13 cc 0x0 idx 0 subf 2
track succ pre 0x1 rssi -21 cur 20.25 last 20.31 ratio 357121/357121 frac -386 to 0 fo 0 frame 593844
cmdtype 7 isSuc 0 cc 0x0 subf 5

[2023-08-08 09:04:12.175] 接收<- wcmd2c w 6 r 5 type 13 cc 0x0 idx 0 subf 2
track succ pre 0x1 rssi -21 cur 20.25 last 20.30 ratio 357122/357122 frac -386 to 0 fo 0 frame 593845
cmdtype 7 isSuc 0 cc 0x0 subf 5

[2023-08-08 09:04:12.299] 接收<- wcmd2c w 7 r 6 type 13 cc 0x0 idx 0 subf 2
track succ pre 0x9 rssi -21 cur 24.25 last 20.70 ratio 357123/357123 frac -386 to 0 fo 0 frame 593846
cmdtype 7 isSuc 0 cc 0x0 subf 5
wcmd2c w 0 r 7 type 2 cc 0x0 idx 0 subf 6

[2023-08-08 09:04:12.411] 接收<- cmdtype 2 isSuc 1 cc 0x0 subf 9
wcmd2c w 1 r 0 type 13 cc 0x0 idx 0 subf 2
track succ pre 0x1 rssi -21 cur 20.25 last 20.65 ratio 357124/357124 frac -386 to 0 fo 0 frame 593847

[2023-08-08 09:04:12.524] 接收<- cmdtype 7 isSuc 0 cc 0x0 subf 5

[2023-08-08 09:04:12.637] 接收<- wcmd2c w 2 r 1 type 13 cc 0x0 idx 0 subf 2
track succ pre 0x1 rssi -21 cur 20.0 last 20.59 ratio 357125/357125 frac -385 to 0 fo 44561 frame 593848
cmdtype 7 isSuc 0 cc 0x0 subf 5

[2023-08-08 09:04:12.749] 接收<- wcmd2c w 3 r 2 type 13 cc 0x0 idx 0 subf 2
track succ pre 0x1 rssi -21 cur 20.0 last 20.53 ratio 357126/357126 frac -385 to 0 fo 0 frame 593849
cmdtype 7 isSuc 0 cc 0x0 subf 5

[2023-08-08 09:04:12.877] 接收<- wcmd2c w 4 r 3 type 13 cc 0x0 idx 0 subf 2
track succ pre 0x1 rssi -21 cur 20.25 last 20.50 ratio 357127/357127 frac -385 to 0 fo 0 frame 593850
cmdtype 7 isSuc 0 cc 0x0 subf 5

[2023-08-08 09:04:13.091] 接收<- wcmd2c w 5 r 4 type 13 cc 0x0 idx 0 subf 2
track succ pre 0x1 rssi -21 cur 19.75 last 20.42 ratio 357128/357128 frac -385 to 0 fo 0 frame 593851
cmdtype 7 isSuc 0 cc 0x0 subf 5

[2023-08-08 09:04:13.204] 接收<- wcmd2c w 6 r 5 type 13 cc 0x0 idx 0 subf 2
track succ pre 0x1 rssi -21 cur 20.0 last 20.38 ratio 357129/357129 frac -385 to 0 fo 44561 frame 593852
cmdtype 7 isSuc 0 cc 0x0 subf 5

[2023-08-08 09:04:13.317] 接收<- wcmd2c w 7 r 6 type 13 cc 0x0 idx 0 subf 2
track succ pre 0x1 rssi -21 cur 19.0 last 20.24 ratio 357130/357130 frac -385 to 1 fo 0 frame 593853
cmdtype 7 isSuc 0 cc 0x0 subf 5

[2023-08-08 09:04:13.438] 接收<- wcmd2c w 0 r 7 type 13 cc 0x0 idx 0 subf 2
track succ pre 0x1 rssi -21 cur 20.0 last 20.22 ratio 357131/357131 frac -385 to 0 fo 0 frame 593854

[2023-08-08 09:04:13.552] 接收<- cmdtype 7 isSuc 0 cc 0x0 subf 5

[2023-08-08 09:04:13.664] 接收<- wcmd2c w 1 r 0 type 13 cc 0x0 idx 0 subf 2
track succ pre 0x1 rssi -21 cur 19.50 last 20.14 ratio 357132/357132 frac -385 to 1 fo 0 frame 593855
cmdtype 7 isSuc 0 cc 0x0 subf 5

[2023-08-08 09:04:13.778] 接收<- wcmd2c w 2 r 1 type 13 cc 0x0 idx 0 subf 2
track succ pre 0x1 rssi -21 cur 20.0 last 20.13 ratio 357133/357133 frac -385 to 0 fo 0 frame 593856
cmdtype 7 isSuc 0 cc 0x0 subf 5

[2023-08-08 09:04:13.904] 接收<- wcmd2c w 3 r 2 type 13 cc 0x0 idx 0 subf 2
track succ pre 0x9 rssi -21 cur 26.25 last 20.74 ratio 357134/357134 frac -385 to 0 fo 0 frame 593857
cmdtype 7 isSuc 0 cc 0x0 subf 5
wcmd2c w 4 r 3 type 2 cc 0x0 idx 0 subf 6

[2023-08-08 09:04:14.018] 接收<- cmdtype 2 isSuc 1 cc 0x0 subf 9
wcmd2c w 5 r 4 type 13 cc 0x0 idx 0 subf 2
track succ pre 0x1 rssi -21 cur 19.75 last 20.64 ratio 357135/357135 frac -385 to 0 fo 0 frame 593858

[2023-08-08 09:04:14.132] 接收<- cmdtype 7 isSuc 0 cc 0x0 subf 5

[2023-08-08 09:04:14.245] 接收<- wcmd2c w 6 r 5 type 13 cc 0x0 idx 0 subf 2
track succ pre 0x1 rssi -21 cur 20.50 last 20.63 ratio 357136/357136 frac -385 to 0 fo 0 frame 593859
cmdtype 7 isSuc 0 cc 0x0 subf 5

[2023-08-08 09:04:14.359] 接收<- wcmd2c w 7 r 6 type 13 cc 0x0 idx 0 subf 2
track succ pre 0x1 rssi -21 cur 20.25 last 20.59 ratio 357137/357137 frac -384 to 0 fo 44561 frame 593860
cmdtype 7 isSuc 0 cc 0x0 subf 5

[2023-08-08 09:04:14.484] 接收<- wcmd2c w 0 r 7 type 13 cc 0x0 idx 0 subf 2
track succ pre 0x1 rssi -21 cur 20.25 last 20.55 ratio 357138/357138 frac -384 to 0 fo 0 frame 593861
cmdtype 7 isSuc 0 cc 0x0 subf 5

[2023-08-08 09:04:14.609] 接收<- wcmd2c w 1 r 0 type 13 cc 0x0 idx 0 subf 2
track succ pre 0x1 rssi -21 cur 20.25 last 20.52 ratio 357139/357139 frac -385 to 0 fo -44561 frame 593862

[2023-08-08 09:04:14.722] 接收<- cmdtype 7 isSuc 0 cc 0x0 subf 5

[2023-08-08 09:04:14.835] 接收<- wcmd2c w 2 r 1 type 13 cc 0x0 idx 0 subf 2
track succ pre 0x1 rssi -21 cur 19.50 last 20.42 ratio 357140/357140 frac -385 to 0 fo 0 frame 593863
cmdtype 7 isSuc 0 cc 0x0 subf 5

[2023-08-08 09:04:14.948] 接收<- wcmd2c w 3 r 2 type 13 cc 0x0 idx 0 subf 2
track succ pre 0x1 rssi -21 cur 20.25 last 20.40 ratio 357141/357141 frac -384 to 0 fo 44561 frame 593864
cmdtype 7 isSuc 0 cc 0x0 subf 5

[2023-08-08 09:04:15.060] 接收<- wcmd2c w 4 r 3 type 13 cc 0x0 idx 0 subf 2
track succ pre 0x1 rssi -21 cur 20.25 last 20.39 ratio 357142/357142 frac -384 to 0 fo 0 frame 593865
cmdtype 7 isSuc 0 cc 0x0 subf 5

[2023-08-08 09:04:15.273] 接收<- wcmd2c w 5 r 4 type 13 cc 0x0 idx 0 subf 2
track succ pre 0x1 rssi -21 cur 20.25 last 20.37 ratio 357143/357143 frac -384 to 0 fo 0 frame 593866
cmdtype 7 isSuc 0 cc 0x0 subf 5

[2023-08-08 09:04:15.386] 接收<- wcmd2c w 6 r 5 type 13 cc 0x0 idx 0 subf 2
track succ pre 0x1 rssi -21 cur 20.25 last 20.36 ratio 357144/357144 frac -385 to 0 fo -44561 frame 593867
cmdtype 7 isSuc 0 cc 0x0 subf 5

[2023-08-08 09:04:15.534] 接收<- wcmd2c w 7 r 6 type 13 cc 0x0 idx 0 subf 2
track succ pre 0x9 rssi -21 cur 24.75 last 20.80 ratio 357145/357145 frac -385 to 0 fo 0 frame 593868
cmdtype 7 isSuc 0 cc 0x0 subf 5
wcmd2c w 0 r 7 type 2 cc 0x0 idx 0 subf 6
cmdtype 2 isSuc 1 cc 0x0 subf 9

[2023-08-08 09:04:15.648] 接收<- wcmd2c w 1 r 0 type 13 cc 0x0 idx 0 subf 2
track succ pre 0x1 rssi -21 cur 20.25 last 20.74 ratio 357146/357146 frac -385 to 0 fo -44561 frame 593869
cmdtype 7 isSuc 0 cc 0x0 subf 5

[2023-08-08 09:04:15.770] 接收<- frame_head_dfe 592832379
wcmd2c w 2 r 1 type 13 cc 0x0 idx 0 subf 2
track succ pre 0x1 rssi -21 cur 19.25 last 20.59 ratio 357147/357147 frac -385 to 0 fo 0 frame 593870

[2023-08-08 09:04:15.883] 接收<- cmdtype 7 isSuc 0 cc 0x0 subf 5

[2023-08-08 09:04:15.996] 接收<- wcmd2c w 3 r 2 type 13 cc 0x0 idx 0 subf 2
track succ pre 0x1 rssi -21 cur 20.25 last 20.56 ratio 357148/357148 frac -386 to 0 fo -44561 frame 593871
cmdtype 7 isSuc 0 cc 0x0 subf 5

[2023-08-08 09:04:16.109] 接收<- wcmd2c w 4 r 3 type 13 cc 0x0 idx 0 subf 2
track succ pre 0x1 rssi -21 cur 20.25 last 20.53 ratio 357149/357149 frac -386 to 0 fo -44561 frame 593872
cmdtype 7 isSuc 0 cc 0x0 subf 5

[2023-08-08 09:04:16.236] 接收<- wcmd2c w 5 r 4 type 13 cc 0x0 idx 0 subf 2
track succ pre 0x1 rssi -21 cur 20.25 last 20.50 ratio 357150/357150 frac -386 to 0 fo 0 frame 593873
cmdtype 7 isSuc 0 cc 0x0 subf 5

[2023-08-08 09:04:16.378] 接收<- wcmd2c w 6 r 5 type 13 cc 0x0 idx 0 subf 2
track succ pre 0x1 rssi -21 cur 20.0 last 20.45 ratio 357151/357151 frac -386 to 0 fo 0 frame 593874
cmdtype 7 isSuc 0 cc 0x0 subf 5

[2023-08-08 09:04:16.593] 接收<- wcmd2c w 7 r 6 type 13 cc 0x0 idx 0 subf 2
track succ pre 0x1 rssi -21 cur 19.50 last 20.35 ratio 357152/357152 frac -386 to 0 fo 0 frame 593875
cmdtype 7 isSuc 0 cc 0x0 subf 5

[2023-08-08 09:04:16.706] 接收<- wcmd2c w 0 r 7 type 13 cc 0x0 idx 0 subf 2
track succ pre 0x1 rssi -21 cur 20.0 last 20.32 ratio 357153/357153 frac -386 to 0 fo 0 frame 593876
cmdtype 7 isSuc 0 cc 0x0 subf 5

[2023-08-08 09:04:16.819] 接收<- wcmd2c w 1 r 0 type 13 cc 0x0 idx 0 subf 2
track succ pre 0x1 rssi -21 cur 20.0 last 20.29 ratio 357154/357154 frac -386 to 0 fo 0 frame 593877
cmdtype 7 isSuc 0 cc 0x0 subf 5

[2023-08-08 09:04:16.942] 接收<- frame_head_dfe 594000121
wcmd2c w 2 r 1 type 13 cc 0x0 idx 0 subf 2
track succ pre 0x1 rssi -21 cur 19.50 last 20.21 ratio 357155/357155 frac -386 to 1 fo 0 frame 593878

[2023-08-08 09:04:17.054] 接收<- cmdtype 7 isSuc 0 cc 0x0 subf 5

[2023-08-08 09:04:17.166] 接收<- wcmd2c w 3 r 2 type 13 cc 0x0 idx 0 subf 2
track succ pre 0x9 rssi -21 cur 25.50 last 20.74 ratio 357156/357156 frac -386 to 0 fo 0 frame 593879
cmdtype 7 isSuc 0 cc 0x0 subf 5
wcmd2c w 4 r 3 type 2 cc 0x0 idx 0 subf 6
cmdtype 2 isSuc 1 cc 0x0 subf 9

[2023-08-08 09:04:17.278] 接收<- wcmd2c w 5 r 4 type 13 cc 0x0 idx 0 subf 2
track succ pre 0x1 rssi -21 cur 19.25 last 20.59 ratio 357157/357157 frac -386 to 1 fo 0 frame 593880
cmdtype 7 isSuc 0 cc 0x0 subf 5

[2023-08-08 09:04:17.407] 接收<- wcmd2c w 6 r 5 type 13 cc 0x0 idx 0 subf 2
track succ pre 0x1 rssi -21 cur 19.75 last 20.50 ratio 357158/357158 frac -386 to 0 fo 0 frame 593881
cmdtype 7 isSuc 0 cc 0x0 subf 5

[2023-08-08 09:04:17.520] 接收<- wcmd2c w 7 r 6 type 13 cc 0x0 idx 0 subf 2
track succ pre 0x1 rssi -21 cur 19.25 last 20.38 ratio 357159/357159 frac -387 to 1 fo -44561 frame 593882

[2023-08-08 09:04:17.632] 接收<- cmdtype 7 isSuc 0 cc 0x0 subf 5

[2023-08-08 09:04:17.745] 接收<- wcmd2c w 0 r 7 type 13 cc 0x0 idx 0 subf 2
track succ pre 0x1 rssi -21 cur 19.75 last 20.31 ratio 357160/357160 frac -386 to 0 fo 44561 frame 593883
cmdtype 7 isSuc 0 cc 0x0 subf 5

[2023-08-08 09:04:17.858] 接收<- wcmd2c w 1 r 0 type 13 cc 0x0 idx 0 subf 2
track succ pre 0x1 rssi -21 cur 19.50 last 20.23 ratio 357161/357161 frac -386 to 1 fo 0 frame 593884
cmdtype 7 isSuc 0 cc 0x0 subf 5

[2023-08-08 09:04:17.982] 接收<- wcmd2c w 2 r 1 type 13 cc 0x0 idx 0 subf 2
track succ pre 0x1 rssi -21 cur 20.0 last 20.21 ratio 357162/357162 frac -386 to 0 fo 44561 frame 593885
cmdtype 7 isSuc 0 cc 0x0 subf 5

[2023-08-08 09:04:18.196] 接收<- wcmd2c w 3 r 2 type 13 cc 0x0 idx 0 subf 2
track succ pre 0x1 rssi -21 cur 20.25 last 20.21 ratio 357163/357163 frac -385 to 0 fo 44561 frame 593886
cmdtype 7 isSuc 0 cc 0x0 subf 5

[2023-08-08 09:04:18.309] 接收<- wcmd2c w 4 r 3 type 13 cc 0x0 idx 0 subf 2
track succ pre 0x1 rssi -21 cur 19.50 last 20.14 ratio 357164/357164 frac -385 to 0 fo 0 frame 593887
cmdtype 7 isSuc 0 cc 0x0 subf 5

[2023-08-08 09:04:18.422] 接收<- wcmd2c w 5 r 4 type 13 cc 0x0 idx 0 subf 2
track succ pre 0x1 rssi -21 cur 20.50 last 20.18 ratio 357165/357165 frac -385 to 0 fo 44561 frame 593888
cmdtype 7 isSuc 0 cc 0x0 subf 5

[2023-08-08 09:04:18.637] 接收<- wcmd2c w 6 r 5 type 13 cc 0x0 idx 0 subf 2
track succ pre 0x1 rssi -21 cur 20.25 last 20.18 ratio 357166/357166 frac -385 to 0 fo 0 frame 593889
cmdtype 7 isSuc 0 cc 0x0 subf 5

[2023-08-08 09:04:18.749] 接收<- wcmd2c w 7 r 6 type 13 cc 0x0 idx 0 subf 2
track succ pre 0x9 rssi -21 cur 25.75 last 20.74 ratio 357167/357167 frac -385 to 0 fo 0 frame 593890
cmdtype 7 isSuc 0 cc 0x0 subf 5
wcmd2c w 0 r 7 type 2 cc 0x0 idx 0 subf 6
cmdtype 2 isSuc 1 cc 0x0 subf 9

[2023-08-08 09:04:18.862] 接收<- wcmd2c w 1 r 0 type 13 cc 0x0 idx 0 subf 2
track succ pre 0x1 rssi -21 cur 20.25 last 20.69 ratio 357168/357168 frac -385 to 0 fo -44561 frame 593891
cmdtype 7 isSuc 0 cc 0x0 subf 5

[2023-08-08 09:04:18.988] 接收<- wcmd2c w 2 r 1 type 13 cc 0x0 idx 0 subf 2
track succ pre 0x1 rssi -21 cur 20.0 last 20.62 ratio 357169/357169 frac -385 to 0 fo 0 frame 593892

[2023-08-08 09:04:19.102] 接收<- cmdtype 7 isSuc 0 cc 0x0 subf 5

[2023-08-08 09:04:19.217] 接收<- wcmd2c w 3 r 2 type 13 cc 0x0 idx 0 subf 2
track succ pre 0x1 rssi -21 cur 20.25 last 20.58 ratio 357170/357170 frac -385 to 0 fo 0 frame 593893
cmdtype 7 isSuc 0 cc 0x0 subf 5

[2023-08-08 09:04:19.330] 接收<- wcmd2c w 4 r 3 type 13 cc 0x0 idx 0 subf 2
track succ pre 0x1 rssi -21 cur 20.25 last 20.55 ratio 357171/357171 frac -386 to 0 fo -44561 frame 593894
cmdtype 7 isSuc 0 cc 0x0 subf 5

[2023-08-08 09:04:19.443] 接收<- wcmd2c w 5 r 4 type 13 cc 0x0 idx 0 subf 2
track succ pre 0x1 rssi -21 cur 20.25 last 20.52 ratio 357172/357172 frac -385 to 0 fo 44561 frame 593895
cmdtype 7 isSuc 0 cc 0x0 subf 5

[2023-08-08 09:04:19.657] 接收<- wcmd2c w 6 r 5 type 13 cc 0x0 idx 0 subf 2
track succ pre 0x1 rssi -21 cur 20.25 last 20.49 ratio 357173/357173 frac -385 to 0 fo 0 frame 593896
cmdtype 7 isSuc 0 cc 0x0 subf 5

[2023-08-08 09:04:19.769] 接收<- wcmd2c w 7 r 6 type 13 cc 0x0 idx 0 subf 2
track succ pre 0x1 rssi -21 cur 19.75 last 20.42 ratio 357174/357174 frac -385 to 0 fo 0 frame 593897
cmdtype 7 isSuc 0 cc 0x0 subf 5

[2023-08-08 09:04:19.882] 接收<- wcmd2c w 0 r 7 type 13 cc 0x0 idx 0 subf 2
track succ pre 0x1 rssi -21 cur 20.0 last 20.37 ratio 357175/357175 frac -386 to 0 fo -89122 frame 593898
cmdtype 7 isSuc 0 cc 0x0 subf 5

[2023-08-08 09:04:20.096] 接收<- wcmd2c w 1 r 0 type 13 cc 0x0 idx 0 subf 2
track succ pre 0x1 rssi -21 cur 19.75 last 20.31 ratio 357176/357176 frac -386 to 0 fo 0 frame 593899
cmdtype 7 isSuc 0 cc 0x0 subf 5

[2023-08-08 09:04:20.210] 接收<- wcmd2c w 2 r 1 type 13 cc 0x0 idx 0 subf 2
track succ pre 0x1 rssi -21 cur 20.0 last 20.28 ratio 357177/357177 frac -386 to 0 fo 0 frame 593900
cmdtype 7 isSuc 0 cc 0x0 subf 5

[2023-08-08 09:04:20.324] 接收<- wcmd2c w 3 r 2 type 13 cc 0x0 idx 0 subf 2
track succ pre 0x9 rssi -21 cur 25.25 last 20.78 ratio 357178/357178 frac -386 to 0 fo 0 frame 593901
cmdtype 7 isSuc 0 cc 0x0 subf 5
wcmd2c w 4 r 3 type 2 cc 0x0 idx 0 subf 6

[2023-08-08 09:04:20.442] 接收<- cmdtype 2 isSuc 1 cc 0x0 subf 9
wcmd2c w 5 r 4 type 13 cc 0x0 idx 0 subf 2
track succ pre 0x1 rssi -21 cur 19.75 last 20.67 ratio 357179/357179 frac -386 to 0 fo 0 frame 593902

[2023-08-08 09:04:20.556] 接收<- cmdtype 7 isSuc 0 cc 0x0 subf 5

[2023-08-08 09:04:20.669] 接收<- wcmd2c w 6 r 5 type 13 cc 0x0 idx 0 subf 2
track succ pre 0x1 rssi -21 cur 19.50 last 20.56 ratio 357180/357180 frac -386 to 1 fo 0 frame 593903
cmdtype 7 isSuc 0 cc 0x0 subf 5

[2023-08-08 09:04:20.782] 接收<- wcmd2c w 7 r 6 type 13 cc 0x0 idx 0 subf 2
track succ pre 0x1 rssi -21 cur 19.50 last 20.45 ratio 357181/357181 frac -386 to 0 fo 0 frame 593904
cmdtype 7 isSuc 0 cc 0x0 subf 5

[2023-08-08 09:04:20.911] 接收<- wcmd2c w 0 r 7 type 13 cc 0x0 idx 0 subf 2
track succ pre 0x1 rssi -21 cur 20.50 last 20.45 ratio 357182/357182 frac -386 to 0 fo 44561 frame 593905
cmdtype 7 isSuc 0 cc 0x0 subf 5

[2023-08-08 09:04:21.024] 接收<- frame_head_dfe 598087223
wcmd2c w 1 r 0 type 13 cc 0x0 idx 0 subf 2
track succ pre 0x1 rssi -21 cur 20.25 last 20.43 ratio 357183/357183 frac -385 to 0 fo 44561 frame 593906

[2023-08-08 09:04:21.137] 接收<- cmdtype 7 isSuc 0 cc 0x0 subf 5

[2023-08-08 09:04:21.249] 接收<- wcmd2c w 2 r 1 type 13 cc 0x0 idx 0 subf 2
track succ pre 0x1 rssi -21 cur 19.50 last 20.34 ratio 357184/357184 frac -385 to 1 fo 0 frame 593907
cmdtype 7 isSuc 0 cc 0x0 subf 5

[2023-08-08 09:04:21.362] 接收<- wcmd2c w 3 r 2 type 13 cc 0x0 idx 0 subf 2
track succ pre 0x1 rssi -21 cur 19.75 last 20.28 ratio 357185/357185 frac -385 to 0 fo 0 frame 593908
cmdtype 7 isSuc 0 cc 0x0 subf 5

[2023-08-08 09:04:21.485] 接收<- wcmd2c w 4 r 3 type 13 cc 0x0 idx 0 subf 2
track succ pre 0x1 rssi -21 cur 20.0 last 20.25 ratio 357186/357186 frac -386 to 0 fo -44561 frame 593909
cmdtype 7 isSuc 0 cc 0x0 subf 5

[2023-08-08 09:04:21.700] 接收<- wcmd2c w 5 r 4 type 13 cc 0x0 idx 0 subf 2
track succ pre 0x1 rssi -21 cur 20.50 last 20.28 ratio 357187/357187 frac -386 to 0 fo 0 frame 593910
cmdtype 7 isSuc 0 cc 0x0 subf 5

[2023-08-08 09:04:21.813] 接收<- wcmd2c w 6 r 5 type 13 cc 0x0 idx 0 subf 2
track succ pre 0x1 rssi -21 cur 20.50 last 20.30 ratio 357188/357188 frac -386 to 0 fo -44561 frame 593911
cmdtype 7 isSuc 0 cc 0x0 subf 5

[2023-08-08 09:04:21.937] 接收<- wcmd2c w 7 r 6 type 13 cc 0x0 idx 0 subf 2
track succ pre 0x9 rssi -21 cur 26.25 last 20.89 ratio 357189/357189 frac -386 to 0 fo 0 frame 593912
cmdtype 7 isSuc 0 cc 0x0 subf 5
wcmd2c w 0 r 7 type 2 cc 0x0 idx 0 subf 6

[2023-08-08 09:04:22.052] 接收<- cmdtype 2 isSuc 1 cc 0x0 subf 9
wcmd2c w 1 r 0 type 13 cc 0x0 idx 0 subf 2
track succ pre 0x1 rssi -21 cur 20.25 last 20.83 ratio 357190/357190 frac -386 to 0 fo 0 frame 593913

[2023-08-08 09:04:22.174] 接收<- cmdtype 7 isSuc 0 cc 0x0 subf 5
frame_head_dfe 599254967

[2023-08-08 09:04:22.286] 接收<- wcmd2c w 2 r 1 type 13 cc 0x0 idx 0 subf 2
track succ pre 0x1 rssi -21 cur 20.0 last 20.74 ratio 357191/357191 frac -387 to 0 fo -44561 frame 593914
cmdtype 7 isSuc 0 cc 0x0 subf 5

[2023-08-08 09:04:22.399] 接收<- wcmd2c w 3 r 2 type 13 cc 0x0 idx 0 subf 2
track succ pre 0x1 rssi -21 cur 20.25 last 20.69 ratio 357192/357192 frac -386 to 0 fo 44561 frame 593915
cmdtype 7 isSuc 0 cc 0x0 subf 5

[2023-08-08 09:04:22.510] 接收<- wcmd2c w 4 r 3 type 13 cc 0x0 idx 0 subf 2
track succ pre 0x1 rssi -21 cur 19.50 last 20.57 ratio 357193/357193 frac -386 to 0 fo 0 frame 593916
cmdtype 7 isSuc 0 cc 0x0 subf 5

[2023-08-08 09:04:22.723] 接收<- wcmd2c w 5 r 4 type 13 cc 0x0 idx 0 subf 2
track succ pre 0x1 rssi -21 cur 20.25 last 20.54 ratio 357194/357194 frac -386 to 0 fo 0 frame 593917
cmdtype 7 isSuc 0 cc 0x0 subf 5

[2023-08-08 09:04:22.836] 接收<- wcmd2c w 6 r 5 type 13 cc 0x0 idx 0 subf 2
track succ pre 0x1 rssi -21 cur 20.25 last 20.51 ratio 357195/357195 frac -386 to 0 fo 0 frame 593918
cmdtype 7 isSuc 0 cc 0x0 subf 5

[2023-08-08 09:04:22.949] 接收<- wcmd2c w 7 r 6 type 13 cc 0x0 idx 0 subf 2
track succ pre 0x1 rssi -21 cur 20.25 last 20.49 ratio 357196/357196 frac -386 to 0 fo 44561 frame 593919
cmdtype 7 isSuc 0 cc 0x0 subf 5

[2023-08-08 09:04:23.091] 接收<- wcmd2c w 0 r 7 type 13 cc 0x0 idx 0 subf 2
track succ pre 0x1 rssi -21 cur 20.0 last 20.44 ratio 357197/357197 frac -386 to 0 fo 0 frame 593920
cmdtype 7 isSuc 0 cc 0x0 subf 5

[2023-08-08 09:04:23.304] 接收<- wcmd2c w 1 r 0 type 13 cc 0x0 idx 0 subf 2
track succ pre 0x1 rssi -21 cur 19.50 last 20.34 ratio 357198/357198 frac -386 to 0 fo 0 frame 593921
cmdtype 7 isSuc 0 cc 0x0 subf 5

[2023-08-08 09:04:23.417] 接收<- frame_head_dfe 600422711
wcmd2c w 2 r 1 type 13 cc 0x0 idx 0 subf 2
track succ pre 0x1 rssi -21 cur 20.25 last 20.33 ratio 357199/357199 frac -385 to 0 fo 44561 frame 593922
cmdtype 7 isSuc 0 cc 0x0 subf 5

[2023-08-08 09:04:23.544] 接收<- wcmd2c w 3 r 2 type 13 cc 0x0 idx 0 subf 2
track succ pre 0x9 rssi -21 cur 25.50 last 20.85 ratio 357200/357200 frac -385 to 0 fo 0 frame 593923
cmdtype 7 isSuc 0 cc 0x0 subf 5
wcmd2c w 4 r 3 type 2 cc 0x0 idx 0 subf 6

[2023-08-08 09:04:23.671] 接收<- cmdtype 2 isSuc 1 cc 0x0 subf 9
wcmd2c w 5 r 4 type 13 cc 0x0 idx 0 subf 2
track succ pre 0x1 rssi -21 cur 19.75 last 20.74 ratio 357201/357201 frac -385 to 0 fo 0 frame 593924
cmdtype 7 isSuc 0 cc 0x0 subf 5

[2023-08-08 09:04:23.886] 接收<- wcmd2c w 6 r 5 type 13 cc 0x0 idx 0 subf 2
track succ pre 0x1 rssi -21 cur 20.0 last 20.66 ratio 357202/357202 frac -385 to 0 fo 0 frame 593925
cmdtype 7 isSuc 0 cc 0x0 subf 5

[2023-08-08 09:04:23.999] 接收<- wcmd2c w 7 r 6 type 13 cc 0x0 idx 0 subf 2
track succ pre 0x1 rssi -21 cur 19.50 last 20.55 ratio 357203/357203 frac -386 to 0 fo -44561 frame 593926
cmdtype 7 isSuc 0 cc 0x0 subf 5

[2023-08-08 09:04:24.113] 接收<- wcmd2c w 0 r 7 type 13 cc 0x0 idx 0 subf 2
track succ pre 0x1 rssi -21 cur 19.75 last 20.47 ratio 357204/357204 frac -386 to 0 fo 0 frame 593927
cmdtype 7 isSuc 0 cc 0x0 subf 5

[2023-08-08 09:04:24.326] 接收<- wcmd2c w 1 r 0 type 13 cc 0x0 idx 0 subf 2
track succ pre 0x1 rssi -21 cur 19.50 last 20.37 ratio 357205/357205 frac -386 to 1 fo 0 frame 593928
cmdtype 7 isSuc 0 cc 0x0 subf 5

[2023-08-08 09:04:24.438] 接收<- wcmd2c w 2 r 1 type 13 cc 0x0 idx 0 subf 2
track succ pre 0x1 rssi -21 cur 20.0 last 20.33 ratio 357206/357206 frac -386 to 0 fo 0 frame 593929
cmdtype 7 isSuc 0 cc 0x0 subf 5

[2023-08-08 09:04:24.551] 接收<- wcmd2c w 3 r 2 type 13 cc 0x0 idx 0 subf 2
track succ pre 0x1 rssi -21 cur 19.50 last 20.25 ratio 357207/357207 frac -386 to 1 fo -44561 frame 593930
cmdtype 7 isSuc 0 cc 0x0 subf 5

[2023-08-08 09:04:24.765] 接收<- wcmd2c w 4 r 3 type 13 cc 0x0 idx 0 subf 2
track succ pre 0x1 rssi -21 cur 19.50 last 20.17 ratio 357208/357208 frac -386 to 0 fo 0 frame 593931
cmdtype 7 isSuc 0 cc 0x0 subf 5

[2023-08-08 09:04:24.877] 接收<- wcmd2c w 5 r 4 type 13 cc 0x0 idx 0 subf 2
track succ pre 0x1 rssi -21 cur 19.50 last 20.11 ratio 357209/357209 frac -386 to 1 fo 44561 frame 593932
cmdtype 7 isSuc 0 cc 0x0 subf 5

[2023-08-08 09:04:24.989] 接收<- wcmd2c w 6 r 5 type 13 cc 0x0 idx 0 subf 2
track succ pre 0x1 rssi -21 cur 19.50 last 20.4 ratio 357210/357210 frac -385 to 0 fo 44561 frame 593933
cmdtype 7 isSuc 0 cc 0x0 subf 5

[2023-08-08 09:04:25.204] 接收<- wcmd2c w 7 r 6 type 13 cc 0x0 idx 0 subf 2
track succ pre 0x9 rssi -21 cur 26.25 last 20.66 ratio 357211/357211 frac -385 to 0 fo 0 frame 593934
cmdtype 7 isSuc 0 cc 0x0 subf 5
wcmd2c w 0 r 7 type 2 cc 0x0 idx 0 subf 6
cmdtype 2 isSuc 1 cc 0x0 subf 9

[2023-08-08 09:04:25.317] 接收<- wcmd2c w 1 r 0 type 13 cc 0x0 idx 0 subf 2
track succ pre 0x1 rssi -21 cur 20.50 last 20.65 ratio 357212/357212 frac -385 to 0 fo 44561 frame 593935
cmdtype 7 isSuc 0 cc 0x0 subf 5

[2023-08-08 09:04:25.429] 接收<- wcmd2c w 2 r 1 type 13 cc 0x0 idx 0 subf 2
track succ pre 0x1 rssi -21 cur 20.25 last 20.61 ratio 357213/357213 frac -384 to 0 fo 89122 frame 593936
cmdtype 7 isSuc 0 cc 0x0 subf 5

[2023-08-08 09:04:25.642] 接收<- wcmd2c w 3 r 2 type 13 cc 0x0 idx 0 subf 2
track succ pre 0x1 rssi -21 cur 20.50 last 20.60 ratio 357214/357214 frac -384 to 0 fo 0 frame 593937
cmdtype 7 isSuc 0 cc 0x0 subf 5

[2023-08-08 09:04:25.755] 接收<- wcmd2c w 4 r 3 type 13 cc 0x0 idx 0 subf 2
track succ pre 0x1 rssi -21 cur 19.50 last 20.49 ratio 357215/357215 frac -384 to 0 fo 0 frame 593938
cmdtype 7 isSuc 0 cc 0x0 subf 5

[2023-08-08 09:04:25.867] 接收<- wcmd2c w 5 r 4 type 13 cc 0x0 idx 0 subf 2
track succ pre 0x1 rssi -21 cur 20.50 last 20.49 ratio 357216/357216 frac -384 to 0 fo 0 frame 593939
cmdtype 7 isSuc 0 cc 0x0 subf 5

[2023-08-08 09:04:26.079] 接收<- wcmd2c w 6 r 5 type 13 cc 0x0 idx 0 subf 2
track succ pre 0x1 rssi -21 cur 20.25 last 20.46 ratio 357217/357217 frac -384 to 0 fo 0 frame 593940
cmdtype 7 isSuc 0 cc 0x0 subf 5

[2023-08-08 09:04:26.193] 接收<- wcmd2c w 7 r 6 type 13 cc 0x0 idx 0 subf 2
track succ pre 0x1 rssi -21 cur 20.25 last 20.44 ratio 357218/357218 frac -385 to 0 fo -89122 frame 593941
cmdtype 7 isSuc 0 cc 0x0 subf 5

[2023-08-08 09:04:26.305] 接收<- wcmd2c w 0 r 7 type 13 cc 0x0 idx 0 subf 2
track succ pre 0x1 rssi -21 cur 20.50 last 20.45 ratio 357219/357219 frac -385 to 0 fo -44561 frame 593942
cmdtype 7 isSuc 0 cc 0x0 subf 5

[2023-08-08 09:04:26.518] 接收<- wcmd2c w 1 r 0 type 13 cc 0x0 idx 0 subf 2
track succ pre 0x1 rssi -21 cur 19.50 last 20.35 ratio 357220/357220 frac -385 to 0 fo 0 frame 593943
cmdtype 7 isSuc 0 cc 0x0 subf 5

[2023-08-08 09:04:26.630] 接收<- wcmd2c w 2 r 1 type 13 cc 0x0 idx 0 subf 2
track succ pre 0x1 rssi -21 cur 20.25 last 20.34 ratio 357221/357221 frac -385 to 0 fo 44561 frame 593944
cmdtype 7 isSuc 0 cc 0x0 subf 5

[2023-08-08 09:04:26.748] 接收<- wcmd2c w 3 r 2 type 13 cc 0x0 idx 0 subf 2
track succ pre 0x9 rssi -21 cur 25.25 last 20.83 ratio 357222/357222 frac -385 to 0 fo 0 frame 593945
cmdtype 7 isSuc 0 cc 0x0 subf 5
wcmd2c w 4 r 3 type 2 cc 0x0 idx 0 subf 6

[2023-08-08 09:04:26.861] 接收<- cmdtype 2 isSuc 1 cc 0x0 subf 9
wcmd2c w 5 r 4 type 13 cc 0x0 idx 0 subf 2
track succ pre 0x1 rssi -21 cur 20.25 last 20.77 ratio 357223/357223 frac -384 to 0 fo 44561 frame 593946

[2023-08-08 09:04:26.974] 接收<- cmdtype 7 isSuc 0 cc 0x0 subf 5

[2023-08-08 09:04:27.086] 接收<- wcmd2c w 6 r 5 type 13 cc 0x0 idx 0 subf 2
track succ pre 0x1 rssi -21 cur 20.25 last 20.72 ratio 357224/357224 frac -384 to 0 fo 0 frame 593947
cmdtype 7 isSuc 0 cc 0x0 subf 5

[2023-08-08 09:04:27.199] 接收<- wcmd2c w 7 r 6 type 13 cc 0x0 idx 0 subf 2
track succ pre 0x1 rssi -21 cur 19.25 last 20.57 ratio 357225/357225 frac -385 to 0 fo -44561 frame 593948
cmdtype 7 isSuc 0 cc 0x0 subf 5

[2023-08-08 09:04:27.326] 接收<- wcmd2c w 0 r 7 type 13 cc 0x0 idx 0 subf 2
track succ pre 0x1 rssi -21 cur 20.0 last 20.51 ratio 357226/357226 frac -385 to 0 fo 0 frame 593949
cmdtype 7 isSuc 0 cc 0x0 subf 5

[2023-08-08 09:04:27.451] 接收<- frame_head_dfe 604509813
wcmd2c w 1 r 0 type 13 cc 0x0 idx 0 subf 2
track succ pre 0x1 rssi -21 cur 19.75 last 20.44 ratio 357227/357227 frac -385 to 0 fo 0 frame 593950

[2023-08-08 09:04:27.563] 接收<- cmdtype 7 isSuc 0 cc 0x0 subf 5

[2023-08-08 09:04:27.675] 接收<- wcmd2c w 2 r 1 type 13 cc 0x0 idx 0 subf 2
track succ pre 0x1 rssi -21 cur 20.25 last 20.42 ratio 357228/357228 frac -385 to 0 fo 0 frame 593951
cmdtype 7 isSuc 0 cc 0x0 subf 5

[2023-08-08 09:04:27.789] 接收<- wcmd2c w 3 r 2 type 13 cc 0x0 idx 0 subf 2
track succ pre 0x1 rssi -21 cur 20.0 last 20.38 ratio 357229/357229 frac -385 to 0 fo 0 frame 593952
cmdtype 7 isSuc 0 cc 0x0 subf 5

[2023-08-08 09:04:27.907] 接收<- wcmd2c w 4 r 3 type 13 cc 0x0 idx 0 subf 2
track succ pre 0x1 rssi -21 cur 19.75 last 20.31 ratio 357230/357230 frac -385 to 1 fo 0 frame 593953
cmdtype 7 isSuc 0 cc 0x0 subf 5

[2023-08-08 09:04:28.121] 接收<- wcmd2c w 5 r 4 type 13 cc 0x0 idx 0 subf 2
track succ pre 0x1 rssi -21 cur 19.75 last 20.26 ratio 357231/357231 frac -384 to 0 fo 44561 frame 593954
cmdtype 7 isSuc 0 cc 0x0 subf 5

[2023-08-08 09:04:28.233] 接收<- wcmd2c w 6 r 5 type 13 cc 0x0 idx 0 subf 2
track succ pre 0x1 rssi -21 cur 19.0 last 20.13 ratio 357232/357232 frac -384 to 1 fo 0 frame 593955
cmdtype 7 isSuc 0 cc 0x0 subf 5

[2023-08-08 09:04:28.378] 接收<- wcmd2c w 7 r 6 type 13 cc 0x0 idx 0 subf 2
track succ pre 0x9 rssi -21 cur 25.0 last 20.62 ratio 357233/357233 frac -384 to 0 fo 44561 frame 593956
cmdtype 7 isSuc 0 cc 0x0 subf 5
wcmd2c w 0 r 7 type 2 cc 0x0 idx 0 subf 6
cmdtype 2 isSuc 1 cc 0x0 subf 9

[2023-08-08 09:04:28.493] 接收<- wcmd2c w 1 r 0 type 13 cc 0x0 idx 0 subf 2
track succ pre 0x1 rssi -21 cur 19.50 last 20.50 ratio 357234/357234 frac -384 to 1 fo 44561 frame 593957
cmdtype 7 isSuc 0 cc 0x0 subf 5

[2023-08-08 09:04:28.641] 接收<- frame_head_dfe 605677557
wcmd2c w 2 r 1 type 13 cc 0x0 idx 0 subf 2
track succ pre 0x1 rssi -21 cur 20.0 last 20.45 ratio 357235/357235 frac -384 to 0 fo 0 frame 593958
cmdtype 7 isSuc 0 cc 0x0 subf 5

[2023-08-08 09:04:28.854] 接收<- wcmd2c w 3 r 2 type 13 cc 0x0 idx 0 subf 2
track succ pre 0x1 rssi -21 cur 20.50 last 20.46 ratio 357236/357236 frac -384 to 0 fo 0 frame 593959
cmdtype 7 isSuc 0 cc 0x0 subf 5

[2023-08-08 09:04:28.967] 接收<- wcmd2c w 4 r 3 type 13 cc 0x0 idx 0 subf 2
track succ pre 0x1 rssi -21 cur 19.75 last 20.39 ratio 357237/357237 frac -384 to 0 fo -44561 frame 593960
cmdtype 7 isSuc 0 cc 0x0 subf 5

[2023-08-08 09:04:29.081] 接收<- wcmd2c w 5 r 4 type 13 cc 0x0 idx 0 subf 2
track succ pre 0x1 rssi -21 cur 20.50 last 20.40 ratio 357238/357238 frac -384 to 0 fo 0 frame 593961
cmdtype 7 isSuc 0 cc 0x0 subf 5

[2023-08-08 09:04:29.222] 接收<- wcmd2c w 6 r 5 type 13 cc 0x0 idx 0 subf 2
track succ pre 0x1 rssi -21 cur 20.25 last 20.38 ratio 357239/357239 frac -384 to 0 fo -44561 frame 593962
cmdtype 7 isSuc 0 cc 0x0 subf 5

[2023-08-08 09:04:29.435] 接收<- wcmd2c w 7 r 6 type 13 cc 0x0 idx 0 subf 2
track succ pre 0x1 rssi -21 cur 20.25 last 20.37 ratio 357240/357240 frac -384 to 0 fo 44561 frame 593963
cmdtype 7 isSuc 0 cc 0x0 subf 5

[2023-08-08 09:04:29.549] 接收<- wcmd2c w 0 r 7 type 13 cc 0x0 idx 0 subf 2
track succ pre 0x1 rssi -21 cur 20.25 last 20.36 ratio 357241/357241 frac -384 to 0 fo 0 frame 593964
cmdtype 7 isSuc 0 cc 0x0 subf 5

[2023-08-08 09:04:29.666] 接收<- wcmd2c w 1 r 0 type 13 cc 0x0 idx 0 subf 2
track succ pre 0x1 rssi -21 cur 19.50 last 20.27 ratio 357242/357242 frac -384 to 0 fo -44561 frame 593965
cmdtype 7 isSuc 0 cc 0x0 subf 5

[2023-08-08 09:04:29.786] 接收<- wcmd2c w 2 r 1 type 13 cc 0x0 idx 0 subf 2
track succ pre 0x1 rssi -21 cur 20.25 last 20.27 ratio 357243/357243 frac -384 to 0 fo 0 frame 593966

[2023-08-08 09:04:29.898] 接收<- cmdtype 7 isSuc 0 cc 0x0 subf 5

[2023-08-08 09:04:30.011] 接收<- wcmd2c w 3 r 2 type 13 cc 0x0 idx 0 subf 2
track succ pre 0x9 rssi -21 cur 25.50 last 20.79 ratio 357244/357244 frac -384 to 0 fo 0 frame 593967
cmdtype 7 isSuc 0 cc 0x0 subf 5
wcmd2c w 4 r 3 type 2 cc 0x0 idx 0 subf 6
cmdtype 2 isSuc 1 cc 0x0 subf 9

[2023-08-08 09:04:30.125] 接收<- wcmd2c w 5 r 4 type 13 cc 0x0 idx 0 subf 2
track succ pre 0x1 rssi -21 cur 20.25 last 20.74 ratio 357245/357245 frac -385 to 0 fo -44561 frame 593968
cmdtype 7 isSuc 0 cc 0x0 subf 5

[2023-08-08 09:04:30.242] 接收<- wcmd2c w 6 r 5 type 13 cc 0x0 idx 0 subf 2
track succ pre 0x1 rssi -21 cur 20.25 last 20.69 ratio 357246/357246 frac -385 to 0 fo 0 frame 593969
cmdtype 7 isSuc 0 cc 0x0 subf 5

[2023-08-08 09:04:30.455] 接收<- wcmd2c w 7 r 6 type 13 cc 0x0 idx 0 subf 2
track succ pre 0x1 rssi -21 cur 19.75 last 20.59 ratio 357247/357247 frac -385 to 0 fo 0 frame 593970
cmdtype 7 isSuc 0 cc 0x0 subf 5

