[2023-08-07 18:36:52.201] 接收<- wcmd2c w 7 r 6 type 13 cc 0x0 idx 0 subf 2
track succ pre 0x1 rssi -21 cur 20.50 last 20.57 ratio 605/605 frac -378 to 0 fo 0 frame 237328
cmdtype 7 isSuc 0 cc 0x0 subf 5

[2023-08-07 18:36:52.316] 接收<- wcmd2c w 0 r 7 type 13 cc 0x0 idx 0 subf 2
track succ pre 0x1 rssi -22 cur 20.25 last 20.54 ratio 606/606 frac -378 to 0 fo 0 frame 237329
cmdtype 7 isSuc 0 cc 0x0 subf 5

[2023-08-07 18:36:52.429] 接收<- wcmd2c w 1 r 0 type 13 cc 0x0 idx 0 subf 2
track succ pre 0x1 rssi -21 cur 20.25 last 20.51 ratio 607/607 frac -377 to 0 fo 44561 frame 237330
cmdtype 7 isSuc 0 cc 0x0 subf 5

[2023-08-07 18:36:52.643] 接收<- wcmd2c w 2 r 1 type 13 cc 0x0 idx 0 subf 2
track succ pre 0x1 rssi -21 cur 20.25 last 20.48 ratio 608/608 frac -377 to 0 fo 0 frame 237331
cmdtype 7 isSuc 0 cc 0x0 subf 5

[2023-08-07 18:36:52.757] 接收<- wcmd2c w 3 r 2 type 13 cc 0x0 idx 0 subf 2
track succ pre 0x1 rssi -22 cur 19.50 last 20.38 ratio 609/609 frac -377 to 0 fo 44561 frame 237332
cmdtype 7 isSuc 0 cc 0x0 subf 5

[2023-08-07 18:36:52.869] 接收<- wcmd2c w 4 r 3 type 13 cc 0x0 idx 0 subf 2
track succ pre 0x1 rssi -21 cur 20.25 last 20.37 ratio 610/610 frac -377 to 0 fo -44561 frame 237333
cmdtype 7 isSuc 0 cc 0x0 subf 5

[2023-08-07 18:36:53.085] 接收<- wcmd2c w 5 r 4 type 13 cc 0x0 idx 0 subf 2
track succ pre 0x1 rssi -22 cur 20.25 last 20.36 ratio 611/611 frac -378 to 0 fo -44561 frame 237334
cmdtype 7 isSuc 0 cc 0x0 subf 5

[2023-08-07 18:36:53.198] 接收<- wcmd2c w 6 r 5 type 13 cc 0x0 idx 0 subf 2
track succ pre 0x1 rssi -21 cur 20.25 last 20.35 ratio 612/612 frac -378 to 0 fo 0 frame 237335
cmdtype 7 isSuc 0 cc 0x0 subf 5

[2023-08-07 18:36:53.343] 接收<- wcmd2c w 7 r 6 type 13 cc 0x0 idx 0 subf 2
track succ pre 0x9 rssi -22 cur 25.25 last 20.84 ratio 613/613 frac -378 to 0 fo 0 frame 237336
cmdtype 7 isSuc 0 cc 0x0 subf 5
wcmd2c w 0 r 7 type 2 cc 0x0 idx 0 subf 6
cmdtype 2 isSuc 1 cc 0x0 subf 9

[2023-08-07 18:36:53.455] 接收<- wcmd2c w 1 r 0 type 13 cc 0x0 idx 0 subf 2
track succ pre 0x1 rssi -21 cur 19.50 last 20.70 ratio 614/614 frac -378 to 0 fo 0 frame 237337
cmdtype 7 isSuc 0 cc 0x0 subf 5

[2023-08-07 18:36:53.669] 接收<- wcmd2c w 2 r 1 type 13 cc 0x0 idx 0 subf 2
track succ pre 0x1 rssi -22 cur 20.25 last 20.66 ratio 615/615 frac -378 to 0 fo 0 frame 237338
cmdtype 7 isSuc 0 cc 0x0 subf 5

[2023-08-07 18:36:53.782] 接收<- wcmd2c w 3 r 2 type 13 cc 0x0 idx 0 subf 2
track succ pre 0x1 rssi -21 cur 19.75 last 20.57 ratio 616/616 frac -378 to 0 fo 0 frame 237339
cmdtype 7 isSuc 0 cc 0x0 subf 5

[2023-08-07 18:36:53.894] 接收<- wcmd2c w 4 r 3 type 13 cc 0x0 idx 0 subf 2
track succ pre 0x1 rssi -22 cur 20.25 last 20.53 ratio 617/617 frac -377 to 0 fo 44561 frame 237340
cmdtype 7 isSuc 0 cc 0x0 subf 5

[2023-08-07 18:36:54.107] 接收<- wcmd2c w 5 r 4 type 13 cc 0x0 idx 0 subf 2
track succ pre 0x1 rssi -21 cur 19.75 last 20.45 ratio 618/618 frac -377 to 1 fo 0 frame 237341
cmdtype 7 isSuc 0 cc 0x0 subf 5

[2023-08-07 18:36:54.221] 接收<- frame_head_dfe 90792065
wcmd2c w 6 r 5 type 13 cc 0x0 idx 0 subf 2
track succ pre 0x1 rssi -21 cur 20.0 last 20.41 ratio 619/619 frac -377 to 0 fo 44561 frame 237342
cmdtype 7 isSuc 0 cc 0x0 subf 5

[2023-08-07 18:36:54.336] 接收<- wcmd2c w 7 r 6 type 13 cc 0x0 idx 0 subf 2
track succ pre 0x1 rssi -21 cur 20.50 last 20.42 ratio 620/620 frac -377 to 0 fo 0 frame 237343
cmdtype 7 isSuc 0 cc 0x0 subf 5

[2023-08-07 18:36:54.455] 接收<- wcmd2c w 0 r 7 type 13 cc 0x0 idx 0 subf 2
track succ pre 0x1 rssi -21 cur 19.75 last 20.35 ratio 621/621 frac -377 to 0 fo 0 frame 237344

[2023-08-07 18:36:54.568] 接收<- cmdtype 7 isSuc 0 cc 0x0 subf 5

[2023-08-07 18:36:54.681] 接收<- wcmd2c w 1 r 0 type 13 cc 0x0 idx 0 subf 2
track succ pre 0x1 rssi -22 cur 19.50 last 20.26 ratio 622/622 frac -377 to 1 fo -44561 frame 237345
cmdtype 7 isSuc 0 cc 0x0 subf 5

[2023-08-07 18:36:54.796] 接收<- wcmd2c w 2 r 1 type 13 cc 0x0 idx 0 subf 2
track succ pre 0x1 rssi -21 cur 19.75 last 20.21 ratio 623/623 frac -377 to 0 fo 0 frame 237346
cmdtype 7 isSuc 0 cc 0x0 subf 5

[2023-08-07 18:36:54.924] 接收<- wcmd2c w 3 r 2 type 13 cc 0x0 idx 0 subf 2
track succ pre 0x9 rssi -21 cur 25.50 last 20.74 ratio 624/624 frac -377 to 0 fo 0 frame 237347
cmdtype 7 isSuc 0 cc 0x0 subf 5
wcmd2c w 4 r 3 type 2 cc 0x0 idx 0 subf 6

[2023-08-07 18:36:55.037] 接收<- cmdtype 2 isSuc 1 cc 0x0 subf 9
wcmd2c w 5 r 4 type 13 cc 0x0 idx 0 subf 2
track succ pre 0x1 rssi -22 cur 20.50 last 20.72 ratio 625/625 frac -378 to 0 fo -44561 frame 237348

[2023-08-07 18:36:55.150] 接收<- cmdtype 7 isSuc 0 cc 0x0 subf 5

[2023-08-07 18:36:55.263] 接收<- wcmd2c w 6 r 5 type 13 cc 0x0 idx 0 subf 2
track succ pre 0x1 rssi -21 cur 20.0 last 20.64 ratio 626/626 frac -378 to 0 fo -44561 frame 237349
cmdtype 7 isSuc 0 cc 0x0 subf 5

[2023-08-07 18:36:55.375] 接收<- frame_head_dfe 91959807
wcmd2c w 7 r 6 type 13 cc 0x0 idx 0 subf 2
track succ pre 0x1 rssi -22 cur 20.25 last 20.60 ratio 627/627 frac -378 to 0 fo 0 frame 237350
cmdtype 7 isSuc 0 cc 0x0 subf 5

[2023-08-07 18:36:55.505] 接收<- wcmd2c w 0 r 7 type 13 cc 0x0 idx 0 subf 2
track succ pre 0x1 rssi -21 cur 20.50 last 20.59 ratio 628/628 frac -378 to 0 fo 0 frame 237351
cmdtype 7 isSuc 0 cc 0x0 subf 5

[2023-08-07 18:36:55.619] 接收<- wcmd2c w 1 r 0 type 13 cc 0x0 idx 0 subf 2
track succ pre 0x1 rssi -22 cur 20.25 last 20.56 ratio 629/629 frac -378 to 0 fo 0 frame 237352

[2023-08-07 18:36:55.733] 接收<- cmdtype 7 isSuc 0 cc 0x0 subf 5

[2023-08-07 18:36:55.845] 接收<- wcmd2c w 2 r 1 type 13 cc 0x0 idx 0 subf 2
track succ pre 0x1 rssi -21 cur 20.25 last 20.53 ratio 630/630 frac -378 to 0 fo 44561 frame 237353
cmdtype 7 isSuc 0 cc 0x0 subf 5

[2023-08-07 18:36:55.959] 接收<- wcmd2c w 3 r 2 type 13 cc 0x0 idx 0 subf 2
track succ pre 0x1 rssi -22 cur 19.50 last 20.42 ratio 631/631 frac -378 to 0 fo 0 frame 237354
cmdtype 7 isSuc 0 cc 0x0 subf 5

[2023-08-07 18:36:56.081] 接收<- wcmd2c w 4 r 3 type 13 cc 0x0 idx 0 subf 2
track succ pre 0x1 rssi -21 cur 20.50 last 20.43 ratio 632/632 frac -377 to 0 fo 44561 frame 237355
cmdtype 7 isSuc 0 cc 0x0 subf 5

[2023-08-07 18:36:56.295] 接收<- wcmd2c w 5 r 4 type 13 cc 0x0 idx 0 subf 2
track succ pre 0x1 rssi -21 cur 20.0 last 20.39 ratio 633/633 frac -377 to 0 fo 0 frame 237356
cmdtype 7 isSuc 0 cc 0x0 subf 5

[2023-08-07 18:36:56.408] 接收<- wcmd2c w 6 r 5 type 13 cc 0x0 idx 0 subf 2
track succ pre 0x1 rssi -22 cur 20.25 last 20.37 ratio 634/634 frac -378 to 0 fo -44561 frame 237357
cmdtype 7 isSuc 0 cc 0x0 subf 5

[2023-08-07 18:36:56.533] 接收<- wcmd2c w 7 r 6 type 13 cc 0x0 idx 0 subf 2
track succ pre 0x9 rssi -21 cur 25.50 last 20.89 ratio 635/635 frac -378 to 0 fo 0 frame 237358
cmdtype 7 isSuc 0 cc 0x0 subf 5
wcmd2c w 0 r 7 type 2 cc 0x0 idx 0 subf 6

[2023-08-07 18:36:56.647] 接收<- cmdtype 2 isSuc 0 cc 0x0 subf 9
wcmd2c w 1 r 0 type 13 cc 0x0 idx 0 subf 2
track succ pre 0x1 rssi -22 cur 20.25 last 20.82 ratio 636/636 frac -378 to 0 fo -44561 frame 237359

[2023-08-07 18:36:56.760] 接收<- cmdtype 7 isSuc 0 cc 0x0 subf 5

[2023-08-07 18:36:56.872] 接收<- wcmd2c w 2 r 1 type 13 cc 0x0 idx 0 subf 2
track succ pre 0x1 rssi -21 cur 20.0 last 20.74 ratio 637/637 frac -378 to 0 fo 0 frame 237360
cmdtype 7 isSuc 0 cc 0x0 subf 5

[2023-08-07 18:36:56.985] 接收<- wcmd2c w 3 r 2 type 13 cc 0x0 idx 0 subf 2
track succ pre 0x1 rssi -22 cur 19.75 last 20.64 ratio 638/638 frac -378 to 0 fo 0 frame 237361
cmdtype 7 isSuc 0 cc 0x0 subf 5

[2023-08-07 18:36:57.113] 接收<- wcmd2c w 4 r 3 type 13 cc 0x0 idx 0 subf 2
track succ pre 0x1 rssi -21 cur 20.25 last 20.60 ratio 639/639 frac -378 to 0 fo 0 frame 237362
cmdtype 7 isSuc 0 cc 0x0 subf 5

[2023-08-07 18:36:57.225] 接收<- wcmd2c w 5 r 4 type 13 cc 0x0 idx 0 subf 2
track succ pre 0x1 rssi -21 cur 20.0 last 20.54 ratio 640/640 frac -378 to 0 fo 0 frame 237363

[2023-08-07 18:36:57.338] 接收<- cmdtype 7 isSuc 0 cc 0x0 subf 5

[2023-08-07 18:36:57.451] 接收<- wcmd2c w 6 r 5 type 13 cc 0x0 idx 0 subf 2
track succ pre 0x1 rssi -21 cur 20.25 last 20.51 ratio 641/641 frac -378 to 0 fo 44561 frame 237364
cmdtype 7 isSuc 0 cc 0x0 subf 5

[2023-08-07 18:36:57.563] 接收<- wcmd2c w 7 r 6 type 13 cc 0x0 idx 0 subf 2
track succ pre 0x1 rssi -22 cur 20.0 last 20.46 ratio 642/642 frac -377 to 0 fo 44561 frame 237365
cmdtype 7 isSuc 0 cc 0x0 subf 5

[2023-08-07 18:36:57.691] 接收<- wcmd2c w 0 r 7 type 13 cc 0x0 idx 0 subf 2
track succ pre 0x1 rssi -21 cur 19.25 last 20.34 ratio 643/643 frac -377 to 1 fo 0 frame 237366
cmdtype 7 isSuc 0 cc 0x0 subf 5

[2023-08-07 18:36:57.815] 接收<- wcmd2c w 1 r 0 type 13 cc 0x0 idx 0 subf 2
track succ pre 0x1 rssi -22 cur 20.25 last 20.33 ratio 644/644 frac -378 to 0 fo -44561 frame 237367

[2023-08-07 18:36:57.928] 接收<- cmdtype 7 isSuc 0 cc 0x0 subf 5

[2023-08-07 18:36:58.041] 接收<- wcmd2c w 2 r 1 type 13 cc 0x0 idx 0 subf 2
track succ pre 0x1 rssi -21 cur 19.75 last 20.27 ratio 645/645 frac -378 to 0 fo 0 frame 237368
cmdtype 7 isSuc 0 cc 0x0 subf 5

[2023-08-07 18:36:58.154] 接收<- wcmd2c w 3 r 2 type 13 cc 0x0 idx 0 subf 2
track succ pre 0x9 rssi -22 cur 26.25 last 20.87 ratio 646/646 frac -377 to 0 fo 44561 frame 237369
cmdtype 7 isSuc 0 cc 0x0 subf 5
wcmd2c w 4 r 3 type 2 cc 0x0 idx 0 subf 6
cmdtype 2 isSuc 1 cc 0x0 subf 9

[2023-08-07 18:36:58.269] 接收<- wcmd2c w 5 r 4 type 13 cc 0x0 idx 0 subf 2
track succ pre 0x1 rssi -21 cur 19.50 last 20.73 ratio 647/647 frac -378 to 1 fo -44561 frame 237370
cmdtype 7 isSuc 0 cc 0x0 subf 5

[2023-08-07 18:36:58.484] 接收<- wcmd2c w 6 r 5 type 13 cc 0x0 idx 0 subf 2
track succ pre 0x1 rssi -22 cur 19.50 last 20.61 ratio 648/648 frac -377 to 0 fo 44561 frame 237371
cmdtype 7 isSuc 0 cc 0x0 subf 5

[2023-08-07 18:36:58.597] 接收<- wcmd2c w 7 r 6 type 13 cc 0x0 idx 0 subf 2
track succ pre 0x1 rssi -21 cur 20.50 last 20.60 ratio 649/649 frac -377 to 0 fo 44561 frame 237372
cmdtype 7 isSuc 0 cc 0x0 subf 5

[2023-08-07 18:36:58.710] 接收<- wcmd2c w 0 r 7 type 13 cc 0x0 idx 0 subf 2
track succ pre 0x1 rssi -22 cur 20.50 last 20.59 ratio 650/650 frac -377 to 0 fo -44561 frame 237373
cmdtype 7 isSuc 0 cc 0x0 subf 5

[2023-08-07 18:36:58.923] 接收<- wcmd2c w 1 r 0 type 13 cc 0x0 idx 0 subf 2
track succ pre 0x1 rssi -21 cur 20.25 last 20.55 ratio 651/651 frac -377 to 0 fo 0 frame 237374
cmdtype 7 isSuc 0 cc 0x0 subf 5

[2023-08-07 18:36:59.037] 接收<- wcmd2c w 2 r 1 type 13 cc 0x0 idx 0 subf 2
track succ pre 0x1 rssi -21 cur 20.50 last 20.55 ratio 652/652 frac -377 to 0 fo 0 frame 237375
cmdtype 7 isSuc 0 cc 0x0 subf 5

[2023-08-07 18:36:59.151] 接收<- wcmd2c w 3 r 2 type 13 cc 0x0 idx 0 subf 2
track succ pre 0x1 rssi -22 cur 19.50 last 20.44 ratio 653/653 frac -378 to 0 fo -44561 frame 237376
cmdtype 7 isSuc 0 cc 0x0 subf 5

[2023-08-07 18:36:59.363] 接收<- wcmd2c w 4 r 3 type 13 cc 0x0 idx 0 subf 2
track succ pre 0x1 rssi -21 cur 20.25 last 20.42 ratio 654/654 frac -378 to 0 fo 0 frame 237377
cmdtype 7 isSuc 0 cc 0x0 subf 5

[2023-08-07 18:36:59.475] 接收<- wcmd2c w 5 r 4 type 13 cc 0x0 idx 0 subf 2
track succ pre 0x1 rssi -22 cur 20.25 last 20.40 ratio 655/655 frac -378 to 0 fo -44561 frame 237378
cmdtype 7 isSuc 0 cc 0x0 subf 5

[2023-08-07 18:36:59.588] 接收<- wcmd2c w 6 r 5 type 13 cc 0x0 idx 0 subf 2
track succ pre 0x1 rssi -21 cur 20.50 last 20.41 ratio 656/656 frac -378 to 0 fo 0 frame 237379
cmdtype 7 isSuc 0 cc 0x0 subf 5

[2023-08-07 18:36:59.802] 接收<- wcmd2c w 7 r 6 type 13 cc 0x0 idx 0 subf 2
track succ pre 0x9 rssi -22 cur 26.0 last 20.97 ratio 657/657 frac -379 to 0 fo -44561 frame 237380
cmdtype 7 isSuc 0 cc 0x0 subf 5
wcmd2c w 0 r 7 type 2 cc 0x0 idx 0 subf 6
cmdtype 2 isSuc 1 cc 0x0 subf 9

[2023-08-07 18:36:59.914] 接收<- wcmd2c w 1 r 0 type 13 cc 0x0 idx 0 subf 2
track succ pre 0x1 rssi -21 cur 20.25 last 20.90 ratio 658/658 frac -379 to 0 fo -44561 frame 237381
cmdtype 7 isSuc 0 cc 0x0 subf 5

[2023-08-07 18:37:00.027] 接收<- wcmd2c w 2 r 1 type 13 cc 0x0 idx 0 subf 2
track succ pre 0x1 rssi -21 cur 20.25 last 20.83 ratio 659/659 frac -379 to 0 fo -44561 frame 237382
cmdtype 7 isSuc 0 cc 0x0 subf 5

[2023-08-07 18:37:00.145] 接收<- wcmd2c w 3 r 2 type 13 cc 0x0 idx 0 subf 2
track succ pre 0x1 rssi -21 cur 19.50 last 20.70 ratio 660/660 frac -380 to 0 fo -44561 frame 237383

[2023-08-07 18:37:00.258] 接收<- cmdtype 7 isSuc 0 cc 0x0 subf 5

[2023-08-07 18:37:00.370] 接收<- wcmd2c w 4 r 3 type 13 cc 0x0 idx 0 subf 2
track succ pre 0x1 rssi -22 cur 20.25 last 20.65 ratio 661/661 frac -380 to 0 fo 0 frame 237384
cmdtype 7 isSuc 0 cc 0x0 subf 5

[2023-08-07 18:37:00.482] 接收<- wcmd2c w 5 r 4 type 13 cc 0x0 idx 0 subf 2
track succ pre 0x1 rssi -21 cur 20.25 last 20.61 ratio 662/662 frac -380 to 0 fo 0 frame 237385
cmdtype 7 isSuc 0 cc 0x0 subf 5

[2023-08-07 18:37:00.617] 接收<- frame_head_dfe 97214653
wcmd2c w 6 r 5 type 13 cc 0x0 idx 0 subf 2
track succ pre 0x1 rssi -22 cur 20.25 last 20.58 ratio 663/663 frac -380 to 0 fo 0 frame 237386
cmdtype 7 isSuc 0 cc 0x0 subf 5

[2023-08-07 18:37:00.731] 接收<- wcmd2c w 7 r 6 type 13 cc 0x0 idx 0 subf 2
track succ pre 0x1 rssi -21 cur 20.25 last 20.54 ratio 664/664 frac -380 to 0 fo 0 frame 237387

[2023-08-07 18:37:00.845] 接收<- cmdtype 7 isSuc 0 cc 0x0 subf 5

[2023-08-07 18:37:00.958] 接收<- wcmd2c w 0 r 7 type 13 cc 0x0 idx 0 subf 2
track succ pre 0x1 rssi -21 cur 20.0 last 20.49 ratio 665/665 frac -380 to 0 fo 0 frame 237388
cmdtype 7 isSuc 0 cc 0x0 subf 5

[2023-08-07 18:37:01.071] 接收<- wcmd2c w 1 r 0 type 13 cc 0x0 idx 0 subf 2
track succ pre 0x1 rssi -22 cur 20.0 last 20.44 ratio 666/666 frac -380 to 0 fo 0 frame 237389
cmdtype 7 isSuc 0 cc 0x0 subf 5

[2023-08-07 18:37:01.201] 接收<- wcmd2c w 2 r 1 type 13 cc 0x0 idx 0 subf 2
track succ pre 0x1 rssi -21 cur 20.0 last 20.39 ratio 667/667 frac -380 to 0 fo 0 frame 237390
cmdtype 7 isSuc 0 cc 0x0 subf 5

[2023-08-07 18:37:01.315] 接收<- wcmd2c w 3 r 2 type 13 cc 0x0 idx 0 subf 2
track succ pre 0x9 rssi -22 cur 23.75 last 20.73 ratio 668/668 frac -380 to 1 fo 0 frame 237391

[2023-08-07 18:37:01.427] 接收<- cmdtype 7 isSuc 0 cc 0x0 subf 5
wcmd2c w 4 r 3 type 2 cc 0x0 idx 0 subf 6
cmdtype 2 isSuc 1 cc 0x0 subf 9

[2023-08-07 18:37:01.541] 接收<- wcmd2c w 5 r 4 type 13 cc 0x0 idx 0 subf 2
track succ pre 0x1 rssi -21 cur 20.0 last 20.66 ratio 669/669 frac -379 to 0 fo 44561 frame 237392
cmdtype 7 isSuc 0 cc 0x0 subf 5

[2023-08-07 18:37:01.654] 接收<- wcmd2c w 6 r 5 type 13 cc 0x0 idx 0 subf 2
track succ pre 0x1 rssi -22 cur 19.0 last 20.49 ratio 670/670 frac -379 to 1 fo 0 frame 237393
cmdtype 7 isSuc 0 cc 0x0 subf 5

[2023-08-07 18:37:01.781] 接收<- frame_head_dfe 98382397
wcmd2c w 7 r 6 type 13 cc 0x0 idx 0 subf 2
track succ pre 0x1 rssi -21 cur 20.0 last 20.44 ratio 671/671 frac -379 to 0 fo 44561 frame 237394
cmdtype 7 isSuc 0 cc 0x0 subf 5

[2023-08-07 18:37:01.904] 接收<- wcmd2c w 0 r 7 type 13 cc 0x0 idx 0 subf 2
track succ pre 0x1 rssi -21 cur 19.50 last 20.35 ratio 672/672 frac -379 to 1 fo -44561 frame 237395

[2023-08-07 18:37:02.017] 接收<- cmdtype 7 isSuc 0 cc 0x0 subf 5

[2023-08-07 18:37:02.130] 接收<- wcmd2c w 1 r 0 type 13 cc 0x0 idx 0 subf 2
track succ pre 0x1 rssi -22 cur 19.75 last 20.29 ratio 673/673 frac -379 to 0 fo 44561 frame 237396
cmdtype 7 isSuc 0 cc 0x0 subf 5

[2023-08-07 18:37:02.242] 接收<- wcmd2c w 2 r 1 type 13 cc 0x0 idx 0 subf 2
track succ pre 0x1 rssi -21 cur 20.50 last 20.31 ratio 674/674 frac -379 to 0 fo 0 frame 237397
cmdtype 7 isSuc 0 cc 0x0 subf 5

[2023-08-07 18:37:02.362] 接收<- wcmd2c w 3 r 2 type 13 cc 0x0 idx 0 subf 2
track succ pre 0x1 rssi -22 cur 20.25 last 20.30 ratio 675/675 frac -379 to 0 fo 0 frame 237398
cmdtype 7 isSuc 0 cc 0x0 subf 5

[2023-08-07 18:37:02.574] 接收<- wcmd2c w 4 r 3 type 13 cc 0x0 idx 0 subf 2
track succ pre 0x1 rssi -21 cur 20.25 last 20.29 ratio 676/676 frac -379 to 0 fo 44561 frame 237399
cmdtype 7 isSuc 0 cc 0x0 subf 5

[2023-08-07 18:37:02.687] 接收<- wcmd2c w 5 r 4 type 13 cc 0x0 idx 0 subf 2
track succ pre 0x1 rssi -22 cur 19.25 last 20.19 ratio 677/677 frac -379 to 0 fo 0 frame 237400
cmdtype 7 isSuc 0 cc 0x0 subf 5

[2023-08-07 18:37:02.801] 接收<- wcmd2c w 6 r 5 type 13 cc 0x0 idx 0 subf 2
track succ pre 0x1 rssi -21 cur 20.50 last 20.22 ratio 678/678 frac -378 to 0 fo 44561 frame 237401
cmdtype 7 isSuc 0 cc 0x0 subf 5

[2023-08-07 18:37:02.925] 接收<- wcmd2c w 7 r 6 type 13 cc 0x0 idx 0 subf 2
track succ pre 0x9 rssi -22 cur 26.0 last 20.80 ratio 679/679 frac -378 to 0 fo 0 frame 237402

[2023-08-07 18:37:03.038] 接收<- cmdtype 7 isSuc 0 cc 0x0 subf 5
wcmd2c w 0 r 7 type 2 cc 0x0 idx 0 subf 6
cmdtype 2 isSuc 1 cc 0x0 subf 9

[2023-08-07 18:37:03.151] 接收<- wcmd2c w 1 r 0 type 13 cc 0x0 idx 0 subf 2
track succ pre 0x1 rssi -21 cur 20.25 last 20.74 ratio 680/680 frac -378 to 0 fo 0 frame 237403
cmdtype 7 isSuc 0 cc 0x0 subf 5

[2023-08-07 18:37:03.269] 接收<- wcmd2c w 2 r 1 type 13 cc 0x0 idx 0 subf 2
track succ pre 0x1 rssi -22 cur 20.0 last 20.67 ratio 681/681 frac -378 to 0 fo 0 frame 237404
cmdtype 7 isSuc 0 cc 0x0 subf 5

[2023-08-07 18:37:03.381] 接收<- wcmd2c w 3 r 2 type 13 cc 0x0 idx 0 subf 2
track succ pre 0x1 rssi -21 cur 19.75 last 20.58 ratio 682/682 frac -379 to 0 fo -44561 frame 237405
cmdtype 7 isSuc 0 cc 0x0 subf 5

[2023-08-07 18:37:03.595] 接收<- wcmd2c w 4 r 3 type 13 cc 0x0 idx 0 subf 2
track succ pre 0x1 rssi -22 cur 20.25 last 20.54 ratio 683/683 frac -379 to 0 fo 0 frame 237406
cmdtype 7 isSuc 0 cc 0x0 subf 5

[2023-08-07 18:37:03.708] 接收<- wcmd2c w 5 r 4 type 13 cc 0x0 idx 0 subf 2
track succ pre 0x1 rssi -21 cur 20.50 last 20.54 ratio 684/684 frac -379 to 0 fo 0 frame 237407
cmdtype 7 isSuc 0 cc 0x0 subf 5

[2023-08-07 18:37:03.819] 接收<- wcmd2c w 6 r 5 type 13 cc 0x0 idx 0 subf 2
track succ pre 0x1 rssi -22 cur 20.25 last 20.51 ratio 685/685 frac -378 to 0 fo 44561 frame 237408
cmdtype 7 isSuc 0 cc 0x0 subf 5

[2023-08-07 18:37:04.034] 接收<- wcmd2c w 7 r 6 type 13 cc 0x0 idx 0 subf 2
track succ pre 0x1 rssi -21 cur 20.25 last 20.48 ratio 686/686 frac -378 to 0 fo 0 frame 237409
cmdtype 7 isSuc 0 cc 0x0 subf 5

[2023-08-07 18:37:04.147] 接收<- wcmd2c w 0 r 7 type 13 cc 0x0 idx 0 subf 2
track succ pre 0x1 rssi -22 cur 19.75 last 20.41 ratio 687/687 frac -379 to 0 fo -44561 frame 237410
cmdtype 7 isSuc 0 cc 0x0 subf 5

[2023-08-07 18:37:04.260] 接收<- wcmd2c w 1 r 0 type 13 cc 0x0 idx 0 subf 2
track succ pre 0x1 rssi -21 cur 20.0 last 20.37 ratio 688/688 frac -379 to 0 fo 0 frame 237411
cmdtype 7 isSuc 0 cc 0x0 subf 5

[2023-08-07 18:37:04.381] 接收<- wcmd2c w 2 r 1 type 13 cc 0x0 idx 0 subf 2
track succ pre 0x1 rssi -22 cur 20.25 last 20.35 ratio 689/689 frac -379 to 0 fo 0 frame 237412

[2023-08-07 18:37:04.493] 接收<- cmdtype 7 isSuc 0 cc 0x0 subf 5

[2023-08-07 18:37:04.606] 接收<- wcmd2c w 3 r 2 type 13 cc 0x0 idx 0 subf 2
track succ pre 0x9 rssi -21 cur 25.0 last 20.82 ratio 690/690 frac -378 to 0 fo 44561 frame 237413
cmdtype 7 isSuc 0 cc 0x0 subf 5
wcmd2c w 4 r 3 type 2 cc 0x0 idx 0 subf 6
cmdtype 2 isSuc 1 cc 0x0 subf 9

[2023-08-07 18:37:04.719] 接收<- wcmd2c w 5 r 4 type 13 cc 0x0 idx 0 subf 2
track succ pre 0x1 rssi -22 cur 20.25 last 20.76 ratio 691/691 frac -379 to 0 fo -44561 frame 237414
cmdtype 7 isSuc 0 cc 0x0 subf 5

[2023-08-07 18:37:04.851] 接收<- wcmd2c w 6 r 5 type 13 cc 0x0 idx 0 subf 2
track succ pre 0x1 rssi -21 cur 20.0 last 20.68 ratio 692/692 frac -379 to 0 fo 0 frame 237415
cmdtype 7 isSuc 0 cc 0x0 subf 5

[2023-08-07 18:37:04.964] 接收<- wcmd2c w 7 r 6 type 13 cc 0x0 idx 0 subf 2
track succ pre 0x1 rssi -22 cur 19.75 last 20.59 ratio 693/693 frac -379 to 0 fo 0 frame 237416

[2023-08-07 18:37:05.076] 接收<- cmdtype 7 isSuc 0 cc 0x0 subf 5

[2023-08-07 18:37:05.188] 接收<- wcmd2c w 0 r 7 type 13 cc 0x0 idx 0 subf 2
track succ pre 0x1 rssi -21 cur 19.25 last 20.46 ratio 694/694 frac -379 to 1 fo -44561 frame 237417
cmdtype 7 isSuc 0 cc 0x0 subf 5

[2023-08-07 18:37:05.302] 接收<- wcmd2c w 1 r 0 type 13 cc 0x0 idx 0 subf 2
track succ pre 0x1 rssi -22 cur 19.75 last 20.39 ratio 695/695 frac -379 to 0 fo 44561 frame 237418
cmdtype 7 isSuc 0 cc 0x0 subf 5

[2023-08-07 18:37:05.429] 接收<- wcmd2c w 2 r 1 type 13 cc 0x0 idx 0 subf 2
track succ pre 0x1 rssi -21 cur 19.50 last 20.30 ratio 696/696 frac -379 to 1 fo 0 frame 237419
cmdtype 7 isSuc 0 cc 0x0 subf 5

[2023-08-07 18:37:05.570] 接收<- wcmd2c w 3 r 2 type 13 cc 0x0 idx 0 subf 2
track succ pre 0x1 rssi -22 cur 20.0 last 20.27 ratio 697/697 frac -379 to 0 fo 0 frame 237420
cmdtype 7 isSuc 0 cc 0x0 subf 5

[2023-08-07 18:37:05.784] 接收<- wcmd2c w 4 r 3 type 13 cc 0x0 idx 0 subf 2
track succ pre 0x1 rssi -21 cur 20.25 last 20.26 ratio 698/698 frac -379 to 0 fo 0 frame 237421
cmdtype 7 isSuc 0 cc 0x0 subf 5

[2023-08-07 18:37:05.897] 接收<- wcmd2c w 5 r 4 type 13 cc 0x0 idx 0 subf 2
track succ pre 0x1 rssi -22 cur 19.75 last 20.21 ratio 699/699 frac -378 to 0 fo 44561 frame 237422
cmdtype 7 isSuc 0 cc 0x0 subf 5

[2023-08-07 18:37:06.009] 接收<- wcmd2c w 6 r 5 type 13 cc 0x0 idx 0 subf 2
track succ pre 0x1 rssi -21 cur 20.50 last 20.24 ratio 700/700 frac -378 to 0 fo 0 frame 237423
cmdtype 7 isSuc 0 cc 0x0 subf 5

[2023-08-07 18:37:06.223] 接收<- wcmd2c w 7 r 6 type 13 cc 0x0 idx 0 subf 2
track succ pre 0x9 rssi -22 cur 26.25 last 20.84 ratio 701/701 frac -379 to 0 fo -44561 frame 237424
cmdtype 7 isSuc 0 cc 0x0 subf 5
wcmd2c w 0 r 7 type 2 cc 0x0 idx 0 subf 6
cmdtype 2 isSuc 1 cc 0x0 subf 9

[2023-08-07 18:37:06.335] 接收<- wcmd2c w 1 r 0 type 13 cc 0x0 idx 0 subf 2
track succ pre 0x1 rssi -21 cur 20.50 last 20.81 ratio 702/702 frac -379 to 0 fo 0 frame 237425
cmdtype 7 isSuc 0 cc 0x0 subf 5

[2023-08-07 18:37:06.448] 接收<- wcmd2c w 2 r 1 type 13 cc 0x0 idx 0 subf 2
track succ pre 0x1 rssi -22 cur 20.50 last 20.78 ratio 703/703 frac -378 to 0 fo 44561 frame 237426
cmdtype 7 isSuc 0 cc 0x0 subf 5

[2023-08-07 18:37:06.662] 接收<- wcmd2c w 3 r 2 type 13 cc 0x0 idx 0 subf 2
track succ pre 0x1 rssi -21 cur 19.50 last 20.65 ratio 704/704 frac -378 to 0 fo 0 frame 237427
cmdtype 7 isSuc 0 cc 0x0 subf 5

[2023-08-07 18:37:06.775] 接收<- wcmd2c w 4 r 3 type 13 cc 0x0 idx 0 subf 2
track succ pre 0x1 rssi -22 cur 20.25 last 20.61 ratio 705/705 frac -378 to 0 fo 0 frame 237428
cmdtype 7 isSuc 0 cc 0x0 subf 5

[2023-08-07 18:37:06.887] 接收<- wcmd2c w 5 r 4 type 13 cc 0x0 idx 0 subf 2
track succ pre 0x1 rssi -21 cur 20.25 last 20.57 ratio 706/706 frac -379 to 0 fo -44561 frame 237429
cmdtype 7 isSuc 0 cc 0x0 subf 5

[2023-08-07 18:37:07.007] 接收<- frame_head_dfe 103637241
wcmd2c w 6 r 5 type 13 cc 0x0 idx 0 subf 2
track succ pre 0x1 rssi -22 cur 20.50 last 20.56 ratio 707/707 frac -378 to 0 fo 44561 frame 237430

[2023-08-07 18:37:07.121] 接收<- cmdtype 7 isSuc 0 cc 0x0 subf 5

[2023-08-07 18:37:07.234] 接收<- wcmd2c w 7 r 6 type 13 cc 0x0 idx 0 subf 2
track succ pre 0x1 rssi -21 cur 20.25 last 20.53 ratio 708/708 frac -379 to 0 fo -89122 frame 237431
cmdtype 7 isSuc 0 cc 0x0 subf 5

[2023-08-07 18:37:07.347] 接收<- wcmd2c w 0 r 7 type 13 cc 0x0 idx 0 subf 2
track succ pre 0x1 rssi -22 cur 19.75 last 20.45 ratio 709/709 frac -379 to 0 fo 0 frame 237432
cmdtype 7 isSuc 0 cc 0x0 subf 5

[2023-08-07 18:37:07.475] 接收<- wcmd2c w 1 r 0 type 13 cc 0x0 idx 0 subf 2
track succ pre 0x1 rssi -21 cur 20.0 last 20.41 ratio 710/710 frac -379 to 0 fo -44561 frame 237433
cmdtype 7 isSuc 0 cc 0x0 subf 5

[2023-08-07 18:37:07.589] 接收<- wcmd2c w 2 r 1 type 13 cc 0x0 idx 0 subf 2
track succ pre 0x1 rssi -22 cur 19.75 last 20.34 ratio 711/711 frac -379 to 0 fo 0 frame 237434

[2023-08-07 18:37:07.702] 接收<- cmdtype 7 isSuc 0 cc 0x0 subf 5

[2023-08-07 18:37:07.815] 接收<- wcmd2c w 3 r 2 type 13 cc 0x0 idx 0 subf 2
track succ pre 0x9 rssi -21 cur 25.50 last 20.86 ratio 712/712 frac -380 to 0 fo -44561 frame 237435
cmdtype 7 isSuc 0 cc 0x0 subf 5
wcmd2c w 4 r 3 type 2 cc 0x0 idx 0 subf 6
cmdtype 2 isSuc 1 cc 0x0 subf 9

[2023-08-07 18:37:07.928] 接收<- wcmd2c w 5 r 4 type 13 cc 0x0 idx 0 subf 2
track succ pre 0x1 rssi -22 cur 20.25 last 20.79 ratio 713/713 frac -380 to 0 fo 0 frame 237436
cmdtype 7 isSuc 0 cc 0x0 subf 5

[2023-08-07 18:37:08.053] 接收<- wcmd2c w 6 r 5 type 13 cc 0x0 idx 0 subf 2
track succ pre 0x1 rssi -21 cur 20.25 last 20.74 ratio 714/714 frac -380 to 0 fo 0 frame 237437
cmdtype 7 isSuc 0 cc 0x0 subf 5

[2023-08-07 18:37:08.177] 接收<- frame_head_dfe 104804985
wcmd2c w 7 r 6 type 13 cc 0x0 idx 0 subf 2
track succ pre 0x1 rssi -22 cur 20.0 last 20.67 ratio 715/715 frac -379 to 0 fo 44561 frame 237438

[2023-08-07 18:37:08.289] 接收<- cmdtype 7 isSuc 0 cc 0x0 subf 5

[2023-08-07 18:37:08.402] 接收<- wcmd2c w 0 r 7 type 13 cc 0x0 idx 0 subf 2
track succ pre 0x1 rssi -21 cur 19.0 last 20.50 ratio 716/716 frac -379 to 0 fo 0 frame 237439
cmdtype 7 isSuc 0 cc 0x0 subf 5

[2023-08-07 18:37:08.514] 接收<- wcmd2c w 1 r 0 type 13 cc 0x0 idx 0 subf 2
track succ pre 0x1 rssi -22 cur 20.25 last 20.47 ratio 717/717 frac -379 to 0 fo 0 frame 237440
cmdtype 7 isSuc 0 cc 0x0 subf 5

[2023-08-07 18:37:08.645] 接收<- wcmd2c w 2 r 1 type 13 cc 0x0 idx 0 subf 2
track succ pre 0x1 rssi -21 cur 20.0 last 20.43 ratio 718/718 frac -380 to 0 fo -44561 frame 237441
cmdtype 7 isSuc 0 cc 0x0 subf 5

[2023-08-07 18:37:08.759] 接收<- wcmd2c w 3 r 2 type 13 cc 0x0 idx 0 subf 2
track succ pre 0x1 rssi -22 cur 20.0 last 20.38 ratio 719/719 frac -380 to 0 fo 0 frame 237442

[2023-08-07 18:37:08.872] 接收<- cmdtype 7 isSuc 0 cc 0x0 subf 5

[2023-08-07 18:37:08.984] 接收<- wcmd2c w 4 r 3 type 13 cc 0x0 idx 0 subf 2
track succ pre 0x1 rssi -21 cur 19.50 last 20.29 ratio 720/720 frac -380 to 1 fo 0 frame 237443
cmdtype 7 isSuc 0 cc 0x0 subf 5

[2023-08-07 18:37:09.098] 接收<- wcmd2c w 5 r 4 type 13 cc 0x0 idx 0 subf 2
track succ pre 0x1 rssi -22 cur 19.50 last 20.21 ratio 721/721 frac -380 to 0 fo 0 frame 237444
cmdtype 7 isSuc 0 cc 0x0 subf 5

[2023-08-07 18:37:09.221] 接收<- wcmd2c w 6 r 5 type 13 cc 0x0 idx 0 subf 2
track succ pre 0x1 rssi -21 cur 20.50 last 20.24 ratio 722/722 frac -380 to 0 fo 0 frame 237445
cmdtype 7 isSuc 0 cc 0x0 subf 5

[2023-08-07 18:37:09.434] 接收<- wcmd2c w 7 r 6 type 13 cc 0x0 idx 0 subf 2
track succ pre 0x9 rssi -21 cur 23.50 last 20.57 ratio 723/723 frac -380 to 1 fo -44561 frame 237446
cmdtype 7 isSuc 0 cc 0x0 subf 5
wcmd2c w 0 r 7 type 2 cc 0x0 idx 0 subf 6
cmdtype 2 isSuc 1 cc 0x0 subf 9

[2023-08-07 18:37:09.547] 接收<- wcmd2c w 1 r 0 type 13 cc 0x0 idx 0 subf 2
track succ pre 0x1 rssi -22 cur 20.0 last 20.51 ratio 724/724 frac -380 to 0 fo 0 frame 237447
cmdtype 7 isSuc 0 cc 0x0 subf 5

[2023-08-07 18:37:09.661] 接收<- wcmd2c w 2 r 1 type 13 cc 0x0 idx 0 subf 2
track succ pre 0x1 rssi -21 cur 20.25 last 20.48 ratio 725/725 frac -380 to 0 fo 0 frame 237448
cmdtype 7 isSuc 0 cc 0x0 subf 5

[2023-08-07 18:37:09.783] 接收<- wcmd2c w 3 r 2 type 13 cc 0x0 idx 0 subf 2
track succ pre 0x1 rssi -22 cur 20.50 last 20.48 ratio 726/726 frac -381 to 0 fo -44561 frame 237449

[2023-08-07 18:37:09.896] 接收<- cmdtype 7 isSuc 0 cc 0x0 subf 5

[2023-08-07 18:37:10.009] 接收<- wcmd2c w 4 r 3 type 13 cc 0x0 idx 0 subf 2
track succ pre 0x1 rssi -21 cur 20.25 last 20.46 ratio 727/727 frac -381 to 0 fo 0 frame 237450
cmdtype 7 isSuc 0 cc 0x0 subf 5

[2023-08-07 18:37:10.122] 接收<- wcmd2c w 5 r 4 type 13 cc 0x0 idx 0 subf 2
track succ pre 0x1 rssi -22 cur 19.50 last 20.36 ratio 728/728 frac -380 to 0 fo 44561 frame 237451
cmdtype 7 isSuc 0 cc 0x0 subf 5

[2023-08-07 18:37:10.251] 接收<- wcmd2c w 6 r 5 type 13 cc 0x0 idx 0 subf 2
track succ pre 0x1 rssi -21 cur 20.25 last 20.35 ratio 729/729 frac -380 to 0 fo 0 frame 237452
cmdtype 7 isSuc 0 cc 0x0 subf 5

[2023-08-07 18:37:10.363] 接收<- wcmd2c w 7 r 6 type 13 cc 0x0 idx 0 subf 2
track succ pre 0x1 rssi -22 cur 20.25 last 20.34 ratio 730/730 frac -380 to 0 fo 0 frame 237453

[2023-08-07 18:37:10.477] 接收<- cmdtype 7 isSuc 0 cc 0x0 subf 5

[2023-08-07 18:37:10.591] 接收<- wcmd2c w 0 r 7 type 13 cc 0x0 idx 0 subf 2
track succ pre 0x1 rssi -21 cur 20.25 last 20.33 ratio 731/731 frac -380 to 0 fo 0 frame 237454
cmdtype 7 isSuc 0 cc 0x0 subf 5

[2023-08-07 18:37:10.704] 接收<- wcmd2c w 1 r 0 type 13 cc 0x0 idx 0 subf 2
track succ pre 0x1 rssi -22 cur 20.25 last 20.32 ratio 732/732 frac -380 to 0 fo 0 frame 237455
cmdtype 7 isSuc 0 cc 0x0 subf 5

[2023-08-07 18:37:10.832] 接收<- wcmd2c w 2 r 1 type 13 cc 0x0 idx 0 subf 2
track succ pre 0x1 rssi -21 cur 19.75 last 20.27 ratio 733/733 frac -380 to 0 fo 0 frame 237456
cmdtype 7 isSuc 0 cc 0x0 subf 5

[2023-08-07 18:37:11.006] 接收<- wcmd2c w 3 r 2 type 13 cc 0x0 idx 0 subf 2
track succ pre 0x9 rssi -22 cur 25.50 last 20.79 ratio 734/734 frac -380 to 0 fo 0 frame 237457
cmdtype 7 isSuc 0 cc 0x0 subf 5
wcmd2c w 4 r 3 type 2 cc 0x0 idx 0 subf 6
cmdtype 2 isSuc 1 cc 0x0 subf 9

[2023-08-07 18:37:11.121] 接收<- wcmd2c w 5 r 4 type 13 cc 0x0 idx 0 subf 2
track succ pre 0x1 rssi -21 cur 20.25 last 20.73 ratio 735/735 frac -380 to 0 fo 0 frame 237458
cmdtype 7 isSuc 0 cc 0x0 subf 5

[2023-08-07 18:37:11.241] 接收<- wcmd2c w 6 r 5 type 13 cc 0x0 idx 0 subf 2
track succ pre 0x1 rssi -22 cur 20.25 last 20.69 ratio 736/736 frac -381 to 0 fo -44561 frame 237459

[2023-08-07 18:37:11.353] 接收<- cmdtype 7 isSuc 0 cc 0x0 subf 5

[2023-08-07 18:37:11.470] 接收<- wcmd2c w 7 r 6 type 13 cc 0x0 idx 0 subf 2
track succ pre 0x1 rssi -21 cur 20.25 last 20.64 ratio 737/737 frac -381 to 0 fo 0 frame 237460
cmdtype 7 isSuc 0 cc 0x0 subf 5

[2023-08-07 18:37:11.584] 接收<- wcmd2c w 0 r 7 type 13 cc 0x0 idx 0 subf 2
track succ pre 0x1 rssi -22 cur 19.50 last 20.53 ratio 738/738 frac -381 to 0 fo -44561 frame 237461
cmdtype 7 isSuc 0 cc 0x0 subf 5

[2023-08-07 18:37:11.706] 接收<- wcmd2c w 1 r 0 type 13 cc 0x0 idx 0 subf 2
track succ pre 0x1 rssi -21 cur 20.0 last 20.47 ratio 739/739 frac -381 to 0 fo 0 frame 237462
cmdtype 7 isSuc 0 cc 0x0 subf 5

[2023-08-07 18:37:11.850] 接收<- wcmd2c w 2 r 1 type 13 cc 0x0 idx 0 subf 2
track succ pre 0x1 rssi -22 cur 19.50 last 20.38 ratio 740/740 frac -381 to 0 fo 0 frame 237463
cmdtype 7 isSuc 0 cc 0x0 subf 5

[2023-08-07 18:37:11.993] 接收<- wcmd2c w 3 r 2 type 13 cc 0x0 idx 0 subf 2
track succ pre 0x1 rssi -21 cur 20.0 last 20.34 ratio 741/741 frac -380 to 0 fo 89122 frame 237464
cmdtype 7 isSuc 0 cc 0x0 subf 5

