[2023-08-08 19:53:55.580] 接收<- wcmd2c w 3 r 2 type 6 cc 0x0 idx 0 subf 24
wcmd2c w 4 r 2 type 4 cc 0x0 idx 0 subf 24

[2023-08-08 19:53:55.716] 接收<- track succ pre 0x1 rssi -83 cur 9.75 last 8.43 ratio 1300/1301 frac 1450 to 1 fo 0 frame 1306
cmdtype 4 isSuc 1 cc 0xc subf 3
cmdtype 3 isSuc 0 cc 0x8 subf 3
active ack ul type 3
gen next data Len 30 cc 0xa seq 6 islast 0 mcs 255 2

[2023-08-08 19:53:55.841] 接收<- total 24380 used 10364 maxused 11008

[2023-08-08 19:53:56.185] 接收<- active arrange ultype 3 mode 0
wcmd2c w 5 r 4 type 3 cc 0xa idx 0 subf 16

[2023-08-08 19:53:56.417] 接收<- wcmd2c w 6 r 5 type 6 cc 0x0 idx 0 subf 24
wcmd2c w 7 r 5 type 4 cc 0x0 idx 0 subf 24

[2023-08-08 19:53:56.557] 接收<- track succ pre 0x1 rssi -82 cur 9.75 last 8.56 ratio 1301/1302 frac 1450 to 0 fo 10955 frame 1307
cmdtype 4 isSuc 1 cc 0xc subf 3
cmdtype 3 isSuc 0 cc 0x13 subf 3
active ack ul type 3
gen next data Len 24 cc 0xa seq 7 islast 1 mcs 2 2

[2023-08-08 19:53:57.012] 接收<- active arrange ultype 3 mode 0
wcmd2c w 0 r 7 type 3 cc 0xa idx 0 subf 16

[2023-08-08 19:53:57.246] 接收<- wcmd2c w 1 r 0 type 6 cc 0x0 idx 0 subf 24
wcmd2c w 2 r 0 type 4 cc 0x0 idx 0 subf 24

[2023-08-08 19:53:57.371] 接收<- track succ pre 0x1 rssi -80 cur 14.0 last 9.11 ratio 1302/1303 frac 1450 to 1 fo 10955 frame 1308

[2023-08-08 19:53:57.496] 接收<- cmdtype 4 isSuc 1 cc 0xc subf 3
cmdtype 3 isSuc 0 cc 0x8 subf 3
active ack ul type 3
mac sent isUsed 1 result 0
uc send result 0 data 0x30b0f0

[2023-08-08 19:53:58.167] 接收<- wcmd2c w 3 r 2 type 4 cc 0x0 idx 0 subf 24

[2023-08-08 19:53:58.292] 接收<- track succ pre 0x9 rssi -78 cur 14.75 last 9.67 ratio 1303/1304 frac 1450 to 1 fo 0 frame 1309
cmdtype 3 isSuc 0 cc 0x4 subf 3

[2023-08-08 19:53:58.416] 接收<- wcmd2c w 4 r 3 type 2 cc 0x0 idx 0 subf 6

[2023-08-08 19:53:58.541] 接收<- cmdtype 2 isSuc 1 cc 0x0 subf 9
mac user singalCode 0x401
l1 mac cmd 203 msg 30b1f0
state 3 mac data len 235 isempty 1
gen first data mode 1 cc 0xa isEnd 0 len 30 total 3

[2023-08-08 19:53:58.665] 接收<- active arrange ultype 3 mode 0
wcmd2c w 5 r 4 type 3 cc 0xa idx 0 subf 16

[2023-08-08 19:53:59.008] 接收<- wcmd2c w 6 r 5 type 6 cc 0x0 idx 0 subf 24
wcmd2c w 7 r 5 type 4 cc 0x0 idx 0 subf 24

[2023-08-08 19:53:59.132] 接收<- track succ pre 0x1 rssi -81 cur 9.25 last 9.63 ratio 1304/1305 frac 1450 to 1 fo 0 frame 1310
cmdtype 4 isSuc 1 cc 0xc subf 3
cmdtype 3 isSuc 0 cc 0x8 subf 3
active ack ul type 3
gen next data Len 30 cc 0xa seq 1 islast 0 mcs 255 2

[2023-08-08 19:53:59.588] 接收<- active arrange ultype 3 mode 0
wcmd2c w 0 r 7 type 3 cc 0xa idx 0 subf 16

[2023-08-08 19:53:59.825] 接收<- wcmd2c w 1 r 0 type 6 cc 0x0 idx 0 subf 24
wcmd2c w 2 r 0 type 4 cc 0x0 idx 0 subf 24

[2023-08-08 19:53:59.948] 接收<- track succ pre 0x1 rssi -78 cur -8.25 last 7.94 ratio 1305/1306 frac 1450 to 1 fo 10955 frame 1311
cmdtype 4 isSuc 1 cc 0xc subf 3
cmdtype 3 isSuc 0 cc 0x8 subf 3
active ack ul type 3
gen next data Len 30 cc 0xa seq 2 islast 0 mcs 255 2

[2023-08-08 19:54:00.399] 接收<- active arrange ultype 3 mode 0
wcmd2c w 3 r 2 type 3 cc 0xa idx 0 subf 16

[2023-08-08 19:54:00.633] 接收<- wcmd2c w 4 r 3 type 6 cc 0x0 idx 0 subf 24
wcmd2c w 5 r 3 type 4 cc 0x0 idx 0 subf 24

[2023-08-08 19:54:00.773] 接收<- track succ pre 0x1 rssi -78 cur 3.0 last 7.44 ratio 1306/1307 frac 1450 to 1 fo 10955 frame 1312
cmdtype 4 isSuc 1 cc 0xc subf 3
cmdtype 3 isSuc 0 cc 0x1f subf 3
active ack ul type 3
gen next data Len 30 cc 0xa seq 3 islast 0 mcs 255 2

[2023-08-08 19:54:01.221] 接收<- active arrange ultype 3 mode 0
wcmd2c w 6 r 5 type 3 cc 0xa idx 0 subf 16

[2023-08-08 19:54:01.564] 接收<- wcmd2c w 7 r 6 type 6 cc 0x0 idx 0 subf 24
wcmd2c w 0 r 6 type 4 cc 0x0 idx 0 subf 24

[2023-08-08 19:54:01.691] 接收<- track succ pre 0x1 rssi -78 cur 14.50 last 8.15 ratio 1307/1308 frac 1450 to 1 fo 0 frame 1313
cmdtype 4 isSuc 1 cc 0xc subf 3
cmdtype 3 isSuc 0 cc 0x8 subf 3
active ack ul type 3
gen next data Len 30 cc 0xa seq 4 islast 0 mcs 255 2

[2023-08-08 19:54:02.145] 接收<- active arrange ultype 3 mode 0
wcmd2c w 1 r 0 type 3 cc 0xa idx 0 subf 16

[2023-08-08 19:54:02.380] 接收<- wcmd2c w 2 r 1 type 6 cc 0x0 idx 0 subf 24
wcmd2c w 3 r 1 type 4 cc 0x0 idx 0 subf 24

[2023-08-08 19:54:02.505] 接收<- track succ pre 0x1 rssi -81 cur 14.0 last 8.73 ratio 1308/1309 frac 1450 to 1 fo -10955 frame 1314
cmdtype 4 isSuc 1 cc 0xc subf 3
cmdtype 3 isSuc 0 cc 0x8 subf 3
active ack ul type 3
gen next data Len 30 cc 0xa seq 5 islast 0 mcs 255 2

[2023-08-08 19:54:02.958] 接收<- active arrange ultype 3 mode 0
wcmd2c w 4 r 3 type 3 cc 0xa idx 0 subf 16

[2023-08-08 19:54:03.192] 接收<- wcmd2c w 5 r 4 type 6 cc 0x0 idx 0 subf 24
wcmd2c w 6 r 4 type 4 cc 0x0 idx 0 subf 24

[2023-08-08 19:54:03.317] 接收<- track succ pre 0x1 rssi -83 cur 10.50 last 8.91 ratio 1309/1310 frac 1450 to 1 fo -10955 frame 1315
cmdtype 4 isSuc 1 cc 0xc subf 3
cmdtype 3 isSuc 0 cc 0xd subf 3
active ack ul type 3
gen next data Len 30 cc 0xa seq 6 islast 0 mcs 255 2

[2023-08-08 19:54:03.769] 接收<- active arrange ultype 3 mode 0
wcmd2c w 7 r 6 type 3 cc 0xa idx 0 subf 16

[2023-08-08 19:54:04.003] 接收<- wcmd2c w 0 r 7 type 6 cc 0x0 idx 0 subf 24
wcmd2c w 1 r 7 type 4 cc 0x0 idx 0 subf 24

[2023-08-08 19:54:04.127] 接收<- track succ pre 0x1 rssi -82 cur 10.50 last 9.7 ratio 1310/1311 frac 1450 to 0 fo 10955 frame 1316

[2023-08-08 19:54:04.252] 接收<- cmdtype 4 isSuc 1 cc 0xc subf 3
cmdtype 3 isSuc 0 cc 0x8 subf 3
active ack ul type 3
gen next data Len 25 cc 0xa seq 7 islast 1 mcs 2 2

[2023-08-08 19:54:04.593] 接收<- active arrange ultype 3 mode 0
wcmd2c w 2 r 1 type 3 cc 0xa idx 0 subf 16

[2023-08-08 19:54:04.937] 接收<- wcmd2c w 3 r 2 type 6 cc 0x0 idx 0 subf 24
wcmd2c w 4 r 2 type 4 cc 0x0 idx 0 subf 24

[2023-08-08 19:54:05.062] 接收<- track succ pre 0x1 rssi -80 cur -4.0 last 7.76 ratio 1311/1312 frac 1450 to 1 fo 10955 frame 1317
cmdtype 4 isSuc 1 cc 0xc subf 3
cmdtype 3 isSuc 0 cc 0xf subf 3
active ack ul type 3
mac sent isUsed 1 result 0
uc send result 0 data 0x30b0f0

[2023-08-08 19:54:05.738] 接收<- wcmd2c w 5 r 4 type 4 cc 0x0 idx 0 subf 24

[2023-08-08 19:54:05.864] 接收<- track succ pre 0x1 rssi -78 cur 14.0 last 8.38 ratio 1312/1313 frac 1450 to 1 fo 0 frame 1318
cmdtype 3 isSuc 0 cc 0x3 subf 3
total 24380 used 10072 maxused 11008

[2023-08-08 19:54:06.102] 接收<- mac user singalCode 0x401
l1 mac cmd 203 msg 30b1f0
state 3 mac data len 236 isempty 1
gen first data mode 1 cc 0xa isEnd 0 len 30 total 3

[2023-08-08 19:54:06.342] 接收<- active arrange ultype 3 mode 0
wcmd2c w 6 r 5 type 3 cc 0xa idx 0 subf 16

