[2023-08-08 13:59:05.644] 接收<- wcmd2c w 3 r 2 type 4 cc 0x0 idx 0 subf 24
track succ pre 0x9 rssi -84 cur 10.25 last 10.9 ratio 2089/2091 frac 1480 to 1 fo 21974 frame 2101
cmdtype 3 isSuc 0 cc 0x10 subf 3
wcmd2c w 4 r 3 type 2 cc 0x0 idx 0 subf 6
cmdtype 2 isSuc 1 cc 0x0 subf 9

[2023-08-08 13:59:06.065] 接收<- wcmd2c w 5 r 4 type 4 cc 0x0 idx 0 subf 24
track succ pre 0x1 rssi -86 cur 10.50 last 10.13 ratio 2090/2092 frac 1480 to 0 fo 0 frame 2102
cmdtype 3 isSuc 0 cc 0x7 subf 3

[2023-08-08 13:59:06.284] 接收<- mac user singalCode 0x401
l1 mac cmd 203 msg 30b194
state 3 mac data len 143 isempty 1
gen first data mode 1 cc 0x8 isEnd 0 len 6 total 3
active arrange ultype 3 mode 0
wcmd2c w 6 r 5 type 3 cc 0x8 idx 0 subf 16

[2023-08-08 13:59:06.502] 接收<- wcmd2c w 7 r 6 type 6 cc 0x0 idx 0 subf 24
wcmd2c w 0 r 6 type 4 cc 0x0 idx 0 subf 24
track succ pre 0x1 rssi -86 cur 10.25 last 10.15 ratio 2091/2093 frac 1480 to 1 fo 21974 frame 2103
cmdtype 4 isSuc 1 cc 0xc subf 3
cmdtype 3 isSuc 0 cc 0x2 subf 3
active ack ul type 3
gen next data Len 6 cc 0x8 seq 1 islast 0 mcs 255 0

[2023-08-08 13:59:06.737] 接收<- active arrange ultype 3 mode 0
wcmd2c w 1 r 0 type 3 cc 0x8 idx 0 subf 16
wcmd2c w 2 r 1 type 6 cc 0x0 idx 0 subf 24
wcmd2c w 3 r 1 type 4 cc 0x0 idx 0 subf 24

[2023-08-08 13:59:06.956] 接收<- track succ pre 0x1 rssi -86 cur 9.50 last 10.8 ratio 2092/2094 frac 1480 to 0 fo 0 frame 2104
cmdtype 4 isSuc 1 cc 0xc subf 3
cmdtype 3 isSuc 0 cc 0x2 subf 3
active ack ul type 3
gen next data Len 6 cc 0x8 seq 2 islast 0 mcs 255 0

[2023-08-08 13:59:07.176] 接收<- active arrange ultype 3 mode 0
wcmd2c w 4 r 3 type 3 cc 0x8 idx 0 subf 16
wcmd2c w 5 r 4 type 6 cc 0x0 idx 0 subf 24
wcmd2c w 6 r 4 type 4 cc 0x0 idx 0 subf 24

[2023-08-08 13:59:07.394] 接收<- track succ pre 0x1 rssi -82 cur 31.75 last 12.25 ratio 2093/2095 frac 1480 to 1 fo 43948 frame 2105
cmdtype 4 isSuc 1 cc 0xc subf 3
cmdtype 3 isSuc 0 cc 0x2 subf 3
active ack ul type 3
gen next data Len 6 cc 0x8 seq 3 islast 0 mcs 255 0

[2023-08-08 13:59:07.615] 接收<- active arrange ultype 3 mode 0
wcmd2c w 7 r 6 type 3 cc 0x8 idx 0 subf 16
wcmd2c w 0 r 7 type 6 cc 0x0 idx 0 subf 24
wcmd2c w 1 r 7 type 4 cc 0x0 idx 0 subf 24

[2023-08-08 13:59:07.834] 接收<- track succ pre 0x1 rssi -87 cur 2.50 last 11.27 ratio 2094/2096 frac 1481 to 0 fo 21974 frame 2106
cmdtype 4 isSuc 1 cc 0xc subf 3
cmdtype 3 isSuc 0 cc 0xd subf 3
active ack ul type 3
gen next data Len 6 cc 0x8 seq 4 islast 0 mcs 255 0

[2023-08-08 13:59:08.084] 接收<- active arrange ultype 3 mode 0
wcmd2c w 2 r 1 type 3 cc 0x8 idx 0 subf 16
wcmd2c w 3 r 2 type 6 cc 0x0 idx 0 subf 24
wcmd2c w 4 r 2 type 4 cc 0x0 idx 0 subf 24
frame_head_dfe 889890821
track succ pre 0x1 rssi -83 cur 12.75 last 11.42 ratio 2095/2097 frac 1481 to 1 fo 21974 frame 2107
cmdtype 4 isSuc 1 cc 0xc subf 3
cmdtype 3 isSuc 0 cc 0x2 subf 3
active ack ul type 3
gen next data Len 6 cc 0x8 seq 5 islast 0 mcs 255 0

[2023-08-08 13:59:08.301] 接收<- active arrange ultype 3 mode 0
wcmd2c w 5 r 4 type 3 cc 0x8 idx 0 subf 16

[2023-08-08 13:59:08.533] 接收<- wcmd2c w 6 r 5 type 6 cc 0x0 idx 0 subf 24
wcmd2c w 7 r 5 type 4 cc 0x0 idx 0 subf 24
track succ pre 0x1 rssi -83 cur 8.50 last 11.13 ratio 2096/2098 frac 1481 to 0 fo 21974 frame 2108
cmdtype 4 isSuc 1 cc 0xc subf 3
cmdtype 3 isSuc 0 cc 0x2 subf 3
active ack ul type 3
gen next data Len 6 cc 0x8 seq 6 islast 0 mcs 255 0

[2023-08-08 13:59:08.756] 接收<- active arrange ultype 3 mode 0
wcmd2c w 0 r 7 type 3 cc 0x8 idx 0 subf 16

[2023-08-08 13:59:08.976] 接收<- wcmd2c w 1 r 0 type 6 cc 0x0 idx 0 subf 24
wcmd2c w 2 r 0 type 4 cc 0x0 idx 0 subf 24
track succ pre 0x1 rssi -82 cur 12.25 last 11.24 ratio 2097/2099 frac 1480 to 0 fo -65922 frame 2109
cmdtype 4 isSuc 1 cc 0xc subf 3
cmdtype 3 isSuc 0 cc 0x2 subf 3
active ack ul type 3
gen next data Len 6 cc 0x8 seq 7 islast 0 mcs 255 0

[2023-08-08 13:59:09.196] 接收<- active arrange ultype 3 mode 0
wcmd2c w 3 r 2 type 3 cc 0x8 idx 0 subf 16

[2023-08-08 13:59:09.414] 接收<- wcmd2c w 4 r 3 type 6 cc 0x0 idx 0 subf 24
wcmd2c w 5 r 3 type 4 cc 0x0 idx 0 subf 24
track succ pre 0x1 rssi -84 cur 9.75 last 11.9 ratio 2098/2100 frac 1480 to 1 fo 0 frame 2110
cmdtype 4 isSuc 1 cc 0xc subf 3
cmdtype 3 isSuc 0 cc 0x2 subf 3
active ack ul type 3
gen next data Len 6 cc 0x8 seq 8 islast 0 mcs 255 0

[2023-08-08 13:59:09.635] 接收<- active arrange ultype 3 mode 0
wcmd2c w 6 r 5 type 3 cc 0x8 idx 0 subf 16

[2023-08-08 13:59:09.854] 接收<- wcmd2c w 7 r 6 type 6 cc 0x0 idx 0 subf 24
wcmd2c w 0 r 6 type 4 cc 0x0 idx 0 subf 24
frame_head_dfe 891581129
track succ pre 0x1 rssi -86 cur 10.0 last 10.98 ratio 2099/2101 frac 1480 to 0 fo -21974 frame 2111
cmdtype 4 isSuc 1 cc 0xc subf 3
cmdtype 3 isSuc 0 cc 0x1a subf 3
active ack ul type 3
gen next data Len 6 cc 0x8 seq 9 islast 0 mcs 255 0

[2023-08-08 13:59:10.073] 接收<- active arrange ultype 3 mode 0
wcmd2c w 1 r 0 type 3 cc 0x8 idx 0 subf 16

[2023-08-08 13:59:10.293] 接收<- wcmd2c w 2 r 1 type 6 cc 0x0 idx 0 subf 24
wcmd2c w 3 r 1 type 4 cc 0x0 idx 0 subf 24
track succ pre 0x9 rssi -86 cur 10.0 last 10.88 ratio 2100/2102 frac 1480 to 1 fo 0 frame 2112
cmdtype 4 isSuc 1 cc 0xc subf 3
cmdtype 3 isSuc 0 cc 0x1a subf 3
active ack ul type 3
gen next data Len 6 cc 0x8 seq 10 islast 0 mcs 255 0
wcmd2c w 4 r 3 type 2 cc 0x0 idx 0 subf 6
cmdtype 2 isSuc 1 cc 0x0 subf 9

[2023-08-08 13:59:10.514] 接收<- active arrange ultype 3 mode 0
wcmd2c w 5 r 4 type 3 cc 0x8 idx 0 subf 16

[2023-08-08 13:59:10.732] 接收<- wcmd2c w 6 r 5 type 6 cc 0x0 idx 0 subf 24
wcmd2c w 7 r 5 type 4 cc 0x0 idx 0 subf 24
track succ pre 0x1 rssi -86 cur 9.25 last 10.72 ratio 2101/2103 frac 1480 to 0 fo 21974 frame 2113
cmdtype 4 isSuc 1 cc 0xc subf 3
cmdtype 3 isSuc 0 cc 0x2 subf 3
active ack ul type 3
gen next data Len 6 cc 0x8 seq 11 islast 0 mcs 255 0

[2023-08-08 13:59:10.966] 接收<- active arrange ultype 3 mode 0
wcmd2c w 0 r 7 type 3 cc 0x8 idx 0 subf 16
wcmd2c w 1 r 0 type 6 cc 0x0 idx 0 subf 24
wcmd2c w 2 r 0 type 4 cc 0x0 idx 0 subf 24

[2023-08-08 13:59:11.187] 接收<- track succ pre 0x1 rssi -86 cur 0.75 last 9.72 ratio 2102/2104 frac 1481 to 1 fo 21974 frame 2114
cmdtype 4 isSuc 1 cc 0xc subf 3
cmdtype 3 isSuc 0 cc 0x2 subf 3
active ack ul type 3
gen next data Len 6 cc 0x8 seq 12 islast 0 mcs 255 0

[2023-08-08 13:59:11.406] 接收<- active arrange ultype 3 mode 0
wcmd2c w 3 r 2 type 3 cc 0x8 idx 0 subf 16
wcmd2c w 4 r 3 type 6 cc 0x0 idx 0 subf 24
wcmd2c w 5 r 3 type 4 cc 0x0 idx 0 subf 24
frame_head_dfe 893271437

[2023-08-08 13:59:11.626] 接收<- track succ pre 0x1 rssi -82 cur 12.75 last 10.2 ratio 2103/2105 frac 1481 to 0 fo 43948 frame 2115
cmdtype 4 isSuc 1 cc 0xc subf 3
cmdtype 3 isSuc 0 cc 0x2 subf 3
active ack ul type 3
gen next data Len 6 cc 0x8 seq 13 islast 0 mcs 255 0

[2023-08-08 13:59:11.847] 接收<- active arrange ultype 3 mode 0
wcmd2c w 6 r 5 type 3 cc 0x8 idx 0 subf 16
wcmd2c w 7 r 6 type 6 cc 0x0 idx 0 subf 24
wcmd2c w 0 r 6 type 4 cc 0x0 idx 0 subf 24

[2023-08-08 13:59:12.067] 接收<- track succ pre 0x1 rssi -80 cur 12.0 last 10.22 ratio 2104/2106 frac 1481 to 1 fo 21974 frame 2116
cmdtype 4 isSuc 1 cc 0xc subf 3
cmdtype 3 isSuc 0 cc 0x2 subf 3
active ack ul type 3
gen next data Len 6 cc 0x8 seq 14 islast 0 mcs 255 0

[2023-08-08 13:59:12.302] 接收<- active arrange ultype 3 mode 0
wcmd2c w 1 r 0 type 3 cc 0x8 idx 0 subf 16
wcmd2c w 2 r 1 type 6 cc 0x0 idx 0 subf 24
wcmd2c w 3 r 1 type 4 cc 0x0 idx 0 subf 24
track succ pre 0x1 rssi -78 cur 13.50 last 10.55 ratio 2105/2107 frac 1481 to 0 fo 0 frame 2117
cmdtype 4 isSuc 1 cc 0xc subf 3
cmdtype 3 isSuc 0 cc 0x14 subf 3
active ack ul type 3
gen next data Len 6 cc 0x8 seq 15 islast 0 mcs 255 0

[2023-08-08 13:59:12.520] 接收<- active arrange ultype 3 mode 0
wcmd2c w 4 r 3 type 3 cc 0x8 idx 0 subf 16

[2023-08-08 13:59:12.740] 接收<- wcmd2c w 5 r 4 type 6 cc 0x0 idx 0 subf 24
wcmd2c w 6 r 4 type 4 cc 0x0 idx 0 subf 24
track succ pre 0x1 rssi -78 cur 13.0 last 10.79 ratio 2106/2108 frac 1481 to 1 fo 0 frame 2118
cmdtype 4 isSuc 1 cc 0xc subf 3
cmdtype 3 isSuc 0 cc 0x2 subf 3
active ack ul type 3
gen next data Len 6 cc 0x8 seq 16 islast 0 mcs 255 0

[2023-08-08 13:59:12.959] 接收<- active arrange ultype 3 mode 0
wcmd2c w 7 r 6 type 3 cc 0x8 idx 0 subf 16

[2023-08-08 13:59:13.175] 接收<- wcmd2c w 0 r 7 type 6 cc 0x0 idx 0 subf 24
wcmd2c w 1 r 7 type 4 cc 0x0 idx 0 subf 24
track succ pre 0x1 rssi -82 cur 6.0 last 10.31 ratio 2107/2109 frac 1481 to 0 fo -21974 frame 2119
cmdtype 4 isSuc 1 cc 0xc subf 3
cmdtype 3 isSuc 0 cc 0x2 subf 3
active ack ul type 3
gen next data Len 6 cc 0x8 seq 17 islast 0 mcs 255 0

[2023-08-08 13:59:13.395] 接收<- active arrange ultype 3 mode 0
wcmd2c w 2 r 1 type 3 cc 0x8 idx 0 subf 16

[2023-08-08 13:59:13.614] 接收<- wcmd2c w 3 r 2 type 6 cc 0x0 idx 0 subf 24
wcmd2c w 4 r 2 type 4 cc 0x0 idx 0 subf 24
track succ pre 0x1 rssi -84 cur 10.0 last 10.28 ratio 2108/2110 frac 1481 to 0 fo 0 frame 2120
cmdtype 4 isSuc 1 cc 0xc subf 3
cmdtype 3 isSuc 0 cc 0x2 subf 3
active ack ul type 3
gen next data Len 6 cc 0x8 seq 18 islast 0 mcs 255 0

[2023-08-08 13:59:13.834] 接收<- active arrange ultype 3 mode 0
wcmd2c w 5 r 4 type 3 cc 0x8 idx 0 subf 16

[2023-08-08 13:59:14.053] 接收<- wcmd2c w 6 r 5 type 6 cc 0x0 idx 0 subf 24
wcmd2c w 7 r 5 type 4 cc 0x0 idx 0 subf 24
track succ pre 0x1 rssi -86 cur 10.25 last 10.28 ratio 2109/2111 frac 1481 to 1 fo 21974 frame 2121
cmdtype 4 isSuc 1 cc 0xc subf 3
cmdtype 3 isSuc 0 cc 0x2 subf 3
active ack ul type 3
gen next data Len 6 cc 0x8 seq 19 islast 0 mcs 255 0

[2023-08-08 13:59:14.272] 接收<- active arrange ultype 3 mode 0
wcmd2c w 0 r 7 type 3 cc 0x8 idx 0 subf 16

[2023-08-08 13:59:14.492] 接收<- wcmd2c w 1 r 0 type 6 cc 0x0 idx 0 subf 24
wcmd2c w 2 r 0 type 4 cc 0x0 idx 0 subf 24
track succ pre 0x1 rssi -88 cur -5.0 last 8.75 ratio 2110/2112 frac 1481 to 0 fo 21974 frame 2122
cmdtype 4 isSuc 1 cc 0xc subf 3
cmdtype 3 isSuc 0 cc 0xc subf 3
active ack ul type 3
gen next data Len 6 cc 0x8 seq 20 islast 0 mcs 255 0

[2023-08-08 13:59:14.710] 接收<- active arrange ultype 3 mode 0
wcmd2c w 3 r 2 type 3 cc 0x8 idx 0 subf 16

[2023-08-08 13:59:14.932] 接收<- wcmd2c w 4 r 3 type 6 cc 0x0 idx 0 subf 24
wcmd2c w 5 r 3 type 4 cc 0x0 idx 0 subf 24
total 24380 used 10252 maxused 11008
track succ pre 0x9 rssi -88 cur 9.25 last 8.80 ratio 2111/2113 frac 1481 to 1 fo 0 frame 2123
cmdtype 4 isSuc 1 cc 0xc subf 3
cmdtype 3 isSuc 0 cc 0x2 subf 3
active ack ul type 3
gen next data Len 6 cc 0x8 seq 21 islast 0 mcs 255 0
wcmd2c w 6 r 5 type 2 cc 0x0 idx 0 subf 6
cmdtype 2 isSuc 1 cc 0x0 subf 9

[2023-08-08 13:59:15.150] 接收<- active arrange ultype 3 mode 0
wcmd2c w 7 r 6 type 3 cc 0x8 idx 0 subf 16

[2023-08-08 13:59:15.370] 接收<- wcmd2c w 0 r 7 type 6 cc 0x0 idx 0 subf 24
wcmd2c w 1 r 7 type 4 cc 0x0 idx 0 subf 24
track succ pre 0x1 rssi -84 cur 0.0 last 7.92 ratio 2112/2114 frac 1481 to 0 fo 0 frame 2124
cmdtype 4 isSuc 1 cc 0xc subf 3
cmdtype 3 isSuc 0 cc 0x1b subf 3
active ack ul type 3
gen next data Len 6 cc 0x8 seq 22 islast 0 mcs 255 0

