[2023-08-07 18:38:54.740] 发送->:AT+WIOTARUN=0
█
[2023-08-07 18:38:54.850] 接收<- cmdtype 7 isSuc 0 cc 0x0 subf 5

[2023-08-07 18:38:54.963] 接收<- wcmd2c w 4 r 3 type 13 cc 0x0 idx 0 subf 2
track succ pre 0x1 rssi -21 cur 19.50 last 20.17 ratio 1446/1446 frac -383 to 1 fo -44561 frame 238169
cmdtype 7 isSuc 0 cc 0x0 subf 5

[2023-08-07 18:38:55.076] 接收<- wcmd2c w 5 r 4 type 13 cc 0x0 idx 0 subf 2
track succ pre 0x1 rssi -21 cur 19.75 last 20.13 ratio 1447/1447 frac -383 to 0 fo 0 frame 238170
cmdtype 7 isSuc 0 cc 0x0 subf 5

[2023-08-07 18:38:55.189] 接收<- wcmd2c w 6 r 5 type 13 cc 0x0 idx 0 subf 2
track succ pre 0x1 rssi -21 cur 20.0 last 20.11 ratio 1448/1448 frac -383 to 0 fo 0 frame 238171
cmdtype 7 isSuc 0 cc 0x0 subf 5

[2023-08-07 18:38:55.403] 接收<- wcmd2c w 7 r 6 type 13 cc 0x0 idx 0 subf 2
track succ pre 0x9 rssi -21 cur 26.25 last 20.73 ratio 1449/1449 frac -382 to 0 fo 44561 frame 238172
cmdtype 7 isSuc 0 cc 0x0 subf 5
wcmd2c w 0 r 7 type 2 cc 0x0 idx 0 subf 6
cmdtype 2 isSuc 1 cc 0x0 subf 9

[2023-08-07 18:38:55.517] 接收<- wcmd2c w 1 r 0 type 13 cc 0x0 idx 0 subf 2
track succ pre 0x1 rssi -21 cur 20.50 last 20.70 ratio 1450/1450 frac -382 to 0 fo 0 frame 238173
cmdtype 7 isSuc 0 cc 0x0 subf 5

[2023-08-07 18:38:55.629] 接收<- wcmd2c w 2 r 1 type 13 cc 0x0 idx 0 subf 2
track succ pre 0x1 rssi -21 cur 20.25 last 20.66 ratio 1451/1451 frac -382 to 0 fo 0 frame 238174
cmdtype 7 isSuc 0 cc 0x0 subf 5

[2023-08-07 18:38:55.843] 接收<- wcmd2c w 3 r 2 type 13 cc 0x0 idx 0 subf 2
track succ pre 0x1 rssi -21 cur 20.25 last 20.62 ratio 1452/1452 frac -382 to 0 fo 0 frame 238175
cmdtype 7 isSuc 0 cc 0x0 subf 5

[2023-08-07 18:38:55.956] 接收<- wcmd2c w 4 r 3 type 13 cc 0x0 idx 0 subf 2
track succ pre 0x1 rssi -21 cur 19.75 last 20.53 ratio 1453/1453 frac -382 to 0 fo 44561 frame 238176
cmdtype 7 isSuc 0 cc 0x0 subf 5

[2023-08-07 18:38:56.068] 接收<- wcmd2c w 5 r 4 type 13 cc 0x0 idx 0 subf 2
track succ pre 0x1 rssi -21 cur 20.25 last 20.50 ratio 1454/1454 frac -382 to 0 fo 0 frame 238177
cmdtype 7 isSuc 0 cc 0x0 subf 5

[2023-08-07 18:38:56.282] 接收<- wcmd2c w 6 r 5 type 13 cc 0x0 idx 0 subf 2
track succ pre 0x1 rssi -21 cur 20.25 last 20.48 ratio 1455/1455 frac -382 to 0 fo -44561 frame 238178
cmdtype 7 isSuc 0 cc 0x0 subf 5

[2023-08-07 18:38:56.394] 接收<- wcmd2c w 7 r 6 type 13 cc 0x0 idx 0 subf 2
track succ pre 0x1 rssi -21 cur 20.25 last 20.45 ratio 1456/1456 frac -382 to 0 fo 44561 frame 238179
cmdtype 7 isSuc 0 cc 0x0 subf 5

[2023-08-07 18:38:56.506] 接收<- wcmd2c w 0 r 7 type 13 cc 0x0 idx 0 subf 2
track succ pre 0x1 rssi -21 cur 20.25 last 20.43 ratio 1457/1457 frac -381 to 0 fo 44561 frame 238180
cmdtype 7 isSuc 0 cc 0x0 subf 5

[2023-08-07 18:38:56.720] 接收<- wcmd2c w 1 r 0 type 13 cc 0x0 idx 0 subf 2
track succ pre 0x1 rssi -21 cur 19.75 last 20.36 ratio 1458/1458 frac -381 to 0 fo 0 frame 238181
cmdtype 7 isSuc 0 cc 0x0 subf 5

[2023-08-07 18:38:56.833] 接收<- wcmd2c w 2 r 1 type 13 cc 0x0 idx 0 subf 2
track succ pre 0x1 rssi -21 cur 20.25 last 20.35 ratio 1459/1459 frac -381 to 0 fo 0 frame 238182
cmdtype 7 isSuc 0 cc 0x0 subf 5

[2023-08-07 18:38:56.956] 接收<- wcmd2c w 3 r 2 type 13 cc 0x0 idx 0 subf 2
track succ pre 0x9 rssi -21 cur 25.50 last 20.87 ratio 1460/1460 frac -381 to 0 fo 44561 frame 238183
cmdtype 7 isSuc 0 cc 0x0 subf 5
wcmd2c w 4 r 3 type 2 cc 0x0 idx 0 subf 6

[2023-08-07 18:38:57.068] 接收<- cmdtype 2 isSuc 1 cc 0x0 subf 9
wcmd2c w 5 r 4 type 13 cc 0x0 idx 0 subf 2
track succ pre 0x1 rssi -21 cur 20.25 last 20.80 ratio 1461/1461 frac -381 to 0 fo -44561 frame 238184

[2023-08-07 18:38:57.182] 接收<- cmdtype 7 isSuc 0 cc 0x0 subf 5

[2023-08-07 18:38:57.295] 接收<- wcmd2c w 6 r 5 type 13 cc 0x0 idx 0 subf 2
track succ pre 0x1 rssi -21 cur 20.25 last 20.75 ratio 1462/1462 frac -381 to 0 fo 0 frame 238185
cmdtype 7 isSuc 0 cc 0x0 subf 5

[2023-08-07 18:38:57.407] 接收<- wcmd2c w 7 r 6 type 13 cc 0x0 idx 0 subf 2
track succ pre 0x1 rssi -21 cur 19.75 last 20.65 ratio 1463/1463 frac -382 to 0 fo -44561 frame 238186
cmdtype 7 isSuc 0 cc 0x0 subf 5

[2023-08-07 18:38:57.526] 接收<- wcmd2c w 0 r 7 type 13 cc 0x0 idx 0 subf 2
track succ pre 0x1 rssi -21 cur 20.0 last 20.58 ratio 1464/1464 frac -382 to 0 fo 0 frame 238187
cmdtype 7 isSuc 0 cc 0x0 subf 5

[2023-08-07 18:38:57.740] 接收<- wcmd2c w 1 r 0 type 13 cc 0x0 idx 0 subf 2
track succ pre 0x1 rssi -21 cur 20.0 last 20.52 ratio 1465/1465 frac -382 to 0 fo 0 frame 238188
cmdtype 7 isSuc 0 cc 0x0 subf 5

[2023-08-07 18:38:57.852] 接收<- wcmd2c w 2 r 1 type 13 cc 0x0 idx 0 subf 2
track succ pre 0x1 rssi -21 cur 20.0 last 20.47 ratio 1466/1466 frac -382 to 0 fo 0 frame 238189
cmdtype 7 isSuc 0 cc 0x0 subf 5

[2023-08-07 18:38:57.965] 接收<- wcmd2c w 3 r 2 type 13 cc 0x0 idx 0 subf 2
track succ pre 0x1 rssi -21 cur 19.50 last 20.37 ratio 1467/1467 frac -381 to 1 fo 44561 frame 238190
cmdtype 7 isSuc 0 cc 0x0 subf 5

