[2023-08-10 17:21:40.764] 发送->:AT
█
[2023-08-10 17:21:40.876] 接收<- [2023-08-10 17:21:40.876] 接收<-OK

[2023-08-10 17:21:47.491] 发送->:AT
█
[2023-08-10 17:21:47.527] 接收<- [2023-08-10 17:21:47.527] 接收<-OK

[2023-08-10 17:21:48.541] 发送->:AT
█
[2023-08-10 17:22:02.250] 发送->:AT
█
[2023-08-10 17:22:02.317] 接收<- [2023-08-10 17:22:02.317] 接收<-ERR CMD MATCH FAILED!
ERROR

[2023-08-10 17:22:03.247] 发送->:AT
█
[2023-08-10 17:22:03.342] 接收<- [2023-08-10 17:22:03.342] 接收<-OK

[2023-08-10 17:22:04.377] 发送->:AT
█
[2023-08-10 17:22:13.721] 发送->:AT
█
[2023-08-10 17:22:13.843] 接收<- [2023-08-10 17:22:13.843] 接收<-ERR CMD MATCH FAILED!
ERROR

[2023-08-10 17:22:14.716] 发送->:AT
█
[2023-08-10 17:22:14.761] 接收<- [2023-08-10 17:22:14.761] 接收<-OK

[2023-08-10 17:22:16.388] 发送->:AT
█
[2023-08-10 17:22:16.494] 接收<- [2023-08-10 17:22:16.494] 接收<-OK

[2023-08-10 17:22:16.614] 发送->:AT
█
[2023-08-10 17:22:16.711] 接收<- [2023-08-10 17:22:16.711] 接收<-OK

[2023-08-10 17:22:16.900] 发送->:AT
█
[2023-08-10 17:22:16.931] 接收<- [2023-08-10 17:22:16.931] 接收<-OK

[2023-08-10 17:22:17.123] 发送->:AT
█
[2023-08-10 17:22:17.149] 接收<- [2023-08-10 17:22:17.149] 接收<-OK

[2023-08-10 17:22:17.395] 发送->:AT
█
[2023-08-10 17:22:17.474] 接收<- [2023-08-10 17:22:17.474] 接收<-OK

[2023-08-10 17:22:18.315] 发送->:AT
█
[2023-08-10 17:22:18.397] 接收<- [2023-08-10 17:22:18.397] 接收<-OK

[2023-08-10 17:22:18.525] 发送->:AT
█
[2023-08-10 17:22:18.615] 接收<- [2023-08-10 17:22:18.615] 接收<-OK

[2023-08-10 17:22:24.126] 发送->:AT
█
[2023-08-10 17:22:24.155] 接收<- [2023-08-10 17:22:24.155] 接收<-OK

[2023-08-10 17:22:25.236] 发送->:AT
█
[2023-08-10 17:22:35.927] 发送->:AT
█
[2023-08-10 17:22:36.027] 接收<- [2023-08-10 17:22:36.027] 接收<-ERR CMD MATCH FAILED!
ERROR

[2023-08-10 17:22:38.018] 发送->:AT
█
[2023-08-10 17:22:38.054] 接收<- [2023-08-10 17:22:38.054] 接收<-OK

[2023-08-10 17:22:39.072] 发送->:AT
█
