[2023-08-10 17:24:15.639] 发送->:AT
█
[2023-08-10 17:24:15.717] 接收<- [2023-08-10 17:24:15.717] 接收<-ERR CMD MATCH FAILED!
ERROR

[2023-08-10 17:24:17.861] 发送->:AT
█
[2023-08-10 17:24:17.949] 接收<- [2023-08-10 17:24:17.949] 接收<-OK

[2023-08-10 17:24:20.945] 发送->:AT
█
[2023-08-10 17:24:20.986] 接收<- [2023-08-10 17:24:20.986] 接收<-OK

[2023-08-10 17:24:22.021] 发送->:AT
█
[2023-08-10 17:24:28.799] 发送->:AT
█
[2023-08-10 17:24:28.842] 接收<- [2023-08-10 17:24:28.842] 接收<-ERR CMD MATCH FAILED!
ERROR

[2023-08-10 17:24:30.003] 发送->:AT
█
[2023-08-10 17:24:30.073] 接收<- [2023-08-10 17:24:30.073] 接收<-OK

[2023-08-10 17:24:31.246] 发送->:AT
█
[2023-08-10 17:24:33.547] 发送->:AT
█
[2023-08-10 17:24:33.624] 接收<- [2023-08-10 17:24:33.624] 接收<-ERR CMD MATCH FAILED!
ERROR

[2023-08-10 17:24:39.394] 发送->:AT
█
[2023-08-10 17:24:39.465] 接收<- [2023-08-10 17:24:39.465] 接收<-OK

[2023-08-10 17:24:40.473] 发送->:AT
█
[2023-08-10 17:24:47.685] 发送->:AT
█
[2023-08-10 17:24:47.727] 接收<- [2023-08-10 17:24:47.727] 接收<-ERR CMD MATCH FAILED!
ERROR

[2023-08-10 17:24:48.743] 发送->:AT
█
[2023-08-10 17:24:48.851] 接收<- [2023-08-10 17:24:48.851] 接收<-OK

[2023-08-10 17:24:49.898] 发送->:AT
█
