[2023-08-08 10:22:20.799] 发送->:AT
█
[2023-08-08 10:22:21.008] 发送->:AT
█
[2023-08-08 10:22:21.232] 发送->:AT
█
[2023-08-08 10:22:21.480] 发送->:AT
█
[2023-08-08 10:22:24.208] 发送->:AT
█
[2023-08-08 10:22:24.426] 发送->:AT
█
[2023-08-08 10:22:28.076] 发送->:AT
█
[2023-08-08 10:22:28.092] 接收<- OK

[2023-08-08 10:22:28.275] 发送->:AT
█
[2023-08-08 10:22:28.309] 接收<- OK

[2023-08-08 10:22:28.542] 发送->:AT
█
[2023-08-08 10:22:28.567] 接收<- OK

[2023-08-08 10:22:33.916] 发送->:AT
█
[2023-08-08 10:22:33.932] 接收<- OK

[2023-08-08 10:22:34.166] 发送->:AT
█
[2023-08-08 10:22:34.191] 接收<- OK

[2023-08-08 10:22:34.420] 发送->:AT
█
[2023-08-08 10:22:34.451] 接收<- OK

[2023-08-08 10:22:35.087] 发送->:AT
█
[2023-08-08 10:22:35.119] 接收<- OK

[2023-08-08 10:22:36.085] 发送->:AT
█
[2023-08-08 10:22:36.114] 接收<- OK

[2023-08-08 10:22:49.256] 发送->:AT+WIOTAVERSION?
█
[2023-08-08 10:22:49.298] 接收<- +WIOTAVERSION:v2.6_iote
+GITINFO:Sat Jul 22 15:09:46 2023
+TIME:Aug  2 2023 09:48:16
+CCEVERSION:d61c8d0
OK

[2023-08-08 10:22:50.950] 发送->:AT+WIOTAVERSION?
█
[2023-08-08 10:22:50.990] 接收<- +WIOTAVERSION:v2.6_iote
+GITINFO:Sat Jul 22 15:09:46 2023
+TIME:Aug  2 2023 09:48:16
+CCEVERSION:d61c8d0
OK

