[2023-08-07 19:12:25.582] 发送->:AT+WIOTARUN=0
█
[2023-08-07 19:12:25.587] 发送->:AT+WIOTAINIT
█
[2023-08-07 19:12:25.589] 发送->:AT+WIOTAFREQ=10
█
[2023-08-07 19:12:25.591] 发送->:AT+WIOTACONFIG=20,1,1,0,1,0,3,0,1,21456981
█
[2023-08-07 19:12:25.614] 发送->:AT+WIOTARUN=1
█
[2023-08-07 19:12:25.834] 接收<- OK
OK
OK
ERR CHECK ARGS FORMAT FAILED!
ERROR
OK

[2023-08-07 19:12:29.649] 发送->:AT+WIOTARUN=0
█
[2023-08-07 19:12:29.651] 发送->:AT+WIOTAINIT
█
[2023-08-07 19:12:29.652] 发送->:AT+WIOTAFREQ=10
█
[2023-08-07 19:12:29.654] 发送->:AT+WIOTACONFIG=20,1,1,0,1,0,3,0,1,21456981
█
[2023-08-07 19:12:29.656] 发送->:AT+WIOTARUN=1
█
[2023-08-07 19:12:29.889] 接收<- OK
OK
OK
ERR CHECK ARGS FORMAT FAILED!
ERROR
OK

[2023-08-07 19:12:34.254] 发送->:AT+WIOTARUN=0
█
[2023-08-07 19:12:34.256] 发送->:AT+WIOTAINIT
█
[2023-08-07 19:12:34.259] 发送->:AT+WIOTAFREQ=10
█
[2023-08-07 19:12:34.261] 发送->:AT+WIOTACONFIG=20,1,1,0,1,0,3,0,1,21456981
█
[2023-08-07 19:12:34.262] 发送->:AT+WIOTARUN=1
█
[2023-08-07 19:12:34.264] 发送->:AT+WIOTACONNECT=1,0
█
[2023-08-07 19:12:34.533] 接收<- OK
OK
OK
ERR CHECK ARGS FORMAT FAILED!
ERROR
OK
ERR CMD MATCH FAILED!
ERROR

