[2023-08-07 19:02:53.898] 发送->:AT
█
[2023-08-07 19:02:53.997] 接收<- OK

[2023-08-07 19:02:54.624] 发送->:AT
█
[2023-08-07 19:02:54.717] 接收<- OK

[2023-08-07 19:02:54.846] 发送->:AT
█
[2023-08-07 19:02:54.936] 接收<- OK

[2023-08-07 19:02:55.097] 发送->:AT
█
[2023-08-07 19:02:55.155] 接收<- OK

[2023-08-07 19:03:14.699] 发送->:AT+WIOTARUN=0
█
[2023-08-07 19:03:14.701] 发送->:AT+WIOTAINIT
█
[2023-08-07 19:03:14.703] 发送->:AT+WIOTAFREQ=10
█
[2023-08-07 19:03:14.706] 发送->:AT+WIOTACONFIG=20,1,1,0,1,0,3,0,1,21456981
█
[2023-08-07 19:03:14.709] 发送->:AT+WIOTAPOW=0,20
█
[2023-08-07 19:03:14.723] 发送->:AT+WIOTAPOW=0,0
█
[2023-08-07 19:03:14.725] 发送->:AT+WIOTARUN=1
█
[2023-08-07 19:03:14.727] 发送->:AT+WIOTACONNECT=1,0
█
[2023-08-07 19:03:14.825] 接收<- ERR REPETITIVE OPERATION FAILED!
ERROR
OK
OK
ERR CHECK ARGS FORMAT FAILED!
ERROR
OK
OK
OK
ERR CMD MATCH FAILED!
ERROR

[2023-08-07 19:03:19.906] 发送->:AT+WIOTARUN=0
█
[2023-08-07 19:03:19.908] 发送->:AT+WIOTAINIT
█
[2023-08-07 19:03:19.912] 发送->:AT+WIOTAFREQ=10
█
[2023-08-07 19:03:19.932] 发送->:AT+WIOTACONFIG=20,1,1,0,1,0,3,0,1,21456981
█
[2023-08-07 19:03:19.935] 发送->:AT+WIOTAPOW=0,20
█
[2023-08-07 19:03:19.938] 发送->:AT+WIOTAPOW=0,0
█
[2023-08-07 19:03:19.941] 发送->:AT+WIOTARUN=1
█
[2023-08-07 19:03:19.944] 发送->:AT+WIOTACONNECT=1,0
█
[2023-08-07 19:03:20.373] 接收<- OK
OK
OK
ERR CHECK ARGS FORMAT FAILED!
ERROR
OK
OK
OK
ERR CMD MATCH FAILED!
ERROR

