[2023-08-07 19:39:30.584] 发送->:AT+WIOTARUN=0
█
[2023-08-07 19:39:30.824] 接收<- OK

[2023-08-07 19:39:31.088] 发送->:AT+WIOTAINIT
█
[2023-08-07 19:39:31.163] 接收<- OK

[2023-08-07 19:39:31.593] 发送->:AT+WIOTAFREQ=10
█
[2023-08-07 19:39:31.680] 接收<- OK

[2023-08-07 19:39:32.096] 发送->:AT+WIOTACONFIG=20,1,1,0,1,0,3,0,1,21456981
█
[2023-08-07 19:39:32.198] 接收<- ERR CHECK ARGS FORMAT FAILED!
ERROR

[2023-08-07 19:39:32.601] 发送->:AT+WIOTARUN=1
█
[2023-08-07 19:39:32.713] 接收<- OK

[2023-08-07 19:39:35.285] 发送->:AT+WIOTARUN=0
█
[2023-08-07 19:39:35.539] 接收<- OK

[2023-08-07 19:39:35.788] 发送->:AT+WIOTAINIT
█
[2023-08-07 19:39:35.867] 接收<- OK

[2023-08-07 19:39:36.294] 发送->:AT+WIOTAFREQ=10
█
[2023-08-07 19:39:36.382] 接收<- OK

[2023-08-07 19:39:36.799] 发送->:AT+WIOTACONFIG=20,1,1,0,1,0,3,0,1,21456981
█
[2023-08-07 19:39:36.899] 接收<- ERR CHECK ARGS FORMAT FAILED!
ERROR

[2023-08-07 19:39:37.301] 发送->:AT+WIOTARUN=1
█
[2023-08-07 19:39:37.416] 接收<- OK

[2023-08-07 19:39:38.592] 发送->:AT+WIOTARUN=0
█
[2023-08-07 19:39:38.839] 接收<- OK

[2023-08-07 19:39:39.096] 发送->:AT+WIOTAINIT
█
[2023-08-07 19:39:39.167] 接收<- OK

[2023-08-07 19:39:39.598] 发送->:AT+WIOTAFREQ=10
█
[2023-08-07 19:39:39.682] 接收<- OK

[2023-08-07 19:39:40.103] 发送->:AT+WIOTACONFIG=20,1,1,0,1,0,3,0,1,21456981
█
[2023-08-07 19:39:40.197] 接收<- ERR CHECK ARGS FORMAT FAILED!
ERROR

[2023-08-07 19:39:40.608] 发送->:AT+WIOTARUN=1
█
[2023-08-07 19:39:40.717] 接收<- OK

[2023-08-07 19:39:43.627] 发送->:AT+WIOTARUN=0
█
[2023-08-07 19:39:43.853] 接收<- OK

[2023-08-07 19:39:44.129] 发送->:AT+WIOTAINIT
█
[2023-08-07 19:39:44.273] 接收<- OK

[2023-08-07 19:39:44.637] 发送->:AT+WIOTAFREQ=10
█
[2023-08-07 19:39:44.691] 接收<- OK

[2023-08-07 19:39:45.139] 发送->:AT+WIOTACONFIG=20,1,1,0,1,0,3,0,1,21456981
█
[2023-08-07 19:39:45.219] 接收<- ERR CHECK ARGS FORMAT FAILED!
ERROR

[2023-08-07 19:39:45.644] 发送->:AT+WIOTARUN=1
█
[2023-08-07 19:39:45.735] 接收<- OK

[2023-08-07 19:39:46.147] 发送->:AT+WIOTACONNECT=1,0
█
[2023-08-07 19:39:46.266] 接收<- ERR CMD MATCH FAILED!
ERROR

[2023-08-07 19:44:25.718] 发送->:AT+WIOTARUN=0
█
[2023-08-07 19:44:25.934] 接收<- OK

[2023-08-07 19:44:26.220] 发送->:AT+WIOTAINIT
█
[2023-08-07 19:44:26.353] 接收<- OK

[2023-08-07 19:44:26.724] 发送->:AT+WIOTAFREQ=10
█
[2023-08-07 19:44:26.773] 接收<- OK

[2023-08-07 19:44:27.231] 发送->:AT+WIOTACONFIG=20,1,1,0,1,0,3,0,1,21456981
█
[2023-08-07 19:44:27.289] 接收<- ERR CHECK ARGS FORMAT FAILED!
ERROR

[2023-08-07 19:44:27.734] 发送->:AT+WIOTARUN=1
█
[2023-08-07 19:44:27.806] 接收<- OK

[2023-08-07 19:44:28.236] 发送->:AT+WIOTACONNECT=1,0
█
[2023-08-07 19:44:28.327] 接收<- ERR CMD MATCH FAILED!
ERROR

[2023-08-07 19:44:41.482] 发送->:AT+WIOTARUN=0
█
[2023-08-07 19:44:41.707] 接收<- OK

[2023-08-07 19:44:41.986] 发送->:AT+WIOTAINIT
█
[2023-08-07 19:44:42.127] 接收<- OK

[2023-08-07 19:44:42.492] 发送->:AT+WIOTAFREQ=10
█
[2023-08-07 19:44:42.550] 接收<- OK

[2023-08-07 19:44:42.996] 发送->:AT+WIOTACONFIG=1,1,1,8,1,3,11223344,21456981
█
[2023-08-07 19:44:43.072] 接收<- OK

[2023-08-07 19:44:43.503] 发送->:AT+WIOTASUBNUM=8
█
[2023-08-07 19:44:43.586] 接收<- OK

[2023-08-07 19:44:44.007] 发送->:AT+WIOTABCROUND=1
█
[2023-08-07 19:44:44.102] 接收<- OK

[2023-08-07 19:44:44.514] 发送->:AT+WIOTAPOW=0,20
█
[2023-08-07 19:44:44.617] 接收<- OK

[2023-08-07 19:44:45.020] 发送->:AT+WIOTAPOW=0,0
█
[2023-08-07 19:44:45.134] 接收<- OK

