[2023-08-07 19:36:59.315] 发送->:AT+WIOTARUN=0
█
[2023-08-07 19:36:59.320] 发送->:AT+WIOTAINIT
█
[2023-08-07 19:36:59.323] 发送->:AT+WIOTAFREQ=10
█
[2023-08-07 19:36:59.324] 发送->:AT+WIOTACONFIG=20,1,1,0,1,0,3,0,1,21456981
█
[2023-08-07 19:36:59.325] 发送->:AT+WIOTARUN=1
█
[2023-08-07 19:36:59.555] 接收<- OK
OK
OK
ERR CHECK ARGS FORMAT FAILED!
ERROR
OK

[2023-08-07 19:37:00.847] 发送->:AT+WIOTARUN=0
█
[2023-08-07 19:37:00.848] 发送->:AT+WIOTAINIT
█
[2023-08-07 19:37:00.850] 发送->:AT+WIOTAFREQ=10
█
[2023-08-07 19:37:00.852] 发送->:AT+WIOTACONFIG=20,1,1,0,1,0,3,0,1,21456981
█
[2023-08-07 19:37:00.853] 发送->:AT+WIOTARUN=1
█
[2023-08-07 19:37:01.124] 接收<- OK
OK
OK
ERR CHECK ARGS FORMAT FAILED!
ERROR
OK

[2023-08-07 19:37:02.360] 发送->:AT+WIOTARUN=0
█
[2023-08-07 19:37:02.362] 发送->:AT+WIOTAINIT
█
[2023-08-07 19:37:02.364] 发送->:AT+WIOTAFREQ=10
█
[2023-08-07 19:37:02.366] 发送->:AT+WIOTACONFIG=20,1,1,0,1,0,3,0,1,21456981
█
[2023-08-07 19:37:02.368] 发送->:AT+WIOTARUN=1
█
[2023-08-07 19:37:02.645] 接收<- OK
OK
OK
ERR CHECK ARGS FORMAT FAILED!
ERROR
OK

[2023-08-07 19:37:06.183] 发送->:AT+WIOTARUN=0
█
[2023-08-07 19:37:06.184] 发送->:AT+WIOTAINIT
█
[2023-08-07 19:37:06.186] 发送->:AT+WIOTAFREQ=10
█
[2023-08-07 19:37:06.188] 发送->:AT+WIOTACONFIG=20,1,1,0,1,0,3,0,1,21456981
█
[2023-08-07 19:37:06.190] 发送->:AT+WIOTARUN=1
█
[2023-08-07 19:37:06.391] 接收<- OK
OK
OK
ERR CHECK ARGS FORMAT FAILED!
ERROR

[2023-08-07 19:37:06.517] 接收<- OK

[2023-08-07 19:37:16.448] 发送->:AT+WIOTARUN=0
█
[2023-08-07 19:37:16.449] 发送->:AT+WIOTAINIT
█
[2023-08-07 19:37:16.451] 发送->:AT+WIOTAFREQ=10
█
[2023-08-07 19:37:16.453] 发送->:AT+WIOTACONFIG=20,1,1,0,1,0,3,0,1,21456981
█
[2023-08-07 19:37:16.467] 发送->:AT+WIOTARUN=1
█
[2023-08-07 19:37:16.691] 接收<- OK
OK
OK
ERR CHECK ARGS FORMAT FAILED!
ERROR
OK

