[2023-08-07 19:25:01.299] 发送->:AT+WIOTARUN=0
█
[2023-08-07 19:25:01.305] 发送->:AT+WIOTAINIT
█
[2023-08-07 19:25:01.308] 发送->:AT+WIOTAFREQ=10
█
[2023-08-07 19:25:01.310] 发送->:AT+WIOTACONFIG=20,1,1,0,1,0,3,0,1,21456981
█
[2023-08-07 19:25:01.312] 发送->:AT+WIOTARUN=1
█
[2023-08-07 19:25:01.530] 接收<- OK
OK
OK
ERR CHECK ARGS FORMAT FAILED!
ERROR
OK

[2023-08-07 19:25:03.054] 发送->:AT+WIOTARUN=0
█
[2023-08-07 19:25:03.056] 发送->:AT+WIOTAINIT
█
[2023-08-07 19:25:03.057] 发送->:AT+WIOTAFREQ=10
█
[2023-08-07 19:25:03.099] 发送->:AT+WIOTACONFIG=20,1,1,0,1,0,3,0,1,21456981
█
[2023-08-07 19:25:03.101] 发送->:AT+WIOTARUN=1
█
[2023-08-07 19:25:03.289] 接收<- OK
OK
OK
ERR CHECK ARGS FORMAT FAILED!
ERROR
OK

[2023-08-07 19:25:04.310] 发送->:AT+WIOTARUN=0
█
[2023-08-07 19:25:04.312] 发送->:AT+WIOTAINIT
█
[2023-08-07 19:25:04.313] 发送->:AT+WIOTAFREQ=10
█
[2023-08-07 19:25:04.315] 发送->:AT+WIOTACONFIG=20,1,1,0,1,0,3,0,1,21456981
█
[2023-08-07 19:25:04.316] 发送->:AT+WIOTARUN=1
█
[2023-08-07 19:25:04.523] 接收<- OK
OK
OK
ERR CHECK ARGS FORMAT FAILED!
ERROR

[2023-08-07 19:25:04.648] 接收<- OK

