[2023-08-07 19:45:44.603] 发送->:AT+WIOTARUN=0
█
[2023-08-07 19:45:44.673] 接收<- ERR REPETITIVE OPERATION FAILED!
ERROR

[2023-08-07 19:45:44.707] 发送->:AT+WIOTAINIT
█
[2023-08-07 19:45:44.795] 接收<- ERR REPETITIVE OPERATION FAILED!
ERROR

[2023-08-07 19:45:44.810] 发送->:AT+WIOTAFREQ=10
█
[2023-08-07 19:45:44.918] 接收<- OK

[2023-08-07 19:45:45.016] 发送->:AT+WIOTACONFIG=20,1,1,0,1,0,3,0,1,21456981
█
[2023-08-07 19:45:45.137] 接收<- ERR CHECK ARGS FORMAT FAILED!
ERROR

[2023-08-07 19:45:45.220] 发送->:AT+WIOTARUN=1
█
[2023-08-07 19:45:45.355] 接收<- OK

[2023-08-07 19:45:48.620] 发送->:AT+WIOTARUN=0
█
[2023-08-07 19:45:48.891] 接收<- OK

[2023-08-07 19:45:48.923] 发送->:AT+WIOTAINIT
█
[2023-08-07 19:45:49.014] 接收<- OK

[2023-08-07 19:45:49.028] 发送->:AT+WIOTAFREQ=10
█
[2023-08-07 19:45:49.139] 接收<- OK

[2023-08-07 19:45:49.231] 发送->:AT+WIOTACONFIG=20,1,1,0,1,0,3,0,1,21456981
█
[2023-08-07 19:45:49.357] 接收<- ERR CHECK ARGS FORMAT FAILED!
ERROR

[2023-08-07 19:45:49.435] 发送->:AT+WIOTARUN=1
█
[2023-08-07 19:45:49.575] 接收<- OK

