[2023-08-07 19:17:14.331] 发送->:AT+WIOTARUN=0
█
[2023-08-07 19:17:14.337] 发送->:AT+WIOTAINIT
█
[2023-08-07 19:17:14.339] 发送->:AT+WIOTAFREQ=10
█
[2023-08-07 19:17:14.341] 发送->:AT+WIOTACONFIG=20,1,1,0,1,0,3,0,1,21456981
█
[2023-08-07 19:17:14.343] 发送->:AT+WIOTAPOW=0,20
█
[2023-08-07 19:17:14.344] 发送->:AT+WIOTAPOW=0,0
█
[2023-08-07 19:17:14.347] 发送->:AT+WIOTARUN=1
█
[2023-08-07 19:17:14.348] 发送->:AT+WIOTACONNECT=1,0
█
[2023-08-07 19:17:14.556] 接收<- OK
OK
OK
ERR CHECK ARGS FORMAT FAILED!
ERROR
OK
OK

[2023-08-07 19:17:14.680] 接收<- OK
ERR CMD MATCH FAILED!
ERROR

[2023-08-07 19:17:20.127] 发送->:AT+WIOTARUN=0
█
[2023-08-07 19:17:20.129] 发送->:AT+WIOTAINIT
█
[2023-08-07 19:17:20.131] 发送->:AT+WIOTAFREQ=10
█
[2023-08-07 19:17:20.133] 发送->:AT+WIOTACONFIG=20,1,1,0,1,0,3,0,1,21456981
█
[2023-08-07 19:17:20.135] 发送->:AT+WIOTARUN=1
█
[2023-08-07 19:17:20.333] 接收<- OK
OK
OK
ERR CHECK ARGS FORMAT FAILED!
ERROR

[2023-08-07 19:17:20.456] 接收<- OK

[2023-08-07 19:17:23.943] 发送->:AT+WIOTARUN=0
█
[2023-08-07 19:17:23.945] 发送->:AT+WIOTAINIT
█
[2023-08-07 19:17:23.948] 发送->:AT+WIOTAFREQ=10
█
[2023-08-07 19:17:23.950] 发送->:AT+WIOTACONFIG=20,1,1,0,1,0,3,0,1,21456981
█
[2023-08-07 19:17:23.953] 发送->:AT+WIOTAPOW=0,20
█
[2023-08-07 19:17:23.955] 发送->:AT+WIOTAPOW=0,0
█
[2023-08-07 19:17:23.958] 发送->:AT+WIOTARUN=1
█
[2023-08-07 19:17:23.961] 发送->:AT+WIOTACONNECT=1,0
█
[2023-08-07 19:17:24.192] 接收<- OK
OK
OK
ERR CHECK ARGS FORMAT FAILED!
ERROR
OK
OK
OK
ERR CMD MATCH FAILED!
ERROR

[2023-08-07 19:17:27.949] 发送->:AT+WIOTARUN=0
█
[2023-08-07 19:17:27.951] 发送->:AT+WIOTAINIT
█
[2023-08-07 19:17:27.953] 发送->:AT+WIOTAFREQ=10
█
[2023-08-07 19:17:27.956] 发送->:AT+WIOTACONFIG=1,1,1,8,1,3,11223344,21456981
█
[2023-08-07 19:17:27.958] 发送->:AT+WIOTAPOW=0,20
█
[2023-08-07 19:17:27.961] 发送->:AT+WIOTAPOW=0,0
█
[2023-08-07 19:17:27.963] 发送->:AT+WIOTARUN=1
█
[2023-08-07 19:17:28.232] 接收<- OK
OK
OK
OK
OK
OK
OK

[2023-08-07 19:17:36.019] 发送->:AT
█
[2023-08-07 19:17:36.086] 接收<- OK

[2023-08-07 19:17:38.127] 发送->:AT
█
[2023-08-07 19:17:38.216] 接收<- OK

[2023-08-07 19:17:44.405] 发送->:AT
█
[2023-08-07 19:17:44.489] 接收<- OK

[2023-08-07 19:17:46.512] 发送->:AT
█
[2023-08-07 19:17:46.624] 接收<- OK

[2023-08-07 19:17:48.722] 发送->:AT
█
[2023-08-07 19:17:48.854] 接收<- OK

[2023-08-07 19:17:50.934] 发送->:AT
█
[2023-08-07 19:17:50.984] 接收<- OK

[2023-08-07 19:17:51.354] 发送->:AT
█
[2023-08-07 19:17:51.406] 接收<- OK

[2023-08-07 19:17:51.479] 发送->:AT
█
[2023-08-07 19:17:51.529] 接收<- OK

[2023-08-07 19:17:51.606] 发送->:AT
█
[2023-08-07 19:17:51.655] 接收<- OK

[2023-08-07 19:17:51.745] 发送->:AT
█
[2023-08-07 19:17:51.780] 接收<- OK

[2023-08-07 19:17:51.869] 发送->:AT
█
[2023-08-07 19:17:51.999] 接收<- OK

[2023-08-07 19:17:52.099] 发送->:AT
█
[2023-08-07 19:17:52.217] 接收<- OK

[2023-08-07 19:17:52.332] 发送->:AT
█
[2023-08-07 19:17:52.438] 接收<- OK

[2023-08-07 19:17:52.557] 发送->:AT
█
[2023-08-07 19:17:52.658] 接收<- OK

[2023-08-07 19:17:52.685] 发送->:AT
█
[2023-08-07 19:17:52.783] 接收<- OK

[2023-08-07 19:17:52.813] 发送->:AT
█
[2023-08-07 19:17:52.908] 接收<- OK

[2023-08-07 19:17:52.942] 发送->:AT
█
[2023-08-07 19:17:53.032] 接收<- OK

[2023-08-07 19:17:53.066] 发送->:AT
█
[2023-08-07 19:17:53.155] 接收<- OK

[2023-08-07 19:17:53.190] 发送->:AT
█
[2023-08-07 19:17:53.278] 接收<- OK

[2023-08-07 19:17:53.315] 发送->:AT
█
[2023-08-07 19:17:53.417] 接收<- OK

[2023-08-07 19:18:00.717] 发送->:AT
█
[2023-08-07 19:18:00.771] 接收<- OK

[2023-08-07 19:18:05.200] 发送->:AT
█
[2023-08-07 19:18:05.313] 接收<- OK

[2023-08-07 19:18:07.035] 发送->:AT
█
[2023-08-07 19:18:07.064] 发送->:AT
█
[2023-08-07 19:18:07.089] 发送->:AT
█
[2023-08-07 19:18:07.115] 发送->:AT
█
[2023-08-07 19:18:07.139] 发送->:AT
█
[2023-08-07 19:18:07.162] 发送->:AT
█
[2023-08-07 19:18:07.174] 接收<- OK
OK
OK
OK
OK

[2023-08-07 19:18:07.186] 发送->:AT
█
[2023-08-07 19:18:07.210] 发送->:AT
█
[2023-08-07 19:18:07.234] 发送->:AT
█
[2023-08-07 19:18:07.260] 发送->:AT
█
[2023-08-07 19:18:07.285] 发送->:AT
█
[2023-08-07 19:18:07.310] 发送->:AT
█
[2023-08-07 19:18:07.314] 接收<- OK
OK
OK
OK
OK
OK

[2023-08-07 19:18:07.335] 发送->:AT
█
[2023-08-07 19:18:07.358] 发送->:AT
█
[2023-08-07 19:18:07.383] 发送->:AT
█
[2023-08-07 19:18:07.407] 发送->:AT
█
[2023-08-07 19:18:07.433] 发送->:AT
█
[2023-08-07 19:18:07.438] 接收<- OK
OK
OK
OK
OK

[2023-08-07 19:18:07.458] 发送->:AT
█
[2023-08-07 19:18:07.481] 发送->:AT
█
[2023-08-07 19:18:07.511] 发送->:AT
█
[2023-08-07 19:18:07.535] 发送->:AT
█
[2023-08-07 19:18:07.559] 发送->:AT
█
[2023-08-07 19:18:07.563] 接收<- OK
OK
OK
OK
OK

[2023-08-07 19:18:07.583] 发送->:AT
█
[2023-08-07 19:18:07.607] 发送->:AT
█
[2023-08-07 19:18:07.630] 发送->:AT
█
[2023-08-07 19:18:07.654] 发送->:AT
█
[2023-08-07 19:18:07.679] 发送->:AT
█
[2023-08-07 19:18:07.687] 接收<- OK
OK
OK
OK
OK

[2023-08-07 19:18:07.704] 发送->:AT
█
[2023-08-07 19:18:07.732] 发送->:AT
█
[2023-08-07 19:18:07.777] 发送->:AT
█
[2023-08-07 19:18:07.804] 发送->:AT
█
[2023-08-07 19:18:07.812] 接收<- OK
OK
OK
OK

[2023-08-07 19:18:07.834] 发送->:AT
█
[2023-08-07 19:18:07.858] 发送->:AT
█
[2023-08-07 19:18:07.885] 发送->:AT
█
[2023-08-07 19:18:07.911] 发送->:AT
█
[2023-08-07 19:18:07.936] 发送->:AT
█
[2023-08-07 19:18:07.960] 发送->:AT
█
[2023-08-07 19:18:07.968] 接收<- OK
OK
OK
OK
OK
OK

[2023-08-07 19:18:07.985] 发送->:AT
█
[2023-08-07 19:18:08.009] 发送->:AT
█
[2023-08-07 19:18:08.050] 发送->:AT
█
[2023-08-07 19:18:08.074] 发送->:AT
█
[2023-08-07 19:18:08.090] 接收<- OK
OK
OK
OK

[2023-08-07 19:18:08.101] 发送->:AT
█
[2023-08-07 19:18:08.126] 发送->:AT
█
[2023-08-07 19:18:08.156] 发送->:AT
█
[2023-08-07 19:18:08.189] 发送->:AT
█
[2023-08-07 19:18:08.215] 发送->:AT
█
[2023-08-07 19:18:08.229] 接收<- OK
OK
OK
OK
OK

[2023-08-07 19:18:08.240] 发送->:AT
█
[2023-08-07 19:18:08.269] 发送->:AT
█
[2023-08-07 19:18:08.321] 发送->:AT
█
[2023-08-07 19:18:08.369] 接收<- OK
OK
OK
OK

[2023-08-07 19:18:11.035] 发送->:AT
█
[2023-08-07 19:18:11.107] 接收<- OK

[2023-08-07 19:18:16.896] 发送->:AT+WIOTARUN=0
█
[2023-08-07 19:18:17.161] 接收<- OK

[2023-08-07 19:18:17.193] 发送->:AT
█
[2023-08-07 19:18:17.285] 接收<- OK

[2023-08-07 19:18:17.301] 发送->:AT+WIOTAINIT
█
[2023-08-07 19:18:17.318] 发送->:AT
█
[2023-08-07 19:18:17.409] 接收<- OK
OK

[2023-08-07 19:18:17.444] 发送->:AT
█
[2023-08-07 19:18:17.531] 接收<- OK

[2023-08-07 19:18:17.569] 发送->:AT
█
[2023-08-07 19:18:17.657] 接收<- OK

[2023-08-07 19:18:17.693] 发送->:AT
█
[2023-08-07 19:18:17.781] 接收<- OK

[2023-08-07 19:18:17.806] 发送->:AT+WIOTAFREQ=10
█
[2023-08-07 19:18:17.818] 发送->:AT
█
[2023-08-07 19:18:17.907] 接收<- OK
OK

[2023-08-07 19:18:17.909] 发送->:AT+WIOTACONFIG=20,1,1,0,1,0,3,0,1,21456981
█
[2023-08-07 19:18:18.031] 接收<- ERR CHECK ARGS FORMAT FAILED!
ERROR

[2023-08-07 19:18:18.114] 发送->:AT+WIOTARUN=1
█
[2023-08-07 19:18:18.251] 接收<- OK

