[2023-08-07 19:33:57.556] 发送->:AT+WIOTARUN=0
█
[2023-08-07 19:33:57.562] 发送->:AT+WIOTAINIT
█
[2023-08-07 19:33:57.564] 发送->:AT+WIOTAFREQ=10
█
[2023-08-07 19:33:57.566] 发送->:AT+WIOTACONFIG=20,1,1,0,1,0,3,0,1,21456981
█
[2023-08-07 19:33:57.567] 发送->:AT+WIOTARUN=1
█
[2023-08-07 19:33:57.833] 接收<- OK
OK
OK
ERR CHECK ARGS FORMAT FAILED!
ERROR
OK

[2023-08-07 19:34:18.738] 发送->:AT+WIOTARUN=0
█
[2023-08-07 19:34:18.740] 发送->:AT+WIOTAINIT
█
[2023-08-07 19:34:18.742] 发送->:AT+WIOTAFREQ=10
█
[2023-08-07 19:34:18.744] 发送->:AT+WIOTACONFIG=20,1,1,0,1,0,3,0,1,21456981
█
[2023-08-07 19:34:18.746] 发送->:AT+WIOTARUN=1
█
[2023-08-07 19:34:18.970] 接收<- OK
OK
OK
ERR CHECK ARGS FORMAT FAILED!
ERROR
OK

[2023-08-07 19:34:23.440] 发送->:AT+WIOTARUN=0
█
[2023-08-07 19:34:23.441] 发送->:AT+WIOTAINIT
█
[2023-08-07 19:34:23.443] 发送->:AT+WIOTAFREQ=10
█
[2023-08-07 19:34:23.445] 发送->:AT+WIOTACONFIG=20,1,1,0,1,0,3,0,1,21456981
█
[2023-08-07 19:34:23.446] 发送->:AT+WIOTARUN=1
█
[2023-08-07 19:34:23.712] 接收<- OK
OK
OK
ERR CHECK ARGS FORMAT FAILED!
ERROR
OK

