[2023-08-10 09:36:03.808] 发送->:AT+WIOTAVERSION?
█
[2023-08-10 09:36:03.862] 接收<- [2023-08-10 09:36:03.862] 接收<-+WIOTAVERSION:v2.6_iote
+GITINFO:Sat Aug 5 17:00:26 2023
+TIME:Aug  8 2023 09:11:51
+CCEVERSION:c9bb54
OK

[2023-08-10 09:36:04.326] 发送->:AT+WIOTAVERSION?
█
[2023-08-10 09:36:04.380] 接收<- [2023-08-10 09:36:04.380] 接收<-+WIOTAVERSION:v2.6_iote
+GITINFO:Sat Aug 5 17:00:26 2023
+TIME:Aug  8 2023 09:11:51
+CCEVERSION:c9bb54
OK

[2023-08-10 09:36:04.528] 发送->:AT+WIOTAVERSION?
█
[2023-08-10 09:36:04.601] 接收<- [2023-08-10 09:36:04.601] 接收<-+WIOTAVERSION:v2.6_iote
+GITINFO:Sat Aug 5 17:00:26 2023
+TIME:Aug  8 2023 09:11:51
+CCEVERSION:c9bb54
OK

[2023-08-10 09:36:04.716] 发送->:AT+WIOTAVERSION?
█
[2023-08-10 09:36:04.817] 接收<- [2023-08-10 09:36:04.817] 接收<-+WIOTAVERSION:v2.6_iote
+GITINFO:Sat Aug 5 17:00:26 2023
+TIME:Aug  8 2023 09:11:51
+CCEVERSION:c9bb54
OK

