[2023-08-07 19:05:06.508] 发送->:AT+WIOTARUN=0
█
[2023-08-07 19:05:06.513] 发送->:AT+WIOTAINIT
█
[2023-08-07 19:05:06.516] 发送->:AT+WIOTAFREQ=10
█
[2023-08-07 19:05:06.518] 发送->:AT+WIOTACONFIG=20,1,1,0,1,0,3,0,1,21456981
█
[2023-08-07 19:05:06.520] 发送->:AT+WIOTAPOW=0,20
█
[2023-08-07 19:05:06.522] 发送->:AT+WIOTAPOW=0,0
█
[2023-08-07 19:05:06.524] 发送->:AT+WIOTARUN=1
█
[2023-08-07 19:05:06.525] 发送->:AT+WIOTACONNECT=1,0
█
[2023-08-07 19:05:06.779] 接收<- OK
OK
OK
ERR CHECK ARGS FORMAT FAILED!
ERROR
OK
OK
OK
ERR CMD MATCH FAILED!
ERROR

[2023-08-07 19:05:13.133] 发送->:AT+WIOTARUN=0
█
[2023-08-07 19:05:13.135] 发送->:AT+WIOTAINIT
█
[2023-08-07 19:05:13.138] 发送->:AT+WIOTAFREQ=10
█
[2023-08-07 19:05:13.140] 发送->:AT+WIOTACONFIG=20,1,1,0,1,0,3,0,1,21456981
█
[2023-08-07 19:05:13.141] 发送->:AT+WIOTAPOW=0,20
█
[2023-08-07 19:05:13.143] 发送->:AT+WIOTAPOW=0,0
█
[2023-08-07 19:05:13.145] 发送->:AT+WIOTARUN=1
█
[2023-08-07 19:05:13.147] 发送->:AT+WIOTACONNECT=1,0
█
[2023-08-07 19:05:13.385] 接收<- OK
OK
OK
ERR CHECK ARGS FORMAT FAILED!
ERROR
OK
OK
OK
ERR CMD MATCH FAILED!
ERROR

