[2023-08-07 19:20:38.385] 发送->:AT+WIOTARUN=0
█
[2023-08-07 19:20:38.407] 发送->:AT+WIOTAINIT
█
[2023-08-07 19:20:38.408] 发送->:AT+WIOTAFREQ=10
█
[2023-08-07 19:20:38.410] 发送->:AT+WIOTACONFIG=20,1,1,0,1,0,3,0,1,21456981
█
[2023-08-07 19:20:38.412] 发送->:AT+WIOTARUN=1
█
[2023-08-07 19:20:38.661] 接收<- OK
OK
OK
ERR CHECK ARGS FORMAT FAILED!
ERROR
OK

[2023-08-07 19:20:44.681] 发送->:AT+WIOTARUN=0
█
[2023-08-07 19:20:44.683] 发送->:AT+WIOTAINIT
█
[2023-08-07 19:20:44.685] 发送->:AT+WIOTAFREQ=10
█
[2023-08-07 19:20:44.687] 发送->:AT+WIOTACONFIG=20,1,1,0,1,0,3,0,1,21456981
█
[2023-08-07 19:20:44.689] 发送->:AT+WIOTARUN=1
█
[2023-08-07 19:20:44.931] 接收<- OK
OK
OK
ERR CHECK ARGS FORMAT FAILED!
ERROR
OK

