[2023-08-07 19:47:12.010] 发送->:AT+WIOTARUN=0
█
[2023-08-07 19:47:12.273] 接收<- OK

[2023-08-07 19:47:12.317] 发送->:AT+WIOTAINIT
█
[2023-08-07 19:47:12.392] 接收<- OK

[2023-08-07 19:47:12.420] 发送->:AT+WIOTAFREQ=10
█
[2023-08-07 19:47:12.516] 接收<- OK

[2023-08-07 19:47:12.525] 发送->:AT+WIOTACONFIG=20,1,1,0,1,0,3,0,1,21456981
█
[2023-08-07 19:47:12.642] 接收<- ERR CHECK ARGS FORMAT FAILED!
ERROR

[2023-08-07 19:47:12.734] 发送->:AT+WIOTARUN=1
█
[2023-08-07 19:47:12.860] 接收<- OK

[2023-08-07 19:47:12.940] 发送->:AT+WIOTACONNECT=1,0
█
[2023-08-07 19:47:12.985] 接收<- ERR CMD MATCH FAILED!
ERROR

[2023-08-07 19:47:16.871] 发送->:AT+WIOTARUN=0
█
[2023-08-07 19:47:17.131] 接收<- OK

[2023-08-07 19:47:17.176] 发送->:AT+WIOTAINIT
█
[2023-08-07 19:47:17.255] 接收<- OK

[2023-08-07 19:47:17.279] 发送->:AT+WIOTAFREQ=10
█
[2023-08-07 19:47:17.379] 接收<- OK

[2023-08-07 19:47:17.381] 发送->:AT+WIOTACONFIG=20,1,1,0,1,0,3,0,1,21456981
█
[2023-08-07 19:47:17.501] 接收<- ERR CHECK ARGS FORMAT FAILED!
ERROR

[2023-08-07 19:47:17.586] 发送->:AT+WIOTARUN=1
█
[2023-08-07 19:47:17.718] 接收<- OK

[2023-08-07 19:47:17.792] 发送->:AT+WIOTACONNECT=1,0
█
[2023-08-07 19:47:17.841] 接收<- ERR CMD MATCH FAILED!
ERROR

[2023-08-07 19:47:20.106] 发送->:AT+WIOTARUN=0
█
[2023-08-07 19:47:20.374] 接收<- OK

[2023-08-07 19:47:20.412] 发送->:AT+WIOTAINIT
█
[2023-08-07 19:47:20.498] 接收<- OK

[2023-08-07 19:47:20.515] 发送->:AT+WIOTAFREQ=10
█
[2023-08-07 19:47:20.622] 接收<- OK

[2023-08-07 19:47:20.719] 发送->:AT+WIOTACONFIG=20,1,1,0,1,0,3,0,1,21456981
█
[2023-08-07 19:47:20.839] 接收<- ERR CHECK ARGS FORMAT FAILED!
ERROR

[2023-08-07 19:47:20.924] 发送->:AT+WIOTARUN=1
█
[2023-08-07 19:47:21.059] 接收<- OK

[2023-08-07 19:47:21.128] 发送->:AT+WIOTACONNECT=1,0
█
[2023-08-07 19:47:21.183] 接收<- ERR CMD MATCH FAILED!
ERROR

