[2023-08-07 18:42:33.539] 发送->:AT+WIOTARUN=0
█
[2023-08-07 18:42:33.625] 接收<- ERR REPETITIVE OPERATION FAILED!
ERROR

[2023-08-07 18:42:33.627] 发送->:AT+WIOTAINIT
█
[2023-08-07 18:42:33.750] 接收<- ERR REPETITIVE OPERATION FAILED!
ERROR

[2023-08-07 18:42:33.752] 发送->:AT+WIOTAFREQ=10
█
[2023-08-07 18:42:33.874] 接收<- OK

[2023-08-07 18:42:33.875] 发送->:AT+WIOTACONFIG=20,1,1,0,1,0,3,0,1,21456981
█
[2023-08-07 18:42:33.995] 接收<- ERR CHECK ARGS FORMAT FAILED!
ERROR

[2023-08-07 18:42:33.996] 发送->:AT+WIOTARUN=1
█
[2023-08-07 18:42:34.117] 接收<- OK

[2023-08-07 18:42:37.162] 发送->:AT+WIOTARUN=0
█
[2023-08-07 18:42:37.349] 接收<- OK

[2023-08-07 18:42:37.352] 发送->:AT+WIOTAINIT
█
[2023-08-07 18:42:37.472] 接收<- OK

[2023-08-07 18:42:37.473] 发送->:AT+WIOTAFREQ=10
█
[2023-08-07 18:42:37.597] 接收<- OK

[2023-08-07 18:42:37.598] 发送->:AT+WIOTACONFIG=20,1,1,0,1,0,3,0,1,21456981
█
[2023-08-07 18:42:37.723] 接收<- ERR CHECK ARGS FORMAT FAILED!
ERROR

[2023-08-07 18:42:37.724] 发送->:AT+WIOTARUN=1
█
[2023-08-07 18:42:37.849] 接收<- OK

[2023-08-07 18:42:40.837] 发送->:AT+WIOTARUN=0
█
[2023-08-07 18:42:41.082] 接收<- OK

[2023-08-07 18:42:41.083] 发送->:AT+WIOTAINIT
█
[2023-08-07 18:42:41.206] 接收<- OK

[2023-08-07 18:42:41.207] 发送->:AT+WIOTAFREQ=10
█
[2023-08-07 18:42:41.328] 接收<- OK

[2023-08-07 18:42:41.328] 发送->:AT+WIOTACONFIG=20,1,1,0,1,0,3,0,1,21456981
█
[2023-08-07 18:42:41.452] 接收<- ERR CHECK ARGS FORMAT FAILED!
ERROR

[2023-08-07 18:42:41.454] 发送->:AT+WIOTARUN=1
█
[2023-08-07 18:42:41.577] 接收<- OK

