[2023-08-07 19:21:26.322] 发送->:AT+WIOTARUN=0
█
[2023-08-07 19:21:26.328] 发送->:AT+WIOTAINIT
█
[2023-08-07 19:21:26.330] 发送->:AT+WIOTAFREQ=10
█
[2023-08-07 19:21:26.331] 发送->:AT+WIOTACONFIG=20,1,1,0,1,0,3,0,1,21456981
█
[2023-08-07 19:21:26.333] 发送->:AT+WIOTARUN=1
█
[2023-08-07 19:21:26.578] 接收<- OK
OK
OK
ERR CHECK ARGS FORMAT FAILED!
ERROR
OK

[2023-08-07 19:21:30.715] 发送->:AT+WIOTARUN=0
█
[2023-08-07 19:21:30.717] 发送->:AT+WIOTAINIT
█
[2023-08-07 19:21:30.719] 发送->:AT+WIOTAFREQ=10
█
[2023-08-07 19:21:30.721] 发送->:AT+WIOTACONFIG=20,1,1,0,1,0,3,0,1,21456981
█
[2023-08-07 19:21:30.723] 发送->:AT+WIOTARUN=1
█
[2023-08-07 19:21:30.958] 接收<- OK
OK
OK
ERR CHECK ARGS FORMAT FAILED!
ERROR
OK

[2023-08-07 19:21:32.296] 发送->:AT+WIOTARUN=0
█
[2023-08-07 19:21:32.299] 发送->:AT+WIOTAINIT
█
[2023-08-07 19:21:32.300] 发送->:AT+WIOTAFREQ=10
█
[2023-08-07 19:21:32.301] 发送->:AT+WIOTACONFIG=20,1,1,0,1,0,3,0,1,21456981
█
[2023-08-07 19:21:32.303] 发送->:AT+WIOTARUN=1
█
[2023-08-07 19:21:32.489] 接收<- OK

[2023-08-07 19:21:32.612] 接收<- OK
OK
ERR CHECK ARGS FORMAT FAILED!
ERROR
OK

[2023-08-07 19:21:33.728] 发送->:AT+WIOTARUN=0
█
[2023-08-07 19:21:33.730] 发送->:AT+WIOTAINIT
█
[2023-08-07 19:21:33.731] 发送->:AT+WIOTAFREQ=10
█
[2023-08-07 19:21:33.733] 发送->:AT+WIOTACONFIG=20,1,1,0,1,0,3,0,1,21456981
█
[2023-08-07 19:21:33.735] 发送->:AT+WIOTARUN=1
█
[2023-08-07 19:21:33.955] 接收<- OK
OK
OK
ERR CHECK ARGS FORMAT FAILED!
ERROR
OK

