[2023-08-07 19:27:41.967] 发送->:AT+WIOTARUN=0
█
[2023-08-07 19:27:41.973] 发送->:AT+WIOTAINIT
█
[2023-08-07 19:27:41.975] 发送->:AT+WIOTAFREQ=10
█
[2023-08-07 19:27:41.977] 发送->:AT+WIOTACONFIG=20,1,1,0,1,0,3,0,1,21456981
█
[2023-08-07 19:27:41.979] 发送->:AT+WIOTARUN=1
█
[2023-08-07 19:27:42.196] 接收<- OK
OK
OK
ERR CHECK ARGS FORMAT FAILED!
ERROR
OK

[2023-08-07 19:27:45.288] 发送->:AT+WIOTARUN=0
█
[2023-08-07 19:27:45.290] 发送->:AT+WIOTAINIT
█
[2023-08-07 19:27:45.292] 发送->:AT+WIOTAFREQ=10
█
[2023-08-07 19:27:45.294] 发送->:AT+WIOTACONFIG=20,1,1,0,1,0,3,0,1,21456981
█
[2023-08-07 19:27:45.295] 发送->:AT+WIOTARUN=1
█
[2023-08-07 19:27:45.531] 接收<- OK
OK
OK
ERR CHECK ARGS FORMAT FAILED!
ERROR
OK

