[2023-08-07 19:26:16.960] 发送->:AT+WIOTARUN=0
█
[2023-08-07 19:26:16.966] 发送->:AT+WIOTAINIT
█
[2023-08-07 19:26:16.968] 发送->:AT+WIOTAFREQ=10
█
[2023-08-07 19:26:16.970] 发送->:AT+WIOTACONFIG=20,1,1,0,1,0,3,0,1,21456981
█
[2023-08-07 19:26:16.971] 发送->:AT+WIOTARUN=1
█
[2023-08-07 19:26:17.215] 接收<- OK
OK
OK
ERR CHECK ARGS FORMAT FAILED!
ERROR
OK

[2023-08-07 19:26:17.217] 接收<- False
[2023-08-07 19:26:19.407] 发送->:AT+WIOTARUN=0
█
[2023-08-07 19:26:19.409] 发送->:AT+WIOTAINIT
█
[2023-08-07 19:26:19.411] 发送->:AT+WIOTAFREQ=10
█
[2023-08-07 19:26:19.412] 发送->:AT+WIOTACONFIG=20,1,1,0,1,0,3,0,1,21456981
█
[2023-08-07 19:26:19.415] 发送->:AT+WIOTARUN=1
█
[2023-08-07 19:26:19.650] 接收<- OK
OK
OK
ERR CHECK ARGS FORMAT FAILED!
ERROR
OK

[2023-08-07 19:26:19.653] 接收<- False
[2023-08-07 19:26:22.252] 发送->:AT+WIOTARUN=0
█
[2023-08-07 19:26:22.253] 发送->:AT+WIOTAINIT
█
[2023-08-07 19:26:22.255] 发送->:AT+WIOTAFREQ=10
█
[2023-08-07 19:26:22.257] 发送->:AT+WIOTACONFIG=20,1,1,0,1,0,3,0,1,21456981
█
[2023-08-07 19:26:22.258] 发送->:AT+WIOTARUN=1
█
[2023-08-07 19:26:22.485] 接收<- OK
OK
OK
ERR CHECK ARGS FORMAT FAILED!
ERROR
OK

[2023-08-07 19:26:22.487] 接收<- False
[2023-08-07 19:26:26.488] 发送->:AT+WIOTARUN=0
█
[2023-08-07 19:26:26.490] 发送->:AT+WIOTAINIT
█
[2023-08-07 19:26:26.492] 发送->:AT+WIOTAFREQ=10
█
[2023-08-07 19:26:26.493] 发送->:AT+WIOTACONFIG=20,1,1,0,1,0,3,0,1,21456981
█
[2023-08-07 19:26:26.494] 发送->:AT+WIOTARUN=1
█
[2023-08-07 19:26:26.728] 接收<- OK
OK
OK
ERR CHECK ARGS FORMAT FAILED!
ERROR
OK

[2023-08-07 19:26:26.728] 接收<- False
