[2023-08-07 18:40:01.312] å‘é€->:AT+WIOTARUN=0
â–ˆ
[2023-08-07 18:40:05.664] æŽ¥æ”¶<- é´›<ç˜Œâ‚¬x<â‚¬x
[2023-08-07 18:40:06.449] å‘é€->:AT
â–ˆ
[2023-08-07 18:40:06.982] å‘é€->:AT
â–ˆ
[2023-08-07 18:40:07.168] å‘é€->:AT
â–ˆ
[2023-08-07 18:40:07.368] å‘é€->:AT
â–ˆ
[2023-08-07 18:40:07.799] å‘é€->:AT
â–ˆ
[2023-08-07 18:40:11.420] æŽ¥æ”¶<- +Select modem,enter follow char:
a. Only ymodem down file
b. OTA update
e. Ymodem down bin, flash rtthread
g. Ymode down ota page, ota update
+SYSTEM:START

[2023-08-07 18:40:11.725] å‘é€->:AT
â–ˆ
[2023-08-07 18:40:11.845] æŽ¥æ”¶<- OK

[2023-08-07 18:40:11.930] å‘é€->:AT
â–ˆ
[2023-08-07 18:40:11.969] æŽ¥æ”¶<- OK

[2023-08-07 18:40:12.160] å‘é€->:AT
â–ˆ
[2023-08-07 18:40:12.188] æŽ¥æ”¶<- OK

[2023-08-07 18:40:14.655] å‘é€->:AT+WIOTARUN=0
â–ˆ
[2023-08-07 18:40:14.727] æŽ¥æ”¶<- ERR REPETITIVE OPERATION FAILED!
ERROR

[2023-08-07 18:40:14.728] å‘é€->:AT+WIOTAINIT
â–ˆ
[2023-08-07 18:40:14.731] å‘é€->:AT+WIOTAINIT
â–ˆ
[2023-08-07 18:40:14.851] æŽ¥æ”¶<- OK
ERR REPETITIVE OPERATION FAILED!
ERROR

[2023-08-07 18:40:14.852] å‘é€->:AT+WIOTAFREQ=10
â–ˆ
[2023-08-07 18:40:14.975] æŽ¥æ”¶<- OK

[2023-08-07 18:40:25.411] å‘é€->:AT+WIOTARUN=0
â–ˆ
[2023-08-07 18:40:25.464] æŽ¥æ”¶<- ERR REPETITIVE OPERATION FAILED!
ERROR

[2023-08-07 18:40:25.465] å‘é€->:AT+WIOTAFREQ=10
â–ˆ
[2023-08-07 18:40:25.468] å‘é€->:AT+WIOTACONFIG=20,1,1,0,1,0,3,0,1,21456981
â–ˆ
[2023-08-07 18:40:25.589] æŽ¥æ”¶<- OK
ERR CHECK ARGS FORMAT FAILED!
ERROR

[2023-08-07 18:40:25.590] å‘é€->:AT+WIOTARUN=1
â–ˆ
[2023-08-07 18:40:25.593] å‘é€->:AT+WIOTAINIT
â–ˆ
[2023-08-07 18:40:25.595] å‘é€->:AT+WIOTACONFIG=20,1,1,0,1,0,3,0,1,21456981
â–ˆ
[2023-08-07 18:40:25.712] æŽ¥æ”¶<- OK
ERR REPETITIVE OPERATION FAILED!
ERROR
ERR CHECK ARGS FORMAT FAILED!
ERROR

[2023-08-07 18:40:25.712] å‘é€->:AT+WIOTACONNECT=1,0
â–ˆ
[2023-08-07 18:40:25.758] å‘é€->:AT+WIOTARUN=1
â–ˆ
[2023-08-07 18:40:25.835] æŽ¥æ”¶<- ERR CMD MATCH FAILED!
ERROR
ERR REPETITIVE OPERATION FAILED!
ERROR

[2023-08-07 18:40:25.838] å‘é€->:AT+WIOTAFREQ=10
â–ˆ
[2023-08-07 18:40:25.958] æŽ¥æ”¶<- OK

[2023-08-07 18:40:27.577] å‘é€->:AT+WIOTARUN=0
â–ˆ
[2023-08-07 18:40:27.991] æŽ¥æ”¶<- OK

[2023-08-07 18:40:30.566] å‘é€->:AT+WIOTAINIT
â–ˆ
[2023-08-07 18:40:30.569] å‘é€->:AT+WIOTACONFIG=20,1,1,0,1,0,3,0,1,21456981
â–ˆ
[2023-08-07 18:40:30.572] å‘é€->:AT+WIOTAFREQ=10
â–ˆ
[2023-08-07 18:40:30.575] å‘é€->:AT+WIOTARUN=1
â–ˆ
[2023-08-07 18:40:30.577] å‘é€->:AT+WIOTACONFIG=20,1,1,0,1,0,3,0,1,21456981
â–ˆ
[2023-08-07 18:40:30.580] å‘é€->:AT+WIOTACONNECT=1,0
â–ˆ
[2023-08-07 18:40:30.582] å‘é€->:AT+WIOTARUN=1
â–ˆ
[2023-08-07 18:40:30.587] å‘é€->:AT+WIOTACONNECT=1,0
â–ˆ
[2023-08-07 18:40:30.626] æŽ¥æ”¶<- OK
ERR CHECK ARGS FORMAT FAILED!
ERROR
OK

[2023-08-07 18:40:30.751] æŽ¥æ”¶<- OK
ERR CHECK ARGS FORMAT FAILED!
ERROR
ERR CMD MATCH FAILED!
ERROR
ERR REPETITIVE OPERATION FAILED!
ERROR
ERR CMD MATCH FAILED!
ERROR

[2023-08-07 18:40:31.978] å‘é€->:AT+WIOTARUN=0
â–ˆ
[2023-08-07 18:40:32.173] æŽ¥æ”¶<- OK

[2023-08-07 18:40:34.490] å‘é€->:AT+WIOTARUN=0
â–ˆ
[2023-08-07 18:40:34.617] æŽ¥æ”¶<- ERR REPETITIVE OPERATION FAILED!
ERROR

[2023-08-07 18:40:34.617] å‘é€->:AT+WIOTAINIT
â–ˆ
[2023-08-07 18:40:34.620] å‘é€->:AT+WIOTAINIT
â–ˆ
[2023-08-07 18:40:34.740] æŽ¥æ”¶<- OK
ERR REPETITIVE OPERATION FAILED!
ERROR

[2023-08-07 18:40:34.740] å‘é€->:AT+WIOTAFREQ=10
â–ˆ
[2023-08-07 18:40:34.742] å‘é€->:AT+WIOTAFREQ=10
â–ˆ
[2023-08-07 18:40:34.864] æŽ¥æ”¶<- OK
OK

[2023-08-07 18:40:42.624] å‘é€->:AT+WIOTARUN=0
â–ˆ
[2023-08-07 18:40:42.739] æŽ¥æ”¶<- ERR REPETITIVE OPERATION FAILED!
ERROR

[2023-08-07 18:40:42.740] å‘é€->:AT+WIOTAINIT
â–ˆ
[2023-08-07 18:40:42.743] å‘é€->:AT+WIOTACONFIG=20,1,1,0,1,0,3,0,1,21456981
â–ˆ
[2023-08-07 18:40:42.861] æŽ¥æ”¶<- ERR REPETITIVE OPERATION FAILED!
ERROR
ERR CHECK ARGS FORMAT FAILED!
ERROR

[2023-08-07 18:40:42.863] å‘é€->:AT+WIOTAFREQ=10
â–ˆ
[2023-08-07 18:40:42.865] å‘é€->:AT+WIOTACONFIG=20,1,1,0,1,0,3,0,1,21456981
â–ˆ
[2023-08-07 18:40:42.985] æŽ¥æ”¶<- OK
ERR CHECK ARGS FORMAT FAILED!
ERROR

[2023-08-07 18:40:42.985] å‘é€->:AT+WIOTARUN=1
â–ˆ
[2023-08-07 18:40:42.988] å‘é€->:AT+WIOTACONFIG=20,1,1,0,1,0,3,0,1,21456981
â–ˆ
[2023-08-07 18:40:42.990] å‘é€->:AT+WIOTARUN=1
â–ˆ
[2023-08-07 18:40:43.110] æŽ¥æ”¶<- OK
ERR CHECK ARGS FORMAT FAILED!
ERROR
ERR REPETITIVE OPERATION FAILED!
ERROR

[2023-08-07 18:40:43.110] å‘é€->:AT+WIOTACONNECT=1,0
â–ˆ
[2023-08-07 18:40:43.234] æŽ¥æ”¶<- ERR CMD MATCH FAILED!
ERROR

[2023-08-07 18:40:43.238] å‘é€->:AT+WIOTARUN=1
â–ˆ
[2023-08-07 18:40:43.240] å‘é€->:AT+WIOTACONNECT=1,0
â–ˆ
[2023-08-07 18:40:43.354] æŽ¥æ”¶<- ERR REPETITIVE OPERATION FAILED!
ERROR
ERR CMD MATCH FAILED!
ERROR

[2023-08-07 18:40:43.355] å‘é€->:AT+WIOTACONNECT=1,0
â–ˆ
[2023-08-07 18:40:43.479] æŽ¥æ”¶<- ERR CMD MATCH FAILED!
ERROR

[2023-08-07 18:40:49.989] å‘é€->:AT+WIOTARUN=0
â–ˆ
[2023-08-07 18:40:50.241] æŽ¥æ”¶<- OK

[2023-08-07 18:40:57.191] å‘é€->:AT+WIOTARUN=0
â–ˆ
[2023-08-07 18:40:57.318] æŽ¥æ”¶<- ERR REPETITIVE OPERATION FAILED!
ERROR

[2023-08-07 18:40:57.319] å‘é€->:AT+WIOTAINIT
â–ˆ
[2023-08-07 18:40:57.321] å‘é€->:AT+WIOTAINIT
â–ˆ
[2023-08-07 18:40:57.441] æŽ¥æ”¶<- OK
ERR REPETITIVE OPERATION FAILED!
ERROR

[2023-08-07 18:40:57.442] å‘é€->:AT+WIOTAFREQ=10
â–ˆ
[2023-08-07 18:40:57.443] å‘é€->:AT+WIOTAFREQ=10
â–ˆ
[2023-08-07 18:40:57.564] æŽ¥æ”¶<- OK
OK

