[2023-08-07 19:35:35.505] 发送->:AT+WIOTARUN=0
█
[2023-08-07 19:35:35.511] 发送->:AT+WIOTAINIT
█
[2023-08-07 19:35:35.513] 发送->:AT+WIOTAFREQ=10
█
[2023-08-07 19:35:35.515] 发送->:AT+WIOTACONFIG=20,1,1,0,1,0,3,0,1,21456981
█
[2023-08-07 19:35:35.517] 发送->:AT+WIOTARUN=1
█
[2023-08-07 19:35:35.786] 接收<- OK
OK
OK
ERR CHECK ARGS FORMAT FAILED!
ERROR
OK

[2023-08-07 19:35:40.486] 发送->:AT+WIOTARUN=0
█
[2023-08-07 19:35:40.488] 发送->:AT+WIOTAINIT
█
[2023-08-07 19:35:40.489] 发送->:AT+WIOTAFREQ=10
█
[2023-08-07 19:35:40.491] 发送->:AT+WIOTACONFIG=20,1,1,0,1,0,3,0,1,21456981
█
[2023-08-07 19:35:40.492] 发送->:AT+WIOTARUN=1
█
[2023-08-07 19:35:40.735] 接收<- OK
OK
OK
ERR CHECK ARGS FORMAT FAILED!
ERROR
OK

[2023-08-07 19:35:48.870] 发送->:AT+WIOTARUN=0
█
[2023-08-07 19:35:48.872] 发送->:AT+WIOTAINIT
█
[2023-08-07 19:35:48.873] 发送->:AT+WIOTAFREQ=10
█
[2023-08-07 19:35:48.875] 发送->:AT+WIOTACONFIG=20,1,1,0,1,0,3,0,1,21456981
█
[2023-08-07 19:35:48.877] 发送->:AT+WIOTARUN=1
█
[2023-08-07 19:35:49.111] 接收<- OK
OK
OK
ERR CHECK ARGS FORMAT FAILED!
ERROR
OK

[2023-08-07 19:35:50.223] 发送->:AT+WIOTARUN=0
█
[2023-08-07 19:35:50.225] 发送->:AT+WIOTAINIT
█
[2023-08-07 19:35:50.226] 发送->:AT+WIOTAFREQ=10
█
[2023-08-07 19:35:50.228] 发送->:AT+WIOTACONFIG=20,1,1,0,1,0,3,0,1,21456981
█
[2023-08-07 19:35:50.229] 发送->:AT+WIOTARUN=1
█
[2023-08-07 19:35:50.463] 接收<- OK
OK
OK
ERR CHECK ARGS FORMAT FAILED!
ERROR
OK

[2023-08-07 19:36:03.320] 发送->:AT+WIOTARUN=0
█
[2023-08-07 19:36:03.322] 发送->:AT+WIOTAINIT
█
[2023-08-07 19:36:03.324] 发送->:AT+WIOTAFREQ=10
█
[2023-08-07 19:36:03.325] 发送->:AT+WIOTACONFIG=20,1,1,0,1,0,3,0,1,21456981
█
[2023-08-07 19:36:03.327] 发送->:AT+WIOTARUN=1
█
[2023-08-07 19:36:03.555] 接收<- OK
OK
OK
ERR CHECK ARGS FORMAT FAILED!
ERROR
OK

