[2023-08-07 19:24:28.984] 发送->:AT+WIOTARUN=0
█
[2023-08-07 19:24:28.989] 发送->:AT+WIOTAINIT
█
[2023-08-07 19:24:28.992] 发送->:AT+WIOTAFREQ=10
█
[2023-08-07 19:24:28.993] 发送->:AT+WIOTACONFIG=20,1,1,0,1,0,3,0,1,21456981
█
[2023-08-07 19:24:28.995] 发送->:AT+WIOTARUN=1
█
[2023-08-07 19:24:29.199] 接收<- OK
OK
OK
ERR CHECK ARGS FORMAT FAILED!
ERROR

[2023-08-07 19:24:29.323] 接收<- OK

[2023-08-07 19:24:33.396] 发送->:AT+WIOTARUN=0
█
[2023-08-07 19:24:33.398] 发送->:AT+WIOTAINIT
█
[2023-08-07 19:24:33.399] 发送->:AT+WIOTAFREQ=10
█
[2023-08-07 19:24:33.401] 发送->:AT+WIOTACONFIG=20,1,1,0,1,0,3,0,1,21456981
█
[2023-08-07 19:24:33.404] 发送->:AT+WIOTARUN=1
█
[2023-08-07 19:24:33.663] 接收<- OK
OK
OK
ERR CHECK ARGS FORMAT FAILED!
ERROR
OK

[2023-08-07 19:24:34.923] 发送->:AT+WIOTARUN=0
█
[2023-08-07 19:24:34.926] 发送->:AT+WIOTAINIT
█
[2023-08-07 19:24:34.927] 发送->:AT+WIOTAFREQ=10
█
[2023-08-07 19:24:34.928] 发送->:AT+WIOTACONFIG=20,1,1,0,1,0,3,0,1,21456981
█
[2023-08-07 19:24:34.930] 发送->:AT+WIOTARUN=1
█
[2023-08-07 19:24:35.183] 接收<- OK
OK
OK
ERR CHECK ARGS FORMAT FAILED!
ERROR
OK

[2023-08-07 19:24:36.146] 发送->:AT+WIOTARUN=0
█
[2023-08-07 19:24:36.148] 发送->:AT+WIOTAINIT
█
[2023-08-07 19:24:36.150] 发送->:AT+WIOTAFREQ=10
█
[2023-08-07 19:24:36.151] 发送->:AT+WIOTACONFIG=20,1,1,0,1,0,3,0,1,21456981
█
[2023-08-07 19:24:36.153] 发送->:AT+WIOTARUN=1
█
[2023-08-07 19:24:36.415] 接收<- OK
OK
OK
ERR CHECK ARGS FORMAT FAILED!
ERROR
OK

