[2023-08-07 19:38:50.143] 发送->:AT+WIOTARUN=0
█
[2023-08-07 19:38:50.248] 发送->:AT+WIOTAINIT
█
[2023-08-07 19:38:50.358] 接收<- OK
OK

[2023-08-07 19:38:50.356] 发送->:AT+WIOTAFREQ=10
█
[2023-08-07 19:38:50.465] 发送->:AT+WIOTACONFIG=20,1,1,0,1,0,3,0,1,21456981
█
[2023-08-07 19:38:50.480] 接收<- OK

[2023-08-07 19:38:50.568] 发送->:AT+WIOTARUN=1
█
[2023-08-07 19:38:50.604] 接收<- ERR CHECK ARGS FORMAT FAILED!
ERROR

[2023-08-07 19:38:50.727] 接收<- OK

[2023-08-07 19:38:52.170] 发送->:AT+WIOTARUN=0
█
[2023-08-07 19:38:52.272] 发送->:AT+WIOTAINIT
█
[2023-08-07 19:38:52.375] 发送->:AT+WIOTAFREQ=10
█
[2023-08-07 19:38:52.458] 接收<- OK
OK
OK

[2023-08-07 19:38:52.487] 发送->:AT+WIOTACONFIG=20,1,1,0,1,0,3,0,1,21456981
█
[2023-08-07 19:38:52.580] 接收<- ERR CHECK ARGS FORMAT FAILED!
ERROR

[2023-08-07 19:38:52.589] 发送->:AT+WIOTARUN=1
█
[2023-08-07 19:38:52.701] 接收<- OK

[2023-08-07 19:38:54.058] 发送->:AT+WIOTARUN=0
█
[2023-08-07 19:38:54.160] 发送->:AT+WIOTAINIT
█
[2023-08-07 19:38:54.262] 发送->:AT+WIOTAFREQ=10
█
[2023-08-07 19:38:54.323] 接收<- OK
OK
OK

[2023-08-07 19:38:54.364] 发送->:AT+WIOTACONFIG=20,1,1,0,1,0,3,0,1,21456981
█
[2023-08-07 19:38:54.449] 接收<- ERR CHECK ARGS FORMAT FAILED!
ERROR

[2023-08-07 19:38:54.466] 发送->:AT+WIOTARUN=1
█
[2023-08-07 19:38:54.573] 接收<- OK

[2023-08-07 19:38:59.982] 发送->:AT+WIOTARUN=0
█
[2023-08-07 19:39:00.084] 发送->:AT+WIOTAINIT
█
[2023-08-07 19:39:00.186] 发送->:AT+WIOTAFREQ=10
█
[2023-08-07 19:39:00.234] 接收<- OK
OK
OK

[2023-08-07 19:39:00.289] 发送->:AT+WIOTACONFIG=20,1,1,0,1,0,3,0,1,21456981
█
[2023-08-07 19:39:00.356] 接收<- ERR CHECK ARGS FORMAT FAILED!
ERROR

[2023-08-07 19:39:00.391] 发送->:AT+WIOTARUN=1
█
[2023-08-07 19:39:00.479] 接收<- OK

[2023-08-07 19:39:02.470] 发送->:AT+WIOTARUN=0
█
[2023-08-07 19:39:02.573] 发送->:AT+WIOTAINIT
█
[2023-08-07 19:39:02.675] 发送->:AT+WIOTAFREQ=10
█
[2023-08-07 19:39:02.720] 接收<- OK
OK
OK

[2023-08-07 19:39:02.778] 发送->:AT+WIOTACONFIG=20,1,1,0,1,0,3,0,1,21456981
█
[2023-08-07 19:39:02.844] 接收<- ERR CHECK ARGS FORMAT FAILED!
ERROR

[2023-08-07 19:39:02.881] 发送->:AT+WIOTARUN=1
█
[2023-08-07 19:39:02.970] 接收<- OK

[2023-08-07 19:39:06.187] 发送->:AT+WIOTARUN=0
█
[2023-08-07 19:39:06.290] 发送->:AT+WIOTAINIT
█
[2023-08-07 19:39:06.392] 发送->:AT+WIOTAFREQ=10
█
[2023-08-07 19:39:06.425] 接收<- OK
OK
OK

[2023-08-07 19:39:06.495] 发送->:AT+WIOTACONFIG=20,1,1,0,1,0,3,0,1,21456981
█
[2023-08-07 19:39:06.549] 接收<- ERR CHECK ARGS FORMAT FAILED!
ERROR

[2023-08-07 19:39:06.596] 发送->:AT+WIOTARUN=1
█
[2023-08-07 19:39:06.673] 接收<- OK

