[2023-08-07 19:23:01.274] 发送->:AT+WIOTARUN=0
█
[2023-08-07 19:23:01.280] 发送->:AT+WIOTAINIT
█
[2023-08-07 19:23:01.283] 发送->:AT+WIOTAFREQ=10
█
[2023-08-07 19:23:01.284] 发送->:AT+WIOTACONFIG=20,1,1,0,1,0,3,0,1,21456981
█
[2023-08-07 19:23:01.286] 发送->:AT+WIOTARUN=1
█
[2023-08-07 19:23:01.544] 接收<- OK
OK
OK
ERR CHECK ARGS FORMAT FAILED!
ERROR
OK

[2023-08-07 19:23:02.995] 发送->:AT+WIOTARUN=0
█
[2023-08-07 19:23:02.998] 发送->:AT+WIOTAINIT
█
[2023-08-07 19:23:03.000] 发送->:AT+WIOTAFREQ=10
█
[2023-08-07 19:23:03.002] 发送->:AT+WIOTACONFIG=20,1,1,0,1,0,3,0,1,21456981
█
[2023-08-07 19:23:03.004] 发送->:AT+WIOTARUN=1
█
[2023-08-07 19:23:03.273] 接收<- OK
OK
OK
ERR CHECK ARGS FORMAT FAILED!
ERROR
OK

[2023-08-07 19:23:06.339] 发送->:AT+WIOTARUN=0
█
[2023-08-07 19:23:06.341] 发送->:AT+WIOTAINIT
█
[2023-08-07 19:23:06.343] 发送->:AT+WIOTAFREQ=10
█
[2023-08-07 19:23:06.344] 发送->:AT+WIOTACONFIG=20,1,1,0,1,0,3,0,1,21456981
█
[2023-08-07 19:23:06.346] 发送->:AT+WIOTARUN=1
█
[2023-08-07 19:23:06.600] 接收<- OK
OK
OK
ERR CHECK ARGS FORMAT FAILED!
ERROR
OK

[2023-08-07 19:23:07.583] 发送->:AT+WIOTARUN=0
█
[2023-08-07 19:23:07.585] 发送->:AT+WIOTAINIT
█
[2023-08-07 19:23:07.586] 发送->:AT+WIOTAFREQ=10
█
[2023-08-07 19:23:07.588] 发送->:AT+WIOTACONFIG=20,1,1,0,1,0,3,0,1,21456981
█
[2023-08-07 19:23:07.589] 发送->:AT+WIOTARUN=1
█
[2023-08-07 19:23:07.831] 接收<- OK
OK
OK
ERR CHECK ARGS FORMAT FAILED!
ERROR
OK

[2023-08-07 19:23:08.700] 发送->:AT+WIOTARUN=0
█
[2023-08-07 19:23:08.701] 发送->:AT+WIOTAINIT
█
[2023-08-07 19:23:08.703] 发送->:AT+WIOTAFREQ=10
█
[2023-08-07 19:23:08.705] 发送->:AT+WIOTACONFIG=20,1,1,0,1,0,3,0,1,21456981
█
[2023-08-07 19:23:08.707] 发送->:AT+WIOTARUN=1
█
[2023-08-07 19:23:08.954] 接收<- OK
OK
OK
ERR CHECK ARGS FORMAT FAILED!
ERROR
OK

