[2023-08-07 19:10:59.420] 发送->:AT+WIOTARUN=0
█
[2023-08-07 19:10:59.425] 发送->:AT+WIOTAINIT
█
[2023-08-07 19:10:59.428] 发送->:AT+WIOTAFREQ=10
█
[2023-08-07 19:10:59.430] 发送->:AT+WIOTACONFIG=20,1,1,0,1,0,3,0,1,21456981
█
[2023-08-07 19:10:59.432] 发送->:AT+WIOTARUN=1
█
[2023-08-07 19:10:59.644] 接收<- OK
OK
OK
ERR CHECK ARGS FORMAT FAILED!
ERROR

[2023-08-07 19:10:59.765] 接收<- OK

[2023-08-07 19:11:05.044] 发送->:AT+WIOTARUN=0
█
[2023-08-07 19:11:05.046] 发送->:AT+WIOTAINIT
█
[2023-08-07 19:11:05.047] 发送->:AT+WIOTAFREQ=10
█
[2023-08-07 19:11:05.049] 发送->:AT+WIOTACONFIG=20,1,1,0,1,0,3,0,1,21456981
█
[2023-08-07 19:11:05.052] 发送->:AT+WIOTARUN=1
█
[2023-08-07 19:11:05.317] 接收<- OK
OK
OK
ERR CHECK ARGS FORMAT FAILED!
ERROR
OK

[2023-08-07 19:11:06.094] 发送->:AT+WIOTARUN=0
█
[2023-08-07 19:11:06.096] 发送->:AT+WIOTAINIT
█
[2023-08-07 19:11:06.097] 发送->:AT+WIOTAFREQ=10
█
[2023-08-07 19:11:06.099] 发送->:AT+WIOTACONFIG=20,1,1,0,1,0,3,0,1,21456981
█
[2023-08-07 19:11:06.101] 发送->:AT+WIOTARUN=1
█
[2023-08-07 19:11:06.346] 接收<- OK
OK
OK
ERR CHECK ARGS FORMAT FAILED!
ERROR
OK

