[2023-08-07 19:23:41.279] 发送->:AT+WIOTARUN=0
█
[2023-08-07 19:23:41.285] 发送->:AT+WIOTAINIT
█
[2023-08-07 19:23:41.287] 发送->:AT+WIOTAFREQ=10
█
[2023-08-07 19:23:41.289] 发送->:AT+WIOTACONFIG=20,1,1,0,1,0,3,0,1,21456981
█
[2023-08-07 19:23:41.290] 发送->:AT+WIOTARUN=1
█
[2023-08-07 19:23:41.560] 接收<- OK
OK
OK
ERR CHECK ARGS FORMAT FAILED!
ERROR
OK

[2023-08-07 19:23:43.016] 发送->:AT+WIOTARUN=0
█
[2023-08-07 19:23:43.018] 发送->:AT+WIOTAINIT
█
[2023-08-07 19:23:43.019] 发送->:AT+WIOTAFREQ=10
█
[2023-08-07 19:23:43.021] 发送->:AT+WIOTACONFIG=20,1,1,0,1,0,3,0,1,21456981
█
[2023-08-07 19:23:43.022] 发送->:AT+WIOTARUN=1
█
[2023-08-07 19:23:43.283] 接收<- OK
OK
OK
ERR CHECK ARGS FORMAT FAILED!
ERROR
OK

[2023-08-07 19:23:52.634] 发送->:AT+WIOTARUN=0
█
[2023-08-07 19:23:52.636] 发送->:AT+WIOTAINIT
█
[2023-08-07 19:23:52.638] 发送->:AT+WIOTAFREQ=10
█
[2023-08-07 19:23:52.639] 发送->:AT+WIOTACONFIG=20,1,1,0,1,0,3,0,1,21456981
█
[2023-08-07 19:23:52.640] 发送->:AT+WIOTARUN=1
█
[2023-08-07 19:23:52.865] 接收<- OK
OK
OK
ERR CHECK ARGS FORMAT FAILED!
ERROR
OK

