[2023-08-16 10:51:17.491] 发送->:AT+WIOTASEND=60000,49,0
klwcofpfrtcdgcgytneakvyfashmxvkhvbnaospoxvggndq
█
[2023-08-16 10:51:17.605] 接收<- [2023-08-16 10:51:17.605] 接收<-ERR CHECK ARGS FORMAT FAILED!
ERROR
ERR CMD MATCH FAILED!
ERROR

[2023-08-16 10:51:18.195] 发送->:AT+WIOTASEND=60000,49,0
klwcofpfrtcdgcgytneakvyfashmxvkhvbnaospoxvggndq
█
[2023-08-16 10:51:18.223] 接收<- [2023-08-16 10:51:18.223] 接收<-ERR CHECK ARGS FORMAT FAILED!
ERROR
ERR CMD MATCH FAILED!
ERROR

[2023-08-16 10:51:18.819] 发送->:AT+WIOTASEND=60000,49,0
klwcofpfrtcdgcgytneakvyfashmxvkhvbnaospoxvggndq
█
[2023-08-16 10:51:18.939] 接收<- [2023-08-16 10:51:18.939] 接收<-ERR CHECK ARGS FORMAT FAILED!
ERROR
ERR CMD MATCH FAILED!
ERROR

[2023-08-16 10:51:19.439] 发送->:AT+WIOTASEND=60000,49,0
klwcofpfrtcdgcgytneakvyfashmxvkhvbnaospoxvggndq
█
[2023-08-16 10:51:19.556] 接收<- [2023-08-16 10:51:19.556] 接收<-ERR CHECK ARGS FORMAT FAILED!
ERROR
ERR CMD MATCH FAILED!
ERROR

[2023-08-16 10:51:24.023] 发送->:AT+WIOTASEND=60000,49,0
klwcofpfrtcdgcgytneakvyfashmxvkhvbnaospoxvggndq
█
[2023-08-16 10:51:24.092] 接收<- [2023-08-16 10:51:24.092] 接收<-ERR CHECK ARGS FORMAT FAILED!
ERROR
ERR CMD MATCH FAILED!
ERROR

