[2023-08-16 10:50:30.292] 发送->:AT+WIOTASEND=60000,49,0
klwcofpfrtcdgcgytneakvyfashmxvkhvbnaospoxvggndq
█
[2023-08-16 10:50:30.394] 接收<- [2023-08-16 10:50:30.394] 接收<-ERR CHECK ARGS FORMAT FAILED!
ERROR
ERR CMD MATCH FAILED!
ERROR

[2023-08-16 10:50:30.515] 发送->:AT+WIOTASEND=60000,49,0
klwcofpfrtcdgcgytneakvyfashmxvkhvbnaospoxvggndq
█
[2023-08-16 10:50:30.611] 接收<- [2023-08-16 10:50:30.611] 接收<-ERR CHECK ARGS FORMAT FAILED!
ERROR
ERR CMD MATCH FAILED!
ERROR

[2023-08-16 10:50:30.760] 发送->:AT+WIOTASEND=60000,49,0
klwcofpfrtcdgcgytneakvyfashmxvkhvbnaospoxvggndq
█
[2023-08-16 10:50:30.824] 接收<- [2023-08-16 10:50:30.824] 接收<-ERR CHECK ARGS FORMAT FAILED!
ERROR
ERR CMD MATCH FAILED!
ERROR

[2023-08-16 10:50:30.979] 发送->:AT+WIOTASEND=60000,49,0
klwcofpfrtcdgcgytneakvyfashmxvkhvbnaospoxvggndq
█
[2023-08-16 10:50:31.038] 接收<- [2023-08-16 10:50:31.038] 接收<-ERR CHECK ARGS FORMAT FAILED!
ERROR
ERR CMD MATCH FAILED!
ERROR

[2023-08-16 10:50:33.927] 发送->:AT+WIOTASEND=60000,49,0
klwcofpfrtcdgcgytneakvyfashmxvkhvbnaospoxvggndq
█
[2023-08-16 10:50:33.967] 接收<- [2023-08-16 10:50:33.967] 接收<-ERR CHECK ARGS FORMAT FAILED!
ERROR
ERR CMD MATCH FAILED!
ERROR

[2023-08-16 10:50:34.436] 发送->:AT+WIOTASEND=60000,49,0
klwcofpfrtcdgcgytneakvyfashmxvkhvbnaospoxvggndq
█
[2023-08-16 10:50:34.481] 接收<- [2023-08-16 10:50:34.481] 接收<-ERR CHECK ARGS FORMAT FAILED!
ERROR
ERR CMD MATCH FAILED!
ERROR

[2023-08-16 10:50:34.638] 发送->:AT+WIOTASEND=60000,49,0
klwcofpfrtcdgcgytneakvyfashmxvkhvbnaospoxvggndq
█
[2023-08-16 10:50:34.693] 接收<- [2023-08-16 10:50:34.693] 接收<-ERR CHECK ARGS FORMAT FAILED!
ERROR
ERR CMD MATCH FAILED!
ERROR

[2023-08-16 10:50:35.469] 发送->:AT+WIOTASEND=60000,49,0
klwcofpfrtcdgcgytneakvyfashmxvkhvbnaospoxvggndq
█
[2023-08-16 10:50:35.510] 接收<- [2023-08-16 10:50:35.510] 接收<-ERR CHECK ARGS FORMAT FAILED!
ERROR
ERR CMD MATCH FAILED!
ERROR

