[2023-08-16 10:54:35.828] 发送->:AT+WIOTASEND=60000,49,0
klwcofpfrtcdgcgytneakvyfashmxvkhvbnaospoxvggndq
█
[2023-08-16 10:54:35.869] 接收<- [2023-08-16 10:54:35.869] 接收<-ERR CHECK ARGS FORMAT FAILED!
ERROR
ERR CMD MATCH FAILED!
ERROR

[2023-08-16 10:54:36.280] 发送->:AT+WIOTASEND=60000,49,0
klwcofpfrtcdgcgytneakvyfashmxvkhvbnaospoxvggndq
█
[2023-08-16 10:54:36.385] 接收<- [2023-08-16 10:54:36.385] 接收<-ERR CHECK ARGS FORMAT FAILED!
ERROR
ERR CMD MATCH FAILED!
ERROR

[2023-08-16 10:54:36.506] 发送->:AT+WIOTASEND=60000,49,0
klwcofpfrtcdgcgytneakvyfashmxvkhvbnaospoxvggndq
█
[2023-08-16 10:54:36.597] 接收<- [2023-08-16 10:54:36.597] 接收<-ERR CHECK ARGS FORMAT FAILED!
ERROR
ERR CMD MATCH FAILED!
ERROR

[2023-08-16 10:54:36.739] 发送->:AT+WIOTASEND=60000,49,0
klwcofpfrtcdgcgytneakvyfashmxvkhvbnaospoxvggndq
█
[2023-08-16 10:54:36.811] 接收<- [2023-08-16 10:54:36.811] 接收<-ERR CHECK ARGS FORMAT FAILED!
ERROR
ERR CMD MATCH FAILED!
ERROR

[2023-08-16 10:54:36.963] 发送->:AT+WIOTASEND=60000,49,0
klwcofpfrtcdgcgytneakvyfashmxvkhvbnaospoxvggndq
█
[2023-08-16 10:54:37.025] 接收<- [2023-08-16 10:54:37.025] 接收<-ERR CHECK ARGS FORMAT FAILED!
ERROR
ERR CMD MATCH FAILED!
ERROR

[2023-08-16 10:54:42.930] 发送->:AT+WIOTASEND=60000,49,0
klwcofpfrtcdgcgytneakvyfashmxvkhvbnaospoxvggndq
█
[2023-08-16 10:54:42.965] 接收<- [2023-08-16 10:54:42.965] 接收<-ERR CHECK ARGS FORMAT FAILED!
ERROR
ERR CMD MATCH FAILED!
ERROR

[2023-08-16 10:54:44.326] 发送->:AT+WIOTASEND=60000,49,0
klwcofpfrtcdgcgytneakvyfashmxvkhvbnaospoxvggndq
█
[2023-08-16 10:54:44.385] 接收<- [2023-08-16 10:54:44.385] 接收<-ERR CHECK ARGS FORMAT FAILED!
ERROR
ERR CMD MATCH FAILED!
ERROR

