[2023-08-15 11:21:45.823] 发送->:AT+WIOTARUN=0
█
[2023-08-15 11:21:45.922] 接收<- [2023-08-15 11:21:45.922] 接收<-ERR REPETITIVE OPERATION FAILED!
ERROR

[2023-08-15 11:21:45.939] 发送->:AT+WIOTAINIT
█
[2023-08-15 11:21:46.047] 接收<- [2023-08-15 11:21:46.047] 接收<-OK

[2023-08-15 11:21:46.160] 发送->:AT+WIOTAFREQ=120
█
[2023-08-15 11:21:46.282] 接收<- [2023-08-15 11:21:46.282] 接收<-OK

[2023-08-15 11:21:46.378] 发送->:AT+WIOTAOSC=0
█
[2023-08-15 11:21:46.406] 接收<- [2023-08-15 11:21:46.406] 接收<-OK

[2023-08-15 11:21:46.500] 发送->:AT+WIOTADCXO=40000
█
[2023-08-15 11:21:46.531] 接收<- [2023-08-15 11:21:46.531] 接收<-OK

[2023-08-15 11:21:46.609] 发送->:AT+WIOTAUSERID=12345676
█
[2023-08-15 11:21:46.657] 接收<- [2023-08-15 11:21:46.657] 接收<-OK

[2023-08-15 11:21:46.720] 发送->:AT+WIOTACONFIG=1,1,4,8,1,3,11223344,21456981
█
[2023-08-15 11:21:46.780] 接收<- [2023-08-15 11:21:46.780] 接收<-OK

[2023-08-15 11:21:46.828] 发送->:AT+WIOTASUBNUM=8
█
[2023-08-15 11:21:46.906] 接收<- [2023-08-15 11:21:46.906] 接收<-OK

[2023-08-15 11:21:46.937] 发送->:AT+WIOTABCROUND=1
█
[2023-08-15 11:21:47.029] 接收<- [2023-08-15 11:21:47.029] 接收<-OK

[2023-08-15 11:21:47.045] 发送->:AT+WIOTAPOW=0,41
█
[2023-08-15 11:21:47.153] 接收<- [2023-08-15 11:21:47.153] 接收<-OK

[2023-08-15 11:21:47.263] 发送->:AT+WIOTAPOW=0,0
█
[2023-08-15 11:21:47.388] 接收<- [2023-08-15 11:21:47.388] 接收<-OK

[2023-08-15 11:21:47.482] 发送->:AT+WIOTARUN=1
█
[2023-08-15 11:21:47.620] 接收<- [2023-08-15 11:21:47.620] 接收<-OK

[2023-08-15 11:21:53.312] 发送->:AT+WIOTARUN=0
█
[2023-08-15 11:22:05.608] 接收<- [2023-08-15 11:22:05.608] 接收<-+WIOTARECV,-102,18,1,0,49,klwcofpfrtcdgcgytneakvyfashmxvkhvbnaospoxvggndq


[2023-08-15 11:22:08.245] 接收<- [2023-08-15 11:22:08.245] 接收<-+WIOTARECV,-90,15,1,0,49,klwcofpfrtcdgcgytneakvyfashmxvkhvbnaospoxvggndq


[2023-08-15 11:22:11.897] 接收<- [2023-08-15 11:22:11.897] 接收<->
[2023-08-15 11:22:12.571] 接收<- [2023-08-15 11:22:12.571] 接收<-SEND SUCC
OK

[2023-08-15 11:22:18.744] 接收<- [2023-08-15 11:22:18.744] 接收<-+WIOTARECV,-101,18,1,0,49,klwcofpfrtcdgcgytneakvyfashmxvkhvbnaospoxvggndq


[2023-08-15 11:22:20.304] 接收<- [2023-08-15 11:22:20.304] 接收<->
[2023-08-15 11:22:20.976] 接收<- [2023-08-15 11:22:20.976] 接收<-SEND SUCC
OK

