[2023-08-16 10:47:45.225] 发送->:AT+WIOTASEND=60000,49,0
klwcofpfrtcdgcgytneakvyfashmxvkhvbnaospoxvggndq
█
[2023-08-16 10:47:45.351] 接收<- [2023-08-16 10:47:45.351] 接收<-ERR CHECK ARGS FORMAT FAILED!
ERROR
ERR CMD MATCH FAILED!
ERROR

[2023-08-16 10:47:45.474] 发送->:AT+WIOTASEND=60000,49,0
klwcofpfrtcdgcgytneakvyfashmxvkhvbnaospoxvggndq
█
[2023-08-16 10:47:45.566] 接收<- [2023-08-16 10:47:45.566] 接收<-ERR CHECK ARGS FORMAT FAILED!
ERROR
ERR CMD MATCH FAILED!
ERROR

[2023-08-16 10:47:45.707] 发送->:AT+WIOTASEND=60000,49,0
klwcofpfrtcdgcgytneakvyfashmxvkhvbnaospoxvggndq
█
[2023-08-16 10:47:45.780] 接收<- [2023-08-16 10:47:45.780] 接收<-ERR CHECK ARGS FORMAT FAILED!
ERROR
ERR CMD MATCH FAILED!
ERROR

[2023-08-16 10:47:46.300] 发送->:AT+WIOTASEND=60000,49,0
klwcofpfrtcdgcgytneakvyfashmxvkhvbnaospoxvggndq
█
[2023-08-16 10:47:46.397] 接收<- [2023-08-16 10:47:46.397] 接收<-ERR CHECK ARGS FORMAT FAILED!
ERROR
ERR CMD MATCH FAILED!
ERROR

