[2023-08-16 10:57:08.545] 发送->:AT+WIOTASEND=60000,49,0
klwcofpfrtcdgcgytneakvyfashmxvkhvbnaospoxvggndq
█
[2023-08-16 10:57:08.659] 接收<- [2023-08-16 10:57:08.659] 接收<-ERROR
ERR CMD MATCH FAILED!
ERROR

[2023-08-16 10:57:09.910] 发送->:AT+WIOTASEND=60000,49,0
klwcofpfrtcdgcgytneakvyfashmxvkhvbnaospoxvggndq
█
[2023-08-16 10:57:09.988] 接收<- [2023-08-16 10:57:09.988] 接收<-ERROR
ERR CMD MATCH FAILED!
ERROR

[2023-08-16 10:57:10.107] 发送->:AT+WIOTASEND=60000,49,0
klwcofpfrtcdgcgytneakvyfashmxvkhvbnaospoxvggndq
█
[2023-08-16 10:57:10.206] 接收<- [2023-08-16 10:57:10.206] 接收<-ERROR
ERR CMD MATCH FAILED!
ERROR

[2023-08-16 10:57:10.325] 发送->:AT+WIOTASEND=60000,49,0
klwcofpfrtcdgcgytneakvyfashmxvkhvbnaospoxvggndq
█
[2023-08-16 10:57:10.424] 接收<- [2023-08-16 10:57:10.424] 接收<-ERROR
ERR CMD MATCH FAILED!
ERROR

[2023-08-16 10:57:15.687] 发送->:AT+WIOTASEND=60000,49,0
klwcofpfrtcdgcgytneakvyfashmxvkhvbnaospoxvggndq
█
