[2023-08-16 10:53:25.444] 发送->:AT+WIOTASEND=60000,49,0
klwcofpfrtcdgcgytneakvyfashmxvkhvbnaospoxvggndq
█
[2023-08-16 10:53:25.572] 接收<- [2023-08-16 10:53:25.572] 接收<-ERROR
ERR CMD MATCH FAILED!
ERROR

[2023-08-16 10:53:26.087] 发送->:AT+WIOTASEND=60000,49,0
klwcofpfrtcdgcgytneakvyfashmxvkhvbnaospoxvggndq
█
[2023-08-16 10:53:26.195] 接收<- [2023-08-16 10:53:26.195] 接收<-ERROR
ERR CMD MATCH FAILED!
ERROR

[2023-08-16 10:53:26.550] 发送->:AT+WIOTASEND=60000,49,0
klwcofpfrtcdgcgytneakvyfashmxvkhvbnaospoxvggndq
█
[2023-08-16 10:53:26.614] 接收<- [2023-08-16 10:53:26.614] 接收<-ERROR
ERR CMD MATCH FAILED!
ERROR

[2023-08-16 10:53:30.106] 发送->:AT+WIOTASEND=60000,49,0
klwcofpfrtcdgcgytneakvyfashmxvkhvbnaospoxvggndq
█
