[2023-08-16 10:48:55.773] 发送->:AT+WIOTASEND=60000,49,0
klwcofpfrtcdgcgytneakvyfashmxvkhvbnaospoxvggndq
█
[2023-08-16 10:48:55.893] 接收<- [2023-08-16 10:48:55.893] 接收<-ERROR
ERR CMD MATCH FAILED!
ERROR

[2023-08-16 10:48:56.350] 发送->:AT+WIOTASEND=60000,49,0
klwcofpfrtcdgcgytneakvyfashmxvkhvbnaospoxvggndq
█
[2023-08-16 10:48:56.417] 接收<- [2023-08-16 10:48:56.417] 接收<-ERROR
ERR CMD MATCH FAILED!
ERROR

[2023-08-16 10:48:56.593] 发送->:AT+WIOTASEND=60000,49,0
klwcofpfrtcdgcgytneakvyfashmxvkhvbnaospoxvggndq
█
[2023-08-16 10:48:56.636] 接收<- [2023-08-16 10:48:56.636] 接收<-ERROR
ERR CMD MATCH FAILED!
ERROR

[2023-08-16 10:48:56.869] 发送->:AT+WIOTASEND=60000,49,0
klwcofpfrtcdgcgytneakvyfashmxvkhvbnaospoxvggndq
█
[2023-08-16 10:48:56.950] 接收<- [2023-08-16 10:48:56.950] 接收<-ERROR
ERR CMD MATCH FAILED!
ERROR

[2023-08-16 10:48:59.822] 发送->:AT+WIOTASEND=60000,49,0
klwcofpfrtcdgcgytneakvyfashmxvkhvbnaospoxvggndq
█
