[2023-08-16 10:47:59.266] 发送->:AT+WIOTASEND=60000,49,0
klwcofpfrtcdgcgytneakvyfashmxvkhvbnaospoxvggndq
█
[2023-08-16 10:47:59.347] 接收<- [2023-08-16 10:47:59.347] 接收<-ERROR
ERR CMD MATCH FAILED!
ERROR

[2023-08-16 10:47:59.443] 发送->:AT+WIOTASEND=60000,49,0
klwcofpfrtcdgcgytneakvyfashmxvkhvbnaospoxvggndq
█
[2023-08-16 10:47:59.488] 接收<- [2023-08-16 10:47:59.488] 接收<-ERROR
ERR CMD MATCH FAILED!
ERROR

[2023-08-16 10:47:59.680] 发送->:AT+WIOTASEND=60000,49,0
klwcofpfrtcdgcgytneakvyfashmxvkhvbnaospoxvggndq
█
[2023-08-16 10:47:59.720] 接收<- [2023-08-16 10:47:59.720] 接收<-ERROR
ERR CMD MATCH FAILED!
ERROR

[2023-08-16 10:48:02.232] 发送->:AT+WIOTASEND=60000,49,0
klwcofpfrtcdgcgytneakvyfashmxvkhvbnaospoxvggndq
█
[2023-08-16 10:48:03.617] 发送->:AT+WIOTASEND=60000,49,0
klwcofpfrtcdgcgytneakvyfashmxvkhvbnaospoxvggndq
█
[2023-08-16 10:48:04.923] 发送->:AT+WIOTASEND=60000,49,0
klwcofpfrtcdgcgytneakvyfashmxvkhvbnaospoxvggndq
█
[2023-08-16 10:48:06.039] 发送->:AT+WIOTASEND=60000,49,0
klwcofpfrtcdgcgytneakvyfashmxvkhvbnaospoxvggndq
█
[2023-08-16 10:48:07.247] 发送->:AT+WIOTASEND=60000,49,0
klwcofpfrtcdgcgytneakvyfashmxvkhvbnaospoxvggndq
█
