[2023-08-14 14:34:06.513] 发送->:AT+WIOTAVERSION?
█
[2023-08-14 14:34:06.621] 接收<- [2023-08-14 14:34:06.621] 接收<-+WIOTAVERSION:v2.8_async
+GITINFO:Wed Aug 9 14:48:25 2023
+TIME:Aug  9 2023 15:16:45
+CCEVERSION:99835de
OK

[2023-08-14 14:34:07.520] 发送->:AT
█
[2023-08-14 14:34:07.543] 接收<- [2023-08-14 14:34:07.543] 接收<-OK

[2023-08-14 14:34:08.524] 发送->:AT
█
[2023-08-14 14:34:08.575] 接收<- [2023-08-14 14:34:08.575] 接收<-OK

[2023-08-14 14:34:09.526] 发送->:AT+WIOTAVERSION?
█
[2023-08-14 14:34:09.604] 接收<- [2023-08-14 14:34:09.604] 接收<-+WIOTAVERSION:v2.8_async
+GITINFO:Wed Aug 9 14:48:25 2023
+TIME:Aug  9 2023 15:16:45
+CCEVERSION:99835de
OK

[2023-08-14 14:34:10.528] 发送->:AT
█
[2023-08-14 14:34:10.627] 接收<- [2023-08-14 14:34:10.627] 接收<-OK

[2023-08-14 14:34:11.532] 发送->:AT
█
[2023-08-14 14:34:11.651] 接收<- [2023-08-14 14:34:11.651] 接收<-OK

[2023-08-14 14:34:12.546] 发送->:AT+WIOTAVERSION?
█
[2023-08-14 14:34:12.681] 接收<- [2023-08-14 14:34:12.681] 接收<-+WIOTAVERSION:v2.8_async
+GITINFO:Wed Aug 9 14:48:25 2023
+TIME:Aug  9 2023 15:16:45
+CCEVERSION:99835de
OK

[2023-08-14 14:34:13.547] 发送->:AT
█
[2023-08-14 14:34:13.602] 接收<- [2023-08-14 14:34:13.602] 接收<-OK

