[2023-08-16 11:01:11.061] 发送->:AT+WIOTASEND=60000,49,0
klwcofpfrtcdgcgytneakvyfashmxvkhvbnaospoxvggndq
█
[2023-08-16 11:01:11.138] 接收<- [2023-08-16 11:01:11.138] 接收<-ERROR
ERR CMD MATCH FAILED!
ERROR

[2023-08-16 11:01:11.269] 发送->:AT+WIOTASEND=60000,49,0
klwcofpfrtcdgcgytneakvyfashmxvkhvbnaospoxvggndq
█
[2023-08-16 11:01:11.369] 接收<- [2023-08-16 11:01:11.369] 接收<-ERROR
ERR CMD MATCH FAILED!
ERROR

[2023-08-16 11:01:11.500] 发送->:AT+WIOTASEND=60000,49,0
klwcofpfrtcdgcgytneakvyfashmxvkhvbnaospoxvggndq
█
[2023-08-16 11:01:11.587] 接收<- [2023-08-16 11:01:11.587] 接收<-ERROR
ERR CMD MATCH FAILED!
ERROR

[2023-08-16 11:01:11.695] 发送->:AT+WIOTASEND=60000,49,0
klwcofpfrtcdgcgytneakvyfashmxvkhvbnaospoxvggndq
█
[2023-08-16 11:01:11.806] 接收<- [2023-08-16 11:01:11.806] 接收<-ERROR
ERR CMD MATCH FAILED!
ERROR

[2023-08-16 11:01:11.911] 发送->:AT+WIOTASEND=60000,49,0
klwcofpfrtcdgcgytneakvyfashmxvkhvbnaospoxvggndq
█
[2023-08-16 11:01:12.026] 接收<- [2023-08-16 11:01:12.026] 接收<-ERROR
ERR CMD MATCH FAILED!
ERROR

[2023-08-16 11:01:12.132] 发送->:AT+WIOTASEND=60000,49,0
klwcofpfrtcdgcgytneakvyfashmxvkhvbnaospoxvggndq
█
[2023-08-16 11:01:12.244] 接收<- [2023-08-16 11:01:12.244] 接收<-ERROR
ERR CMD MATCH FAILED!
ERROR

[2023-08-16 11:01:15.886] 发送->:AT+WIOTASEND=60000,49,0
klwcofpfrtcdgcgytneakvyfashmxvkhvbnaospoxvggndq
█
[2023-08-16 11:01:16.477] 发送->:AT+WIOTASEND=60000,49,0
klwcofpfrtcdgcgytneakvyfashmxvkhvbnaospoxvggndq
█
[2023-08-16 11:01:22.072] 发送->:AT+WIOTASEND=60000,49,0
klwcofpfrtcdgcgytneakvyfashmxvkhvbnaospoxvggndq
█
[2023-08-16 11:01:22.852] 发送->:AT+WIOTASEND=60000,49,0
klwcofpfrtcdgcgytneakvyfashmxvkhvbnaospoxvggndq
█
