[2023-08-16 10:46:50.292] 发送->:AT+WIOTASEND=60000,49,0
klwcofpfrtcdgcgytneakvyfashmxvkhvbnaospoxvggndq
█
[2023-08-16 10:46:50.366] 接收<- [2023-08-16 10:46:50.366] 接收<-ERROR
ERR CMD MATCH FAILED!
ERROR

[2023-08-16 10:46:50.725] 发送->:AT+WIOTASEND=60000,49,0
klwcofpfrtcdgcgytneakvyfashmxvkhvbnaospoxvggndq
█
[2023-08-16 10:46:50.785] 接收<- [2023-08-16 10:46:50.785] 接收<-ERROR
ERR CMD MATCH FAILED!
ERROR

[2023-08-16 10:46:50.940] 发送->:AT+WIOTASEND=60000,49,0
klwcofpfrtcdgcgytneakvyfashmxvkhvbnaospoxvggndq
█
[2023-08-16 10:46:51.003] 接收<- [2023-08-16 10:46:51.003] 接收<-ERROR
ERR CMD MATCH FAILED!
ERROR

[2023-08-16 10:46:51.178] 发送->:AT+WIOTASEND=60000,49,0
klwcofpfrtcdgcgytneakvyfashmxvkhvbnaospoxvggndq
█
[2023-08-16 10:46:51.220] 接收<- [2023-08-16 10:46:51.220] 接收<-ERROR
ERR CMD MATCH FAILED!
ERROR

[2023-08-16 10:46:54.375] 发送->:AT+WIOTASEND=60000,49,0
klwcofpfrtcdgcgytneakvyfashmxvkhvbnaospoxvggndq
█
