[2023-08-16 10:54:54.288] 发送->:AT+WIOTASEND=60000,49,0
klwcofpfrtcdgcgytneakvyfashmxvkhvbnaospoxvggndq
█
[2023-08-16 10:54:54.335] 接收<- [2023-08-16 10:54:54.335] 接收<-ERROR
ERR CMD MATCH FAILED!
ERROR

[2023-08-16 10:54:55.254] 发送->:AT+WIOTASEND=60000,49,0
klwcofpfrtcdgcgytneakvyfashmxvkhvbnaospoxvggndq
█
[2023-08-16 10:54:55.363] 接收<- [2023-08-16 10:54:55.363] 接收<-ERROR
ERR CMD MATCH FAILED!
ERROR

[2023-08-16 10:54:55.990] 发送->:AT+WIOTASEND=60000,49,0
klwcofpfrtcdgcgytneakvyfashmxvkhvbnaospoxvggndq
█
[2023-08-16 10:54:56.079] 接收<- [2023-08-16 10:54:56.079] 接收<-ERROR
ERR CMD MATCH FAILED!
ERROR

[2023-08-16 10:55:02.145] 发送->:AT+WIOTASEND=60000,49,0
klwcofpfrtcdgcgytneakvyfashmxvkhvbnaospoxvggndq
█
