[2023-08-14 14:31:49.522] 发送->:AT
█
[2023-08-14 14:31:49.649] 接收<- [2023-08-14 14:31:49.649] 接收<-OK

[2023-08-14 14:32:04.596] 发送->:AT
█
[2023-08-14 14:32:04.661] 接收<- [2023-08-14 14:32:04.661] 接收<-OK

[2023-08-14 14:32:06.571] 发送->:AT+WIOTAVERSION?
█
[2023-08-14 14:32:06.688] 接收<- [2023-08-14 14:32:06.688] 接收<-+WIOTAVERSION:v2.8_async
+GITINFO:Wed Aug 9 14:48:25 2023
+TIME:Aug  9 2023 15:16:45
+CCEVERSION:99835de
OK

[2023-08-14 14:32:08.723] 发送->:AT+WIOTAVERSION?
█
[2023-08-14 14:32:08.812] 接收<- [2023-08-14 14:32:08.812] 接收<-+WIOTAVERSION:v2.8_async
+GITINFO:Wed Aug 9 14:48:25 2023
+TIME:Aug  9 2023 15:16:45
+CCEVERSION:99835de
OK

[2023-08-14 14:32:12.883] 发送->:AT+WIOTAVERSION?
█
[2023-08-14 14:32:12.953] 接收<- [2023-08-14 14:32:12.953] 接收<-+WIOTAVERSION:v2.8_async
+GITINFO:Wed Aug 9 14:48:25 2023
+TIME:Aug  9 2023 15:16:45
+CCEVERSION:99835de
OK

[2023-08-14 14:32:13.886] 发送->:AT
█
[2023-08-14 14:32:13.982] 接收<- [2023-08-14 14:32:13.982] 接收<-OK

[2023-08-14 14:32:14.888] 发送->:AT+WIOTAVERSION?
█
[2023-08-14 14:32:15.012] 接收<- [2023-08-14 14:32:15.012] 接收<-+WIOTAVERSION:v2.8_async
+GITINFO:Wed Aug 9 14:48:25 2023
+TIME:Aug  9 2023 15:16:45
+CCEVERSION:99835de
OK

[2023-08-14 14:32:15.895] 发送->:AT
█
[2023-08-14 14:32:15.958] 接收<- [2023-08-14 14:32:15.958] 接收<-OK

[2023-08-14 14:32:36.095] 发送->:AT
█
[2023-08-14 14:32:36.143] 接收<- [2023-08-14 14:32:36.143] 接收<-OK

[2023-08-14 14:32:37.819] 发送->:AT
█
[2023-08-14 14:32:37.879] 接收<- [2023-08-14 14:32:37.879] 接收<-OK

[2023-08-14 14:32:39.455] 发送->:AT+WIOTAVERSION?
█
[2023-08-14 14:32:39.506] 接收<- [2023-08-14 14:32:39.506] 接收<-+WIOTAVERSION:v2.8_async
+GITINFO:Wed Aug 9 14:48:25 2023
+TIME:Aug  9 2023 15:16:45
+CCEVERSION:99835de
OK

[2023-08-14 14:32:44.216] 发送->:AT+WIOTAVERSION?
█
[2023-08-14 14:32:44.268] 接收<- [2023-08-14 14:32:44.268] 接收<-+WIOTAVERSION:v2.8_async
+GITINFO:Wed Aug 9 14:48:25 2023
+TIME:Aug  9 2023 15:16:45
+CCEVERSION:99835de
OK

[2023-08-14 14:32:45.227] 发送->:AT
█
[2023-08-14 14:32:45.286] 接收<- [2023-08-14 14:32:45.286] 接收<-OK

[2023-08-14 14:32:46.231] 发送->:AT+WIOTAVERSION?
█
[2023-08-14 14:32:46.315] 接收<- [2023-08-14 14:32:46.315] 接收<-+WIOTAVERSION:v2.8_async
+GITINFO:Wed Aug 9 14:48:25 2023
+TIME:Aug  9 2023 15:16:45
+CCEVERSION:99835de
OK

[2023-08-14 14:32:47.571] 发送->:AT
█
[2023-08-14 14:32:47.645] 接收<- [2023-08-14 14:32:47.645] 接收<-OK

