[2023-08-14 15:34:43.762] 发送->:AT
█
[2023-08-14 15:34:43.896] 接收<- [2023-08-14 15:34:43.896] 接收<-OK

[2023-08-14 15:34:44.000] 发送->:AT
█
[2023-08-14 15:34:44.114] 接收<- [2023-08-14 15:34:44.114] 接收<-OK

[2023-08-14 15:34:44.232] 发送->:AT
█
[2023-08-14 15:34:44.334] 接收<- [2023-08-14 15:34:44.334] 接收<-OK

[2023-08-14 15:34:46.710] 发送->:AT+WIOTAVERSION?
█
[2023-08-14 15:34:46.770] 接收<- [2023-08-14 15:34:46.770] 接收<-+WIOTAVERSION:v2.8_async
+GITINFO:Wed Aug 9 14:48:25 2023
+TIME:Aug  9 2023 15:16:45
+CCEVERSION:99835de
OK

[2023-08-14 15:34:47.718] 发送->:AT
█
[2023-08-14 15:34:47.798] 接收<- [2023-08-14 15:34:47.798] 接收<-OK

[2023-08-14 15:34:48.723] 发送->:AT
█
[2023-08-14 15:34:48.824] 接收<- [2023-08-14 15:34:48.824] 接收<-OK

[2023-08-14 15:34:49.731] 发送->:AT+WIOTAVERSION?
█
[2023-08-14 15:34:49.840] 接收<- [2023-08-14 15:34:49.840] 接收<-+WIOTAVERSION:v2.8_async
+GITINFO:Wed Aug 9 14:48:25 2023
+TIME:Aug  9 2023 15:16:45
+CCEVERSION:99835de
OK

[2023-08-14 15:34:50.734] 发送->:AT
█
[2023-08-14 15:34:50.762] 接收<- [2023-08-14 15:34:50.762] 接收<-OK

[2023-08-14 15:34:51.737] 发送->:AT
█
[2023-08-14 15:34:51.792] 接收<- [2023-08-14 15:34:51.792] 接收<-OK

[2023-08-14 15:34:52.743] 发送->:AT+WIOTAVERSION?
█
[2023-08-14 15:34:52.821] 接收<- [2023-08-14 15:34:52.821] 接收<-+WIOTAVERSION:v2.8_async
+GITINFO:Wed Aug 9 14:48:25 2023
+TIME:Aug  9 2023 15:16:45
+CCEVERSION:99835de
OK

[2023-08-14 15:34:53.745] 发送->:AT
█
[2023-08-14 15:34:53.849] 接收<- [2023-08-14 15:34:53.849] 接收<-OK

[2023-08-14 15:34:54.749] 发送->:AT
█
[2023-08-14 15:34:54.879] 接收<- [2023-08-14 15:34:54.879] 接收<-OK

[2023-08-14 15:34:55.753] 发送->:AT+WIOTAVERSION?
█
[2023-08-14 15:34:55.802] 接收<- [2023-08-14 15:34:55.802] 接收<-+WIOTAVERSION:v2.8_async
+GITINFO:Wed Aug 9 14:48:25 2023
+TIME:Aug  9 2023 15:16:45
+CCEVERSION:99835de
OK

[2023-08-14 15:34:56.860] 发送->:AT
█
[2023-08-14 15:34:56.926] 接收<- [2023-08-14 15:34:56.926] 接收<-OK

