[2023-08-16 10:50:46.064] 发送->:AT+WIOTASEND=60000,49,0
klwcofpfrtcdgcgytneakvyfashmxvkhvbnaospoxvggndq
█
[2023-08-16 10:50:46.124] 接收<- [2023-08-16 10:50:46.124] 接收<-ERROR
ERR CMD MATCH FAILED!
ERROR

[2023-08-16 10:50:46.256] 发送->:AT+WIOTASEND=60000,49,0
klwcofpfrtcdgcgytneakvyfashmxvkhvbnaospoxvggndq
█
[2023-08-16 10:50:46.340] 接收<- [2023-08-16 10:50:46.340] 接收<-ERROR
ERR CMD MATCH FAILED!
ERROR

[2023-08-16 10:50:46.468] 发送->:AT+WIOTASEND=60000,49,0
klwcofpfrtcdgcgytneakvyfashmxvkhvbnaospoxvggndq
█
[2023-08-16 10:50:46.557] 接收<- [2023-08-16 10:50:46.557] 接收<-ERROR
ERR CMD MATCH FAILED!
ERROR

[2023-08-16 10:50:46.672] 发送->:AT+WIOTASEND=60000,49,0
klwcofpfrtcdgcgytneakvyfashmxvkhvbnaospoxvggndq
█
[2023-08-16 10:50:46.775] 接收<- [2023-08-16 10:50:46.775] 接收<-ERROR
ERR CMD MATCH FAILED!
ERROR

[2023-08-16 10:50:46.880] 发送->:AT+WIOTASEND=60000,49,0
klwcofpfrtcdgcgytneakvyfashmxvkhvbnaospoxvggndq
█
[2023-08-16 10:50:46.993] 接收<- [2023-08-16 10:50:46.993] 接收<-ERROR
ERR CMD MATCH FAILED!
ERROR

[2023-08-16 10:50:49.510] 发送->:AT+WIOTASEND=60000,49,0
klwcofpfrtcdgcgytneakvyfashmxvkhvbnaospoxvggndq
█
