[2023-08-16 10:52:40.192] 发送->:AT+WIOTASEND=60000,49,0
klwcofpfrtcdgcgytneakvyfashmxvkhvbnaospoxvggndq
█
[2023-08-16 10:52:40.237] 接收<- [2023-08-16 10:52:40.237] 接收<-ERROR
ERR CMD MATCH FAILED!
ERROR

[2023-08-16 10:52:40.407] 发送->:AT+WIOTASEND=60000,49,0
klwcofpfrtcdgcgytneakvyfashmxvkhvbnaospoxvggndq
█
[2023-08-16 10:52:40.469] 接收<- [2023-08-16 10:52:40.469] 接收<-ERROR
ERR CMD MATCH FAILED!
ERROR

[2023-08-16 10:52:40.616] 发送->:AT+WIOTASEND=60000,49,0
klwcofpfrtcdgcgytneakvyfashmxvkhvbnaospoxvggndq
█
[2023-08-16 10:52:40.688] 接收<- [2023-08-16 10:52:40.688] 接收<-ERROR
ERR CMD MATCH FAILED!
ERROR

[2023-08-16 10:52:40.835] 发送->:AT+WIOTASEND=60000,49,0
klwcofpfrtcdgcgytneakvyfashmxvkhvbnaospoxvggndq
█
[2023-08-16 10:52:40.905] 接收<- [2023-08-16 10:52:40.905] 接收<-ERROR
ERR CMD MATCH FAILED!
ERROR

[2023-08-16 10:52:41.023] 发送->:AT+WIOTASEND=60000,49,0
klwcofpfrtcdgcgytneakvyfashmxvkhvbnaospoxvggndq
█
[2023-08-16 10:52:41.123] 接收<- [2023-08-16 10:52:41.123] 接收<-ERROR
ERR CMD MATCH FAILED!
ERROR

[2023-08-16 10:52:44.695] 发送->:AT+WIOTASEND=60000,49,0
klwcofpfrtcdgcgytneakvyfashmxvkhvbnaospoxvggndq
█
