[2023-08-14 15:33:27.797] 发送->:AT
█
[2023-08-14 15:33:27.912] 接收<- [2023-08-14 15:33:27.912] 接收<-OK

[2023-08-14 15:33:28.415] 发送->:AT
█
[2023-08-14 15:33:28.536] 接收<- [2023-08-14 15:33:28.536] 接收<-OK

[2023-08-14 15:33:45.243] 发送->:AT+WIOTAVERSION?
█
[2023-08-14 15:33:45.364] 接收<- [2023-08-14 15:33:45.364] 接收<-+WIOTAVERSION:v2.8_async
+GITINFO:Wed Aug 9 14:48:25 2023
+TIME:Aug  9 2023 15:16:45
+CCEVERSION:99835de
OK

[2023-08-14 15:33:46.246] 发送->:AT
█
[2023-08-14 15:33:46.283] 接收<- [2023-08-14 15:33:46.283] 接收<-OK

[2023-08-14 15:33:47.253] 发送->:AT
█
[2023-08-14 15:33:47.313] 接收<- [2023-08-14 15:33:47.313] 接收<-OK

[2023-08-14 15:33:48.257] 发送->:AT+WIOTAVERSION?
█
[2023-08-14 15:33:48.340] 接收<- [2023-08-14 15:33:48.340] 接收<-+WIOTAVERSION:v2.8_async
+GITINFO:Wed Aug 9 14:48:25 2023
+TIME:Aug  9 2023 15:16:45
+CCEVERSION:99835de
OK

[2023-08-14 15:33:49.259] 发送->:AT
█
[2023-08-14 15:33:49.371] 接收<- [2023-08-14 15:33:49.371] 接收<-OK

[2023-08-14 15:33:50.303] 发送->:AT
█
[2023-08-14 15:33:50.396] 接收<- [2023-08-14 15:33:50.396] 接收<-OK

[2023-08-14 15:33:51.306] 发送->:AT+WIOTAVERSION?
█
[2023-08-14 15:33:51.413] 接收<- [2023-08-14 15:33:51.413] 接收<-+WIOTAVERSION:v2.8_async
+GITINFO:Wed Aug 9 14:48:25 2023
+TIME:Aug  9 2023 15:16:45
+CCEVERSION:99835de
OK

[2023-08-14 15:33:52.308] 发送->:AT
█
[2023-08-14 15:33:52.333] 接收<- [2023-08-14 15:33:52.333] 接收<-OK

[2023-08-14 15:33:53.310] 发送->:AT
█
[2023-08-14 15:33:53.359] 接收<- [2023-08-14 15:33:53.359] 接收<-OK

[2023-08-14 15:33:54.315] 发送->:AT+WIOTAVERSION?
█
[2023-08-14 15:33:54.386] 接收<- [2023-08-14 15:33:54.386] 接收<-+WIOTAVERSION:v2.8_async
+GITINFO:Wed Aug 9 14:48:25 2023
+TIME:Aug  9 2023 15:16:45
+CCEVERSION:99835de
OK

[2023-08-14 15:33:55.320] 发送->:AT
█
[2023-08-14 15:33:55.416] 接收<- [2023-08-14 15:33:55.416] 接收<-OK

[2023-08-14 15:33:56.325] 发送->:AT
█
[2023-08-14 15:33:56.447] 接收<- [2023-08-14 15:33:56.447] 接收<-OK

