[2023-08-14 15:27:17.481] 发送->:AT
█
[2023-08-14 15:27:17.610] 接收<- [2023-08-14 15:27:17.610] 接收<-OK

[2023-08-14 15:27:17.720] 发送->:AT
█
[2023-08-14 15:27:17.827] 接收<- [2023-08-14 15:27:17.827] 接收<-OK

[2023-08-14 15:27:17.942] 发送->:AT
█
[2023-08-14 15:27:18.046] 接收<- [2023-08-14 15:27:18.046] 接收<-OK

[2023-08-14 15:27:18.176] 发送->:AT
█
[2023-08-14 15:27:18.264] 接收<- [2023-08-14 15:27:18.264] 接收<-OK

[2023-08-14 15:27:31.406] 发送->:AT+WIOTAVERSION?
█
[2023-08-14 15:27:31.456] 接收<- [2023-08-14 15:27:31.456] 接收<-+WIOTAVERSION:v2.8_async
+GITINFO:Wed Aug 9 14:48:25 2023
+TIME:Aug  9 2023 15:16:45
+CCEVERSION:99835de
OK

[2023-08-14 15:27:32.409] 发送->:AT
█
[2023-08-14 15:27:32.483] 接收<- [2023-08-14 15:27:32.483] 接收<-OK

[2023-08-14 15:27:33.414] 发送->:AT
█
[2023-08-14 15:27:33.511] 接收<- [2023-08-14 15:27:33.511] 接收<-OK

[2023-08-14 15:27:34.416] 发送->:AT+WIOTAVERSION?
█
[2023-08-14 15:27:34.527] 接收<- [2023-08-14 15:27:34.527] 接收<-+WIOTAVERSION:v2.8_async
+GITINFO:Wed Aug 9 14:48:25 2023
+TIME:Aug  9 2023 15:16:45
+CCEVERSION:99835de
OK

[2023-08-14 15:27:35.419] 发送->:AT
█
[2023-08-14 15:27:35.545] 接收<- [2023-08-14 15:27:35.545] 接收<-OK

[2023-08-14 15:27:36.422] 发送->:AT
█
[2023-08-14 15:27:36.467] 接收<- [2023-08-14 15:27:36.467] 接收<-OK

[2023-08-14 15:27:37.428] 发送->:AT+WIOTAVERSION?
█
[2023-08-14 15:27:37.498] 接收<- [2023-08-14 15:27:37.498] 接收<-+WIOTAVERSION:v2.8_async
+GITINFO:Wed Aug 9 14:48:25 2023
+TIME:Aug  9 2023 15:16:45
+CCEVERSION:99835de
OK

[2023-08-14 15:27:38.432] 发送->:AT
█
[2023-08-14 15:27:38.513] 接收<- [2023-08-14 15:27:38.513] 接收<-OK

[2023-08-14 15:27:39.434] 发送->:AT
█
[2023-08-14 15:27:39.533] 接收<- [2023-08-14 15:27:39.533] 接收<-OK

