[2023-08-16 10:45:36.943] 发送->:AT+WIOTASEND=60000,49,0
klwcofpfrtcdgcgytneakvyfashmxvkhvbnaospoxvggndq
█
[2023-08-16 10:45:37.006] 接收<- [2023-08-16 10:45:37.006] 接收<-ERROR
ERR CMD MATCH FAILED!
ERROR

[2023-08-16 10:45:37.523] 发送->:AT+WIOTASEND=60000,49,0
klwcofpfrtcdgcgytneakvyfashmxvkhvbnaospoxvggndq
█
[2023-08-16 10:45:37.625] 接收<- [2023-08-16 10:45:37.625] 接收<-ERROR
ERR CMD MATCH FAILED!
ERROR

[2023-08-16 10:45:37.822] 发送->:AT+WIOTASEND=60000,49,0
klwcofpfrtcdgcgytneakvyfashmxvkhvbnaospoxvggndq
█
[2023-08-16 10:45:37.950] 接收<- [2023-08-16 10:45:37.950] 接收<-ERROR
ERR CMD MATCH FAILED!
ERROR

[2023-08-16 10:45:41.908] 发送->:AT+WIOTASEND=60000,49,0
klwcofpfrtcdgcgytneakvyfashmxvkhvbnaospoxvggndq
█
