[2024-02-07 16:15:01.265] 接收<-:2 
 sdk_us_count = 1820188504 
 sdk_us_count = 1820189129 
 sdk_us_count = 1820190157 
 sdk_us_count = 1820190536 
 sdk_us_count = 1820191141 
 sdk_us_cou
[2024-02-07 16:15:01.466] 接收<-:02690 
 sdk_us_count = 1820303282 
 sdk_us_count = 1820303910 
 sdk_us_count = 1820304538 
 sdk_us_count = 1820305167 
 sdk_us_count = 1820305795 
 sdk_us_count = 1820306423 
 sdk_us_count = 1820307052 
 sdk_us_count = 1820307680 
 sdk_us_count = 1820308308 
 sdk_us_count = 1820308937 
 sdk_us_count = 1820309565 
 sdk_us_count = 1820310636 
 sdk_us_count = 1820310993 
 sdk_us_count = 1820311621 
 sdk_us_count = 1820312249 
 sdk_us_count = 1820312878 
 sdk_us_count = 1820313506 
 sdk_us_count = 1820314138 
 sdk_us_count = 1820314763 
 sdk_us_count = 1820315391 
 sdk_us_count = 1820316019 
 sdk_us_count = 1820316648 
 sdk_us_count = 1820317276 
 sdk_us_count = 1820317904 
 sdk_us_count = 1820318670 
 sdk_us_count = 1820319256 
 sdk_us_count = 1820319885 
 sdk_us_count = 1820320513 
 sdk_us_count = 1820321141 
 sdk_us_count = 1820321770 
 sdk_us_count = 1820322398 
 sdk_us_count = 1820323026 
 sdk_us_count = 1820323655 
 sdk_us_count = 1820324283 
 sdk_us_count = 1820324911 
 sdk_us_count = 1820325540 
 sdk_us_count = 1820326168 
 sdk_us_count = 1820326940 
 sdk_us_count = 1820327531 
 sdk_us_count = 1820328159 
 sdk_us_count = 1820328788 
 sdk_us_count = 1820329416 
 sdk_us_count = 1820330044 
 sdk_us_count = 1820330673 
 sdk_us_count = 1820331301 
 sdk_us_count = 1820331929 
 sdk_us_count = 1820332558 
 sdk_us_count = 1820333186 
 sdk_us_count = 1820333814 
 sdk_us_count = 1820334734 
 sdk_us_count = 1820335171 
 sdk_us_count = 1820335799 
 sdk_us_count = 1820336427 
 sdk_us_count = 1820337056 
 sdk_us_count = 1820337684 
 sdk_us_count = 1820338316 
 sdk_us_count = 1820338941 
 sdk_us_count = 1820339569 
 sdk_us_count = 1820340197 
 sdk_us_count = 1820340826 
 sdk_us_count = 1820341454 
 sdk_us_count = 1820342082 
 sdk_us_count = 1820342886 
 sdk_us_count = 1820343478 
 sdk_us_count = 1820344106 
 sdk_us_count = 1820344734 
 sdk_us_count = 1820345363 
 sdk_us_count = 1820345991 
 sdk_us_count = 1820346619 
 sdk_us_count = 1820347248 
 sdk_us_count = 1820347876 
 sdk_us_count = 1820348504 
 sdk_us_count = 1820349133 
 sdk_us_count = 1820349761 
 sdk_us_count = 1820350845 
 sdk_us_count = 1820351167 
 sdk_us_count = 1820351795 
 sdk_us_count = 1820352424 
 sdk_us_count = 1820353052 
 sdk_us_count = 1820353680 
 sdk_us_count = 1820354309 
 sdk_us_count = 1820354937 
 sdk_us_count = 1820355565 
 sdk_us_count = 1820356194 
 sdk_us_count = 1820356822 
 sdk_us_count = 1820357450 
 sdk_us_count = 1820358079 
 sdk_us_count = 1820358891 
 sdk_us_count = 1820359483 
 sdk_us_count = 1820360111 
 sdk_us_count = 1820360739 
 sdk_us_count = 1820361368 
 sdk_us_count = 1820361996 
 sdk_us_count = 1820362624 
 sdk_us_count = 1820363253 
 sdk_us_count = 1820363881 
 sdk_us_count = 1820364509 
 sdk_us_count = 1820365138 
 sdk_us_count = 1820365766 
 sdk_us_count = 1820366905 
 sdk_us_count = 1820367261 
 sdk_us_count = 1820367889 
 sdk_us_count = 1820368518 
 sdk_us_count = 1820369146 
 sdk_us_count = 1820369774 
 sdk_us_count = 1820370403 
 sdk_us_count = 1820371031 
 sdk_us_count = 1820371663 
 sdk_us_count = 1820372288 
 sdk_us_count = 1820372916 
 sdk_us_count = 1820373544 
 sdk_us_count = 1820374173 
 sdk_us_count = 1820374959 
 sdk_us_count = 1820375551 
 sdk_us_count = 1820376179 
 sdk_us_count = 1820376807 
 sdk_us_count = 1820377436 
 sdk_us_count = 1820378064 
 sdk_us_count = 1820378692 
 sdk_us_count = 1820379321 
 sdk_us_count = 1820379949 
 sdk_us_count = 1820380577 
 sdk_us_count = 1820381206 
 sdk_us_count = 1820381834 
 sdk_us_count = 1820382993 
 sdk_us_count = 1820383349 
 sdk_us_count = 1820383977 
 sdk_us_count = 1820384605 
 sdk_us_count = 1820385234 
 sdk_us_count = 1820385862 
 sdk_us_count = 1820386490 
 sdk_us_count = 1820387119 
 sdk_us_count = 1820387747 
 sdk_us_count = 1820388375 
 sdk_us_count = 1820389004 
 sdk_us_count = 1820389632 
 sdk_us_count = 1820390260 
 sdk_us_count = 1820391069 
 sdk_us_count = 1820391660 
 sdk_us_count = 1820392288 
 sdk_us_count = 1820392917 
[2024-02-07 16:15:01.668] 接收<-:s_count = 1820504496 
 sdk_us_count = 1820505124 
 sdk_us_count = 1820505752 
 sdk_us_count = 1820506381 
 sdk_us_count = 1820507009 
 sdk_us_count = 1820507637 
 sdk_us_count = 1820508266 
 sdk_us_count = 1820508894 
 sdk_us_count = 1820509522 
 sdk_us_count = 1820510151 
 sdk_us_count = 1820510779 
 sdk_us_count = 1820511542 
 sdk_us_count = 1820512133 
 sdk_us_count = 1820512761 
 sdk_us_count = 1820513390 
 sdk_us_count = 1820514018 
 sdk_us_count = 1820514646 
 sdk_us_count = 1820515275 
 sdk_us_count = 1820515903 
 sdk_us_count = 1820516531 
 sdk_us_count = 1820517160 
 sdk_us_count = 1820517788 
 sdk_us_count = 1820518416 
 sdk_us_count = 1820519471 
 sdk_us_count = 1820519827 
 sdk_us_count = 1820520455 
 sdk_us_count = 1820521084 
 sdk_us_count = 1820521712 
 sdk_us_count = 1820522340 
 sdk_us_count = 1820522969 
 sdk_us_count = 1820523597 
 sdk_us_count = 1820524225 
 sdk_us_count = 1820524854 
 sdk_us_count = 1820525482 
 sdk_us_count = 1820526110 
 sdk_us_count = 1820526739 
 sdk_us_count = 1820527503 
 sdk_us_count = 1820528091 
 sdk_us_count = 1820528719 
 sdk_us_count = 1820529347 
 sdk_us_count = 1820529976 
 sdk_us_count = 1820530604 
 sdk_us_count = 1820531232 
 sdk_us_count = 1820531861 
 sdk_us_count = 1820532489 
 sdk_us_count = 1820533117 
 sdk_us_count = 1820533751 
 sdk_us_count = 1820534374 
 sdk_us_count = 1820535002 
 sdk_us_count = 1820535795 
 sdk_us_count = 1820536363 
 sdk_us_count = 1820536991 
 sdk_us_count = 1820537620 
 sdk_us_count = 1820538248 
 sdk_us_count = 1820538876 
 sdk_us_count = 1820539505 
 sdk_us_count = 1820540133 
 sdk_us_count = 1820540761 
 sdk_us_count = 1820541390 
 sdk_us_count = 1820542018 
 sdk_us_count = 1820542646 
 sdk_us_count = 1820543589 
 sdk_us_count = 1820544026 
 sdk_us_count = 1820544655 
 sdk_us_count = 1820545283 
 sdk_us_count = 1820545911 
 sdk_us_count = 1820546540 
 sdk_us_count = 1820547168 
 sdk_us_count = 1820547796 
 sdk_us_count = 1820548425 
 sdk_us_count = 1820549053 
 sdk_us_count = 1820549681 
 sdk_us_count = 1820550310 
 sdk_us_count = 1820550938 
 sdk_us_count = 1820551705 
 sdk_us_count = 1820552297 
 sdk_us_count = 1820552925 
 sdk_us_count = 1820553553 
 sdk_us_count = 1820554182 
 sdk_us_count = 1820554810 
 sdk_us_count = 1820555438 
 sdk_us_count = 1820556067 
 sdk_us_count = 1820556695 
 sdk_us_count = 1820557323 
 sdk_us_count = 1820557952 
 sdk_us_count = 1820558580 
 sdk_us_count = 1820559628 
 sdk_us_count = 1820559984 
 sdk_us_count = 1820560612 
 sdk_us_count = 1820561241 
 sdk_us_count = 1820561869 
 sdk_us_count = 1820562497 
 sdk_us_count = 1820563126 
 sdk_us_count = 1820563754 
 sdk_us_count = 1820564382 
 sdk_us_count = 1820565011 
 sdk_us_count = 1820565639 
 sdk_us_count = 1820566267 
 sdk_us_count = 1820566896 
 sdk_us_count = 1820567666 
 sdk_us_count = 1820568252 
 sdk_us_count = 1820568880 
 sdk_us_count = 1820569509 
 sdk_us_count = 1820570137 
 sdk_us_count = 1820570765 
 sdk_us_count = 1820571394 
 sdk_us_count = 1820572022 
 sdk_us_count = 1820572650 
 sdk_us_count = 1820573279 
 sdk_us_count = 1820573907 
 sdk_us_count = 1820574535 
 sdk_us_count = 1820575164 
 sdk_us_count = 1820575931 
 sdk_us_count = 1820576522 
 sdk_us_count = 1820577150 
 sdk_us_count = 1820577779 
 sdk_us_count = 1820578407 
 sdk_us_count = 1820579039 
 sdk_us_count = 1820579664 
 sdk_us_count = 1820580292 
 sdk_us_count = 1820580920 
 sdk_us_count = 1820581549 
 sdk_us_count = 1820582177 
 sdk_us_count = 1820582805 
 sdk_us_count = 1820583748 
 sdk_us_count = 1820584186 
 sdk_us_count = 1820584814 
 sdk_us_count = 1820585442 
 sdk_us_count = 1820586074 
 sdk_us_count = 1820586699 
 sdk_us_count = 1820587327 
 sdk_us_count = 1820587956 
 sdk_us_count = 1820588584 
 sdk_us_count = 1820589212 
 sdk_us_count = 1820589841 
 sdk_us_count = 1820590469 
 sdk_us_count = 1820591097 
 sdk_us_count = 1820591888 
 sdk_us_count = 1820592480 
 sdk_us_count = 1820593112 
 sdk_us_count = 1820593736 
 sdk_us_count
[2024-02-07 16:15:01.869] 接收<-:421 
 sdk_us_count = 1820706050 
 sdk_us_count = 1820706682 
 sdk_us_count = 1820707306 
 sdk_us_count = 1820707935 
 sdk_us_count = 1820708563 
 sdk_us_count = 1820709191 
 sdk_us_count = 1820709820 
 sdk_us_count = 1820710448 
 sdk_us_count = 1820711076 
 sdk_us_count = 1820711705 
 sdk_us_count = 1820712474 
 sdk_us_count = 1820713065 
 sdk_us_count = 1820713694 
 sdk_us_count = 1820714322 
 sdk_us_count = 1820714950 
 sdk_us_count = 1820715579 
 sdk_us_count = 1820716207 
 sdk_us_count = 1820716835 
 sdk_us_count = 1820717464 
 sdk_us_count = 1820718092 
 sdk_us_count = 1820718720 
 sdk_us_count = 1820719349 
 sdk_us_count = 1820720268 
 sdk_us_count = 1820720705 
 sdk_us_count = 1820721333 
 sdk_us_count = 1820721962 
 sdk_us_count = 1820722590 
 sdk_us_count = 1820723218 
 sdk_us_count = 1820723847 
 sdk_us_count = 1820724475 
 sdk_us_count = 1820725103 
 sdk_us_count = 1820725732 
 sdk_us_count = 1820726360 
 sdk_us_count = 1820726988 
 sdk_us_count = 1820727617 
 sdk_us_count = 1820728386 
 sdk_us_count = 1820728977 
 sdk_us_count = 1820729606 
 sdk_us_count = 1820730234 
 sdk_us_count = 1820730862 
 sdk_us_count = 1820731491 
 sdk_us_count = 1820732119 
 sdk_us_count = 1820732747 
 sdk_us_count = 1820733376 
 sdk_us_count = 1820734004 
 sdk_us_count = 1820734632 
 sdk_us_count = 1820735261 
 sdk_us_count = 1820736330 
 sdk_us_count = 1820736684 
 sdk_us_count = 1820737313 
 sdk_us_count = 1820737941 
 sdk_us_count = 1820738569 
 sdk_us_count = 1820739198 
 sdk_us_count = 1820739826 
 sdk_us_count = 1820740454 
 sdk_us_count = 1820741083 
 sdk_us_count = 1820741711 
 sdk_us_count = 1820742339 
 sdk_us_count = 1820742968 
 sdk_us_count = 1820743596 
 sdk_us_count = 1820744366 
 sdk_us_count = 1820744952 
 sdk_us_count = 1820745581 
 sdk_us_count = 1820746209 
 sdk_us_count = 1820746837 
 sdk_us_count = 1820747466 
 sdk_us_count = 1820748094 
 sdk_us_count = 1820748722 
 sdk_us_count = 1820749351 
 sdk_us_count = 1820749979 
 sdk_us_count = 1820750607 
 sdk_us_count = 1820751236 
 sdk_us_count = 1820751864 
 sdk_us_count = 1820752633 
 sdk_us_count = 1820753225 
 sdk_us_count = 1820753853 
 sdk_us_count = 1820754481 
 sdk_us_count = 1820755110 
 sdk_us_count = 1820755738 
 sdk_us_count = 1820756366 
 sdk_us_count = 1820756998 
 sdk_us_count = 1820757623 
 sdk_us_count = 1820758251 
 sdk_us_count = 1820758880 
 sdk_us_count = 1820759508 
 sdk_us_count = 1820760476 
 sdk_us_count = 1820760912 
 sdk_us_count = 1820761540 
 sdk_us_count = 1820762169 
 sdk_us_count = 1820762797 
 sdk_us_count = 1820763425 
 sdk_us_count = 1820764054 
 sdk_us_count = 1820764682 
 sdk_us_count = 1820765310 
 sdk_us_count = 1820765939 
 sdk_us_count = 1820766567 
 sdk_us_count = 1820767195 
 sdk_us_count = 1820767824 
 sdk_us_count = 1820768649 
 sdk_us_count = 1820769241 
 sdk_us_count = 1820769869 
 sdk_us_count = 1820770497 
 sdk_us_count = 1820771126 
 sdk_us_count = 1820771754 
 sdk_us_count = 1820772382 
 sdk_us_count = 1820773011 
 sdk_us_count = 1820773639 
 sdk_us_count = 1820774267 
 sdk_us_count = 1820774896 
 sdk_us_count = 1820775524 
 sdk_us_count = 1820776544 
 sdk_us_count = 1820776930 
 sdk_us_count = 1820777558 
 sdk_us_count = 1820778187 
 sdk_us_count = 1820778815 
 sdk_us_count = 1820779443 
 sdk_us_count = 1820780072 
 sdk_us_count = 1820780700 
 sdk_us_count = 1820781328 
 sdk_us_count = 1820781957 
 sdk_us_count = 1820782585 
 sdk_us_count = 1820783213 
 sdk_us_count = 1820783842 
 sdk_us_count = 1820784648 
 sdk_us_count = 1820785239 
 sdk_us_count = 1820785868 
 sdk_us_count = 1820786496 
 sdk_us_count = 1820787124 
 sdk_us_count = 1820787753 
 sdk_us_count = 1820788381 
 sdk_us_count = 1820789009 
 sdk_us_count = 1820789638 
 sdk_us_count = 1820790266 
 sdk_us_count = 1820790894 
 sdk_us_count = 1820791523 
 sdk_us_count = 1820792588 
 sdk_us_count = 1820792942 
 sdk_us_count = 1820793570 
 sdk_us_count = 1820794198 
 sdk_us_count = 1820794827 
 sdk_us_count = 1820795455 
 
[2024-02-07 16:15:02.071] 接收<-:count = 1820907242 
 sdk_us_count = 1820907870 
 sdk_us_count = 1820908499 
 sdk_us_count = 1820909127 
 sdk_us_count = 1820909755 
 sdk_us_count = 1820910384 
 sdk_us_count = 1820911012 
 sdk_us_count = 1820911640 
 sdk_us_count = 1820912269 
 sdk_us_count = 1820913041 
 sdk_us_count = 1820913627 
 sdk_us_count = 1820914256 
 sdk_us_count = 1820914884 
 sdk_us_count = 1820915512 
 sdk_us_count = 1820916141 
 sdk_us_count = 1820916769 
 sdk_us_count = 1820917397 
 sdk_us_count = 1820918026 
 sdk_us_count = 1820918654 
 sdk_us_count = 1820919282 
 sdk_us_count = 1820919911 
 sdk_us_count = 1820920539 
 sdk_us_count = 1820921304 
 sdk_us_count = 1820921895 
 sdk_us_count = 1820922524 
 sdk_us_count = 1820923152 
 sdk_us_count = 1820923780 
 sdk_us_count = 1820924409 
 sdk_us_count = 1820925037 
 sdk_us_count = 1820925665 
 sdk_us_count = 1820926294 
 sdk_us_count = 1820926922 
 sdk_us_count = 1820927550 
 sdk_us_count = 1820928179 
 sdk_us_count = 1820929127 
 sdk_us_count = 1820929563 
 sdk_us_count = 1820930191 
 sdk_us_count = 1820930820 
 sdk_us_count = 1820931448 
 sdk_us_count = 1820932076 
 sdk_us_count = 1820932705 
 sdk_us_count = 1820933333 
 sdk_us_count = 1820933961 
 sdk_us_count = 1820934590 
 sdk_us_count = 1820935218 
 sdk_us_count = 1820935846 
 sdk_us_count = 1820936475 
 sdk_us_count = 1820937240 
 sdk_us_count = 1820937831 
 sdk_us_count = 1820938459 
 sdk_us_count = 1820939088 
 sdk_us_count = 1820939716 
 sdk_us_count = 1820940348 
 sdk_us_count = 1820940973 
 sdk_us_count = 1820941601 
 sdk_us_count = 1820942229 
 sdk_us_count = 1820942858 
 sdk_us_count = 1820943486 
 sdk_us_count = 1820944114 
 sdk_us_count = 1820945166 
 sdk_us_count = 1820945521 
 sdk_us_count = 1820946149 
 sdk_us_count = 1820946777 
 sdk_us_count = 1820947406 
 sdk_us_count = 1820948034 
 sdk_us_count = 1820948662 
 sdk_us_count = 1820949291 
 sdk_us_count = 1820949919 
 sdk_us_count = 1820950547 
 sdk_us_count = 1820951176 
 sdk_us_count = 1820951804 
 sdk_us_count = 1820952432 
 sdk_us_count = 1820953199 
 sdk_us_count = 1820953786 
 sdk_us_count = 1820954418 
 sdk_us_count = 1820955043 
 sdk_us_count = 1820955671 
 sdk_us_count = 1820956300 
 sdk_us_count = 1820956928 
 sdk_us_count = 1820957556 
 sdk_us_count = 1820958185 
 sdk_us_count = 1820958813 
 sdk_us_count = 1820959442 
 sdk_us_count = 1820960070 
 sdk_us_count = 1820960698 
 sdk_us_count = 1820961491 
 sdk_us_count = 1820962059 
 sdk_us_count = 1820962687 
 sdk_us_count = 1820963315 
 sdk_us_count = 1820963944 
 sdk_us_count = 1820964572 
 sdk_us_count = 1820965200 
 sdk_us_count = 1820965829 
 sdk_us_count = 1820966457 
 sdk_us_count = 1820967085 
 sdk_us_count = 1820967714 
 sdk_us_count = 1820968342 
 sdk_us_count = 1820969285 
 sdk_us_count = 1820969722 
 sdk_us_count = 1820970351 
 sdk_us_count = 1820970979 
 sdk_us_count = 1820971607 
 sdk_us_count = 1820972236 
 sdk_us_count = 1820972864 
 sdk_us_count = 1820973492 
 sdk_us_count = 1820974121 
 sdk_us_count = 1820974749 
 sdk_us_count = 1820975377 
 sdk_us_count = 1820976006 
 sdk_us_count = 1820976634 
 sdk_us_count = 1820977401 
 sdk_us_count = 1820977992 
 sdk_us_count = 1820978621 
 sdk_us_count = 1820979249 
 sdk_us_count = 1820979877 
 sdk_us_count = 1820980506 
 sdk_us_count = 1820981134 
 sdk_us_count = 1820981762 
 sdk_us_count = 1820982391 
 sdk_us_count = 1820983019 
 sdk_us_count = 1820983647 
 sdk_us_count = 1820984276 
 sdk_us_count = 1820985324 
 sdk_us_count = 1820985678 
 sdk_us_count = 1820986306 
 sdk_us_count = 1820986934 
 sdk_us_count = 1820987563 
 sdk_us_count = 1820988191 
 sdk_us_count = 1820988819 
 sdk_us_count = 1820989448 
 sdk_us_count = 1820990076 
 sdk_us_count = 1820990704 
 sdk_us_count = 1820991333 
 sdk_us_count = 1820991961 
 sdk_us_count = 1820992589 
 sdk_us_count = 1820993360 
 sdk_us_count = 1820993948 
 sdk_us_count = 1820994576 
 sdk_us_count = 1820995204 
 sdk_us_count = 1820995833 
 sdk_us_count = 1820996461 
 sdk_us_count =
[2024-02-07 16:15:02.271] 接收<-:4 
 sdk_us_count = 1821108673 
 sdk_us_count = 1821109301 
 sdk_us_count = 1821109929 
 sdk_us_count = 1821110558 
 sdk_us_count = 1821111186 
 sdk_us_count = 1821111814 
 sdk_us_count = 1821112443 
 sdk_us_count = 1821113071 
 sdk_us_count = 1821113840 
 sdk_us_count = 1821114427 
 sdk_us_count = 1821115056 
 sdk_us_count = 1821115684 
 sdk_us_count = 1821116312 
 sdk_us_count = 1821116941 
 sdk_us_count = 1821117569 
 sdk_us_count = 1821118197 
 sdk_us_count = 1821118826 
 sdk_us_count = 1821119454 
 sdk_us_count = 1821120082 
 sdk_us_count = 1821120711 
 sdk_us_count = 1821121339 
 sdk_us_count = 1821122134 
 sdk_us_count = 1821122726 
 sdk_us_count = 1821123354 
 sdk_us_count = 1821123982 
 sdk_us_count = 1821124611 
 sdk_us_count = 1821125239 
 sdk_us_count = 1821125867 
 sdk_us_count = 1821126496 
 sdk_us_count = 1821127124 
 sdk_us_count = 1821127752 
 sdk_us_count = 1821128381 
 sdk_us_count = 1821129009 
 sdk_us_count = 1821129904 
 sdk_us_count = 1821130361 
 sdk_us_count = 1821130989 
 sdk_us_count = 1821131618 
 sdk_us_count = 1821132246 
 sdk_us_count = 1821132874 
 sdk_us_count = 1821133503 
 sdk_us_count = 1821134131 
 sdk_us_count = 1821134759 
 sdk_us_count = 1821135388 
 sdk_us_count = 1821136016 
 sdk_us_count = 1821136644 
 sdk_us_count = 1821137273 
 sdk_us_count = 1821138038 
 sdk_us_count = 1821138629 
 sdk_us_count = 1821139257 
 sdk_us_count = 1821139886 
 sdk_us_count = 1821140514 
 sdk_us_count = 1821141142 
 sdk_us_count = 1821141771 
 sdk_us_count = 1821142399 
 sdk_us_count = 1821143027 
 sdk_us_count = 1821143656 
 sdk_us_count = 1821144284 
 sdk_us_count = 1821144912 
 sdk_us_count = 1821145964 
 sdk_us_count = 1821146319 
 sdk_us_count = 1821146947 
 sdk_us_count = 1821147575 
 sdk_us_count = 1821148204 
 sdk_us_count = 1821148832 
 sdk_us_count = 1821149460 
 sdk_us_count = 1821150089 
 sdk_us_count = 1821150717 
 sdk_us_count = 1821151345 
 sdk_us_count = 1821151974 
 sdk_us_count = 1821152602 
 sdk_us_count = 1821153230 
 sdk_us_count = 1821154000 
 sdk_us_count = 1821154587 
 sdk_us_count = 1821155215 
 sdk_us_count = 1821155843 
 sdk_us_count = 1821156473 
 sdk_us_count = 1821157100 
 sdk_us_count = 1821157728 
 sdk_us_count = 1821158357 
 sdk_us_count = 1821158985 
 sdk_us_count = 1821159613 
 sdk_us_count = 1821160242 
 sdk_us_count = 1821160870 
 sdk_us_count = 1821161498 
 sdk_us_count = 1821162268 
 sdk_us_count = 1821162859 
 sdk_us_count = 1821163487 
 sdk_us_count = 1821164116 
 sdk_us_count = 1821164744 
 sdk_us_count = 1821165372 
 sdk_us_count = 1821166001 
 sdk_us_count = 1821166629 
 sdk_us_count = 1821167257 
 sdk_us_count = 1821167886 
 sdk_us_count = 1821168518 
 sdk_us_count = 1821169142 
 sdk_us_count = 1821170061 
 sdk_us_count = 1821170499 
 sdk_us_count = 1821171127 
 sdk_us_count = 1821171755 
 sdk_us_count = 1821172384 
 sdk_us_count = 1821173012 
 sdk_us_count = 1821173640 
 sdk_us_count = 1821174269 
 sdk_us_count = 1821174897 
 sdk_us_count = 1821175525 
 sdk_us_count = 1821176154 
 sdk_us_count = 1821176782 
 sdk_us_count = 1821177410 
 sdk_us_count = 1821178180 
 sdk_us_count = 1821178771 
 sdk_us_count = 1821179399 
 sdk_us_count = 1821180028 
 sdk_us_count = 1821180656 
 sdk_us_count = 1821181284 
 sdk_us_count = 1821181913 
 sdk_us_count = 1821182541 
 sdk_us_count = 1821183169 
 sdk_us_count = 1821183798 
 sdk_us_count = 1821184426 
 sdk_us_count = 1821185054 
 sdk_us_count = 1821186123 
 sdk_us_count = 1821186478 
 sdk_us_count = 1821187106 
 sdk_us_count = 1821187734 
 sdk_us_count = 1821188363 
 sdk_us_count = 1821188991 
 sdk_us_count = 1821189625 
 sdk_us_count = 1821190248 
 sdk_us_count = 1821190876 
 sdk_us_count = 1821191504 
 sdk_us_count = 1821192133 
 sdk_us_count = 1821192761 
 sdk_us_count = 1821193389 
 sdk_us_count = 1821194161 
 sdk_us_count = 1821194748 
 sdk_us_count = 1821195376 
 sdk_us_count = 1821196005 
 sdk_us_count = 1821196633 
 sdk_us_count = 1821197261 
 sdk_us_count = 1821197890 
 sd
[2024-02-07 16:15:02.472] 接收<-:_count = 1821308888 
 sdk_us_count = 1821309516 
 sdk_us_count = 1821310145 
 sdk_us_count = 1821310773 
 sdk_us_count = 1821311401 
 sdk_us_count = 1821312030 
 sdk_us_count = 1821312662 
 sdk_us_count = 1821313286 
 sdk_us_count = 1821313915 
 sdk_us_count = 1821314725 
 sdk_us_count = 1821315293 
 sdk_us_count = 1821315921 
 sdk_us_count = 1821316549 
 sdk_us_count = 1821317178 
 sdk_us_count = 1821317806 
 sdk_us_count = 1821318434 
 sdk_us_count = 1821319063 
 sdk_us_count = 1821319691 
 sdk_us_count = 1821320319 
 sdk_us_count = 1821320948 
 sdk_us_count = 1821321576 
 sdk_us_count = 1821322694 
 sdk_us_count = 1821323069 
 sdk_us_count = 1821323697 
 sdk_us_count = 1821324325 
 sdk_us_count = 1821324954 
 sdk_us_count = 1821325582 
 sdk_us_count = 1821326210 
 sdk_us_count = 1821326839 
 sdk_us_count = 1821327467 
 sdk_us_count = 1821328095 
 sdk_us_count = 1821328724 
 sdk_us_count = 1821329352 
 sdk_us_count = 1821329980 
 sdk_us_count = 1821330767 
 sdk_us_count = 1821331358 
 sdk_us_count = 1821331987 
 sdk_us_count = 1821332615 
 sdk_us_count = 1821333243 
 sdk_us_count = 1821333872 
 sdk_us_count = 1821334500 
 sdk_us_count = 1821335128 
 sdk_us_count = 1821335757 
 sdk_us_count = 1821336385 
 sdk_us_count = 1821337013 
 sdk_us_count = 1821337642 
 sdk_us_count = 1821338758 
 sdk_us_count = 1821339113 
 sdk_us_count = 1821339741 
 sdk_us_count = 1821340370 
 sdk_us_count = 1821340998 
 sdk_us_count = 1821341626 
 sdk_us_count = 1821342255 
 sdk_us_count = 1821342887 
 sdk_us_count = 1821343511 
 sdk_us_count = 1821344140 
 sdk_us_count = 1821344768 
 sdk_us_count = 1821345396 
 sdk_us_count = 1821346025 
 sdk_us_count = 1821346809 
 sdk_us_count = 1821347400 
 sdk_us_count = 1821348029 
 sdk_us_count = 1821348657 
 sdk_us_count = 1821349285 
 sdk_us_count = 1821349914 
 sdk_us_count = 1821350542 
 sdk_us_count = 1821351170 
 sdk_us_count = 1821351799 
 sdk_us_count = 1821352427 
 sdk_us_count = 1821353055 
 sdk_us_count = 1821353684 
 sdk_us_count = 1821354796 
 sdk_us_count = 1821355151 
 sdk_us_count = 1821355779 
 sdk_us_count = 1821356407 
 sdk_us_count = 1821357036 
 sdk_us_count = 1821357664 
 sdk_us_count = 1821358292 
 sdk_us_count = 1821358921 
 sdk_us_count = 1821359549 
 sdk_us_count = 1821360177 
 sdk_us_count = 1821360806 
 sdk_us_count = 1821361434 
 sdk_us_count = 1821362062 
 sdk_us_count = 1821362833 
 sdk_us_count = 1821363421 
 sdk_us_count = 1821364049 
 sdk_us_count = 1821364677 
 sdk_us_count = 1821365306 
 sdk_us_count = 1821365934 
 sdk_us_count = 1821366562 
 sdk_us_count = 1821367191 
 sdk_us_count = 1821367819 
 sdk_us_count = 1821368447 
 sdk_us_count = 1821369076 
 sdk_us_count = 1821369704 
 sdk_us_count = 1821370332 
 sdk_us_count = 1821371126 
 sdk_us_count = 1821371717 
 sdk_us_count = 1821372345 
 sdk_us_count = 1821372974 
 sdk_us_count = 1821373602 
 sdk_us_count = 1821374230 
 sdk_us_count = 1821374859 
 sdk_us_count = 1821375487 
 sdk_us_count = 1821376115 
 sdk_us_count = 1821376744 
 sdk_us_count = 1821377372 
 sdk_us_count = 1821378000 
 sdk_us_count = 1821378916 
 sdk_us_count = 1821379374 
 sdk_us_count = 1821380002 
 sdk_us_count = 1821380631 
 sdk_us_count = 1821381259 
 sdk_us_count = 1821381887 
 sdk_us_count = 1821382516 
 sdk_us_count = 1821383144 
 sdk_us_count = 1821383772 
 sdk_us_count = 1821384401 
 sdk_us_count = 1821385029 
 sdk_us_count = 1821385657 
 sdk_us_count = 1821386286 
 sdk_us_count = 1821387077 
 sdk_us_count = 1821387668 
 sdk_us_count = 1821388296 
 sdk_us_count = 1821388925 
 sdk_us_count = 1821389553 
 sdk_us_count = 1821390181 
 sdk_us_count = 1821390810 
 sdk_us_count = 1821391438 
 sdk_us_count = 1821392066 
 sdk_us_count = 1821392695 
 sdk_us_count = 1821393323 
 sdk_us_count = 1821393951 
 sdk_us_count = 1821394979 
 sdk_us_count = 1821395334 
 sdk_us_count = 1821395962 
 sdk_us_count = 1821396590 
 sdk_us_count = 1821397219 
 sdk_us_count = 1821397847 
 sdk_us_count = 1821398475 
 sdk_us_count 
[2024-02-07 16:15:02.674] 接收<-:821509775 
 sdk_us_count = 1821510403 
 sdk_us_count = 1821511031 
 sdk_us_count = 1821511660 
 sdk_us_count = 1821512288 
 sdk_us_count = 1821512916 
 sdk_us_count = 1821513545 
 sdk_us_count = 1821514486 
 sdk_us_count = 1821514955 
 sdk_us_count = 1821515584 
 sdk_us_count = 1821516212 
 sdk_us_count = 1821516840 
 sdk_us_count = 1821517469 
 sdk_us_count = 1821518097 
 sdk_us_count = 1821518725 
 sdk_us_count = 1821519354 
 sdk_us_count = 1821519982 
 sdk_us_count = 1821520610 
 sdk_us_count = 1821521239 
 sdk_us_count = 1821521867 
 sdk_us_count = 1821522648 
 sdk_us_count = 1821523251 
 sdk_us_count = 1821523880 
 sdk_us_count = 1821524508 
 sdk_us_count = 1821525136 
 sdk_us_count = 1821525765 
 sdk_us_count = 1821526393 
 sdk_us_count = 1821527021 
 sdk_us_count = 1821527650 
 sdk_us_count = 1821528278 
 sdk_us_count = 1821528906 
 sdk_us_count = 1821529535 
 sdk_us_count = 1821530533 
 sdk_us_count = 1821530917 
 sdk_us_count = 1821531545 
 sdk_us_count = 1821532174 
 sdk_us_count = 1821532802 
 sdk_us_count = 1821533430 
 sdk_us_count = 1821534059 
 sdk_us_count = 1821534687 
 sdk_us_count = 1821535315 
 sdk_us_count = 1821535944 
 sdk_us_count = 1821536572 
 sdk_us_count = 1821537200 
 sdk_us_count = 1821537829 
 sdk_us_count = 1821538604 
 sdk_us_count = 1821539207 
 sdk_us_count = 1821539835 
 sdk_us_count = 1821540467 
 sdk_us_count = 1821541092 
 sdk_us_count = 1821541720 
 sdk_us_count = 1821542348 
 sdk_us_count = 1821542977 
 sdk_us_count = 1821543605 
 sdk_us_count = 1821544233 
 sdk_us_count = 1821544862 
 sdk_us_count = 1821545490 
 sdk_us_count = 1821546596 
 sdk_us_count = 1821546953 
 sdk_us_count = 1821547581 
 sdk_us_count = 1821548209 
 sdk_us_count = 1821548838 
 sdk_us_count = 1821549466 
 sdk_us_count = 1821550094 
 sdk_us_count = 1821550723 
 sdk_us_count = 1821551351 
 sdk_us_count = 1821551979 
 sdk_us_count = 1821552608 
 sdk_us_count = 1821553236 
 sdk_us_count = 1821553864 
 sdk_us_count = 1821554659 
 sdk_us_count = 1821555262 
 sdk_us_count = 1821555890 
 sdk_us_count = 1821556518 
 sdk_us_count = 1821557147 
 sdk_us_count = 1821557775 
 sdk_us_count = 1821558403 
 sdk_us_count = 1821559032 
 sdk_us_count = 1821559660 
 sdk_us_count = 1821560288 
 sdk_us_count = 1821560917 
 sdk_us_count = 1821561545 
 sdk_us_count = 1821562659 
 sdk_us_count = 1821563014 
 sdk_us_count = 1821563643 
 sdk_us_count = 1821564271 
 sdk_us_count = 1821564899 
 sdk_us_count = 1821565527 
 sdk_us_count = 1821566156 
 sdk_us_count = 1821566784 
 sdk_us_count = 1821567412 
 sdk_us_count = 1821568041 
 sdk_us_count = 1821568669 
 sdk_us_count = 1821569297 
 sdk_us_count = 1821569926 
 sdk_us_count = 1821570707 
 sdk_us_count = 1821571291 
 sdk_us_count = 1821571919 
 sdk_us_count = 1821572547 
 sdk_us_count = 1821573176 
 sdk_us_count = 1821573804 
 sdk_us_count = 1821574432 
 sdk_us_count = 1821575061 
 sdk_us_count = 1821575693 
 sdk_us_count = 1821576317 
 sdk_us_count = 1821576946 
 sdk_us_count = 1821577574 
 sdk_us_count = 1821578733 
 sdk_us_count = 1821579089 
 sdk_us_count = 1821579717 
 sdk_us_count = 1821580345 
 sdk_us_count = 1821580974 
 sdk_us_count = 1821581602 
 sdk_us_count = 1821582230 
 sdk_us_count = 1821582859 
 sdk_us_count = 1821583487 
 sdk_us_count = 1821584115 
 sdk_us_count = 1821584744 
 sdk_us_count = 1821585372 
 sdk_us_count = 1821586000 
 sdk_us_count = 1821586794 
 sdk_us_count = 1821587357 
 sdk_us_count = 1821587985 
 sdk_us_count = 1821588613 
 sdk_us_count = 1821589242 
 sdk_us_count = 1821589870 
 sdk_us_count = 1821590498 
 sdk_us_count = 1821591127 
 sdk_us_count = 1821591755 
 sdk_us_count = 1821592383 
 sdk_us_count = 1821593012 
 sdk_us_count = 1821593640 
 sdk_us_count = 1821594756 
 sdk_us_count = 1821595152 
 sdk_us_count = 1821595781 
 sdk_us_count = 1821596409 
 sdk_us_count = 1821597037 
 sdk_us_count = 1821597666 
 sdk_us_count = 1821598294 
 sdk_us_count = 1821598922 
 sdk_us_count = 1821599551 
 sdk_us_count = 18216001
