[2024-02-07 16:14:07.854] 接收<-:_us_count = 1766773780 
 sdk_us_count = 1766774408 
 sdk_us_count = 1766775036 
 sdk_us_count = 1766775665 
 sdk_us_count = 1766776293 
 sdk_us_count = 1766776921 
 sdk_us_count = 1766777550 
 sdk_us_count = 1766778296 
 sdk_us_count = 1766778895 
 sdk_us_count = 1766779523 
 sdk_us_count = 1766780152 
 sdk_
[2024-02-07 16:14:08.058] 接收<-:sdk_us_count = 1766895304 
 sdk_us_count = 1766895932 
 sdk_us_count = 1766896560 
 sdk_us_count = 1766897189 
 sdk_us_count = 1766897817 
 sdk_us_count = 1766898771 
 sdk_us_count = 1766899164 
 sdk_us_count = 1766899782 
 sdk_us_count = 1766900410 
 sdk_us_count = 1766901039 
 sdk_us_count = 1766901667 
 sdk_us_count = 1766902295 
 sdk_us_count = 1766902924 
 sdk_us_count = 1766903552 
 sdk_us_count = 1766904180 
 sdk_us_count = 1766904809 
 sdk_us_count = 1766905437 
 sdk_us_count = 1766906065 
 sdk_us_count = 1766906805 
 sdk_us_count = 1766907404 
 sdk_us_count = 1766908033 
 sdk_us_count = 1766908661 
 sdk_us_count = 1766909289 
 sdk_us_count = 1766909918 
 sdk_us_count = 1766910546 
 sdk_us_count = 1766911174 
 sdk_us_count = 1766911803 
 sdk_us_count = 1766912431 
 sdk_us_count = 1766913059 
 sdk_us_count = 1766913688 
 sdk_us_count = 1766914316 
 sdk_us_count = 1766915050 
 sdk_us_count = 1766915653 
 sdk_us_count = 1766916281 
 sdk_us_count = 1766916910 
 sdk_us_count = 1766917538 
 sdk_us_count = 1766918166 
 sdk_us_count = 1766918795 
 sdk_us_count = 1766919423 
 sdk_us_count = 1766920051 
 sdk_us_count = 1766920680 
 sdk_us_count = 1766921308 
 sdk_us_count = 1766921936 
 sdk_us_count = 1766922871 
 sdk_us_count = 1766923284 
 sdk_us_count = 1766923906 
 sdk_us_count = 1766924534 
 sdk_us_count = 1766925162 
 sdk_us_count = 1766925791 
 sdk_us_count = 1766926419 
 sdk_us_count = 1766927047 
 sdk_us_count = 1766927676 
 sdk_us_count = 1766928304 
 sdk_us_count = 1766928932 
 sdk_us_count = 1766929561 
 sdk_us_count = 1766930189 
 sdk_us_count = 1766930921 
 sdk_us_count = 1766931524 
 sdk_us_count = 1766932152 
 sdk_us_count = 1766932780 
 sdk_us_count = 1766933409 
 sdk_us_count = 1766934037 
 sdk_us_count = 1766934665 
 sdk_us_count = 1766935294 
 sdk_us_count = 1766935922 
 sdk_us_count = 1766936550 
 sdk_us_count = 1766937179 
 sdk_us_count = 1766937807 
 sdk_us_count = 1766938435 
 sdk_us_count = 1766939169 
 sdk_us_count = 1766939772 
 sdk_us_count = 1766940401 
 sdk_us_count = 1766941029 
 sdk_us_count = 1766941657 
 sdk_us_count = 1766942286 
 sdk_us_count = 1766942914 
 sdk_us_count = 1766943542 
 sdk_us_count = 1766944171 
 sdk_us_count = 1766944799 
 sdk_us_count = 1766945427 
 sdk_us_count = 1766946056 
 sdk_us_count = 1766946963 
 sdk_us_count = 1766947404 
 sdk_us_count = 1766948019 
 sdk_us_count = 1766948647 
 sdk_us_count = 1766949275 
 sdk_us_count = 1766949904 
 sdk_us_count = 1766950532 
 sdk_us_count = 1766951160 
 sdk_us_count = 1766951789 
 sdk_us_count = 1766952419 
 sdk_us_count = 1766953045 
 sdk_us_count = 1766953674 
 sdk_us_count = 1766954302 
 sdk_us_count = 1766955036 
 sdk_us_count = 1766955639 
 sdk_us_count = 1766956267 
 sdk_us_count = 1766956895 
 sdk_us_count = 1766957524 
 sdk_us_count = 1766958152 
 sdk_us_count = 1766958780 
 sdk_us_count = 1766959409 
 sdk_us_count = 1766960037 
 sdk_us_count = 1766960665 
 sdk_us_count = 1766961294 
 sdk_us_count = 1766961922 
 sdk_us_count = 1766962550 
 sdk_us_count = 1766963375 
 sdk_us_count = 1766963978 
 sdk_us_count = 1766964607 
 sdk_us_count = 1766965235 
 sdk_us_count = 1766965863 
 sdk_us_count = 1766966492 
 sdk_us_count = 1766967120 
 sdk_us_count = 1766967748 
 sdk_us_count = 1766968377 
 sdk_us_count = 1766969005 
 sdk_us_count = 1766969633 
 sdk_us_count = 1766970262 
 sdk_us_count = 1766971064 
 sdk_us_count = 1766971598 
 sdk_us_count = 1766972227 
 sdk_us_count = 1766972855 
 sdk_us_count = 1766973483 
 sdk_us_count = 1766974112 
 sdk_us_count = 1766974740 
 sdk_us_count = 1766975368 
 sdk_us_count = 1766975997 
 sdk_us_count = 1766976625 
 sdk_us_count = 1766977253 
 sdk_us_count = 1766977882 
 sdk_us_count = 1766978510 
 sdk_us_count = 1766979242 
 sdk_us_count = 1766979845 
 sdk_us_count = 1766980473 
 sdk_us_count = 1766981101 
 sdk_us_count = 1766981730 
 sdk_us_count = 1766982358 
 sdk_us_count = 1766982986 
 sdk_us_count = 1766983615 
 sdk_us_count = 1766984243 
 sdk_us_
[2024-02-07 16:14:08.259] 接收<-:683 
 sdk_us_count = 1767096312 
 sdk_us_count = 1767096940 
 sdk_us_count = 1767097568 
 sdk_us_count = 1767098359 
 sdk_us_count = 1767098951 
 sdk_us_count = 1767099579 
 sdk_us_count = 1767100207 
 sdk_us_count = 1767100836 
 sdk_us_count = 1767101464 
 sdk_us_count = 1767102092 
 sdk_us_count = 1767102721 
 sdk_us_count = 1767103349 
 sdk_us_count = 1767103977 
 sdk_us_count = 1767104606 
 sdk_us_count = 1767105234 
 sdk_us_count = 1767106273 
 sdk_us_count = 1767106616 
 sdk_us_count = 1767107245 
 sdk_us_count = 1767107873 
 sdk_us_count = 1767108501 
 sdk_us_count = 1767109130 
 sdk_us_count = 1767109758 
 sdk_us_count = 1767110386 
 sdk_us_count = 1767111015 
 sdk_us_count = 1767111643 
 sdk_us_count = 1767112271 
 sdk_us_count = 1767112900 
 sdk_us_count = 1767113528 
 sdk_us_count = 1767114315 
 sdk_us_count = 1767114906 
 sdk_us_count = 1767115534 
 sdk_us_count = 1767116163 
 sdk_us_count = 1767116791 
 sdk_us_count = 1767117419 
 sdk_us_count = 1767118048 
 sdk_us_count = 1767118676 
 sdk_us_count = 1767119304 
 sdk_us_count = 1767119933 
 sdk_us_count = 1767120561 
 sdk_us_count = 1767121189 
 sdk_us_count = 1767122334 
 sdk_us_count = 1767122661 
 sdk_us_count = 1767123289 
 sdk_us_count = 1767123917 
 sdk_us_count = 1767124546 
 sdk_us_count = 1767125174 
 sdk_us_count = 1767125803 
 sdk_us_count = 1767126431 
 sdk_us_count = 1767127059 
 sdk_us_count = 1767127687 
 sdk_us_count = 1767128316 
 sdk_us_count = 1767128944 
 sdk_us_count = 1767129572 
 sdk_us_count = 1767130369 
 sdk_us_count = 1767130950 
 sdk_us_count = 1767131579 
 sdk_us_count = 1767132207 
 sdk_us_count = 1767132839 
 sdk_us_count = 1767133464 
 sdk_us_count = 1767134092 
 sdk_us_count = 1767134720 
 sdk_us_count = 1767135349 
 sdk_us_count = 1767135977 
 sdk_us_count = 1767136605 
 sdk_us_count = 1767137234 
 sdk_us_count = 1767137862 
 sdk_us_count = 1767138694 
 sdk_us_count = 1767139285 
 sdk_us_count = 1767139914 
 sdk_us_count = 1767140542 
 sdk_us_count = 1767141170 
 sdk_us_count = 1767141799 
 sdk_us_count = 1767142427 
 sdk_us_count = 1767143055 
 sdk_us_count = 1767143684 
 sdk_us_count = 1767144312 
 sdk_us_count = 1767144940 
 sdk_us_count = 1767145569 
 sdk_us_count = 1767146433 
 sdk_us_count = 1767146949 
 sdk_us_count = 1767147577 
 sdk_us_count = 1767148206 
 sdk_us_count = 1767148834 
 sdk_us_count = 1767149462 
 sdk_us_count = 1767150091 
 sdk_us_count = 1767150719 
 sdk_us_count = 1767151347 
 sdk_us_count = 1767151976 
 sdk_us_count = 1767152604 
 sdk_us_count = 1767153232 
 sdk_us_count = 1767153861 
 sdk_us_count = 1767154649 
 sdk_us_count = 1767155241 
 sdk_us_count = 1767155869 
 sdk_us_count = 1767156497 
 sdk_us_count = 1767157126 
 sdk_us_count = 1767157754 
 sdk_us_count = 1767158382 
 sdk_us_count = 1767159011 
 sdk_us_count = 1767159639 
 sdk_us_count = 1767160267 
 sdk_us_count = 1767160896 
 sdk_us_count = 1767161524 
 sdk_us_count = 1767162495 
 sdk_us_count = 1767162902 
 sdk_us_count = 1767163530 
 sdk_us_count = 1767164159 
 sdk_us_count = 1767164787 
 sdk_us_count = 1767165415 
 sdk_us_count = 1767166044 
 sdk_us_count = 1767166672 
 sdk_us_count = 1767167300 
 sdk_us_count = 1767167929 
 sdk_us_count = 1767168557 
 sdk_us_count = 1767169185 
 sdk_us_count = 1767169814 
 sdk_us_count = 1767170603 
 sdk_us_count = 1767171194 
 sdk_us_count = 1767171822 
 sdk_us_count = 1767172451 
 sdk_us_count = 1767173083 
 sdk_us_count = 1767173707 
 sdk_us_count = 1767174336 
 sdk_us_count = 1767174964 
 sdk_us_count = 1767175592 
 sdk_us_count = 1767176221 
 sdk_us_count = 1767176849 
 sdk_us_count = 1767177477 
 sdk_us_count = 1767178580 
 sdk_us_count = 1767178907 
 sdk_us_count = 1767179536 
 sdk_us_count = 1767180168 
 sdk_us_count = 1767180792 
 sdk_us_count = 1767181421 
 sdk_us_count = 1767182049 
 sdk_us_count = 1767182677 
 sdk_us_count = 1767183306 
 sdk_us_count = 1767183934 
 sdk_us_count = 1767184562 
 sdk_us_count = 1767185191 
 sdk_us_count = 1767185819 
 
[2024-02-07 16:14:08.460] 接收<-:dk_us_count = 1767296414 
 sdk_us_count = 1767297043 
 sdk_us_count = 1767297671 
 sdk_us_count = 1767298299 
 sdk_us_count = 1767299125 
 sdk_us_count = 1767299673 
 sdk_us_count = 1767300301 
 sdk_us_count = 1767300930 
 sdk_us_count = 1767301558 
 sdk_us_count = 1767302186 
 sdk_us_count = 1767302815 
 sdk_us_count = 1767303443 
 sdk_us_count = 1767304071 
 sdk_us_count = 1767304700 
 sdk_us_count = 1767305328 
 sdk_us_count = 1767305956 
 sdk_us_count = 1767307071 
 sdk_us_count = 1767307447 
 sdk_us_count = 1767308075 
 sdk_us_count = 1767308704 
 sdk_us_count = 1767309332 
 sdk_us_count = 1767309960 
 sdk_us_count = 1767310589 
 sdk_us_count = 1767311217 
 sdk_us_count = 1767311845 
 sdk_us_count = 1767312474 
 sdk_us_count = 1767313102 
 sdk_us_count = 1767313730 
 sdk_us_count = 1767314359 
 sdk_us_count = 1767315121 
 sdk_us_count = 1767315713 
 sdk_us_count = 1767316341 
 sdk_us_count = 1767316969 
 sdk_us_count = 1767317598 
 sdk_us_count = 1767318232 
 sdk_us_count = 1767318854 
 sdk_us_count = 1767319483 
 sdk_us_count = 1767320111 
 sdk_us_count = 1767320739 
 sdk_us_count = 1767321368 
 sdk_us_count = 1767321996 
 sdk_us_count = 1767323111 
 sdk_us_count = 1767323465 
 sdk_us_count = 1767324093 
 sdk_us_count = 1767324722 
 sdk_us_count = 1767325350 
 sdk_us_count = 1767325978 
 sdk_us_count = 1767326607 
 sdk_us_count = 1767327235 
 sdk_us_count = 1767327863 
 sdk_us_count = 1767328492 
 sdk_us_count = 1767329120 
 sdk_us_count = 1767329748 
 sdk_us_count = 1767330377 
 sdk_us_count = 1767331147 
 sdk_us_count = 1767331733 
 sdk_us_count = 1767332361 
 sdk_us_count = 1767332990 
 sdk_us_count = 1767333618 
 sdk_us_count = 1767334246 
 sdk_us_count = 1767334875 
 sdk_us_count = 1767335503 
 sdk_us_count = 1767336131 
 sdk_us_count = 1767336760 
 sdk_us_count = 1767337388 
 sdk_us_count = 1767338016 
 sdk_us_count = 1767338645 
 sdk_us_count = 1767339412 
 sdk_us_count = 1767340003 
 sdk_us_count = 1767340632 
 sdk_us_count = 1767341260 
 sdk_us_count = 1767341888 
 sdk_us_count = 1767342517 
 sdk_us_count = 1767343145 
 sdk_us_count = 1767343773 
 sdk_us_count = 1767344402 
 sdk_us_count = 1767345030 
 sdk_us_count = 1767345658 
 sdk_us_count = 1767346287 
 sdk_us_count = 1767347231 
 sdk_us_count = 1767347669 
 sdk_us_count = 1767348297 
 sdk_us_count = 1767348926 
 sdk_us_count = 1767349554 
 sdk_us_count = 1767350182 
 sdk_us_count = 1767350811 
 sdk_us_count = 1767351439 
 sdk_us_count = 1767352067 
 sdk_us_count = 1767352696 
 sdk_us_count = 1767353324 
 sdk_us_count = 1767353952 
 sdk_us_count = 1767354581 
 sdk_us_count = 1767355346 
 sdk_us_count = 1767355937 
 sdk_us_count = 1767356565 
 sdk_us_count = 1767357194 
 sdk_us_count = 1767357822 
 sdk_us_count = 1767358450 
 sdk_us_count = 1767359079 
 sdk_us_count = 1767359707 
 sdk_us_count = 1767360335 
 sdk_us_count = 1767360964 
 sdk_us_count = 1767361592 
 sdk_us_count = 1767362220 
 sdk_us_count = 1767363270 
 sdk_us_count = 1767363624 
 sdk_us_count = 1767364253 
 sdk_us_count = 1767364881 
 sdk_us_count = 1767365509 
 sdk_us_count = 1767366138 
 sdk_us_count = 1767366766 
 sdk_us_count = 1767367394 
 sdk_us_count = 1767368023 
 sdk_us_count = 1767368651 
 sdk_us_count = 1767369279 
 sdk_us_count = 1767369908 
 sdk_us_count = 1767370536 
 sdk_us_count = 1767371309 
 sdk_us_count = 1767371897 
 sdk_us_count = 1767372525 
 sdk_us_count = 1767373153 
 sdk_us_count = 1767373782 
 sdk_us_count = 1767374410 
 sdk_us_count = 1767375038 
 sdk_us_count = 1767375667 
 sdk_us_count = 1767376295 
 sdk_us_count = 1767376923 
 sdk_us_count = 1767377552 
 sdk_us_count = 1767378180 
 sdk_us_count = 1767378808 
 sdk_us_count = 1767379587 
 sdk_us_count = 1767380167 
 sdk_us_count = 1767380795 
 sdk_us_count = 1767381423 
 sdk_us_count = 1767382052 
 sdk_us_count = 1767382680 
 sdk_us_count = 1767383308 
 sdk_us_count = 1767383937 
 sdk_us_count = 1767384565 
 sdk_us_count = 1767385193 
 sdk_us_count = 1767385822 
 sdk_us_c
[2024-02-07 16:14:08.661] 接收<-:96588 
 sdk_us_count = 1767497217 
 sdk_us_count = 1767498053 
 sdk_us_count = 1767498644 
 sdk_us_count = 1767499273 
 sdk_us_count = 1767499901 
 sdk_us_count = 1767500529 
 sdk_us_count = 1767501158 
 sdk_us_count = 1767501786 
 sdk_us_count = 1767502414 
 sdk_us_count = 1767503043 
 sdk_us_count = 1767503671 
 sdk_us_count = 1767504299 
 sdk_us_count = 1767504928 
 sdk_us_count = 1767506005 
 sdk_us_count = 1767506360 
 sdk_us_count = 1767506988 
 sdk_us_count = 1767507617 
 sdk_us_count = 1767508245 
 sdk_us_count = 1767508873 
 sdk_us_count = 1767509502 
 sdk_us_count = 1767510130 
 sdk_us_count = 1767510758 
 sdk_us_count = 1767511387 
 sdk_us_count = 1767512015 
 sdk_us_count = 1767512643 
 sdk_us_count = 1767513272 
 sdk_us_count = 1767514080 
 sdk_us_count = 1767514671 
 sdk_us_count = 1767515300 
 sdk_us_count = 1767515928 
 sdk_us_count = 1767516556 
 sdk_us_count = 1767517185 
 sdk_us_count = 1767517813 
 sdk_us_count = 1767518441 
 sdk_us_count = 1767519070 
 sdk_us_count = 1767519698 
 sdk_us_count = 1767520326 
 sdk_us_count = 1767520955 
 sdk_us_count = 1767522069 
 sdk_us_count = 1767522426 
 sdk_us_count = 1767523054 
 sdk_us_count = 1767523682 
 sdk_us_count = 1767524311 
 sdk_us_count = 1767524939 
 sdk_us_count = 1767525567 
 sdk_us_count = 1767526196 
 sdk_us_count = 1767526824 
 sdk_us_count = 1767527452 
 sdk_us_count = 1767528081 
 sdk_us_count = 1767528709 
 sdk_us_count = 1767529337 
 sdk_us_count = 1767530144 
 sdk_us_count = 1767530735 
 sdk_us_count = 1767531363 
 sdk_us_count = 1767531992 
 sdk_us_count = 1767532620 
 sdk_us_count = 1767533248 
 sdk_us_count = 1767533877 
 sdk_us_count = 1767534505 
 sdk_us_count = 1767535133 
 sdk_us_count = 1767535762 
 sdk_us_count = 1767536390 
 sdk_us_count = 1767537018 
 sdk_us_count = 1767538146 
 sdk_us_count = 1767538502 
 sdk_us_count = 1767539131 
 sdk_us_count = 1767539759 
 sdk_us_count = 1767540387 
 sdk_us_count = 1767541016 
 sdk_us_count = 1767541644 
 sdk_us_count = 1767542272 
 sdk_us_count = 1767542901 
 sdk_us_count = 1767543529 
 sdk_us_count = 1767544157 
 sdk_us_count = 1767544786 
 sdk_us_count = 1767545414 
 sdk_us_count = 1767546205 
 sdk_us_count = 1767546796 
 sdk_us_count = 1767547425 
 sdk_us_count = 1767548053 
 sdk_us_count = 1767548681 
 sdk_us_count = 1767549310 
 sdk_us_count = 1767549938 
 sdk_us_count = 1767550566 
 sdk_us_count = 1767551195 
 sdk_us_count = 1767551823 
 sdk_us_count = 1767552451 
 sdk_us_count = 1767553080 
 sdk_us_count = 1767554200 
 sdk_us_count = 1767554555 
 sdk_us_count = 1767555187 
 sdk_us_count = 1767555812 
 sdk_us_count = 1767556440 
 sdk_us_count = 1767557069 
 sdk_us_count = 1767557697 
 sdk_us_count = 1767558325 
 sdk_us_count = 1767558954 
 sdk_us_count = 1767559582 
 sdk_us_count = 1767560210 
 sdk_us_count = 1767560839 
 sdk_us_count = 1767561467 
 sdk_us_count = 1767562263 
 sdk_us_count = 1767562841 
 sdk_us_count = 1767563469 
 sdk_us_count = 1767564097 
 sdk_us_count = 1767564726 
 sdk_us_count = 1767565354 
 sdk_us_count = 1767565982 
 sdk_us_count = 1767566611 
 sdk_us_count = 1767567239 
 sdk_us_count = 1767567867 
 sdk_us_count = 1767568496 
 sdk_us_count = 1767569124 
 sdk_us_count = 1767570279 
 sdk_us_count = 1767570615 
 sdk_us_count = 1767571243 
 sdk_us_count = 1767571871 
 sdk_us_count = 1767572500 
 sdk_us_count = 1767573128 
 sdk_us_count = 1767573756 
 sdk_us_count = 1767574385 
 sdk_us_count = 1767575013 
 sdk_us_count = 1767575641 
 sdk_us_count = 1767576270 
 sdk_us_count = 1767576898 
 sdk_us_count = 1767577526 
 sdk_us_count = 176757sync result 1 search num 100 1742496

sync succ pre 0x1 rssi -104 cur -25.0 last -25.0 frac 725

status change 0 to 1

8356 
 sdk_us_count = 1767581972 
 sdk_us_count = 1767582494 
 sdk_us_count = 1767583123 
 sdk_us_count = 1767583751 
 sdk_us_count = 1767584379 
 sdk_us_count = 1767585008 
 sdk_us_count = 1767585636 
 sdk_us_count = 1767586264 
 sdk_us_count = 1767586893 
 sdk_us_count = 176758
[2024-02-07 16:14:08.861] 接收<-: = 1767698173 
 sdk_us_count = 1767698801 
 sdk_us_count = 1767699429 
 sdk_us_count = 1767700058 
 sdk_us_count = 1767700686 
 sdk_us_count = 1767701314 
 sdk_us_count = 1767701943 
 sdk_us_count = 1767702571 
 sdk_us_count = 1767703199 
 sdk_us_count = 1767703828 
 sdk_us_count = 1767704456 
 sdk_us_count = 1767705249 
 sdk_us_count = 1767705830 
 sdk_us_count = 1767706458 
 sdk_us_count = 1767707086 
 sdk_us_count = 1767707715 
 sdk_us_count = 1767708343 
 sdk_us_count = 1767708971 
 sdk_us_count = 1767709600 
 sdk_us_count = 1767710228 
 sdk_us_count = 1767710856 
 sdk_us_count = 1767711485 
 sdk_us_count = 1767712113 
 sdk_us_count = 1767712741 
 sdk_us_count = 1767713599 
 sdk_us_count = 1767714167 
 sdk_us_count = 1767714795 
 sdk_us_count = 1767715424 
 sdk_us_count = 1767716052 
 sdk_us_count = 1767716680 
 sdk_us_count = 1767717309 
 sdk_us_count = 1767717937 
 sdk_us_count = 1767718565 
 sdk_us_count = 1767719194 
 sdk_us_count = 1767719822 
 sdk_us_count = 1767720450 
 sdk_us_count = 1767721313 
 sdk_us_count = 1767721831 
 sdk_us_count = 1767722459 
 sdk_us_count = 1767723087 
 sdk_us_count = 1767723716 
 sdk_us_count = 1767724344 
 sdk_us_count = 1767724972 
 sdk_us_count = 1767725601 
 sdk_us_count = 1767726229 
 sdk_us_count = 1767726857 
 sdk_us_count = 1767727486 
 sdk_us_count = 1767728114 
 sdk_us_count = 1767728742 
 sdk_us_count = 1767729529 
 sdk_us_count = 1767730120 
 sdk_us_count = 1767730749 
 sdk_us_count = 1767731377 
 sdk_us_count = 1767732005 
 sdk_us_count = 1767732634 
 sdk_us_count = 1767733262 
 sdk_us_count = 1767733890 
 sdk_us_count = 1767734519 
 sdk_us_count = 1767735147 
 sdk_us_count = 1767735775 
 sdk_us_count = 1767736404 
 sdk_us_count = 1767737376 
 sdk_us_count = 1767737784 
 sdk_us_count = 1767738412 
 sdk_us_count = 1767739040 
 sdk_us_count = 1767739669 
 sdk_us_count = 1767740297 
 sdk_us_count = 1767740925 
 sdk_us_count = 1767741554 
 sdk_us_count = 1767742182 
 sdk_us_count = 1767742810 
 sdk_us_count = 1767743439 
 sdk_us_count = 1767744067 
 sdk_us_count = 1767744695 
 sdk_us_count = 1767745484 
 sdk_us_count = 1767746076 
 sdk_us_count = 1767746704 
 sdk_us_count = 1767747332 
 sdk_us_count = 1767747961 
 sdk_us_count = 1767748589 
 sdk_us_count = 1767749217 
 sdk_us_count = 1767749846 
 sdk_us_count = 1767750474 
 sdk_us_count = 1767751102 
 sdk_us_count = 1767751731 
 sdk_us_count = 1767752359 
 sdk_us_count = 1767753439 
 sdk_us_count = 1767753786 
 sdk_us_count = 1767754396 
 sdk_us_count = 1767755024 
 sdk_us_count = 1767755652 
 sdk_us_count = 1767756281 
 sdk_us_count = 1767756909 
 sdk_us_count = 1767757537 
 sdk_us_count = 1767758166 
 sdk_us_count = 1767758798 
 sdk_us_count = 1767759422 
 sdk_us_count = 1767760051 
 sdk_us_count = 1767760679 
 sdk_us_count = 1767761471 
 sdk_us_count = 1767762053 
 sdk_us_count = 1767762681 
 sdk_us_count = 1767763309 
 sdk_us_count = 1767763938 
 sdk_us_count = 1767764566 
 sdk_us_count = 1767765194 
 sdk_us_count = 1767765826 
 sdk_us_count = 1767766451 
 sdk_us_count = 1767767079 
 sdk_us_count = 1767767708 
 sdk_us_count = 1767768336 
 sdk_us_count = 1767768964 
 sdk_us_count = 1767769799 
 sdk_us_count = 1767770390 
 sdk_us_count = 1767771018 
 sdk_us_count = 1767771647 
 sdk_us_count = 1767772275 
 sdk_us_count = 1767772903 
 sdk_us_count = 1767773532 
 sdk_us_count = 1767774160 
 sdk_us_count = 1767774788 
 sdk_us_count = 1767775417 
 sdk_us_count = 1767776045 
 sdk_us_count = 1767776673 
 sdk_us_count = 1767777535 
 sdk_us_count = 1767778051 
 sdk_us_count = 1767778680 
 sdk_us_count = 1767779308 
 sdk_us_count = 1767779936 
 sdk_us_count = 1767780565 
 sdk_us_count = 1767781193 
 sdk_us_count = 1767781821 
 sdk_us_count = 1767782450 
 sdk_us_count = 1767783078 
 sdk_us_count = 1767783706 
 sdk_us_count = 1767784335 
 sdk_us_count = 1767784963 
 sdk_us_count = 1767785752 
 sdk_us_count = 1767786343 
 sdk_us_count = 1767786971 
 sdk_us_count = 1767787600 
 sdk_us_count = 1767
[2024-02-07 16:14:09.062] 接收<-:45 
 sdk_us_count = 1767898836 
 sdk_us_count = 1767899465 
 sdk_us_count = 1767900093 
 sdk_us_count = 1767900721 
 sdk_us_count = 1767901350 
 sdk_us_count = 1767901978 
 sdk_us_count = 1767902606 
 sdk_us_count = 1767903235 
 sdk_us_count = 1767903863 
 sdk_us_count = 1767904491 
 sdk_us_count = 1767905120 
 sdk_us_count = 1767906046 
 sdk_us_count = 1767906498 
 sdk_us_count = 1767907126 
 sdk_us_count = 1767907754 
 sdk_us_count = 1767908383 
 sdk_us_count = 1767909011 
 sdk_us_count = 1767909639 
 sdk_us_count = 1767910268 
 sdk_us_count = 1767910896 
 sdk_us_count = 1767911524 
 sdk_us_count = 1767912153 
 sdk_us_count = 1767912781 
 sdk_us_count = 1767913409 
 sdk_us_count = 1767914224 
 sdk_us_count = 1767914816 
 sdk_us_count = 1767915444 
 sdk_us_count = 1767916072 
 sdk_us_count = 1767916701 
 sdk_us_count = 1767917329 
 sdk_us_count = 1767917957 
 sdk_us_count = 1767918586 
 sdk_us_count = 1767919214 
 sdk_us_count = 1767919842 
 sdk_us_count = 1767920471 
 sdk_us_count = 1767921099 
 sdk_us_count = 1767922137 
 sdk_us_count = 1767922503 
 sdk_us_count = 1767923131 
 sdk_us_count = 1767923760 
 sdk_us_count = 1767924388 
 sdk_us_count = 1767925016 
 sdk_us_count = 1767925645 
 sdk_us_count = 1767926273 
 sdk_us_count = 1767926901 
 sdk_us_count = 1767927530 
 sdk_us_count = 1767928158 
 sdk_us_count = 1767928790 
 sdk_us_count = 1767929415 
 sdk_us_count = 1767930227 
 sdk_us_count = 1767930841 
 sdk_us_count = 1767931447 
 sdk_us_count = 1767932075 
 sdk_us_count = 1767932704 
 sdk_us_count = 1767933332 
 sdk_us_count = 1767933960 
 sdk_us_count = 1767934589 
 sdk_us_count = 1767935217 
 sdk_us_count = 1767935849 
 sdk_us_count = 1767936474 
 sdk_us_count = 1767937102 
 sdk_us_count = 1767938200 
 sdk_us_count = 1767938554 
 sdk_us_count = 1767939182 
 sdk_us_count = 1767939810 
 sdk_us_count = 1767940439 
 sdk_us_count = 1767941067 
 sdk_us_count = 1767941695 
 sdk_us_count = 1767942324 
 sdk_us_count = 1767942952 
 sdk_us_count = 1767943580 
 sdk_us_count = 1767944209 
 sdk_us_count = 1767944837 
 sdk_us_count = 1767945465 
 sdk_us_count = 1767946258 
 sdk_us_count = 1767946850 
 sdk_us_count = 1767947478 
 sdk_us_count = 1767948106 
 sdk_us_count = 1767948735 
 sdk_us_count = 1767949363 
 sdk_us_count = 1767949995 
 sdk_us_count = 1767950620 
 sdk_us_count = 1767951248 
 sdk_us_count = 1767951876 
 sdk_us_count = 1767952505 
 sdk_us_count = 1767953133 
 sdk_us_count = 1767954261 
 sdk_us_count = 1767954615 
 sdk_us_count = 1767955243 
 sdk_us_count = 1767955872 
 sdk_us_count = 1767956500 
 sdk_us_count = 1767957128 
 sdk_us_count = 1767957757 
 sdk_us_count = 1767958385 
 sdk_us_count = 1767959013 
 sdk_us_count = 1767959642 
 sdk_us_count = 1767960270 
 sdk_us_count = 1767960898 
 sdk_us_count = 1767961527 
 sdk_us_count = 1767962337 
 sdk_us_count = 1767962929 
 sdk_us_count = 1767963557 
 sdk_us_count = 1767964185 
 sdk_us_count = 1767964814 
 sdk_us_count = 1767965442 
 sdk_us_count = 1767966070 
 sdk_us_count = 1767966699 
 sdk_us_count = 1767967327 
 sdk_us_count = 1767967955 
 sdk_us_count = 1767968584 
 sdk_us_count = 1767969212 
 sdk_us_count = 1767970329 
 sdk_us_count = 1767970683 
 sdk_us_count = 1767971311 
 sdk_us_count = 1767971940 
 sdk_us_count = 1767972568 
 sdk_us_count = 1767973196 
 sdk_us_count = 1767973825 
 sdk_us_count = 1767974453 
 sdk_us_count = 1767975081 
 sdk_us_count = 1767975710 
 sdk_us_count = 1767976338 
 sdk_us_count = 1767976966 
 sdk_us_count = 1767977595 
 sdk_us_count = 1767978401 
 sdk_us_count = 1767978992 
 sdk_us_count = 1767979621 
 sdk_us_count = 1767980253 
 sdk_us_count = 1767980877 
 sdk_us_count = 1767981506 
 sdk_us_count = 1767982134 
 sdk_us_count = 1767982762 
 sdk_us_count = 1767983391 
 sdk_us_count = 1767984019 
 sdk_us_count = 1767984647 
 sdk_us_count = 1767985276 
 sdk_us_count = 1767986392 
 sdk_us_count = 1767986747 
 sdk_us_count = 1767987375 
 sdk_us_count = 1767988003 
 sdk_us_count = 1767988632 
 s
[2024-02-07 16:14:09.263] 接收<-:ount = 1768100055 
 sdk_us_count = 1768100683 
 sdk_us_count = 1768101311 
 sdk_us_count = 1768101940 
 sdk_us_count = 1768102568 
 sdk_us_count = 1768103196 
 sdk_us_count = 1768103825 
 sdk_us_count = 1768104453 
 sdk_us_count = 1768105081 
 sdk_us_count = 1768105710 
 sdk_us_count = 1768106823 
 sdk_us_count = 1768107177 
 sdk_us_count = 1768107805 
 sdk_us_count = 1768108433 
 sdk_us_count = 1768109062 
 sdk_us_count = 1768109690 
 sdk_us_count = 1768110318 
 sdk_us_count = 1768110947 
 sdk_us_count = 1768111575 
 sdk_us_count = 1768112203 
 sdk_us_count = 1768112832 
 sdk_us_count = 1768113460 
 sdk_us_count = 1768114092 
 sdk_us_count = 1768114859 
 sdk_us_count = 1768115447 
 sdk_us_count = 1768116075 
 sdk_us_count = 1768116703 
 sdk_us_count = 1768117332 
 sdk_us_count = 1768117960 
 sdk_us_count = 1768118588 
 sdk_us_count = 1768119217 
 sdk_us_count = 1768119845 
 sdk_us_count = 1768120473 
 sdk_us_count = 1768121102 
 sdk_us_count = 1768121730 
 sdk_us_count = 1768122358 
 sdk_us_count = 1768123171 
 sdk_us_count = 1768123719 
 sdk_us_count = 1768124347 
 sdk_us_count = 1768124976 
 sdk_us_count = 1768125604 
 sdk_us_count = 1768126232 
 sdk_us_count = 1768126861 
 sdk_us_count = 1768127489 
 sdk_us_count = 1768128117 
 sdk_us_count = 1768128746 
 sdk_us_count = 1768129374 
 sdk_us_count = 1768130002 
 sdk_us_count = 1768130944 
 sdk_us_count = 1768131380 
 sdk_us_count = 1768132009 
 sdk_us_count = 1768132637 
 sdk_us_count = 1768133265 
 sdk_us_count = 1768133894 
 sdk_us_count = 1768134522 
 sdk_us_count = 1768135150 
 sdk_us_count = 1768135779 
 sdk_us_count = 1768136407 
 sdk_us_count = 1768137035 
 sdk_us_count = 1768137664 
 sdk_us_count = 1768138292 
 sdk_us_count = 1768139061 
 sdk_us_count = 1768139653 
 sdk_us_count = 1768140281 
 sdk_us_count = 1768140909 
 sdk_us_count = 1768141538 
 sdk_us_count = 1768142166 
 sdk_us_count = 1768142794 
 sdk_us_count = 1768143423 
 sdk_us_count = 1768144051 
 sdk_us_count = 1768144679 
 sdk_us_count = 1768145308 
 sdk_us_count = 1768145936 
 sdk_us_count = 1768146987 
 sdk_us_count = 1768147340 
 sdk_us_count = 1768147968 
 sdk_us_count = 1768148597 
 sdk_us_count = 1768149225 
 sdk_us_count = 1768149853 
 sdk_us_count = 1768150482 
 sdk_us_count = 1768151110 
 sdk_us_count = 1768151738 
 sdk_us_count = 1768152367 
 sdk_us_count = 1768152995 
 sdk_us_count = 1768153623 
 sdk_us_count = 1768154252 
 sdk_us_count = 1768155017 
 sdk_us_count = 1768155604 
 sdk_us_count = 1768156232 
 sdk_us_count = 1768156860 
 sdk_us_count = 1768157489 
 sdk_us_count = 1768158117 
 sdk_us_count = 1768158745 
 sdk_us_count = 1768159374 
 sdk_us_count = 1768160002 
 sdk_us_count = 1768160630 
 sdk_us_count = 1768161259 
 sdk_us_count = 1768161887 
 sdk_us_count = 1768162515 
 sdk_us_count = 1768163283 
 sdk_us_count = 1768163874 
 sdk_us_count = 1768164502 
 sdk_us_count = 1768165131 
 sdk_us_count = 1768165759 
 sdk_us_count = 1768166391 
 sdk_us_count = 1768167016 
 sdk_us_count = 1768167644 
 sdk_us_count = 1768168272 
 sdk_us_count = 1768168901 
 sdk_us_count = 1768169529 
 sdk_us_count = 1768170157 
 sdk_us_count = 1768171082 
 sdk_us_count = 1768171518 
 sdk_us_count = 1768172146 
 sdk_us_count = 1768172775 
 sdk_us_count = 1768173403 
 sdk_us_count = 1768174031 
 sdk_us_count = 1768174660 
 sdk_us_count = 1768175288 
 sdk_us_count = 1768175916 
 sdk_us_count = 1768176545 
 sdk_us_count = 1768177173 
 sdk_us_count = 1768177801 
 sdk_us_count = 1768178430 
 sdk_us_count = 1768179197 
 sdk_us_count = 1768179788 
 sdk_us_count = 1768180416 
 sdk_us_count = 1768181045 
 sdk_us_count = 1768181673 
 sdk_us_count = 1768182301 
 sdk_us_count = 1768182930 
 sdk_us_count = 1768183558 
 sdk_us_count = 1768184186 
 sdk_us_count = 1768184815 
 sdk_us_count = 1768185443 
 sdk_us_count = 1768186071 
 sdk_us_count = 1768187143 
 sdk_us_count = 1768187509 
 sdk_us_count = 1768188125 
 sdk_us_count = 1768188754 
 sdk_us_count = 1768189382 
 sdk_us_count = 
[2024-02-07 16:14:09.465] 接收<-:64 
 sdk_us_count = 1768301893 
 sdk_us_count = 1768302521 
 sdk_us_count = 1768303149 
 sdk_us_count = 1768303778 
 sdk_us_count = 1768304406 
 sdk_us_count = 1768305316 
 sdk_us_count = 1768305765 
 sdk_us_count = 1768306393 
 sdk_us_count = 1768307021 
 sdk_us_count = 1768307650 
 sdk_us_count = 1768308278 
 sdk_us_count = 1768308906 
 sdk_us_count = 1768309535 
 sdk_us_count = 1768310163 
 sdk_us_count = 1768310791 
 sdk_us_count = 1768311420 
 sdk_us_count = 1768312048 
 sdk_us_count = 1768312680 
 sdk_us_count = 1768313434 
 sdk_us_count = 1768314037 
 sdk_us_count = 1768314665 
 sdk_us_count = 1768315294 
 sdk_us_count = 1768315922 
 sdk_us_count = 1768316550 
 sdk_us_count = 1768317179 
 sdk_us_count = 1768317807 
 sdk_us_count = 1768318435 
 sdk_us_count = 1768319064 
 sdk_us_count = 1768319692 
 sdk_us_count = 1768320320 
 sdk_us_count = 1768321381 
 sdk_us_count = 1768321700 
 sdk_us_count = 1768322329 
 sdk_us_count = 1768322957 
 sdk_us_count = 1768323585 
 sdk_us_count = 1768324214 
 sdk_us_count = 1768324842 
 sdk_us_count = 1768325470 
 sdk_us_count = 1768326099 
 sdk_us_count = 1768326727 
 sdk_us_count = 1768327355 
 sdk_us_count = 1768327984 
 sdk_us_count = 1768328612 
 sdk_us_count = 1768329414 
 sdk_us_count = 1768329971 
 sdk_us_count = 1768330599 
 sdk_us_count = 1768331227 
 sdk_us_count = 1768331856 
 sdk_us_count = 1768332484 
 sdk_us_count = 1768333112 
 sdk_us_count = 1768333741 
 sdk_us_count = 1768334369 
 sdk_us_count = 1768334997 
 sdk_us_count = 1768335626 
 sdk_us_count = 1768336254 
 sdk_us_count = 1768336882 
 sdk_us_count = 1768337635 
 sdk_us_count = 1768338239 
 sdk_us_count = 1768338867 
 sdk_us_count = 1768339495 
 sdk_us_count = 1768340124 
 sdk_us_count = 1768340752 
 sdk_us_count = 1768341380 
 sdk_us_count = 1768342009 
 sdk_us_count = 1768342637 
 sdk_us_count = 1768343265 
 sdk_us_count = 1768343894 
 sdk_us_count = 1768344522 
 sdk_us_count = 1768345476 
 sdk_us_count = 1768345880 
 sdk_us_count = 1768346509 
 sdk_us_count = 1768347137 
 sdk_us_count = 1768347765 
 sdk_us_count = 1768348394 
 sdk_us_count = 1768349022 
 sdk_us_count = 1768349650 
 sdk_us_count = 1768350279 
 sdk_us_count = 1768350907 
 sdk_us_count = 1768351535 
 sdk_us_count = 1768352164 
 sdk_us_count = 1768352792 
 sdk_us_count = 1768353547 
 sdk_us_count = 1768354151 
 sdk_us_count = 1768354779 
 sdk_us_count = 1768355407 
 sdk_us_count = 1768356036 
 sdk_us_count = 1768356664 
 sdk_us_count = 1768357292 
 sdk_us_count = 1768357924 
 sdk_us_count = 1768358549 
 sdk_us_count = 1768359177 
 sdk_us_count = 1768359806 
 sdk_us_count = 1768360434 
 sdk_us_count = 1768361537 
 sdk_us_count = 1768361857 
 sdk_us_count = 1768362486 
 sdk_us_count = 1768363114 
 sdk_us_count = 1768363742 
 sdk_us_count = 1768364371 
 sdk_us_count = 1768364999 
 sdk_us_count = 1768365627 
 sdk_us_count = 1768366256 
 sdk_us_count = 1768366884 
 sdk_us_count = 1768367512 
 sdk_us_count = 1768368141 
 sdk_us_count = 1768368769 
 sdk_us_count = 1768369576 
 sdk_us_count = 1768370110 
 sdk_us_count = 1768370739 
 sdk_us_count = 1768371367 
 sdk_us_count = 1768371999 
 sdk_us_count = 1768372624 
 sdk_us_count = 1768373252 
 sdk_us_count = 1768373880 
 sdk_us_count = 1768374509 
 sdk_us_count = 1768375137 
 sdk_us_count = 1768375765 
 sdk_us_count = 1768376394 
 sdk_us_count = 1768377022 
 sdk_us_count = 1768377775 
 sdk_us_count = 1768378378 
 sdk_us_count = 1768379007 
 sdk_us_count = 1768379635 
 sdk_us_count = 1768380263 
 sdk_us_count = 1768380892 
 sdk_us_count = 1768381520 
 sdk_us_count = 1768382148 
 sdk_us_count = 1768382777 
 sdk_us_count = 1768383405 
 sdk_us_count = 1768384039 
 sdk_us_count = 1768384662 
 sdk_us_count = 1768385639 
 sdk_us_count = 1768386022 
 sdk_us_count = 1768386651 
 sdk_us_count = 1768387279 
 sdk_us_count = 1768387907 
 sdk_us_count = 1768388536 
 sdk_us_count = 1768389164 
 sdk_us_count = 1768389792 
 sdk_us_count = 1768390421 
 sdk_us_count = 1768391049 
 s
[2024-02-07 16:14:09.666] 接收<-:ount = 1768502023 
 sdk_us_count = 1768502652 
 sdk_us_count = 1768503280 
 sdk_us_count = 1768503908 
 sdk_us_count = 1768504537 
 sdk_us_count = 1768505165 
 sdk_us_count = 1768506143 
 sdk_us_count = 1768506547 
 sdk_us_count = 1768507176 
 sdk_us_count = 1768507804 
 sdk_us_count = 1768508432 
 sdk_us_count = 1768509061 
 sdk_us_count = 1768509689 
 sdk_us_count = 1768510317 
 sdk_us_count = 1768510946 
 sdk_us_count = 1768511574 
 sdk_us_count = 1768512202 
 sdk_us_count = 1768512831 
 sdk_us_count = 1768513459 
 sdk_us_count = 1768514249 
 sdk_us_count = 1768514875 
 sdk_us_count = 1768515481 
 sdk_us_count = 1768516109 
 sdk_us_count = 1768516737 
 sdk_us_count = 1768517366 
 sdk_us_count = 1768517994 
 sdk_us_count = 1768518622 
 sdk_us_count = 1768519251 
 sdk_us_count = 1768519883 
 sdk_us_count = 1768520507 
 sdk_us_count = 1768521136 
 sdk_us_count = 1768522206 
 sdk_us_count = 1768522559 
 sdk_us_count = 1768523187 
 sdk_us_count = 1768523816 
 sdk_us_count = 1768524444 
 sdk_us_count = 1768525072 
 sdk_us_count = 1768525701 
 sdk_us_count = 1768526329 
 sdk_us_count = 1768526961 
 sdk_us_count = 1768527586 
 sdk_us_count = 1768528214 
 sdk_us_count = 1768528842 
 sdk_us_count = 1768529471 
 sdk_us_count = 1768530226 
 sdk_us_count = 1768530825 
 sdk_us_count = 1768531453 
 sdk_us_count = 1768532082 
 sdk_us_count = 1768532710 
 sdk_us_count = 1768533338 
 sdk_us_count = 1768533967 
 sdk_us_count = 1768534595 
 sdk_us_count = 1768535223 
 sdk_us_count = 1768535852 
 sdk_us_count = 1768536480 
 sdk_us_count = 1768537108 
 sdk_us_count = 1768537737 
 sdk_us_count = 1768538522 
 sdk_us_count = 1768539125 
 sdk_us_count = 1768539754 
 sdk_us_count = 1768540382 
 sdk_us_count = 1768541010 
 sdk_us_count = 1768541639 
 sdk_us_count = 1768542267 
 sdk_us_count = 1768542895 
 sdk_us_count = 1768543524 
 sdk_us_count = 1768544152 
 sdk_us_count = 1768544780 
 sdk_us_count = 1768545409 
 sdk_us_count = 1768546311 
 sdk_us_count = 1768546802 
 sdk_us_count = 1768547430 
 sdk_us_count = 1768548059 
 sdk_us_count = 1768548687 
 sdk_us_count = 1768549315 
 sdk_us_count = 1768549944 
 sdk_us_count = 1768550572 
 sdk_us_count = 1768551200 
 sdk_us_count = 1768551829 
 sdk_us_count = 1768552457 
 sdk_us_count = 1768553085 
 sdk_us_count = 1768553714 
 sdk_us_count = 1768554493 
 sdk_us_count = 1768555096 
 sdk_us_count = 1768555724 
 sdk_us_count = 1768556353 
 sdk_us_count = 1768556981 
 sdk_us_count = 1768557609 
 sdk_us_count = 1768558238 
 sdk_us_count = 1768558866 
 sdk_us_count = 1768559494 
 sdk_us_count = 1768560123 
 sdk_us_count = 1768560751 
 sdk_us_count = 1768561379 
 sdk_us_count = 1768562373 
 sdk_us_count = 1768562757 
 sdk_us_count = 1768563386 
 sdk_us_count = 1768564014 
 sdk_us_count = 1768564642 
 sdk_us_count = 1768565274 
 sdk_us_count = 1768565899 
 sdk_us_count = 1768566527 
 sdk_us_count = 1768567156 
 sdk_us_count = 1768567784 
 sdk_us_count = 1768568412 
 sdk_us_count = 1768569041 
 sdk_us_count = 1768569669 
 sdk_us_count = 1768570448 
 sdk_us_count = 1768571051 
 sdk_us_count = 1768571680 
 sdk_us_count = 1768572308 
 sdk_us_count = 1768572936 
 sdk_us_count = 1768573565 
 sdk_us_count = 1768574193 
 sdk_us_count = 1768574821 
 sdk_us_count = 1768575450 
 sdk_us_count = 1768576078 
 sdk_us_count = 1768576706 
 sdk_us_count = 1768577335 
 sdk_us_count = 1768578452 
 sdk_us_count = 1768578806 
 sdk_us_count = 1768579434 
 sdk_us_count = 1768580062 
 sdk_us_count = 1768580691 
 sdk_us_count = 1768581319 
 sdk_us_count = 1768581947 
 sdk_us_count = 1768582576 
 sdk_us_count = 1768583204 
 sdk_us_count = 1768583832 
 sdk_us_count = 1768584461 
 sdk_us_count = 1768585089 
 sdk_us_count = 1768585717 
 sdk_us_count = 1768586486 
 sdk_us_count = 1768587046 
 sdk_us_count = 1768587674 
 sdk_us_count = 1768588302 
 sdk_us_count = 1768588931 
 sdk_us_count = 1768589559 
 sdk_us_count = 1768590187 
 sdk_us_count = 1768590816 
 sdk_us_count = 1768591444 
 sdk_us_count = 
[2024-02-07 16:14:09.867] 接收<-:dk_us_count = 1768703855 
 sdk_us_count = 1768704483 
 sdk_us_count = 1768705112 
 sdk_us_count = 1768705740 
 sdk_us_count = 1768706368 
 sdk_us_count = 1768706997 
 sdk_us_count = 1768707625 
 sdk_us_count = 1768708253 
 sdk_us_count = 1768708882 
 sdk_us_count = 1768710011 
 sdk_us_count = 1768710368 
 sdk_us_count = 1768710996 
 sdk_us_count = 1768711625 
 sdk_us_count = 1768712253 
 sdk_us_count = 1768712881 
 sdk_us_count = 1768713510 
 sdk_us_count = 1768714138 
 sdk_us_count = 1768714766 
 sdk_us_count = 1768715395 
 sdk_us_count = 1768716023 
 sdk_us_count = 1768716651 
 sdk_us_count = 1768717280 
 sdk_us_count = 1768718063 
 sdk_us_count = 1768718666 
 sdk_us_count = 1768719295 
 sdk_us_count = 1768719923 
 sdk_us_count = 1768720551 
 sdk_us_count = 1768721180 
 sdk_us_count = 1768721808 
 sdk_us_count = 1768722436 
 sdk_us_count = 1768723065 
 sdk_us_count = 1768723693 
 sdk_us_count = 1768724321 
 sdk_us_count = 1768724950 
 sdk_us_count = 1768726091 
 sdk_us_count = 1768726447 
 sdk_us_count = 1768727075 
 sdk_us_count = 1768727703 
 sdk_us_count = 1768728332 
 sdk_us_count = 1768728960 
 sdk_us_count = 1768729588 
 sdk_us_count = 1768730217 
 sdk_us_count = 1768730845 
 sdk_us_count = 1768731473 
 sdk_us_count = 1768732102 
 sdk_us_count = 1768732730 
 sdk_us_count = 1768733358 
 sdk_us_count = 1768734134 
 sdk_us_count = 1768734728 
 sdk_us_count = 1768735356 
 sdk_us_count = 1768735984 
 sdk_us_count = 1768736613 
 sdk_us_count = 1768737241 
 sdk_us_count = 1768737869 
 sdk_us_count = 1768738498 
 sdk_us_count = 1768739126 
 sdk_us_count = 1768739754 
 sdk_us_count = 1768740383 
 sdk_us_count = 1768741011 
 sdk_us_count = 1768742113 
 sdk_us_count = 1768742493 
 sdk_us_count = 1768743121 
 sdk_us_count = 1768743750 
 sdk_us_count = 1768744378 
 sdk_us_count = 1768745006 
 sdk_us_count = 1768745635 
 sdk_us_count = 1768746263 
 sdk_us_count = 1768746891 
 sdk_us_count = 1768747520 
 sdk_us_count = 1768748148 
 sdk_us_count = 1768748776 
 sdk_us_count = 1768749405 
 sdk_us_count = 1768750169 
 sdk_us_count = 1768750772 
 sdk_us_count = 1768751400 
 sdk_us_count = 1768752029 
 sdk_us_count = 1768752657 
 sdk_us_count = 1768753285 
 sdk_us_count = 1768753914 
 sdk_us_count = 1768754542 
 sdk_us_count = 1768755170 
 sdk_us_count = 1768755799 
 sdk_us_count = 1768756427 
 sdk_us_count = 1768757055 
 sdk_us_count = 1768758171 
 sdk_us_count = 1768758548 
 sdk_us_count = 1768759176 
 sdk_us_count = 1768759805 
 sdk_us_count = 1768760433 
 sdk_us_count = 1768761061 
 sdk_us_count = 1768761690 
 sdk_us_count = 1768762318 
 sdk_us_count = 1768762946 
 sdk_us_count = 1768763575 
 sdk_us_count = 1768764203 
 sdk_us_count = 1768764831 
 sdk_us_count = 1768765460 
 sdk_us_count = 1768766189 
 sdk_us_count = 1768766788 
 sdk_us_count = 1768767416 
 sdk_us_count = 1768768045 
 sdk_us_count = 1768768673 
 sdk_us_count = 1768769301 
 sdk_us_count = 1768769930 
 sdk_us_count = 1768770558 
 sdk_us_count = 1768771186 
 sdk_us_count = 1768771815 
 sdk_us_count = 1768772443 
 sdk_us_count = 1768773071 
 sdk_us_count = 1768773700 
 sdk_us_count = 1768774435 
 sdk_us_count = 1768775039 
 sdk_us_count = 1768775667 
 sdk_us_count = 1768776295 
 sdk_us_count = 1768776924 
 sdk_us_count = 1768777552 
 sdk_us_count = 1768778180 
 sdk_us_count = 1768778809 
 sdk_us_count = 1768779437 
 sdk_us_count = 1768780065 
 sdk_us_count = 1768780694 
 sdk_us_count = 1768781322 
 sdk_us_count = 1768782273 
 sdk_us_count = 1768782678 
 sdk_us_count = 1768783307 
 sdk_us_count = 1768783935 
 sdk_us_count = 1768784563 
 sdk_us_count = 1768785192 
 sdk_us_count = 1768785820 
 sdk_us_count = 1768786448 
 sdk_us_count = 1768787077 
 sdk_us_count = 1768787705 
 sdk_us_count = 176sync result 1 search num 146 1743672

sync succ pre 0x1 rssi -114 cur -25.0 last -25.0 frac -3627

status change 0 to 1

8788333 
 sdk_us_count = 1768791999 
 sdk_us_count = 1768792521 
 sdk_us_count = 1768793150 
 sdk_us_count = 1768793778 
 
[2024-02-07 16:14:10.069] 接收<-:4408 
 sdk_us_count = 1768905036 
 sdk_us_count = 1768905665 
 sdk_us_count = 1768906293 
 sdk_us_count = 1768906921 
 sdk_us_count = 1768907550 
 sdk_us_count = 1768908178 
 sdk_us_count = 1768908806 
 sdk_us_count = 1768909435 
 sdk_us_count = 1768910063 
 sdk_us_count = 1768911187 
 sdk_us_count = 1768911543 
 sdk_us_count = 1768912171 
 sdk_us_count = 1768912800 
 sdk_us_count = 1768913428 
 sdk_us_count = 1768914056 
 sdk_us_count = 1768914685 
 sdk_us_count = 1768915313 
 sdk_us_count = 1768915941 
 sdk_us_count = 1768916570 
 sdk_us_count = 1768917198 
 sdk_us_count = 1768917826 
 sdk_us_count = 1768918455 
 sdk_us_count = 1768919266 
 sdk_us_count = 1768919848 
 sdk_us_count = 1768920476 
 sdk_us_count = 1768921104 
 sdk_us_count = 1768921733 
 sdk_us_count = 1768922361 
 sdk_us_count = 1768922989 
 sdk_us_count = 1768923618 
 sdk_us_count = 1768924246 
 sdk_us_count = 1768924874 
 sdk_us_count = 1768925503 
 sdk_us_count = 1768926131 
 sdk_us_count = 1768927249 
 sdk_us_count = 1768927607 
 sdk_us_count = 1768928235 
 sdk_us_count = 1768928863 
 sdk_us_count = 1768929492 
 sdk_us_count = 1768930120 
 sdk_us_count = 1768930748 
 sdk_us_count = 1768931377 
 sdk_us_count = 1768932005 
 sdk_us_count = 1768932633 
 sdk_us_count = 1768933262 
 sdk_us_count = 1768933890 
 sdk_us_count = 1768934518 
 sdk_us_count = 1768935330 
 sdk_us_count = 1768935911 
 sdk_us_count = 1768936540 
 sdk_us_count = 1768937168 
 sdk_us_count = 1768937796 
 sdk_us_count = 1768938425 
 sdk_us_count = 1768939053 
 sdk_us_count = 1768939681 
 sdk_us_count = 1768940310 
 sdk_us_count = 1768940938 
 sdk_us_count = 1768941566 
 sdk_us_count = 1768942195 
 sdk_us_count = 1768943312 
 sdk_us_count = 1768943670 
 sdk_us_count = 1768944299 
 sdk_us_count = 1768944927 
 sdk_us_count = 1768945555 
 sdk_us_count = 1768946184 
 sdk_us_count = 1768946812 
 sdk_us_count = 1768947440 
 sdk_us_count = 1768948069 
 sdk_us_count = 1768948697 
 sdk_us_count = 1768949325 
 sdk_us_count = 1768949954 
 sdk_us_count = 1768950582 
 sdk_us_count = 1768951392 
 sdk_us_count = 1768951973 
 sdk_us_count = 1768952601 
 sdk_us_count = 1768953230 
 sdk_us_count = 1768953858 
 sdk_us_count = 1768954486 
 sdk_us_count = 1768955115 
 sdk_us_count = 1768955743 
 sdk_us_count = 1768956371 
 sdk_us_count = 1768957000 
 sdk_us_count = 1768957628 
 sdk_us_count = 1768958256 
 sdk_us_count = 1768959380 
 sdk_us_count = 1768959736 
 sdk_us_count = 1768960364 
 sdk_us_count = 1768960993 
 sdk_us_count = 1768961621 
 sdk_us_count = 1768962249 
 sdk_us_count = 1768962878 
 sdk_us_count = 1768963506 
 sdk_us_count = 1768964134 
 sdk_us_count = 1768964763 
 sdk_us_count = 1768965391 
 sdk_us_count = 1768966019 
 sdk_us_count = 1768966648 
 sdk_us_count = 1768967455 
 sdk_us_count = 1768968037 
 sdk_us_count = 1768968665 
 sdk_us_count = 1768969293 
 sdk_us_count = 1768969922 
 sdk_us_count = 1768970550 
 sdk_us_count = 1768971178 
 sdk_us_count = 1768971807 
 sdk_us_count = 1768972435 
 sdk_us_count = 1768973063 
 sdk_us_count = 1768973692 
 sdk_us_count = 1768974320 
 sdk_us_count = 1768975444 
 sdk_us_count = 1768975800 
 sdk_us_count = 1768976428 
 sdk_us_count = 1768977056 
 sdk_us_count = 1768977685 
 sdk_us_count = 1768978313 
 sdk_us_count = 1768978941 
 sdk_us_count = 1768979570 
 sdk_us_count = 1768980198 
 sdk_us_count = 1768980826 
 sdk_us_count = 1768981455 
 sdk_us_count = 1768982083 
 sdk_us_count = 1768982711 
 sdk_us_count = 1768983519 
 sdk_us_count = 1768984100 
 sdk_us_count = 1768984729 
 sdk_us_count = 1768985357 
 sdk_us_count = 1768985985 
 sdk_us_count = 1768986614 
 sdk_us_count = 1768987242 
 sdk_us_count = 1768987870 
 sdk_us_count = 1768988499 
 sdk_us_count = 1768989127 
 sdk_us_count = 1768989755 
 sdk_us_count = 1768990384 
 sdk_us_count = 1768991507 
 sdk_us_count = 1768991863 
 sdk_us_count = 1768992492 
 sdk_us_count = 1768993120 
 sdk_us_count = 1768993748 
 sdk_us_count = 1768994377 
 sdk_us_count = 1768995005 

[2024-02-07 16:14:10.269] 接收<-:sdk_us_count = 1769105566 
 sdk_us_count = 1769106194 
 sdk_us_count = 1769106822 
 sdk_us_count = 1769107451 
 sdk_us_count = 1769108079 
 sdk_us_count = 1769108707 
 sdk_us_count = 1769109336 
 sdk_us_count = 1769109964 
 sdk_us_count = 1769110592 
 sdk_us_count = 1769111221 
 sdk_us_count = 1769112033 
 sdk_us_count = 1769112614 
 sdk_us_count = 1769113242 
 sdk_us_count = 1769113871 
 sdk_us_count = 1769114499 
 sdk_us_count = 1769115127 
 sdk_us_count = 1769115756 
 sdk_us_count = 1769116384 
 sdk_us_count = 1769117012 
 sdk_us_count = 1769117641 
 sdk_us_count = 1769118269 
 sdk_us_count = 1769118897 
 sdk_us_count = 1769120017 
 sdk_us_count = 1769120375 
 sdk_us_count = 1769121003 
 sdk_us_count = 1769121632 
 sdk_us_count = 1769122260 
 sdk_us_count = 1769122888 
 sdk_us_count = 1769123517 
 sdk_us_count = 1769124145 
 sdk_us_count = 1769124773 
 sdk_us_count = 1769125402 
 sdk_us_count = 1769126030 
 sdk_us_count = 1769126658 
 sdk_us_count = 1769127287 
 sdk_us_count = 1769128098 
 sdk_us_count = 1769128680 
 sdk_us_count = 1769129308 
 sdk_us_count = 1769129936 
 sdk_us_count = 1769130565 
 sdk_us_count = 1769131193 
 sdk_us_count = 1769131821 
 sdk_us_count = 1769132450 
 sdk_us_count = 1769133078 
 sdk_us_count = 1769133706 
 sdk_us_count = 1769134335 
 sdk_us_count = 1769134963 
 sdk_us_count = 1769136081 
 sdk_us_count = 1769136439 
 sdk_us_count = 1769137067 
 sdk_us_count = 1769137695 
 sdk_us_count = 1769138324 
 sdk_us_count = 1769138952 
 sdk_us_count = 1769139580 
 sdk_us_count = 1769140209 
 sdk_us_count = 1769140837 
 sdk_us_count = 1769141465 
 sdk_us_count = 1769142094 
 sdk_us_count = 1769142722 
 sdk_us_count = 1769143350 
 sdk_us_count = 1769144161 
 sdk_us_count = 1769144743 
 sdk_us_count = 1769145372 
 sdk_us_count = 1769146000 
 sdk_us_count = 1769146628 
 sdk_us_count = 1769147257 
 sdk_us_count = 1769147885 
 sdk_us_count = 1769148513 
 sdk_us_count = 1769149142 
 sdk_us_count = 1769149770 
 sdk_us_count = 1769150398 
 sdk_us_count = 1769151027 
 sdk_us_count = 1769152145 
 sdk_us_count = 1769152502 
 sdk_us_count = 1769153131 
 sdk_us_count = 1769153759 
 sdk_us_count = 1769154387 
 sdk_us_count = 1769155016 
 sdk_us_count = 1769155644 
 sdk_us_count = 1769156272 
 sdk_us_count = 1769156901 
 sdk_us_count = 1769157529 
 sdk_us_count = 1769158157 
 sdk_us_count = 1769158786 
 sdk_us_count = 1769159414 
 sdk_us_count = 1769160225 
 sdk_us_count = 1769160807 
 sdk_us_count = 1769161435 
 sdk_us_count = 1769162064 
 sdk_us_count = 1769162692 
 sdk_us_count = 1769163320 
 sdk_us_count = 1769163949 
 sdk_us_count = 1769164577 
 sdk_us_count = 1769165205 
 sdk_us_count = 1769165834 
 sdk_us_count = 1769166462 
 sdk_us_count = 1769167090 
 sdk_us_count = 1769168212 
 sdk_us_count = 1769168568 
 sdk_us_count = 1769169196 
 sdk_us_count = 1769169825 
 sdk_us_count = 1769170453 
 sdk_us_count = 1769171081 
 sdk_us_count = 1769171710 
 sdk_us_count = 1769172338 
 sdk_us_count = 1769172966 
 sdk_us_count = 1769173595 
 sdk_us_count = 1769174223 
 sdk_us_count = 1769174851 
 sdk_us_count = 1769175480 
 sdk_us_count = 1769176286 
 sdk_us_count = 1769176866 
 sdk_us_count = 1769177495 
 sdk_us_count = 1769178123 
 sdk_us_count = 1769178751 
 sdk_us_count = 1769179380 
 sdk_us_count = 1769180008 
 sdk_us_count = 1769180636 
 sdk_us_count = 1769181265 
 sdk_us_count = 1769181893 
 sdk_us_count = 1769182521 
 sdk_us_count = 1769183150 
 sdk_us_count = 1769184274 
 sdk_us_count = 1769184630 
 sdk_us_count = 1769185258 
 sdk_us_count = 1769185886 
 sdk_us_count = 1769186515 
 sdk_us_count = 1769187143 
 sdk_us_count = 1769187771 
 sdk_us_count = 1769188400 
 sdk_us_count = 1769189028 
 sdk_us_count = 1769189656 
 sdk_us_count = 1769190285 
 sdk_us_count = 1769190913 
 sdk_us_count = 1769191541 
 sdk_us_count = 1769192353 
 sdk_us_count = 1769192934 
 sdk_us_count = 1769193563 
 sdk_us_count = 1769194191 
 sdk_us_count = 1769194819 
 sdk_us_count = 1769195448 
 sdk_us_
[2024-02-07 16:14:10.470] 接收<-:ount = 1769306011 
 sdk_us_count = 1769306639 
 sdk_us_count = 1769307267 
 sdk_us_count = 1769307896 
 sdk_us_count = 1769308524 
 sdk_us_count = 1769309152 
 sdk_us_count = 1769309781 
 sdk_us_count = 1769310409 
 sdk_us_count = 1769311037 
 sdk_us_count = 1769311666 
 sdk_us_count = 1769312788 
 sdk_us_count = 1769313143 
 sdk_us_count = 1769313772 
 sdk_us_count = 1769314400 
 sdk_us_count = 1769315028 
 sdk_us_count = 1769315657 
 sdk_us_count = 1769316285 
 sdk_us_count = 1769316913 
 sdk_us_count = 1769317542 
 sdk_us_count = 1769318170 
 sdk_us_count = 1769318798 
 sdk_us_count = 1769319427 
 sdk_us_count = 1769320055 
 sdk_us_count = 1769320868 
 sdk_us_count = 1769321446 
 sdk_us_count = 1769322074 
 sdk_us_count = 1769322703 
 sdk_us_count = 1769323331 
 sdk_us_count = 1769323959 
 sdk_us_count = 1769324588 
 sdk_us_count = 1769325216 
 sdk_us_count = 1769325844 
 sdk_us_count = 1769326473 
 sdk_us_count = 1769327101 
 sdk_us_count = 1769327729 
 sdk_us_count = 1769328852 
 sdk_us_count = 1769329207 
 sdk_us_count = 1769329835 
 sdk_us_count = 1769330464 
 sdk_us_count = 1769331092 
 sdk_us_count = 1769331720 
 sdk_us_count = 1769332349 
 sdk_us_count = 1769332977 
 sdk_us_count = 1769333605 
 sdk_us_count = 1769334234 
 sdk_us_count = 1769334862 
 sdk_us_count = 1769335490 
 sdk_us_count = 1769336119 
 sdk_us_count = 1769336935 
 sdk_us_count = 1769337512 
 sdk_us_count = 1769338140 
 sdk_us_count = 1769338768 
 sdk_us_count = 1769339397 
 sdk_us_count = 1769340025 
 sdk_us_count = 1769340653 
 sdk_us_count = 1769341282 
 sdk_us_count = 1769341910 
 sdk_us_count = 1769342538 
 sdk_us_count = 1769343167 
 sdk_us_count = 1769343795 
 sdk_us_count = 1769344913 
 sdk_us_count = 1769345268 
 sdk_us_count = 1769345897 
 sdk_us_count = 1769346525 
 sdk_us_count = 1769347153 
 sdk_us_count = 1769347782 
 sdk_us_count = 1769348410 
 sdk_us_count = 1769349038 
 sdk_us_count = 1769349667 
 sdk_us_count = 1769350295 
 sdk_us_count = 1769350923 
 sdk_us_count = 1769351552 
 sdk_us_count = 1769352180 
 sdk_us_count = 1769352999 
 sdk_us_count = 1769353575 
 sdk_us_count = 1769354204 
 sdk_us_count = 1769354832 
 sdk_us_count = 1769355460 
 sdk_us_count = 1769356089 
 sdk_us_count = 1769356717 
 sdk_us_count = 1769357345 
 sdk_us_count = 1769357974 
 sdk_us_count = 1769358602 
 sdk_us_count = 1769359230 
 sdk_us_count = 1769359859 
 sdk_us_count = 1769360976 
 sdk_us_count = 1769361332 
 sdk_us_count = 1769361960 
 sdk_us_count = 1769362589 
 sdk_us_count = 1769363217 
 sdk_us_count = 1769363845 
 sdk_us_count = 1769364474 
 sdk_us_count = 1769365102 
 sdk_us_count = 1769365730 
 sdk_us_count = 1769366359 
 sdk_us_count = 1769366987 
 sdk_us_count = 1769367615 
 sdk_us_count = 1769368244 
 sdk_us_count = 1769369061 
 sdk_us_count = 1769369639 
 sdk_us_count = 1769370267 
 sdk_us_count = 1769370896 
 sdk_us_count = 1769371524 
 sdk_us_count = 1769372152 
 sdk_us_count = 1769372781 
 sdk_us_count = 1769373409 
 sdk_us_count = 1769374037 
 sdk_us_count = 1769374666 
 sdk_us_count = 1769375294 
 sdk_us_count = 1769375922 
 sdk_us_count = 1769377043 
 sdk_us_count = 1769377398 
 sdk_us_count = 1769378026 
 sdk_us_count = 1769378655 
 sdk_us_count = 1769379283 
 sdk_us_count = 1769379911 
 sdk_us_count = 1769380540 
 sdk_us_count = 1769381168 
 sdk_us_count = 1769381796 
 sdk_us_count = 1769382425 
 sdk_us_count = 1769383053 
 sdk_us_count = 1769383681 
 sdk_us_count = 1769384310 
 sdk_us_count = 1769385125 
 sdk_us_count = 1769385703 
 sdk_us_count = 1769386331 
 sdk_us_count = 1769386959 
 sdk_us_count = 1769387588 
 sdk_us_count = 1769388216 
 sdk_us_count = 1769388844 
 sdk_us_count = 1769389473 
 sdk_us_count = 1769390101 
 sdk_us_count = 1769390729 
 sdk_us_count = 1769391358 
 sdk_us_count = 1769391986 
 sdk_us_count = 1769393105 
 sdk_us_count = 1769393462 
 sdk_us_count = 1769394090 
 sdk_us_count = 1769394718 
 sdk_us_count = 1769395347 
 sdk_us_count = 1769395975 
 sdk_us_count = 
[2024-02-07 16:14:10.672] 接收<-:794 
 sdk_us_count = 1769508423 
 sdk_us_count = 1769509051 
 sdk_us_count = 1769509679 
 sdk_us_count = 1769510308 
 sdk_us_count = 1769510936 
 sdk_us_count = 1769511564 
 sdk_us_count = 1769512193 
 sdk_us_count = 1769512821 
 sdk_us_count = 1769513639 
 sdk_us_count = 1769514216 
 sdk_us_count = 1769514845 
 sdk_us_count = 1769515473 
 sdk_us_count = 1769516101 
 sdk_us_count = 1769516730 
 sdk_us_count = 1769517358 
 sdk_us_count = 1769517986 
 sdk_us_count = 1769518615 
 sdk_us_count = 1769519243 
 sdk_us_count = 1769519871 
 sdk_us_count = 1769520500 
 sdk_us_count = 1769521617 
 sdk_us_count = 1769521973 
 sdk_us_count = 1769522601 
 sdk_us_count = 1769523230 
 sdk_us_count = 1769523858 
 sdk_us_count = 1769524486 
 sdk_us_count = 1769525115 
 sdk_us_count = 1769525743 
 sdk_us_count = 1769526371 
 sdk_us_count = 1769527000 
 sdk_us_count = 1769527628 
 sdk_us_count = 1769528256 
 sdk_us_count = 1769528885 
 sdk_us_count = 1769529702 
 sdk_us_count = 1769530280 
 sdk_us_count = 1769530908 
 sdk_us_count = 1769531537 
 sdk_us_count = 1769532165 
 sdk_us_count = 1769532793 
 sdk_us_count = 1769533422 
 sdk_us_count = 1769534050 
 sdk_us_count = 1769534678 
 sdk_us_count = 1769535307 
 sdk_us_count = 1769535935 
 sdk_us_count = 1769536563 
 sdk_us_count = 1769537682 
 sdk_us_count = 1769538037 
 sdk_us_count = 1769538665 
 sdk_us_count = 1769539293 
 sdk_us_count = 1769539922 
 sdk_us_count = 1769540550 
 sdk_us_count = 1769541178 
 sdk_us_count = 1769541807 
 sdk_us_count = 1769542435 
 sdk_us_count = 1769543063 
 sdk_us_count = 1769543692 
 sdk_us_count = 1769544320 
 sdk_us_count = 1769544948 
 sdk_us_count = 1769545765 
 sdk_us_count = 1769546342 
 sdk_us_count = 1769546970 
 sdk_us_count = 1769547598 
 sdk_us_count = 1769548227 
 sdk_us_count = 1769548855 
 sdk_us_count = 1769549483 
 sdk_us_count = 1769550112 
 sdk_us_count = 1769550740 
 sdk_us_count = 1769551368 
 sdk_us_count = 1769551997 
 sdk_us_count = 1769552625 
 sdk_us_count = 1769553745 
 sdk_us_count = 1769554100 
 sdk_us_count = 1769554729 
 sdk_us_count = 1769555357 
 sdk_us_count = 1769555985 
 sdk_us_count = 1769556614 
 sdk_us_count = 1769557242 
 sdk_us_count = 1769557870 
 sdk_us_count = 1769558499 
 sdk_us_count = 1769559127 
 sdk_us_count = 1769559755 
 sdk_us_count = 1769560384 
 sdk_us_count = 1769561012 
 sdk_us_count = 1769561830 
 sdk_us_count = 1769562407 
 sdk_us_count = 1769563036 
 sdk_us_count = 1769563664 
 sdk_us_count = 1769564292 
 sdk_us_count = 1769564921 
 sdk_us_count = 1769565549 
 sdk_us_count = 1769566177 
 sdk_us_count = 1769566806 
 sdk_us_count = 1769567434 
 sdk_us_count = 1769568062 
 sdk_us_count = 1769568691 
 sdk_us_count = 1769569812 
 sdk_us_count = 1769570168 
 sdk_us_count = 1769570797 
 sdk_us_count = 1769571425 
 sdk_us_count = 1769572053 
 sdk_us_count = 1769572682 
 sdk_us_count = 1769573310 
 sdk_us_count = 1769573938 
 sdk_us_count = 1769574567 
 sdk_us_count = 1769575195 
 sdk_us_count = 1769575823 
 sdk_us_count = 1769576452 
 sdk_us_count = 1769577080 
 sdk_us_count = 1769577892 
 sdk_us_count = 1769578469 
 sdk_us_count = 1769579097 
 sdk_us_count = 1769579726 
 sdk_us_count = 1769580354 
 sdk_us_count = 1769580982 
 sdk_us_count = 1769581611 
 sdk_us_count = 1769582239 
 sdk_us_count = 1769582867 
 sdk_us_count = 1769583496 
 sdk_us_count = 1769584124 
 sdk_us_count = 1769584752 
 sdk_us_count = 1769585875 
 sdk_us_count = 1769586232 
 sdk_us_count = 1769586860 
 sdk_us_count = 1769587489 
 sdk_us_count = 1769588117 
 sdk_us_count = 1769588745 
 sdk_us_count = 1769589374 
 sdk_us_count = 1769590002 
 sdk_us_count = 1769590630 
 sdk_us_count = 1769591259 
 sdk_us_count = 1769591887 
 sdk_us_count = 1769592515 
 sdk_us_count = 1769593144 
 sdk_us_count = 1769593955 
 sdk_us_count = 1769594533 
 sdk_us_count = 1769595161 
 sdk_us_count = 1769595789 
 sdk_us_count = 1769596418 
 sdk_us_count = 1769597046 
 sdk_us_count = 1769597674 
 sdk_us_count = 1769598303 
 
[2024-02-07 16:14:10.873] 接收<-:3 
 sdk_us_count = 1769707611 
 sdk_us_count = 1769708239 
 sdk_us_count = 1769708868 
 sdk_us_count = 1769709496 
 sdk_us_count = 1769710124 
 sdk_us_count = 1769710753 
 sdk_us_count = 1769711381 
 sdk_us_count = 1769712009 
 sdk_us_count = 1769712638 
 sdk_us_count = 1769713266 
 sdk_us_count = 1769714387 
 sdk_us_count = 1769714744 
 sdk_us_count = 1769715372 
 sdk_us_count = 1769716000 
 sdk_us_count = 1769716629 
 sdk_us_count = 1769717257 
 sdk_us_count = 1769717885 
 sdk_us_count = 1769718514 
 sdk_us_count = 1769719142 
 sdk_us_count = 1769719770 
 sdk_us_count = 1769720399 
 sdk_us_count = 1769721027 
 sdk_us_count = 1769721655 
 sdk_us_count = 1769722469 
 sdk_us_count = 1769723046 
 sdk_us_count = 1769723675 
 sdk_us_count = 1769724303 
 sdk_us_count = 1769724931 
 sdk_us_count = 1769725560 
 sdk_us_count = 1769726188 
 sdk_us_count = 1769726816 
 sdk_us_count = 1769727445 
 sdk_us_count = 1769728073 
 sdk_us_count = 1769728701 
 sdk_us_count = 1769729330 
 sdk_us_count = 1769730452 
 sdk_us_count = 1769730807 
 sdk_us_count = 1769731436 
 sdk_us_count = 1769732064 
 sdk_us_count = 1769732692 
 sdk_us_count = 1769733321 
 sdk_us_count = 1769733949 
 sdk_us_count = 1769734577 
 sdk_us_count = 1769735206 
 sdk_us_count = 1769735834 
 sdk_us_count = 1769736462 
 sdk_us_count = 1769737091 
 sdk_us_count = 1769737719 
 sdk_us_count = 1769738534 
 sdk_us_count = 1769739112 
 sdk_us_count = 1769739740 
 sdk_us_count = 1769740369 
 sdk_us_count = 1769740997 
 sdk_us_count = 1769741625 
 sdk_us_count = 1769742254 
 sdk_us_count = 1769742882 
 sdk_us_count = 1769743510 
 sdk_us_count = 1769744139 
 sdk_us_sync result 1 search num 906 1744608

sync succ pre 0x9 rssi -95 cur -10.50 last -9.50 frac 3365

status change 0 to 1

count = 1769744767 
 sdk_us_count = 1769748506 
 sdk_us_count = 1769749029 
 sdk_us_count = 1769749657 
 sdk_us_count = 1769750286 
 sdk_us_count = 1769750914 
 sdk_us_count = 1769751542 
 sdk_us_count = 1769752171 
 sdk_us_count = 1769752799 
 sdk_us_count = 1769753427 
 sdk_us_count = 1769754056 
 sdk_us_count = 1769754684 
 sdk_us_count = 1769755312 
 sdk_us_count = 1769755941 
 sdk_us_count = 1769756569 
 sdk_us_count = 1769757197 
 sdk_us_cwcmd2c w 6 r 4 type 6 cc 0x0 idx 0 subf 2 0

ount = 1769757826 
 sdk_us_count = 1769760662 
 sdk_us_count = 1769761229 
 sdk_us_count = 1769761858 
 sdk_us_count = 1769762486 
 sdk_us_count = 1769763114 
 sdk_us_count = 1769763743 
 sdk_us_count = 1769764371 
 sdk_us_count = 1769764999 
 sdk_us_count = 1769765628 
 sdk_us_count = 1769766225 
 sdk_us_count = 1769766225 
 sdk_us_count = 1769766225 
 sdk_us_count = 1769766225 
 sdk_us_count = 1769766225 
 sdk_us_count = 1769766225 
 sdk_us_count =cmdtype 1 isSuc 0 cc 0x3 subf 3 0 idx 0 gus 255

status change 1 to 0

wcmd2c w 7 r 4 type 2 cc 0x0 idx 0 subf 3 0

 1769766225 
 sdk_us_count = 1769773891 
 sdk_us_count = 1769774277 
 sdk_us_count = 1769774905 
 sdk_us_count = 1769775533 
 sdk_us_count = 1769776162 
 sdk_us_count = 1769776579 
 sdk_us_count = 176977657wcmd2c w 0 r 7 type 1 cc 0x0 idx 0 subf 0 0

wcmd2c w 1 r 7 type 6 cc 0x0 idx 0 subf 0 0

wcmd2c w 2 r 7 type 6 cc 0x0 idx 0 subf 0 0

9 
 sdk_us_count = 1769781876 
 sdk_us_count = 1769782353 
 sdk_us_count = 1769782982 
 sdk_us_count = 1769783609 
 sdk_us_count = 1769784239 
 sdk_us_count = 1769784865 
 sdk_us_count = 1769785811 
 sdk_us_count = 1769786380 
 sdk_us_count = 1769787008 
 sdk_us_count = 1769787637 
 sdk_us_count = 1769788265 
 sdk_us_count = 1769788893 
 sdk_us_count = 1769789522 
 sdk_us_count = 1769790150 
 sdk_us_count = 1769790778 
 sdk_us_count = 1769791407 
 sdk_us_count = 1769792538 
 sdk_us_count = 1769792858 
 sdk_us_count = 1769793487 
 sdk_us_count = 1769794115 
 sdk_us_count = 1769794743 
 sdk_us_count = 1769795372 
 sdk_us_count = 1769796000 
 sdk_us_count = 1769796628 
 sdk_us_count = 1769797257 
 sdk_us_count = 1769797885 
 sdk_us_count = 1769798513 
 sdk_us_count = 1769799142 
 sdk_us_coun
[2024-02-07 16:14:11.075] 接收<-:1252 
 sdk_us_count = 1769911880 
 sdk_us_count = 1769912995 
 sdk_us_count = 1769913351 
 sdk_us_count = 1769913979 
 sdk_us_count = 1769914608 
 sdk_us_count = 1769915236 
 sdk_us_count = 1769915864 
 sdk_us_count = 1769916493 
 sdk_us_count = 1769917121 
 sdk_us_count = 1769917749 
 sdk_us_count = 1769918378 
 sdk_us_count = 1769919006 
 sdk_us_count = 1769919634 
 sdk_us_count = 1769920263 
 sdk_us_count = 1769921062 
 sdk_us_count = 1769921639 
 sdk_us_count = 1769922267 
 sdk_us_count = 1769922895 
 sdk_us_count = 1769923524 
 sdk_us_count = 1769924152 
 sdk_us_count = 1769924780 
 sdk_us_count = 1769925409 
 sdk_us_count = 1769926037 
 sdk_us_count = 1769926665 
 sdk_us_count = 1769927294 
 sdk_us_count = 1769927922 
 sdk_us_count = 1769928550 
 sdk_us_count = 1769929284 
 sdk_us_count = 1769929887 
 sdk_us_count = 1769930515 
 sdk_us_count = 1769931144 
 sdk_us_count = 1769931772 
 sdk_us_count = 1769932400 
 sdk_us_count = 1769933029 
 sdk_us_count = 1769933657 
 sdk_us_count = 1769934285 
 sdk_us_count = 1769934914 
 sdk_us_count = 1769935542 
 sdk_us_count = 1769936170 
 sdk_us_count = 1769937102 
 sdk_us_count = 1769937529 
 sdk_us_count = 1769938157 
 sdk_us_count = 1769938786 
 sdk_us_count = 1769939414 
 sdk_us_count = 1769940042 
 sdk_us_count = 1769940671 
 sdk_us_count = 1769941299 
 sdk_us_count = 1769941927 
 sdk_us_count = 1769942556 
 sdk_us_count = 1769943184 
 sdk_us_count = 1769943812 
 sdk_us_count = 1769944441 
 sdk_us_count = 1769945172 
 sdk_us_count = 1769945775 
 sdk_us_count = 1769946404 
 sdk_us_count = 1769947032 
 sdk_us_count = 1769947660 
 sdk_us_count = 1769948289 
 sdk_us_count = 1769948917 
 sdk_us_count = 1769949545 
 sdk_us_count = 1769950174 
 sdk_us_count = 1769950802 
 sdk_us_count = 1769951430 
 sdk_us_count = 1769952059 
 sdk_us_count = 1769953140 
 sdk_us_count = 1769953495 
 sdk_us_count = 1769954123 
 sdk_us_count = 1769954752 
 sdk_us_count = 1769955380 
 sdk_us_count = 1769956008 
 sdk_us_count = 1769956637 
 sdk_us_count = 1769957265 
 sdk_us_count = 1769957893 
 sdk_us_count = 1769958522 
 sdk_us_count = 1769959150 
 sdk_us_count = 1769959778 
 sdk_us_count = 1769960407 
 sdk_us_count = 1769961178 
 sdk_us_count = 1769961735 
 sdk_us_count = 1769962363 
 sdk_us_count = 1769962992 
 sdk_us_count = 1769963620 
 sdk_us_count = 1769964248 
 sdk_us_count = 1769964877 
 sdk_us_count = 1769965505 
 sdk_us_count = 1769966133 
 sdk_us_count = 1769966762 
 sdk_us_count = 1769967394 
 sdk_us_count = 1769968018 
 sdk_us_count = 1769968647 
 sdk_us_count = 1769969378 
 sdk_us_count = 1769969981 
 sdk_us_count = 1769970610 
 sdk_us_count = 1769971238 
 sdk_us_count = 1769971866 
 sdk_us_count = 1769972495 
 sdk_us_count = 1769973123 
 sdk_us_count = 1769973751 
 sdk_us_count = 1769974380 
 sdk_us_count = 1769975008 
 sdk_us_count = 1769975636 
 sdk_us_count = 1769976265 
 sdk_us_count = 1769977263 
 sdk_us_count = 1769977625 
 sdk_us_count = 1769978254 
 sdk_us_count = 1769978882 
 sdk_us_count = 1769979510 
 sdk_us_count = 1769980139 
 sdk_us_count = 1769980767 
 sdk_us_count = 1769981395 
 sdk_us_count = 1769982024 
 sdk_us_count = 1769982652 
 sdk_us_count = 1769983280 
 sdk_us_count = 1769983909 
 sdk_us_count = 1769984537 
 sdk_us_count = 1769985273 
 sdk_us_count = 1769985872 
 sdk_us_count = 1769986500 
 sdk_us_count = 1769987128 
 sdk_us_count = 1769987757 
 sdk_us_count = 1769988385 
 sdk_us_count = 1769989013 
 sdk_us_count = 1769989642 
 sdk_us_count = 1769990270 
 sdk_us_count = 1769990898 
 sdk_us_count = 1769991527 
 sdk_us_count = 1769992155 
 sdk_us_count = 1769992783 
 sdk_us_count = 1769993517 
 sdk_us_count = 1769994120 
 sdk_us_count = 1769994748 
 sdk_us_count = 1769995377 
 sdk_us_count = 1769996005 
 sdk_us_count = 1769996633 
 sdk_us_count = 1769997262 
 sdk_us_count = 1769997890 
 sdk_us_count = 1769998518 
 sdk_us_count = 1769999147 
 sdk_us_count = 1769999775 
 sdk_us_count = 1770000403 
 sdk_us_count = 1770001359 

[2024-02-07 16:14:11.276] 接收<-: = 1770113007 
 sdk_us_count = 1770113784 
 sdk_us_count = 1770114340 
 sdk_us_count = 1770114968 
 sdk_us_count = 1770115596 
 sdk_us_count = 1770116225 
 sdk_us_count = 1770116853 
 sdk_us_count = 1770117481 
 sdk_us_count = 1770118110 
 sdk_us_count = 1770118738 
 sdk_us_count = 1770119366 
 sdk_us_count = 1770119995 
 sdk_us_count = 1770120623 
 sdk_us_count = 1770121251 
 sdk_us_count = 1770122009 
 sdk_us_count = 1770122612 
 sdk_us_count = 1770123244 
 sdk_us_count = 1770123869 
 sdk_us_count = 1770124497 
 sdk_us_count = 1770125125 
 sdk_us_count = 1770125754 
 sdk_us_count = 1770126382 
 sdk_us_count = 1770127010 
 sdk_us_count = 1770127639 
 sdk_us_count = 1770128267 
 sdk_us_count = 1770128895 
 sdk_us_count = 1770129845 
 sdk_us_count = 1770130230 
 sdk_us_count = 1770130858 
 sdk_us_count = 1770131487 
 sdk_us_count = 1770132115 
 sdk_us_count = 1770132743 
 sdk_us_count = 1770133372 
 sdk_us_count = 1770134000 
 sdk_us_count = 1770134628 
 sdk_us_count = 1770135257 
 sdk_us_count = 1770135885 
 sdk_us_count = 1770136513 
 sdk_us_count = 1770137142 
 sdk_us_count = 1770137883 
 sdk_us_count = 1770138481 
 sdk_us_count = 1770139109 
 sdk_us_count = 1770139737 
 sdk_us_count = 1770140366 
 sdk_us_count = 1770140994 
 sdk_us_count = 1770141622 
 sdk_us_count = 1770142251 
 sdk_us_count = 1770142879 
 sdk_us_count = 1770143507 
 sdk_us_count = 1770144136 
 sdk_us_count = 1770144764 
 sdk_us_count = 1770145392 
 sdk_us_count = 1770146124 
 sdk_us_count = 1770146727 
 sdk_us_count = 1770147359 
 sdk_us_count = 1770147984 
 sdk_us_count = 1770148612 
 sdk_us_count = 1770149240 
 sdk_us_count = 1770149869 
 sdk_us_count = 1770150497 
 sdk_us_count = 1770151125 
 sdk_us_count = 1770151754 
 sdk_us_count = 1770152382 
 sdk_us_count = 1770153010 
 sdk_us_count = 1770153946 
 sdk_us_count = 1770154352 
 sdk_us_count = 1770154980 
 sdk_us_count = 1770155608 
 sdk_us_count = 1770156237 
 sdk_us_count = 1770156865 
 sdk_us_count = 1770157493 
 sdk_us_count = 1770158122 
 sdk_us_count = 1770158750 
 sdk_us_count = 1770159378 
 sdk_us_count = 1770160007 
 sdk_us_count = 1770160635 
 sdk_us_count = 1770161263 
 sdk_us_count = 1770161995 
 sdk_us_count = 1770162598 
 sdk_us_count = 1770163226 
 sdk_us_count = 1770163855 
 sdk_us_count = 1770164483 
 sdk_us_count = 1770165111 
 sdk_us_count = 1770165740 
 sdk_us_count = 1770166368 
 sdk_us_count = 1770166996 
 sdk_us_count = 1770167625 
 sdk_us_count = 1770168253 
 sdk_us_count = 1770168881 
 sdk_us_count = 1770169510 
 sdk_us_count = 1770170241 
 sdk_us_count = 1770170844 
 sdk_us_count = 1770171476 
 sdk_us_count = 1770172101 
 sdk_us_count = 1770172729 
 sdk_us_count = 1770173358 
 sdk_us_count = 1770173986 
 sdk_us_count = 1770174614 
 sdk_us_count = 1770175243 
 sdk_us_count = 1770175871 
 sdk_us_count = 1770176502 
 sdk_us_count = 1770177128 
 sdk_us_count = 1770178041 
 sdk_us_count = 1770178469 
 sdk_us_count = 1770179097 
 sdk_us_count = 1770179725 
 sdk_us_count = 1770180354 
 sdk_us_count = 1770180982 
 sdk_us_count = 1770181610 
 sdk_us_count = 1770182239 
 sdk_us_count = 1770182867 
 sdk_us_count = 1770183495 
 sdk_us_count = 1770184124 
 sdk_us_count = 1770184752 
 sdk_us_count = 1770185380 
 sdk_us_count = 1770186112 
 sdk_us_count = 1770186715 
 sdk_us_count = 1770187343 
 sdk_us_count = 1770187972 
 sdk_us_count = 1770188600 
 sdk_us_count = 1770189228 
 sdk_us_count = 1770189857 
 sdk_us_count = 1770190485 
 sdk_us_count = 1770191113 
 sdk_us_count = 1770191742 
 sdk_us_count = 1770192370 
 sdk_us_count = 1770192998 
 sdk_us_count = 1770194093 
 sdk_us_count = 1770194457 
 sdk_us_count = 1770195078 
 sdk_us_count = 1770195707 
 sdk_us_count = 1770196335 
 sdk_us_count = 1770196963 
 sdk_us_count = 1770197592 
 sdk_us_count = 1770198220 
 sdk_us_count = 1770198848 
 sdk_us_count = 1770199477 
 sdk_us_count = 1770200105 
 sdk_us_count = 1770200733 
 sdk_us_count = 1770201362 
 sdk_us_count = 1770202136 
 sdk_us_count = 1770
[2024-02-07 16:14:11.478] 接收<-:sdk_us_count = 1770314628 
 sdk_us_count = 1770314984 
 sdk_us_count = 1770315612 
 sdk_us_count = 1770316241 
 sdk_us_count = 1770316869 
 sdk_us_count = 1770317497 
 sdk_us_count = 1770318126 
 sdk_us_count = 1770318754 
 sdk_us_count = 1770319382 
 sdk_us_count = 1770320011 
 sdk_us_count = 1770320639 
 sdk_us_count = 1770321267 
 sdk_us_count = 1770321896 
 sdk_us_count = 1770322681 
 sdk_us_count = 1770323284 
 sdk_us_count = 1770323913 
 sdk_us_count = 1770324541 
 sdk_us_count = 1770325169 
 sdk_us_count = 1770325798 
 sdk_us_count = 1770326426 
 sdk_us_count = 1770327054 
 sdk_us_count = 1770327683 
 sdk_us_count = 1770328311 
 sdk_us_count = 1770328939 
 sdk_us_count = 1770329568 
 sdk_us_count = 1770330707 
 sdk_us_count = 1770331063 
 sdk_us_count = 1770331691 
 sdk_us_count = 1770332319 
 sdk_us_count = 1770332948 
 sdk_us_count = 1770333576 
 sdk_us_count = 1770334204 
 sdk_us_count = 1770334833 
 sdk_us_count = 1770335461 
 sdk_us_count = 1770336089 
 sdk_us_count = 1770336718 
 sdk_us_count = 1770337346 
 sdk_us_count = 1770337974 
 sdk_us_count = 1770338735 
 sdk_us_count = 1770339324 
 sdk_us_count = 1770339953 
 sdk_us_count = 1770340581 
 sdk_us_count = 1770341209 
 sdk_us_count = 1770341838 
 sdk_us_count = 1770342466 
 sdk_us_count = 1770343094 
 sdk_us_count = 1770343723 
 sdk_us_count = 1770344351 
 sdk_us_count = 1770344979 
 sdk_us_count = 1770345608 
 sdk_us_count = 1770346773 
 sdk_us_count = 1770347146 
 sdk_us_count = 1770347778 
 sdk_us_count = 1770348403 
 sdk_us_count = 1770349031 
 sdk_us_count = 1770349659 
 sdk_us_count = 1770350288 
 sdk_us_count = 1770350916 
 sdk_us_count = 1770351544 
 sdk_us_count = 1770352173 
 sdk_us_count = 1770352802 
 sdk_us_count = 1770353429 
 sdk_us_count = 1770354058 
 sdk_us_count = 1770354785 
 sdk_us_count = 1770355388 
 sdk_us_count = 1770356016 
 sdk_us_count = 1770356645 
 sdk_us_count = 1770357273 
 sdk_us_count = 1770357901 
 sdk_us_count = 1770358530 
 sdk_us_count = 1770359158 
 sdk_us_count = 1770359786 
 sdk_us_count = 1770360415 
 sdk_us_count = 1770361043 
 sdk_us_count = 1770361671 
 sdk_us_count = 1770362787 
 sdk_us_count = 1770363184 
 sdk_us_count = 1770363812 
 sdk_us_count = 1770364440 
 sdk_us_count = 1770365069 
 sdk_us_count = 1770365697 
 sdk_us_count = 1770366325 
 sdk_us_count = 1770366954 
 sdk_us_count = 1770367582 
 sdk_us_count = 1770368210 
 sdk_us_count = 1770368839 
 sdk_us_count = 1770369467 
 sdk_us_count = 1770370095 
 sdk_us_count = 1770370827 
 sdk_us_count = 1770371430 
 sdk_us_count = 1770372058 
 sdk_us_count = 1770372687 
 sdk_us_count = 1770373315 
 sdk_us_count = 1770373943 
 sdk_us_count = 1770374572 
 sdk_us_count = 1770375200 
 sdk_us_count = 1770375828 
 sdk_us_count = 1770376457 
 sdk_us_count = 1770377085 
 sdk_us_count = 1770377713 
 sdk_us_count = 1770378342 
 sdk_us_count = 1770379073 
 sdk_us_count = 1770379676 
 sdk_us_count = 1770380305 
 sdk_us_count = 1770380933 
 sdk_us_count = 1770381561 
 sdk_us_count = 1770382190 
 sdk_us_count = 1770382818 
 sdk_us_count = 1770383446 
 sdk_us_count = 1770384075 
 sdk_us_count = 1770384703 
 sdk_us_count = 1770385331 
 sdk_us_count = 1770385960 
 sdk_us_count = 1770386897 
 sdk_us_count = 1770387325 
 sdk_us_count = 1770387953 
 sdk_us_count = 1770388581 
 sdk_us_count = 1770389210 
 sdk_us_count = 1770389838 
 sdk_us_count = 1770390466 
 sdk_us_count = 1770391095 
 sdk_us_count = 1770391723 
 sdk_us_count = 1770392351 
 sdk_us_count = 1770392980 
 sdk_us_count = 1770393608 
 sdk_us_count = 1770394236 
 sdk_us_count = 1770394966 
 sdk_us_count = 1770395569 
 sdk_us_count = 1770396197 
 sdk_us_count = 1770396825 
 sdk_us_count = 1770397454 
 sdk_us_count = 1770398083 
 sdk_us_count = 1770398710 
 sdk_us_count = 1770399339 
 sdk_us_count = 1770399967 
 sdk_us_count = 1770400595 
 sdk_us_count = 1770401224 
 sdk_us_count = 1770401852 
 sdk_us_count = 1770402932 
 sdk_us_count = 1770403289 
 sdk_us_count = 1770403917 
 sdk_us_
[2024-02-07 16:14:11.679] 接收<-:15834 
 sdk_us_count = 1770516462 
 sdk_us_count = 1770517091 
 sdk_us_count = 1770517719 
 sdk_us_count = 1770518347 
 sdk_us_count = 1770518976 
 sdk_us_count = 1770519604 
 sdk_us_count = 1770520232 
 sdk_us_count = 1770520861 
 sdk_us_count = 1770521489 
 sdk_us_count = 1770522117 
 sdk_us_count = 1770522746 
 sdk_us_count = 1770523477 
 sdk_us_count = 1770524080 
 sdk_us_count = 1770524709 
 sdk_us_count = 1770525337 
 sdk_us_count = 1770525965 
 sdk_us_count = 1770526594 
 sdk_us_count = 1770527222 
 sdk_us_count = 1770527850 
 sdk_us_count = 1770528479 
 sdk_us_count = 1770529107 
 sdk_us_count = 1770529735 
 sdk_us_count = 1770530364 
 sdk_us_count = 1770531448 
 sdk_us_count = 1770531804 
 sdk_us_count = 1770532433 
 sdk_us_count = 1770533061 
 sdk_us_count = 1770533689 
 sdk_us_count = 1770534318 
 sdk_us_count = 1770534946 
 sdk_us_count = 1770535574 
 sdk_us_count = 1770536203 
 sdk_us_count = 1770536831 
 sdk_us_count = 1770537459 
 sdk_us_count = 1770538088 
 sdk_us_count = 1770538716 
 sdk_us_count = 1770539481 
 sdk_us_count = 1770540057 
 sdk_us_count = 1770540686 
 sdk_us_count = 1770541314 
 sdk_us_count = 1770541942 
 sdk_us_count = 1770542571 
 sdk_us_count = 1770543199 
 sdk_us_count = 1770543831 
 sdk_us_count = 1770544456 
 sdk_us_count = 1770545084 
 sdk_us_count = 1770545712 
 sdk_us_count = 1770546341 
 sdk_us_count = 1770546969 
 sdk_us_count = 1770547705 
 sdk_us_count = 1770548308 
 sdk_us_count = 1770548936 
 sdk_us_count = 1770549565 
 sdk_us_count = 1770550193 
 sdk_us_count = 1770550821 
 sdk_us_count = 1770551450 
 sdk_us_count = 1770552078 
 sdk_us_count = 1770552706 
 sdk_us_count = 1770553335 
 sdk_us_count = 1770553963 
 sdk_us_count = 1770554591 
 sdk_us_count = 1770555545 
 sdk_us_count = 1770555930 
 sdk_us_count = 1770556559 
 sdk_us_count = 1770557187 
 sdk_us_count = 1770557815 
 sdk_us_count = 1770558444 
 sdk_us_count = 1770559072 
 sdk_us_count = 1770559700 
 sdk_us_count = 1770560329 
 sdk_us_count = 1770560957 
 sdk_us_count = 1770561585 
 sdk_us_count = 1770562214 
 sdk_us_count = 1770562842 
 sdk_us_count = 1770563577 
 sdk_us_count = 1770564177 
 sdk_us_count = 1770564805 
 sdk_us_count = 1770565433 
 sdk_us_count = 1770566062 
 sdk_us_count = 1770566690 
 sdk_us_count = 1770567318 
 sdk_us_count = 1770567950 
 sdk_us_count = 1770568575 
 sdk_us_count = 1770569203 
 sdk_us_count = 1770569832 
 sdk_us_count = 1770570460 
 sdk_us_count = 1770571088 
 sdk_us_count = 1770571824 
 sdk_us_count = 1770572427 
 sdk_us_count = 1770573056 
 sdk_us_count = 1770573684 
 sdk_us_count = 1770574312 
 sdk_us_count = 1770574941 
 sdk_us_count = 1770575569 
 sdk_us_count = 1770576197 
 sdk_us_count = 1770576826 
 sdk_us_count = 1770577454 
 sdk_us_count = 1770578082 
 sdk_us_count = 1770578711 
 sdk_us_count = 1770579638 
 sdk_us_count = 1770580043 
 sdk_us_count = 1770580671 
 sdk_us_count = 1770581300 
 sdk_us_count = 1770581928 
 sdk_us_count = 1770582556 
 sdk_us_count = 1770583185 
 sdk_us_count = 1770583813 
 sdk_us_count = 1770584441 
 sdk_us_count = 1770585070 
 sdk_us_count = 1770585698 
 sdk_us_count = 1770586326 
 sdk_us_count = 1770586955 
 sdk_us_count = 1770587693 
 sdk_us_count = 1770588296 
 sdk_us_count = 1770588924 
 sdk_us_count = 1770589553 
 sdk_us_count = 1770590181 
 sdk_us_count = 1770590809 
 sdk_us_count = 1770591438 
 sdk_us_count = 1770592070 
 sdk_us_count = 1770592694 
 sdk_us_count = 1770593323 
 sdk_us_count = 1770593951 
 sdk_us_count = 1770594579 
 sdk_us_count = 1770595208 
 sdk_us_count = 1770595941 
 sdk_us_count = 1770596544 
 sdk_us_count = 1770597173 
 sdk_us_count = 1770597801 
 sdk_us_count = 1770598429 
 sdk_us_count = 1770599058 
 sdk_us_count = 1770599686 
 sdk_us_count = 1770600314 
 sdk_us_count = 1770600943 
 sdk_us_count = 1770601571 
 sdk_us_count = 1770602199 
 sdk_us_count = 1770602828 
 sdk_us_count = 1770603736 
 sdk_us_count = 1770604162 
 sdk_us_count = 1770604791 
 sdk_us_count = 1770605419 
[2024-02-07 16:14:11.880] 接收<-:ount = 1770716805 
 sdk_us_count = 1770717434 
 sdk_us_count = 1770718062 
 sdk_us_count = 1770718690 
 sdk_us_count = 1770719319 
 sdk_us_count = 1770719947 
 sdk_us_count = 1770720575 
 sdk_us_count = 1770721204 
 sdk_us_count = 1770721832 
 sdk_us_count = 1770722460 
 sdk_us_count = 1770723089 
 sdk_us_count = 1770723721 
 sdk_us_count = 1770724453 
 sdk_us_count = 1770725056 
 sdk_us_count = 1770725684 
 sdk_us_count = 1770726313 
 sdk_us_count = 1770726941 
 sdk_us_count = 1770727569 
 sdk_us_count = 1770728198 
 sdk_us_count = 1770728826 
 sdk_us_count = 1770729454 
 sdk_us_count = 1770730083 
 sdk_us_count = 1770730711 
 sdk_us_count = 1770731339 
 sdk_us_count = 1770732248 
 sdk_us_count = 1770732674 
 sdk_us_count = 1770733302 
 sdk_us_count = 1770733931 
 sdk_us_count = 1770734559 
 sdk_us_count = 1770735187 
 sdk_us_count = 1770735816 
 sdk_us_count = 1770736444 
 sdk_us_count = 1770737072 
 sdk_us_count = 1770737701 
 sdk_us_count = 1770738329 
 sdk_us_count = 1770738957 
 sdk_us_count = 1770739586 
 sdk_us_count = 1770740321 
 sdk_us_count = 1770740925 
 sdk_us_count = 1770741553 
 sdk_us_count = 1770742181 
 sdk_us_count = 1770742810 
 sdk_us_count = 1770743438 
 sdk_us_count = 1770744066 
 sdk_us_count = 1770744695 
 sdk_us_count = 1770745323 
 sdk_us_count = 1770745951 
 sdk_us_count = 1770746580 
 sdk_us_count = 1770747208 
 sdk_us_count = 1770748300 
 sdk_us_count = 1770748675 
 sdk_us_count = 1770749303 
 sdk_us_count = 1770749935 
 sdk_us_count = 1770750560 
 sdk_us_count = 1770751188 
 sdk_us_count = 1770751816 
 sdk_us_count = 1770752445 
 sdk_us_count = 1770753073 
 sdk_us_count = 1770753701 
 sdk_us_count = 1770754330 
 sdk_us_count = 1770754958 
 sdk_us_count = 1770755586 
 sdk_us_count = 1770756395 
 sdk_us_count = 1770756971 
 sdk_us_count = 1770757599 
 sdk_us_count = 1770758228 
 sdk_us_count = 1770758856 
 sdk_us_count = 1770759484 
 sdk_us_count = 1770760113 
 sdk_us_count = 1770760741 
 sdk_us_count = 1770761369 
 sdk_us_count = 1770761998 
 sdk_us_count = 1770762626 
 sdk_us_count = 1770763254 
 sdk_us_count = 1770763883 
 sdk_us_count = 1770764777 
 sdk_us_count = 1770765380 
 sdk_us_count = 1770766008 
 sdk_us_count = 1770766636 
 sdk_us_count = 1770767265 
 sdk_us_count = 1770767893 
 sdk_us_count = 1770768521 
 sdk_us_count = 1770769150 
 sdk_us_count = 1770769778 
 sdk_us_count = 1770770406 
 sdk_us_count = 1770771035 
 sdk_us_count = 1770771663 
 sdk_us_count = 1770772472 
 sdk_us_count = 1770773069 
 sdk_us_count = 1770773698 
 sdk_us_count = 1770774326 
 sdk_us_count = 1770774954 
 sdk_us_count = 1770775583 
 sdk_us_count = 1770776215 
 sdk_us_count = 1770776839 
 sdk_us_count = 1770777468 
 sdk_us_count = 1770778096 
 sdk_us_count = 1770778724 
 sdk_us_count = 1770779353 
 sdk_us_count = 1770780460 
 sdk_us_count = 1770780832 
 sdk_us_count = 1770781461 
 sdk_us_count = 1770782089 
 sdk_us_count = 1770782717 
 sdk_us_count = 1770783346 
 sdk_us_count = 1770783974 
 sdk_us_count = 1770784602 
 sdk_us_count = 1770785231 
 sdk_us_count = 1770785859 
 sdk_us_count = 1770786487 
 sdk_us_count = 1770787116 
 sdk_us_count = 1770787744 
 sdk_us_count = 1770788535 
 sdk_us_count = 1770789133 
 sdk_us_count = 1770789761 
 sdk_us_count = 1770790390 
 sdk_us_count = 1770791018 
 sdk_us_count = 1770791646 
 sdk_us_count = 1770792275 
 sdk_us_count = 1770792903 
 sdk_us_count = 1770793531 
 sdk_us_count = 1770794160 
 sdk_us_count = 1770794788 
 sdk_us_count = 1770795416 
 sdk_us_count = 1770796552 
 sdk_us_count = 1770796924 
 sdk_us_count = 1770797553 
 sdk_us_count = 1770798181 
 sdk_us_count = 1770798809 
 sdk_us_count = 1770799438 
 sdk_us_count = 1770800066 
 sdk_us_count = 1770800694 
 sdk_us_count = 1770801323 
 sdk_us_count = 1770801951 
 sdk_us_count = 1770802579 
 sdk_us_count = 1770803208 
 sdk_us_count = 1770803836 
 sdk_us_count = 1770804625 
 sdk_us_count = 1770805227 
 sdk_us_count = 1770805855 
 sdk_us_count = 1770806489 
 sdk_us_count = 
[2024-02-07 16:14:12.083] 接收<-:18733 
 sdk_us_count = 1770919337 
 sdk_us_count = 1770919965 
 sdk_us_count = 1770920593 
 sdk_us_count = 1770921222 
 sdk_us_count = 1770921850 
 sdk_us_count = 1770922478 
 sdk_us_count = 1770923107 
 sdk_us_count = 1770923735 
 sdk_us_count = 1770924363 
 sdk_us_count = 1770924992 
 sdk_us_count = 1770925620 
 sdk_us_count = 1770926756 
 sdk_us_count = 1770927111 
 sdk_us_count = 1770927739 
 sdk_us_count = 1770928367 
 sdk_us_count = 1770928996 
 sdk_us_count = 1770929624 
 sdk_us_count = 1770930252 
 sdk_us_count = 1770930881 
 sdk_us_count = 1770931509 
 sdk_us_count = 1770932137 
 sdk_us_count = 1770932766 
 sdk_us_count = 1770933394 
 sdk_us_count = 1770934022 
 sdk_us_count = 1770934785 
 sdk_us_count = 1770935374 
 sdk_us_count = 1770936003 
 sdk_us_count = 1770936631 
 sdk_us_count = 1770937259 
 sdk_us_count = 1770937888 
 sdk_us_count = 1770938516 
 sdk_us_count = 1770939144 
 sdk_us_count = 1770939773 
 sdk_us_count = 1770940401 
 sdk_us_count = 1770941029 
 sdk_us_count = 1770941658 
 sdk_us_count = 1770942816 
 sdk_us_count = 1770943172 
 sdk_us_count = 1770943800 
 sdk_us_count = 1770944429 
 sdk_us_count = 1770945057 
 sdk_us_count = 1770945685 
 sdk_us_count = 1770946314 
 sdk_us_count = 1770946942 
 sdk_us_count = 1770947570 
 sdk_us_count = 1770948199 
 sdk_us_count = 1770948827 
 sdk_us_count = 1770949455 
 sdk_us_count = 1770950084 
 sdk_us_count = 1770950880 
 sdk_us_count = 1770951442 
 sdk_us_count = 1770952071 
 sdk_us_count = 1770952699 
 sdk_us_count = 1770953327 
 sdk_us_count = 1770953956 
 sdk_us_count = 1770954584 
 sdk_us_count = 1770955212 
 sdk_us_count = 1770955841 
 sdk_us_count = 1770956469 
 sdk_us_count = 1770957097 
 sdk_us_count = 1770957726 
 sdk_us_count = 1770958821 
 sdk_us_count = 1770959214 
 sdk_us_count = 1770959842 
 sdk_us_count = 1770960471 
 sdk_us_count = 1770961099 
 sdk_us_count = 1770961727 
 sdk_us_count = 1770962356 
 sdk_us_count = 1770962984 
 sdk_us_count = 1770963612 
 sdk_us_count = 1770964241 
 sdk_us_count = 1770964869 
 sdk_us_count = 1770965497 
 sdk_us_count = 1770966126 
 sdk_us_count = 1770966859 
 sdk_us_count = 1770967458 
 sdk_us_count = 1770968087 
 sdk_us_count = 1770968715 
 sdk_us_count = 1770969343 
 sdk_us_count = 1770969972 
 sdk_us_count = 1770970600 
 sdk_us_count = 1770971228 
 sdk_us_count = 1770971857 
 sdk_us_count = 1770972485 
 sdk_us_count = 1770973113 
 sdk_us_count = 1770973742 
 sdk_us_count = 1770974370 
 sdk_us_count = 1770975109 
 sdk_us_count = 1770975711 
 sdk_us_count = 1770976339 
 sdk_us_count = 1770976968 
 sdk_us_count = 1770977596 
 sdk_us_count = 1770978224 
 sdk_us_count = 1770978853 
 sdk_us_count = 1770979481 
 sdk_us_count = 1770980109 
 sdk_us_count = 1770980738 
 sdk_us_count = 1770981366 
 sdk_us_count = 1770981994 
 sdk_us_count = 1770982945 
 sdk_us_count = 1770983351 
 sdk_us_count = 1770983979 
 sdk_us_count = 1770984607 
 sdk_us_count = 1770985236 
 sdk_us_count = 1770985864 
 sdk_us_count = 1770986492 
 sdk_us_count = 1770987121 
 sdk_us_count = 1770987749 
 sdk_us_count = 1770988377 
 sdk_us_count = 1770989006 
 sdk_us_count = 1770989634 
 sdk_us_count = 1770990262 
 sdk_us_count = 1770990995 
 sdk_us_count = 1770991597 
 sdk_us_count = 1770992225 
 sdk_us_count = 1770992854 
 sdk_us_count = 1770993482 
 sdk_us_count = 1770994114 
 sdk_us_count = 1770994739 
 sdk_us_count = 1770995367 
 sdk_us_count = 1770995995 
 sdk_us_count = 1770996624 
 sdk_us_count = 1770997252 
 sdk_us_count = 1770997880 
 sdk_us_count = 1770998509 
 sdk_us_count = 1770999354 
 sdk_us_count = 1770999956 
 sdk_us_count = 1771000584 
 sdk_us_count = 1771001213 
 sdk_us_count = 1771001841 
 sdk_us_count = 1771002469 
 sdk_us_count = 1771003098 
 sdk_us_count = 1771003726 
 sdk_us_count = 1771004354 
 sdk_us_count = 1771004983 
 sdk_us_count = 1771005611 
 sdk_us_count = 1771006239 
 sdk_us_count = 1771007021 
 sdk_us_count = 1771007576 
 sdk_us_count = 1771008205 
 sdk_us_count = 1771008833 
[2024-02-07 16:14:12.283] 接收<-: = 1771119046 
 sdk_us_count = 1771120100 
 sdk_us_count = 1771120668 
 sdk_us_count = 1771121296 
 sdk_us_count = 1771121924 
 sdk_us_count = 1771122553 
 sdk_us_count = 1771123181 
 sdk_us_count = 1771123809 
 sdk_us_count = 1771124438 
 sdk_us_count = 1771125066 
 sdk_us_count = 1771125694 
 sdk_us_count = 1771126696 
 sdk_us_count = 1771127124 
 sdk_us_count = 1771127753 
 sdk_us_count = 1771128381 
 sdk_us_count = 1771129009 
 sdk_us_count = 1771129638 
 sdk_us_count = 1771130266 
 sdk_us_count = 1771130894 
 sdk_us_count = 1771131523 
 sdk_us_count = 1771132151 
 sdk_us_count = 1771132779 
 sdk_us_count = 1771133411 
 sdk_us_count = 1771134036 
 sdk_us_count = 1771134842 
 sdk_us_count = 1771135433 
 sdk_us_count = 1771136062 
 sdk_us_count = 1771136690 
 sdk_us_count = 1771137318 
 sdk_us_count = 1771137947 
 sdk_us_count = 1771138575 
 sdk_us_count = 1771139203 
 sdk_us_count = 1771139832 
 sdk_us_count = 1771140460 
 sdk_us_count = 1771141088 
 sdk_us_count = 1771141717 
 sdk_us_count = 1771142732 
 sdk_us_count = 1771143140 
 sdk_us_count = 1771143769 
 sdk_us_count = 1771144397 
 sdk_us_count = 1771145025 
 sdk_us_count = 1771145654 
 sdk_us_count = 1771146282 
 sdk_us_count = 1771146910 
 sdk_us_count = 1771147543 
 sdk_us_count = 1771148167 
 sdk_us_count = 1771148795 
 sdk_us_count = 1771149424 
 sdk_us_count = 1771150052 
 sdk_us_count = 1771150875 
 sdk_us_count = 1771151467 
 sdk_us_count = 1771152095 
 sdk_us_count = 1771152723 
 sdk_us_count = 1771153352 
 sdk_us_count = 1771153980 
 sdk_us_count = 1771154608 
 sdk_us_count = 1771155237 
 sdk_us_count = 1771155865 
 sdk_us_count = 1771156493 
 sdk_us_count = 1771157122 
 sdk_us_count = 1771157750 
 sdk_us_count = 1771158778 
 sdk_us_count = 1771159152 
 sdk_us_count = 1771159780 
 sdk_us_count = 1771160409 
 sdk_us_count = 1771161037 
 sdk_us_count = 1771161669 
 sdk_us_count = 1771162294 
 sdk_us_count = 1771162922 
 sdk_us_count = 1771163550 
 sdk_us_count = 1771164179 
 sdk_us_count = 1771164807 
 sdk_us_count = 1771165435 
 sdk_us_count = 1771166064 
 sdk_us_count = 1771166872 
 sdk_us_count = 1771167463 
 sdk_us_count = 1771168092 
 sdk_us_count = 1771168720 
 sdk_us_count = 1771169348 
 sdk_us_count = 1771169977 
 sdk_us_count = 1771170605 
 sdk_us_count = 1771171233 
 sdk_us_count = 1771171862 
 sdk_us_count = 1771172490 
 sdk_us_count = 1771173118 
 sdk_us_count = 1771173747 
 sdk_us_count = 1771174853 
 sdk_us_count = 1771175207 
 sdk_us_count = 1771175835 
 sdk_us_count = 1771176464 
 sdk_us_count = 1771177092 
 sdk_us_count = 1771177720 
 sdk_us_count = 1771178349 
 sdk_us_count = 1771178977 
 sdk_us_count = 1771179605 
 sdk_us_count = 1771180234 
 sdk_us_count = 1771180862 
 sdk_us_count = 1771181490 
 sdk_us_count = 1771182119 
 sdk_us_count = 1771182914 
 sdk_us_count = 1771183505 
 sdk_us_count = 1771184134 
 sdk_us_count = 1771184762 
 sdk_us_count = 1771185390 
 sdk_us_count = 1771186019 
 sdk_us_count = 1771186647 
 sdk_us_count = 1771187275 
 sdk_us_count = 1771187904 
 sdk_us_count = 1771188532 
 sdk_us_count = 1771189160 
 sdk_us_count = 1771189789 
 sdk_us_count = 1771190905 
 sdk_us_count = 1771191260 
 sdk_us_count = 1771191888 
 sdk_us_count = 1771192516 
 sdk_us_count = 1771193145 
 sdk_us_count = 1771193773 
 sdk_us_count = 1771194401 
 sdk_us_count = 1771195030 
 sdk_us_count = 1771195658 
 sdk_us_count = 1771196286 
 sdk_us_count = 1771196915 
 sdk_us_count = 1771197543 
 sdk_us_count = 1771198171 
 sdk_us_count = 1771198979 
 sdk_us_count = 1771199547 
 sdk_us_count = 1771200176 
 sdk_us_count = 1771200804 
 sdk_us_count = 1771201432 
 sdk_us_count = 1771202061 
 sdk_us_count = 1771202689 
 sdk_us_count = 1771203317 
 sdk_us_count = 1771203946 
 sdk_us_count = 1771204574 
 sdk_us_count = 1771205202 
 sdk_us_count = 1771205831 
 sdk_us_count = 1771206945 
 sdk_us_count = 1771207319 
 sdk_us_count = 1771207947 
 sdk_us_count = 1771208576 
 sdk_us_count = 1771209204 
 sdk_us_count = 1771
[2024-02-07 16:14:12.485] 接收<-:_us_count = 1771322237 
 sdk_us_count = 1771322865 
 sdk_us_count = 1771323494 
 sdk_us_count = 1771324122 
 sdk_us_count = 1771324750 
 sdk_us_count = 1771325379 
 sdk_us_count = 1771326007 
 sdk_us_count = 1771326639 
 sdk_us_count = 1771327404 
 sdk_us_count = 1771327992 
 sdk_us_count = 1771328620 
 sdk_us_count = 1771329248 
 sdk_us_count = 1771329877 
 sdk_us_count = 1771330505 
 sdk_us_count = 1771331133 
 sdk_us_count = 1771331762 
 sdk_us_count = 1771332390 
 sdk_us_count = 1771333018 
 sdk_us_count = 1771333647 
 sdk_us_count = 1771334275 
 sdk_us_count = 1771334903 
 sdk_us_count = 1771335668 
 sdk_us_count = 1771336260 
 sdk_us_count = 1771336888 
 sdk_us_count = 1771337516 
 sdk_us_count = 1771338145 
 sdk_us_count = 1771338773 
 sdk_us_count = 1771339401 
 sdk_us_count = 1771340030 
 sdk_us_count = 1771340658 
 sdk_us_count = 1771341286 
 sdk_us_count = 1771341915 
 sdk_us_count = 1771342543 
 sdk_us_count = 1771343489 
 sdk_us_count = 1771343925 
 sdk_us_count = 1771344554 
 sdk_us_count = 1771345182 
 sdk_us_count = 1771345810 
 sdk_us_count = 1771346439 
 sdk_us_count = 1771347067 
 sdk_us_count = 1771347695 
 sdk_us_count = 1771348324 
 sdk_us_count = 1771348952 
 sdk_us_count = 1771349580 
 sdk_us_count = 1771350209 
 sdk_us_count = 1771350837 
 sdk_us_count = 1771351628 
 sdk_us_count = 1771352219 
 sdk_us_count = 1771352848 
 sdk_us_count = 1771353476 
 sdk_us_count = 1771354104 
 sdk_us_count = 1771354733 
 sdk_us_count = 1771355361 
 sdk_us_count = 1771355989 
 sdk_us_count = 1771356618 
 sdk_us_count = 1771357246 
 sdk_us_count = 1771357874 
 sdk_us_count = 1771358503 
 sdk_us_count = 1771359527 
 sdk_us_count = 1771359881 
 sdk_us_count = 1771360509 
 sdk_us_count = 1771361137 
 sdk_us_count = 1771361766 
 sdk_us_count = 1771362394 
 sdk_us_count = 1771363022 
 sdk_us_count = 1771363651 
 sdk_us_count = 1771364279 
 sdk_us_count = 1771364907 
 sdk_us_count = 1771365536 
 sdk_us_count = 1771366164 
 sdk_us_count = 1771366792 
 sdk_us_count = 1771367561 
 sdk_us_count = 1771368149 
 sdk_us_count = 1771368777 
 sdk_us_count = 1771369405 
 sdk_us_count = 1771370034 
 sdk_us_count = 1771370662 
 sdk_us_count = 1771371290 
 sdk_us_count = 1771371919 
 sdk_us_count = 1771372547 
 sdk_us_count = 1771373175 
 sdk_us_count = 1771373804 
 sdk_us_count = 1771374432 
 sdk_us_count = 1771375060 
 sdk_us_count = 1771375832 
 sdk_us_count = 1771376423 
 sdk_us_count = 1771377051 
 sdk_us_count = 1771377680 
 sdk_us_count = 1771378308 
 sdk_us_count = 1771378936 
 sdk_us_count = 1771379565 
 sdk_us_count = 1771380193 
 sdk_us_count = 1771380821 
 sdk_us_count = 1771381450 
 sdk_us_count = 1771382078 
 sdk_us_count = 1771382706 
 sdk_us_count = 1771383626 
 sdk_us_count = 1771384063 
 sdk_us_count = 1771384691 
 sdk_us_count = 1771385319 
 sdk_us_count = 1771385948 
 sdk_us_count = 1771386576 
 sdk_us_count = 1771387204 
 sdk_us_count = 1771387833 
 sdk_us_count = 1771388461 
 sdk_us_count = 1771389089 
 sdk_us_count = 1771389718 
 sdk_us_count = 1771390346 
 sdk_us_count = 1771390974 
 sdk_us_count = 1771391742 
 sdk_us_count = 1771392333 
 sdk_us_count = 1771392961 
 sdk_us_count = 1771393590 
 sdk_us_count = 1771394218 
 sdk_us_count = 1771394846 
 sdk_us_count = 1771395475 
 sdk_us_count = 1771396103 
 sdk_us_count = 1771396731 
 sdk_us_count = 1771397360 
 sdk_us_count = 1771397988 
 sdk_us_count = 1771398616 
 sdk_us_count = 1771399687 
 sdk_us_count = 1771400062 
 sdk_us_count = 1771400668 
 sdk_us_count = 1771401296 
 sdk_us_count = 1771401925 
 sdk_us_count = 1771402553 
 sdk_us_count = 1771403181 
 sdk_us_count = 1771403810 
 sdk_us_count = 1771404438 
 sdk_us_count = 1771405070 
 sdk_us_count = 1771405695 
 sdk_us_count = 1771406323 
 sdk_us_count = 1771406951 
 sdk_us_count = 1771407721 
 sdk_us_count = 1771408308 
 sdk_us_count = 1771408936 
 sdk_us_count = 1771409564 
 sdk_us_count = 1771410193 
 sdk_us_count = 1771410821 
 sdk_us_count = 1771411449 
 sdk_us_cou
[2024-02-07 16:14:12.686] 接收<-:k_us_count = 1771493458 
 sdk_us_count = 1771493786 
 sdk_us_count = 17714wcmd2c w 7 r 6 type 1 cc 0x0 idx 0 subf 0 0

wcmd2c w 0 r 6 type 6 cc 0x0 idx 0 subf 0 0

wcmd2c w 1 r 6 type 6 cc 0x0 idx 0 subf 0 0

93786 
 sdk_us_count = 1771499170 
 sdk_us_count = 1771499650 
 sdk_us_count = 1771500276 
 sdk_us_count = 1771500906 
 sdk_us_count = 1771501535 
 sdk_us_count = 1771502163 
 sdk_us_count = 1771503126 
 sdk_us_count = 1771503695 
 sdk_us_count = 1771504324 
 sdk_us_count = 1771504952 
 sdk_us_count = 1771505580 
 sdk_us_count = 1771506209 
 sdk_us_count = 1771506837 
 sdk_us_count = 1771507465 
 sdk_us_count = 1771508094 
 sdk_us_count = 1771508722 
 sdk_us_count = 1771509785 
 sdk_us_count = 1771510126 
 sdk_us_count = 1771510754 
 sdk_us_count = 1771511383 
 sdk_us_count = 1771512011 
 sdk_us_count = 1771512639 
 sdk_us_count = 1771513268 
 sdk_us_count = 1771513896 
 sdk_us_count = 1771514524 
 sdk_us_count = 1771515153 
 sdk_us_count = 1771515781 
 sdk_us_count = 1771516409 
 sdk_us_count = 1771517038 
 sdk_us_count = 1771517799 
 sdk_us_count = 1771518403 
 sdk_us_count = 1771519031 
 sdk_us_count = 1771519659 
 sdk_us_count = 1771520288 
 sdk_us_count = 1771520916 
 sdk_us_count = 1771521548 
 sdk_us_count = 1771522173 
 sdk_us_count = 1771522801 
 sdk_us_count = 1771523429 
 sdk_us_count = 1771524058 
 sdk_us_count = 1771524686 
 sdk_us_count = 1771525798 
 sdk_us_count = 1771526153 
 sdk_us_count = 1771526781 
 sdk_us_count = 1771527409 
 sdk_us_count = 1771528038 
 sdk_us_count = 1771528666 
 sdk_us_count = 1771529294 
 sdk_us_count = 1771529923 
 sdk_us_count = 1771530551 
 sdk_us_count = 1771531179 
 sdk_us_count = 1771531808 
 sdk_us_count = 1771532436 
 sdk_us_count = 1771533064 
 sdk_us_count = 1771533857 
 sdk_us_count = 1771534455 
 sdk_us_count = 1771535084 
 sdk_us_count = 1771535712 
 sdk_us_count = 1771536340 
 sdk_us_count = 1771536969 
 sdk_us_count = 1771537597 
 sdk_us_count = 1771538225 
 sdk_us_count = 1771538854 
 sdk_us_count = 1771539482 
 sdk_us_count = 1771540110 
 sdk_us_count = 1771540739 
 sdk_us_count = 1771541878 
 sdk_us_count = 1771542241 
 sdk_us_count = 1771542862 
 sdk_us_count = 1771543490 
 sdk_us_count = 1771544119 
 sdk_us_count = 1771544751 
 sdk_us_count = 1771545375 
 sdk_us_count = 1771546004 
 sdk_us_count = 1771546632 
 sdk_us_count = 1771547260 
 sdk_us_count = 1771547889 
 sdk_us_count = 1771548517 
 sdk_us_count = 1771549145 
 sdk_us_count = 1771549959 
 sdk_us_count = 1771550562 
 sdk_us_count = 1771551191 
 sdk_us_count = 1771551819 
 sdk_us_count = 1771552447 
 sdk_us_count = 1771553076 
 sdk_us_count = 1771553704 
 sync result 1 search num 48 1746368

sync succ pre 0x1 rssi -103 cur -12.50 last -11.50 frac -552

status change 0 to 1

sdk_us_count = 1771554332 
 sdk_us_count = 1771558044 
 sdk_us_count = 1771558566 
 sdk_us_count = 1771559194 
 sdk_us_count = 1771559823 
 sdk_us_count = 1771560451 
 sdk_us_count = 1771561079 
 sdk_us_count = 1771561708 
 sdk_us_count = 1771562336 
 sdk_us_count = 1771562964 
 sdk_us_count = 1771563593 
 sdk_us_count = 1771564221 wcmd2c w 2 r 1 type 6 cc 0x0 idx 0 subf 2 0


 sdk_us_count = 1771567433 
 sdk_us_count = 1771567753 
 sdk_us_count = 1771568381 
 sdk_us_count = 1771569009 
 sdk_us_count = 1771569638 
 sdk_us_count = 1771570266 
 sdk_us_count = 1771570894 
 sdk_us_count = 1771571523 
 sdk_us_count = 1771572151 
 sdk_us_count = 1771572779 
 sdk_us_count = 1771573408 
 sdk_us_count = 1771574036 
 sdk_us_count = 1771574664 
 sdk_us_cmdtype 1 isSuc 0 cc 0x1 subf 3 0 idx 0 gus 255

status change 1 to 0

wcmd2c w 3 r 2 type 2 cc 0x0 idx 0 subf 3 0

count = 1771575293 
 sdk_us_count = 1771579148 
 sdk_us_count = 1771579537 
 sdk_us_count = 1771580166 
 sdk_us_count = 1771580794 
 sdk_us_count = 1771581422 
 sdk_us_count = 1771582051 
 sdk_us_count = 1771582679 
 sdk_us_count = 1771583307 
 sdk_us_count = 1771583353 
 scmdtype 1 isSuc 0 cc 0x9 subf 0 0 idx 0 gus 255

wcmd2c w 4 r 3 type 1 cc
