[2024-02-07 16:14:59.037] 接收<-:1817961080 
 sdk_us_count = 1817961709 
 sdk_us_count = 1817962337 
 sdk_us_count = 1817962965 
 sdk_us_count = 1817962998 
[2024-02-07 16:14:59.238] 接收<-:18074451 
 sdk_us_count = 1818075238 
 sdk_us_count = 1818075829 
 sdk_us_count = 1818076461 
 sdk_us_count = 1818077086 
 sdk_us_count = 1818077714 
 sdk_us_count = 1818078342 
 sdk_us_count = 1818078971 
 sdk_us_count = 1818079599 
 sdk_us_count = 1818080227 
 sdk_us_count = 1818080856 
 sdk_us_count = 1818081484 
 sdk_us_count = 1818082112 
 sdk_us_count = 1818083258 
 sdk_us_count = 1818083579 
 sdk_us_count = 1818084208 
 sdk_us_count = 1818084836 
 sdk_us_count = 1818085464 
 sdk_us_count = 1818086093 
 sdk_us_count = 1818086721 
 sdk_us_count = 1818087349 
 sdk_us_count = 1818087978 
 sdk_us_count = 1818088606 
 sdk_us_count = 1818089234 
 sdk_us_count = 1818089863 
 sdk_us_count = 1818090491 
 sdk_us_count = 1818091290 
 sdk_us_count = 1818091871 
 sdk_us_count = 1818092499 
 sdk_us_count = 1818093128 
 sdk_us_count = 1818093756 
 sdk_us_count = 1818094384 
 sdk_us_count = 1818095013 
 sdk_us_count = 1818095641 
 sdk_us_count = 1818096269 
 sdk_us_count = 1818096898 
 sdk_us_count = 1818097526 
 sdk_us_count = 1818098154 
 sdk_us_count = 1818098783 
 sdk_us_count = 1818099616 
 sdk_us_count = 1818100206 
 sdk_us_count = 1818100835 
 sdk_us_count = 1818101463 
 sdk_us_count = 1818102091 
 sdk_us_count = 1818102720 
 sdk_us_count = 1818103348 
 sdk_us_count = 1818103976 
 sdk_us_count = 1818104605 
 sdk_us_count = 1818105233 
 sdk_us_count = 1818105861 
 sdk_us_count = 1818106490 
 sdk_us_count = 1818107378 
 sdk_us_count = 1818107894 
 sdk_us_count = 1818108522 
 sdk_us_count = 1818109150 
 sdk_us_count = 1818109779 
 sdk_us_count = 1818110407 
 sdk_us_count = 1818111035 
 sdk_us_count = 1818111664 
 sdk_us_count = 1818112292 
 sdk_us_count = 1818112920 
 sdk_us_count = 1818113549 
 sdk_us_count = 1818114177 
 sdk_us_count = 1818114805 
 sdk_us_count = 1818115596 
 sdk_us_count = 1818116188 
 sdk_us_count = 1818116816 
 sdk_us_count = 1818117444 
 sdk_us_count = 1818118073 
 sdk_us_count = 1818118701 
 sdk_us_count = 1818119329 
 sdk_us_count = 1818119958 
 sdk_us_count = 1818120586 
 sdk_us_count = 1818121214 
 sdk_us_count = 1818121843 
 sdk_us_count = 1818122471 
 sdk_us_count = 1818123419 
 sdk_us_count = 1818123849 
 sdk_us_count = 1818124477 
 sdk_us_count = 1818125106 
 sdk_us_count = 1818125734 
 sdk_us_count = 1818126362 
 sdk_us_count = 1818126991 
 sdk_us_count = 1818127619 
 sdk_us_count = 1818128247 
 sdk_us_count = 1818128876 
 sdk_us_count = 1818129504 
 sdk_us_count = 1818130132 
 sdk_us_count = 1818130761 
 sdk_us_count = 1818131552 
 sdk_us_count = 1818132143 
 sdk_us_count = 1818132771 
 sdk_us_count = 1818133400 
 sdk_us_count = 1818134028 
 sdk_us_count = 1818134656 
 sdk_us_count = 1818135285 
 sdk_us_count = 1818135913 
 sdk_us_count = 1818136541 
 sdk_us_count = 1818137170 
 sdk_us_count = 1818137798 
 sdk_us_count = 1818138426 
 sdk_us_count = 1818139484 
 sdk_us_count = 1818139811 
 sdk_us_count = 1818140439 
 sdk_us_count = 1818141067 
 sdk_us_count = 1818141696 
 sdk_us_count = 1818142324 
 sdk_us_count = 1818142952 
 sdk_us_count = 1818143581 
 sdk_us_count = 1818144209 
 sdk_us_count = 1818144837 
 sdk_us_count = 1818145466 
 sdk_us_count = 1818146094 
 sdk_us_count = 1818146722 
 sdk_us_count = 1818147516 
 sdk_us_count = 1818148098 
 sdk_us_count = 1818148727 
 sdk_us_count = 1818149355 
 sdk_us_count = 1818149983 
 sdk_us_count = 1818150612 
 sdk_us_count = 1818151240 
 sdk_us_count = 1818151868 
 sdk_us_count = 1818152497 
 sdk_us_count = 1818153125 
 sdk_us_count = 1818153753 
 sdk_us_count = 1818154382 
 sdk_us_count = 1818155010 
 sdk_us_count = 1818155887 
 sdk_us_count = 1818156436 
 sdk_us_count = 1818157064 
 sdk_us_count = 1818157692 
 sdk_us_count = 1818158321 
 sdk_us_count = 1818158949 
 sdk_us_count = 1818159577 
 sdk_us_count = 1818160206 
 sdk_us_count = 1818160834 
 sdk_us_count = 1818161462 
 sdk_us_count = 1818162091 
 sdk_us_count = 1818162719 
 sdk_us_count = 1818163578 
 sdk_us_count = 1818164095 
 sdk_us_count = 181816472
[2024-02-07 16:14:59.440] 接收<-:s_count = 1818276608 
 sdk_us_count = 1818277236 
 sdk_us_count = 1818277864 
 sdk_us_count = 1818278496 
 sdk_us_count = 1818279121 
 sdk_us_count = 1818279749 
 sdk_us_count = 1818280378 
 sdk_us_count = 1818281006 
 sdk_us_count = 1818281634 
 sdk_us_count = 1818282263 
 sdk_us_count = 1818282891 
 sdk_us_count = 1818283522 
 sdk_us_count = 1818284354 
 sdk_us_count = 1818284945 
 sdk_us_count = 1818285573 
 sdk_us_count = 1818286202 
 sdk_us_count = 1818286830 
 sdk_us_count = 1818287458 
 sdk_us_count = 1818288087 
 sdk_us_count = 1818288715 
 sdk_us_count = 1818289343 
 sdk_us_count = 1818289972 
 sdk_us_count = 1818290600 
 sdk_us_count = 1818291228 
 sdk_us_count = 1818292090 
 sdk_us_count = 1818292606 
 sdk_us_count = 1818293235 
 sdk_us_count = 1818293863 
 sdk_us_count = 1818294491 
 sdk_us_count = 1818295120 
 sdk_us_count = 1818295748 
 sdk_us_count = 1818296376 
 sdk_us_count = 1818297005 
 sdk_us_count = 1818297633 
 sdk_us_count = 1818298261 
 sdk_us_count = 1818298890 
 sdk_us_count = 1818299518 
 sdk_us_count = 1818300309 
 sdk_us_count = 1818300900 
 sdk_us_count = 1818301529 
 sdk_us_count = 1818302157 
 sdk_us_count = 1818302785 
 sdk_us_count = 1818303414 
 sdk_us_count = 1818304042 
 sdk_us_count = 1818304670 
 sdk_us_count = 1818305299 
 sdk_us_count = 1818305927 
 sdk_us_count = 1818306555 
 sdk_us_count = 1818307184 
 sdk_us_count = 1818308155 
 sdk_us_count = 1818308564 
 sdk_us_count = 1818309192 
 sdk_us_count = 1818309820 
 sdk_us_count = 1818310449 
 sdk_us_count = 1818311077 
 sdk_us_count = 1818311705 
 sdk_us_count = 1818312334 
 sdk_us_count = 1818312962 
 sdk_us_count = 1818313590 
 sdk_us_count = 1818314219 
 sdk_us_count = 1818314847 
 sdk_us_count = 1818315475 
 sdk_us_count = 1818316288 
 sdk_us_count = 1818316879 
 sdk_us_count = 1818317508 
 sdk_us_count = 1818318136 
 sdk_us_count = 1818318764 
 sdk_us_count = 1818319393 
 sdk_us_count = 1818320021 
 sdk_us_count = 1818320649 
 sdk_us_count = 1818321278 
 sdk_us_count = 1818321906 
 sdk_us_count = 1818322534 
 sdk_us_count = 1818323163 
 sdk_us_count = 1818324244 
 sdk_us_count = 1818324571 
 sdk_us_count = 1818325199 
 sdk_us_count = 1818325828 
 sdk_us_count = 1818326456 
 sdk_us_count = 1818327084 
 sdk_us_count = 1818327713 
 sdk_us_count = 1818328341 
 sdk_us_count = 1818328969 
 sdk_us_count = 1818329598 
 sdk_us_count = 1818330226 
 sdk_us_count = 1818330854 
 sdk_us_count = 1818331483 
 sdk_us_count = 1818332293 
 sdk_us_count = 1818332885 
 sdk_us_count = 1818333513 
 sdk_us_count = 1818334141 
 sdk_us_count = 1818334770 
 sdk_us_count = 1818335398 
 sdk_us_count = 1818336026 
 sdk_us_count = 1818336655 
 sdk_us_count = 1818337283 
 sdk_us_count = 1818337911 
 sdk_us_count = 1818338540 
 sdk_us_count = 1818339168 
 sdk_us_count = 1818340306 
 sdk_us_count = 1818340661 
 sdk_us_count = 1818341289 
 sdk_us_count = 1818341917 
 sdk_us_count = 1818342546 
 sdk_us_count = 1818343174 
 sdk_us_count = 1818343802 
 sdk_us_count = 1818344431 
 sdk_us_count = 1818345059 
 sdk_us_count = 1818345687 
 sdk_us_count = 1818346316 
 sdk_us_count = 1818346944 
 sdk_us_count = 1818347572 
 sdk_us_count = 1818348366 
 sdk_us_count = 1818348957 
 sdk_us_count = 1818349585 
 sdk_us_count = 1818350214 
 sdk_us_count = 1818350842 
 sdk_us_count = 1818351470 
 sdk_us_count = 1818352102 
 sdk_us_count = 1818352727 
 sdk_us_count = 1818353355 
 sdk_us_count = 1818353984 
 sdk_us_count = 1818354612 
 sdk_us_count = 1818355240 
 sdk_us_count = 1818356371 
 sdk_us_count = 1818356724 
 sdk_us_count = 1818357353 
 sdk_us_count = 1818357981 
 sdk_us_count = 1818358609 
 sdk_us_count = 1818359238 
 sdk_us_count = 1818359866 
 sdk_us_count = 1818360494 
 sdk_us_count = 1818361123 
 sdk_us_count = 1818361751 
 sdk_us_count = 1818362379 
 sdk_us_count = 1818363008 
 sdk_us_count = 1818363636 
 sdk_us_count = 1818364444 
 sdk_us_count = 1818365036 
 sdk_us_count = 1818365664 
 sdk_us_count = 1818366292 
 sdk_us_count
[2024-02-07 16:14:59.641] 接收<-:477893 
 sdk_us_count = 1818478521 
 sdk_us_count = 1818479150 
 sdk_us_count = 1818479778 
 sdk_us_count = 1818480406 
 sdk_us_count = 1818481035 
 sdk_us_count = 1818481663 
 sdk_us_count = 1818482291 
 sdk_us_count = 1818482920 
 sdk_us_count = 1818483548 
 sdk_us_count = 1818484176 
 sdk_us_count = 1818484946 
 sdk_us_count = 1818485537 
 sdk_us_count = 1818486165 
 sdk_us_count = 1818486794 
 sdk_us_count = 1818487422 
 sdk_us_count = 1818488050 
 sdk_us_count = 1818488679 
 sdk_us_count = 1818489307 
 sdk_us_count = 1818489935 
 sdk_us_count = 1818490564 
 sdk_us_count = 1818491192 
 sdk_us_count = 1818491820 
 sdk_us_count = 1818492891 
 sdk_us_count = 1818493244 
 sdk_us_count = 1818493872 
 sdk_us_count = 1818494501 
 sdk_us_count = 1818495129 
 sdk_us_count = 1818495757 
 sdk_us_count = 1818496386 
 sdk_us_count = 1818497014 
 sdk_us_count = 1818497642 
 sdk_us_count = 1818498271 
 sdk_us_count = 1818498899 
 sdk_us_count = 1818499527 
 sdk_us_count = 1818500156 
 sdk_us_count = 1818500947 
 sdk_us_count = 1818501538 
 sdk_us_count = 1818502166 
 sdk_us_count = 1818502795 
 sdk_us_count = 1818503423 
 sdk_us_count = 1818504051 
 sdk_us_count = 1818504680 
 sdk_us_count = 1818505308 
 sdk_us_count = 1818505936 
 sdk_us_count = 1818506565 
 sdk_us_count = 1818507193 
 sdk_us_count = 1818507821 
 sdk_us_count = 1818508931 
 sdk_us_count = 1818509286 
 sdk_us_count = 1818509914 
 sdk_us_count = 1818510543 
 sdk_us_count = 1818511171 
 sdk_us_count = 1818511799 
 sdk_us_count = 1818512428 
 sdk_us_count = 1818513056 
 sdk_us_count = 1818513684 
 sdk_us_count = 1818514313 
 sdk_us_count = 1818514941 
 sdk_us_count = 1818515569 
 sdk_us_count = 1818516198 
 sdk_us_count = 1818516969 
 sdk_us_count = 1818517556 
 sdk_us_count = 1818518188 
 sdk_us_count = 1818518813 
 sdk_us_count = 1818519441 
 sdk_us_count = 1818520069 
 sdk_us_count = 1818520698 
 sdk_us_count = 1818521326 
 sdk_us_count = 1818521954 
 sdk_us_count = 1818522583 
 sdk_us_count = 1818523211 
 sdk_us_count = 1818523839 
 sdk_us_count = 1818524468 
 sdk_us_count = 1818525262 
 sdk_us_count = 1818525824 
 sdk_us_count = 1818526452 
 sdk_us_count = 1818527081 
 sdk_us_count = 1818527709 
 sdk_us_count = 1818528337 
 sdk_us_count = 1818528966 
 sdk_us_count = 1818529594 
 sdk_us_count = 1818530223 
 sdk_us_count = 1818530851 
 sdk_us_count = 1818531479 
 sdk_us_count = 1818532107 
 sdk_us_count = 1818533054 
 sdk_us_count = 1818533490 
 sdk_us_count = 1818534118 
 sdk_us_count = 1818534746 
 sdk_us_count = 1818535375 
 sdk_us_count = 1818536003 
 sdk_us_count = 1818536631 
 sdk_us_count = 1818537260 
 sdk_us_count = 1818537888 
 sdk_us_count = 1818538516 
 sdk_us_count = 1818539145 
 sdk_us_count = 1818539773 
 sdk_us_count = 1818540401 
 sdk_us_count = 1818541169 
 sdk_us_count = 1818541760 
 sdk_us_count = 1818542388 
 sdk_us_count = 1818543017 
 sdk_us_count = 1818543645 
 sdk_us_count = 1818544273 
 sdk_us_count = 1818544902 
 sdk_us_count = 1818545530 
 sdk_us_count = 1818546158 
 sdk_us_count = 1818546787 
 sdk_us_count = 1818547415 
 sdk_us_count = 1818548043 
 sdk_us_count = 1818549092 
 sdk_us_count = 1818549445 
 sdk_us_count = 1818550073 
 sdk_us_count = 1818550702 
 sdk_us_count = 1818551330 
 sdk_us_count = 1818551958 
 sdk_us_count = 1818552587 
 sdk_us_count = 1818553215 
 sdk_us_count = 1818553843 
 sdk_us_count = 1818554472 
 sdk_us_count = 1818555100 
 sdk_us_count = 1818555728 
 sdk_us_count = 1818556357 
 sdk_us_count = 1818557130 
 sdk_us_count = 1818557717 
 sdk_us_count = 1818558346 
 sdk_us_count = 1818558974 
 sdk_us_count = 1818559602 
 sdk_us_count = 1818560231 
 sdk_us_count = 1818560859 
 sdk_us_count = 1818561487 
 sdk_us_count = 1818562116 
 sdk_us_count = 1818562744 
 sdk_us_count = 1818563372 
 sdk_us_count = 1818564001 
 sdk_us_count = 1818564629 
 sdk_us_count = 1818565492 
 sdk_us_count = 1818566083 
 sdk_us_count = 1818566711 
 sdk_us_count = 1818567340 
 sdk_us_count = 1818567968 
[2024-02-07 16:14:59.843] 接收<-:77255 
 sdk_us_count = 1818677883 
 sdk_us_count = 1818678511 
 sdk_us_count = 1818679140 
 sdk_us_count = 1818679768 
 sdk_us_count = 1818680396 
 sdk_us_count = 1818wcmd2c w 0 r 7 type 6 cc 0x0 idx 0 subf 2 0

681028 
 sdk_us_count = 1818684062 
 sdk_us_count = 1818684454 
 sdk_us_count = 1818685083 
 sdk_us_count = 1818685711 
 sdk_us_count = 1818686339 
 sdk_us_count = 1818686968 
 sdk_us_count = 1818687596 
 sdk_us_count = 1818688224 
 sdk_us_count = 1818688853 
 sdk_us_count = 1818689481 
 sdk_us_count = 1818690109 
 sdk_us_count = 1818690738 
 sdk_us_countcmdtype 1 isSuc 0 cc 0x2 subf 3 0 idx 0 gus 255

status change 1 to 0

wcmd2c w 1 r 0 type 2 cc 0x0 idx 0 subf 3 0

 = 1818691366 
 sdk_us_count = 1818695257 
 sdk_us_count = 1818695645 
 sdk_us_count = 1818696274 
 sdk_us_count = 1818696902 
 sdk_us_count = 1818697530 
 sdk_us_count = 1818698159 
 sdk_us_count = 1818698791 
 sdk_us_count = 1818699415 
 sdk_us_count = 1818699974 
 sdk_us_count = 1818699974cmdtype 1 isSuc 0 cc 0x9 subf 0 0 idx 0 gus 255

wcmd2c w 2 r 1 type 1 cc 0x0 idx 0 subf 0 0

wcmd2c w 3 r 1 type 6 cc 0x0 idx 0 subf 0 0

wcmd2c w 4 r 1 type 6 cc 0x0 idx 0 subf 0 0

 
 sdk_us_count = 1818705959 
 sdk_us_count = 1818706405 
 sdk_us_count = 1818707032 
 sdk_us_count = 1818707661 
 sdk_us_count = 1818708978 
 sdk_us_count = 1818709334 
 sdk_us_count = 1818709963 
 sdk_us_count = 1818710591 
 sdk_us_count = 1818711219 
 sdk_us_count = 1818711848 
 sdk_us_count = 1818712476 
 sdk_us_count = 1818713104 
 sdk_us_count = 1818713733 
 sdk_us_count = 1818714361 
 sdk_us_count = 1818714989 
 sdk_us_count = 1818715846 
 sdk_us_count = 1818716385 
 sdk_us_count = 1818717013 
 sdk_us_count = 1818717641 
 sdk_us_count = 1818718270 
 sdk_us_count = 1818718898 
 sdk_us_count = 1818719526 
 sdk_us_count = 1818720155 
 sdk_us_count = 1818720783 
 sdk_us_count = 1818721411 
 sdk_us_count = 1818722040 
 sdk_us_count = 1818722668 
 sdk_us_count = 1818723296 
 sdk_us_count = 1818724105 
 sdk_us_count = 1818724696 
 sdk_us_count = 1818725324 
 sdk_us_count = 1818725953 
 sdk_us_count = 1818726581 
 sdk_us_count = 1818727209 
 sdk_us_count = 1818727838 
 sdk_us_count = 1818728466 
 sdk_us_count = 1818729094 
 sdk_us_count = 1818729723 
 sdk_us_count = 1818730351 
 sdk_us_count = 1818730979 
 sdk_us_count = 1818731907 
 sdk_us_count = 1818732381 
 sdk_us_count = 1818733009 
 sdk_us_count = 1818733638 
 sdk_us_count = 1818734266 
 sdk_us_count = 1818734894 
 sdk_us_count = 1818735523 
 sdk_us_count = 1818736151 
 sdk_us_count = 1818736779 
 sdk_us_count = 1818737408 
 sdk_us_count = 1818738040 
 sdk_us_count = 1818738664 
 sdk_us_count = 1818739293 
 sdk_us_count = 1818740081 
 sdk_us_count = 1818740649 
 sdk_us_count = 1818741277 
 sdk_us_count = 1818741906 
 sdk_us_count = 1818742534 
 sdk_us_count = 1818743162 
 sdk_us_count = 1818743791 
 sdk_us_count = 1818744419 
 sdk_us_count = 1818745047 
 sdk_us_count = 1818745676 
 sdk_us_count = 1818746304 
 sdk_us_count = 1818746932 
 sdk_us_count = 1818747973 
 sdk_us_count = 1818748336 
 sdk_us_count = 1818748965 
 sdk_us_count = 1818749593 
 sdk_us_count = 1818750221 
 sdk_us_count = 1818750850 
 sdk_us_count = 1818751478 
 sdk_us_count = 1818752106 
 sdk_us_count = 1818752735 
 sdk_us_count = 1818753363 
 sdk_us_count = 1818753991 
 sdk_us_count = 1818754620 
 sdk_us_count = 1818755248 
 sdk_us_count = 1818756013 
 sdk_us_count = 1818756604 
 sdk_us_count = 1818757233 
 sdk_us_count = 1818757861 
 sdk_us_count = 1818758489 
 sdk_us_count = 1818759118 
 sdk_us_count = 1818759746 
 sdk_us_count = 1818760374 
 sdk_us_count = 1818761003 
 sdk_us_count = 1818761631 
 sdk_us_count = 1818762259 
 sdk_us_count = 1818762888 
 sdk_us_count = 1818764037 
 sdk_us_count = 1818764357 
 sdk_us_count = 1818764985 
 sdk_us_count = 1818765613 
 sdk_us_count = 1818766242 
 sdk_us_count = 1818766870 
 sdk_us_count = 1818767498 
 sdk_us_count = 1818768127 
 sdk_us_count = 1818768755 
 sdk_us_count = 1818769
[2024-02-07 16:15:00.044] 接收<-:sdk_us_count = 1818880685 
 sdk_us_count = 1818881313 
 sdk_us_count = 1818881942 
 sdk_us_count = 1818882570 
 sdk_us_count = 1818883198 
 sdk_us_count = 1818883827 
 sdk_us_count = 1818884613 
 sdk_us_count = 1818885205 
 sdk_us_count = 1818885833 
 sdk_us_count = 1818886461 
 sdk_us_count = 1818887090 
 sdk_us_count = 1818887718 
 sdk_us_count = 1818888346 
 sdk_us_count = 1818888975 
 sdk_us_count = 1818889603 
 sdk_us_count = 1818890231 
 sdk_us_count = 1818890860 
 sdk_us_count = 1818891488 
 sdk_us_count = 1818892523 
 sdk_us_count = 1818892866 
 sdk_us_count = 1818893494 
 sdk_us_count = 1818894123 
 sdk_us_count = 1818894751 
 sdk_us_count = 1818895379 
 sdk_us_count = 1818896008 
 sdk_us_count = 1818896636 
 sdk_us_count = 1818897264 
 sdk_us_count = 1818897893 
 sdk_us_count = 1818898521 
 sdk_us_count = 1818899149 
 sdk_us_count = 1818899778 
 sdk_us_count = 1818900569 
 sdk_us_count = 1818901160 
 sdk_us_count = 1818901788 
 sdk_us_count = 1818902417 
 sdk_us_count = 1818903045 
 sdk_us_count = 1818903673 
 sdk_us_count = 1818904302 
 sdk_us_count = 1818904930 
 sdk_us_count = 1818905558 
 sdk_us_count = 1818906187 
 sdk_us_count = 1818906815 
 sdk_us_count = 1818907443 
 sdk_us_count = 1818908587 
 sdk_us_count = 1818908929 
 sdk_us_count = 1818909534 
 sdk_us_count = 1818910163 
 sdk_us_count = 1818910791 
 sdk_us_count = 1818911419 
 sdk_us_count = 1818912048 
 sdk_us_count = 1818912676 
 sdk_us_count = 1818913304 
 sdk_us_count = 1818913936 
 sdk_us_count = 1818914561 
 sdk_us_count = 1818915189 
 sdk_us_count = 1818915818 
 sdk_us_count = 1818916621 
 sdk_us_count = 1818917180 
 sdk_us_count = 1818917809 
 sdk_us_count = 1818918437 
 sdk_us_count = 1818919065 
 sdk_us_count = 1818919694 
 sdk_us_count = 1818920322 
 sdk_us_count = 1818920950 
 sdk_us_count = 1818921579 
 sdk_us_count = 1818922207 
 sdk_us_count = 1818922835 
 sdk_us_count = 1818923464 
 sdk_us_count = 1818924092 
 sdk_us_count = 1818924883 
 sdk_us_count = 1818925474 
 sdk_us_count = 1818926103 
 sdk_us_count = 1818926731 
 sdk_us_count = 1818927359 
 sdk_us_count = 1818927988 
 sdk_us_count = 1818928616 
 sdk_us_count = 1818929244 
 sdk_us_count = 1818929873 
 sdk_us_count = 1818930501 
 sdk_us_count = 1818931129 
 sdk_us_count = 1818931758 
 sdk_us_count = 1818932683 
 sdk_us_count = 1818933134 
 sdk_us_count = 1818933762 
 sdk_us_count = 1818934390 
 sdk_us_count = 1818935019 
 sdk_us_count = 1818935647 
 sdk_us_count = 1818936275 
 sdk_us_count = 1818936904 
 sdk_us_count = 1818937532 
 sdk_us_count = 1818938160 
 sdk_us_count = 1818938789 
 sdk_us_count = 1818939417 
 sdk_us_count = 1818940045 
 sdk_us_count = 1818940838 
 sdk_us_count = 1818941430 
 sdk_us_count = 1818942058 
 sdk_us_count = 1818942686 
 sdk_us_count = 1818943315 
 sdk_us_count = 1818943943 
 sdk_us_count = 1818944571 
 sdk_us_count = 1818945200 
 sdk_us_count = 1818945828 
 sdk_us_count = 1818946456 
 sdk_us_count = 1818947085 
 sdk_us_count = 1818947713 
 sdk_us_count = 1818948746 
 sdk_us_count = 1818949089 
 sdk_us_count = 1818949717 
 sdk_us_count = 1818950346 
 sdk_us_count = 1818950974 
 sdk_us_count = 1818951602 
 sdk_us_count = 1818952231 
 sdk_us_count = 1818952859 
 sdk_us_count = 1818953487 
 sdk_us_count = 1818954116 
 sdk_us_count = 1818954744 
 sdk_us_count = 1818955372 
 sdk_us_count = 1818956001 
 sdk_us_count = 1818956792 
 sdk_us_count = 1818957383 
 sdk_us_count = 1818958011 
 sdk_us_count = 1818958640 
 sdk_us_count = 1818959268 
 sdk_us_count = 1818959896 
 sdk_us_count = 1818960525 
 sdk_us_count = 1818961153 
 sdk_us_count = 1818961781 
 sdk_us_count = 1818962410 
 sdk_us_count = 1818963038 
 sdk_us_count = 1818963666 
 sdk_us_count = 1818964814 
 sdk_us_count = 1818965133 
 sdk_us_count = 1818965761 
 sdk_us_count = 1818966390 
 sdk_us_count = 1818967018 
 sdk_us_count = 1818967646 
 sdk_us_count = 1818968275 
 sdk_us_count = 1818968903 
 sdk_us_count = 1818969531 
 sdk_us_count = 1818970160 
 sdk_us_
[2024-02-07 16:15:00.245] 接收<-: 1819081381 
 sdk_us_count = 1819082010 
 sdk_us_count = 1819082638 
 sdk_us_count = 1819083266 
 sdk_us_count = 1819083895 
 sdk_us_count = 1819084523 
 sdk_us_count = 1819085327 
 sdk_us_count = 1819085941 
 sdk_us_count = 1819086547 
 sdk_us_count = 1819087175 
 sdk_us_count = 1819087803 
 sdk_us_count = 1819088432 
 sdk_us_count = 1819089060 
 sdk_us_count = 1819089688 
 sdk_us_count = 1819090317 
 sdk_us_count = 1819090945 
 sdk_us_count = 1819091573 
 sdk_us_count = 1819092202 
 sdk_us_count = 1819093355 
 sdk_us_count = 1819093684 
 sdk_us_count = 1819094312 
 sdk_us_count = 1819094940 
 sdk_us_count = 1819095569 
 sdk_us_count = 1819096197 
 sdk_us_count = 1819096825 
 sdk_us_count = 1819097454 
 sdk_us_count = 1819098082 
 sdk_us_count = 1819098710 
 sdk_us_count = 1819099339 
 sdk_us_count = 1819099967 
 sdk_us_count = 1819100595 
 sdk_us_count = 1819101395 
 sdk_us_count = 1819101986 
 sdk_us_count = 1819102615 
 sdk_us_count = 1819103243 
 sdk_us_count = 1819103871 
 sdk_us_count = 1819104500 
 sdk_us_count = 1819105128 
 sdk_us_count = 1819105756 
 sdk_us_count = 1819106385 
 sdk_us_count = 1819107013 
 sdk_us_count = 1819107641 
 sdk_us_count = 1819108270 
 sdk_us_count = 1819109394 
 sdk_us_count = 1819109747 
 sdk_us_count = 1819110376 
 sdk_us_count = 1819111004 
 sdk_us_count = 1819111632 
 sdk_us_count = 1819112261 
 sdk_us_count = 1819112889 
 sdk_us_count = 1819113517 
 sdk_us_count = 1819114146 
 sdk_us_count = 1819114774 
 sdk_us_count = 1819115402 
 sdk_us_count = 1819116031 
 sdk_us_count = 1819116659 
 sdk_us_count = 1819117465 
 sdk_us_count = 1819118056 
 sdk_us_count = 1819118685 
 sdk_us_count = 1819119313 
 sdk_us_count = 1819119941 
 sdk_us_count = 1819120570 
 sdk_us_count = 1819121198 
 sdk_us_count = 1819121826 
 sdk_us_count = 1819122455 
 sdk_us_count = 1819123083 
 sdk_us_count = 1819123711 
 sdk_us_count = 1819124340 
 sdk_us_count = 1819125479 
 sdk_us_count = 1819125833 
 sdk_us_count = 1819126461 
 sdk_us_count = 1819127089 
 sdk_us_count = 1819127718 
 sdk_us_count = 1819128346 
 sdk_us_count = 1819128974 
 sdk_us_count = 1819129603 
 sdk_us_count = 1819130231 
 sdk_us_count = 1819130859 
 sdk_us_count = 1819131488 
 sdk_us_count = 1819132116 
 sdk_us_count = 1819132744 
 sdk_us_count = 1819133550 
 sdk_us_count = 1819134142 
 sdk_us_count = 1819134770 
 sdk_us_count = 1819135398 
 sdk_us_count = 1819136027 
 sdk_us_count = 1819136655 
 sdk_us_count = 1819137283 
 sdk_us_count = 1819137912 
 sdk_us_count = 1819138540 
 sdk_us_count = 1819139168 
 sdk_us_count = 1819139797 
 sdk_us_count = 1819140425 
 sdk_us_count = 1819141541 
 sdk_us_count = 1819141894 
 sdk_us_count = 1819142522 
 sdk_us_count = 1819143151 
 sdk_us_count = 1819143779 
 sdk_us_count = 1819144407 
 sdk_us_count = 1819145036 
 sdk_us_count = 1819145664 
 sdk_us_count = 1819146292 
 sdk_us_count = 1819146921 
 sdk_us_count = 1819147549 
 sdk_us_count = 1819148177 
 sdk_us_count = 1819148806 
 sdk_us_count = 1819149631 
 sdk_us_count = 1819150223 
 sdk_us_count = 1819150851 
 sdk_us_count = 1819151479 
 sdk_us_count = 1819152108 
 sdk_us_count = 1819152736 
 sdk_us_count = 1819153364 
 sdk_us_count = 1819153993 
 sdk_us_count = 1819154621 
 sdk_us_count = 1819155249 
 sdk_us_count = 1819155878 
 sdk_us_count = 1819156506 
 sdk_us_count = 1819157607 
 sdk_us_count = 1819157960 
 sdk_us_count = 1819158588 
 sdk_us_count = 1819159217 
 sdk_us_count = 1819159845 
 sdk_us_count = 1819160473 
 sdk_us_count = 1819161102 
 sdk_us_count = 1819161730 
 sdk_us_count = 1819162358 
 sdk_us_count = 1819162987 
 sdk_us_count = 1819163615 
 sdk_us_count = 1819164243 
 sdk_us_count = 1819164872 
 sdk_us_count = 1819165677 
 sdk_us_count = 1819166245 
 sdk_us_count = 1819166874 
 sdk_us_count = 1819167502 
 sdk_us_count = 1819168130 
 sdk_us_count = 1819168759 
 sdk_us_count = 1819169387 
 sdk_us_count = 1819170015 
 sdk_us_count = 1819170644 
 sdk_us_count = 1819171272 
 sdk_us_count = 181917
[2024-02-07 16:15:00.448] 接收<-:s_count = 1819284524 
 sdk_us_count = 1819285152 
 sdk_us_count = 1819286095 
 sdk_us_count = 1819286532 
 sdk_us_count = 1819287160 
 sdk_us_count = 1819287789 
 sdk_us_count = 1819288417 
 sdk_us_count = 1819289045 
 sdk_us_count = 1819289674 
 sdk_us_count = 1819290302 
 sdk_us_count = 1819290930 
 sdk_us_count = 1819291559 
 sdk_us_count = 1819292187 
 sdk_us_count = 1819292815 
 sdk_us_count = 1819293444 
 sdk_us_count = 1819294207 
 sdk_us_count = 1819294798 
 sdk_us_count = 1819295426 
 sdk_us_count = 1819296055 
 sdk_us_count = 1819296683 
 sdk_us_count = 1819297311 
 sdk_us_count = 1819297940 
 sdk_us_count = 1819298568 
 sdk_us_count = 1819299196 
 sdk_us_count = 1819299825 
 sdk_us_count = 1819300453 
 sdk_us_count = 1819301081 
 sdk_us_count = 1819302134 
 sdk_us_count = 1819302487 
 sdk_us_count = 1819303116 
 sdk_us_count = 1819303744 
 sdk_us_count = 1819304372 
 sdk_us_count = 1819305001 
 sdk_us_count = 1819305629 
 sdk_us_count = 1819306257 
 sdk_us_count = 1819306886 
 sdk_us_count = 1819307514 
 sdk_us_count = 1819308142 
 sdk_us_count = 1819308771 
 sdk_us_count = 1819309399 
 sdk_us_count = 1819310167 
 sdk_us_count = 1819310753 
 sdk_us_count = 1819311382 
 sdk_us_count = 1819312010 
 sdk_us_count = 1819312638 
 sdk_us_count = 1819313267 
 sdk_us_count = 1819313895 
 sdk_us_count = 1819314523 
 sdk_us_count = 1819315152 
 sdk_us_count = 1819315780 
 sdk_us_count = 1819316408 
 sdk_us_count = 1819317037 
 sdk_us_count = 1819317665 
 sdk_us_count = 1819318436 
 sdk_us_count = 1819319028 
 sdk_us_count = 1819319656 
 sdk_us_count = 1819320284 
 sdk_us_count = 1819320913 
 sdk_us_count = 1819321541 
 sdk_us_count = 1819322169 
 sdk_us_count = 1819322798 
 sdk_us_count = 1819323426 
 sdk_us_count = 1819324054 
 sdk_us_count = 1819324683 
 sdk_us_count = 1819325311 
 sdk_us_count = 1819326254 
 sdk_us_count = 1819326691 
 sdk_us_count = 1819327320 
 sdk_us_count = 1819327948 
 sdk_us_count = 1819328576 
 sdk_us_count = 1819329205 
 sdk_us_count = 1819329833 
 sdk_us_count = 1819330461 
 sdk_us_count = 1819331090 
 sdk_us_count = 1819331718 
 sdk_us_count = 1819332346 
 sdk_us_count = 1819332975 
 sdk_us_count = 1819333603 
 sdk_us_count = 1819334394 
 sdk_us_count = 1819334985 
 sdk_us_count = 1819335614 
 sdk_us_count = 1819336242 
 sdk_us_count = 1819336870 
 sdk_us_count = 1819337499 
 sdk_us_count = 1819338127 
 sdk_us_count = 1819338755 
 sdk_us_count = 1819339384 
 sdk_us_count = 1819340012 
 sdk_us_count = 1819340640 
 sdk_us_count = 1819341269 
 sdk_us_count = 1819342295 
 sdk_us_count = 1819342649 
 sdk_us_count = 1819343277 
 sdk_us_count = 1819343905 
 sdk_us_count = 1819344534 
 sdk_us_count = 1819345162 
 sdk_us_count = 1819345790 
 sdk_us_count = 1819346419 
 sdk_us_count = 1819347047 
 sdk_us_count = 1819347675 
 sdk_us_count = 1819348304 
 sdk_us_count = 1819348932 
 sdk_us_count = 1819349560 
 sdk_us_count = 1819350327 
 sdk_us_count = 1819350915 
 sdk_us_count = 1819351543 
 sdk_us_count = 1819352171 
 sdk_us_count = 1819352800 
 sdk_us_count = 1819353428 
 sdk_us_count = 1819354056 
 sdk_us_count = 1819354687 
 sdk_us_count = 1819355313 
 sdk_us_count = 1819355941 
 sdk_us_count = 1819356570 
 sdk_us_count = 1819357198 
 sdk_us_count = 1819357826 
 sdk_us_count = 1819358596 
 sdk_us_count = 1819359187 
 sdk_us_count = 1819359815 
 sdk_us_count = 1819360444 
 sdk_us_count = 1819361072 
 sdk_us_count = 1819361700 
 sdk_us_count = 1819362329 
 sdk_us_count = 1819362957 
 sdk_us_count = 1819363585 
 sdk_us_count = 1819364214 
 sdk_us_count = 1819364842 
 sdk_us_count = 1819365470 
 sdk_us_count = 1819366389 
 sdk_us_count = 1819366827 
 sdk_us_count = 1819367455 
 sdk_us_count = 1819368083 
 sdk_us_count = 1819368712 
 sdk_us_count = 1819369340 
 sdk_us_count = 1819369968 
 sdk_us_count = 1819370597 
 sdk_us_count = 1819371225 
 sdk_us_count = 1819371853 
 sdk_us_count = 1819372482 
 sdk_us_count = 1819373110 
 sdk_us_count = 1819373738 
 sdk_us_count
[2024-02-07 16:15:00.649] 接收<-:
 sdk_us_count = 1819485246 
 sdk_us_count = 1819485874 
 sdk_us_count = 1819486502 
 sdk_us_count = 1819487131 
 sdk_us_count = 1819487759 
 sdk_us_count = 1819488387 
 sdk_us_count = 1819489016 
 sdk_us_count = 1819489644 
 sdk_us_count = 1819490272 
 sdk_us_count = 1819490901 
 sdk_us_count = 1819491529 
 sdk_us_count = 1819492157 
 sdk_us_count = 1819492966 
 sdk_us_count = 1819493548 
 sdk_us_count = 1819494177 
 sdk_us_count = 1819494805 
 sdk_us_count = 1819495433 
 sdk_us_count = 1819496062 
 sdk_us_count = 1819496690 
 sdk_us_count = 1819497318 
 sdk_us_count = 1819497947 
 sdk_us_count = 1819498575 
 sdk_us_count = 1819499203 
 sdk_us_count = 1819499832 
 sdk_us_count = 1819500951 
 sdk_us_count = 1819501309 
 sdk_us_count = 1819501938 
 sdk_us_count = 1819502566 
 sdk_us_count = 1819503194 
 sdk_us_count = 1819503823 
 sdk_us_count = 1819504451 
 sdk_us_count = 1819505079 
 sdk_us_count = 1819505708 
 sdk_us_count = 1819506336 
 sdk_us_count = 1819506964 
 sdk_us_count = 1819507593 
 sdk_us_count = 1819508221 
 sdk_us_count = 1819509029 
 sdk_us_count = 1819509610 
 sdk_us_count = 1819510238 
 sdk_us_count = 1819510867 
 sdk_us_count = 1819511495 
 sdk_us_count = 1819512123 
 sdk_us_count = 1819512752 
 sdk_us_count = 1819513380 
 sdk_us_count = 1819514008 
 sdk_us_count = 1819514637 
 sdk_us_count = 1819515265 
 sdk_us_count = 1819515893 
 sdk_us_count = 1819517014 
 sdk_us_count = 1819517371 
 sdk_us_count = 1819517999 
 sdk_us_count = 1819518628 
 sdk_us_count = 1819519256 
 sdk_us_count = 1819519884 
 sdk_us_count = 1819520513 
 sdk_us_count = 1819521141 
 sdk_us_count = 1819521769 
 sdk_us_count = 1819522398 
 sdk_us_count = 1819523026 
 sdk_us_count = 1819523654 
 sdk_us_count = 1819524283 
 sdk_us_count = 1819525096 
 sdk_us_count = 1819525678 
 sdk_us_count = 1819526306 
 sdk_us_count = 1819526935 
 sdk_us_count = 1819527563 
 sdk_us_count = 1819528191 
 sdk_us_count = 1819528820 
 sdk_us_count = 1819529448 
 sdk_us_count = 1819530076 
 sdk_us_count = 1819530705 
 sdk_us_count = 1819531333 
 sdk_us_count = 1819531961 
 sdk_us_count = 1819533080 
 sdk_us_count = 1819533439 
 sdk_us_count = 1819534067 
 sdk_us_count = 1819534696 
 sdk_us_count = 1819535324 
 sdk_us_count = 1819535952 
 sdk_us_count = 1819536581 
 sdk_us_count = 1819537209 
 sdk_us_count = 1819537837 
 sdk_us_count = 1819538466 
 sdk_us_count = 1819539094 
 sdk_us_count = 1819539722 
 sdk_us_count = 1819540351 
 sdk_us_count = 1819541172 
 sdk_us_count = 1819541759 
 sdk_us_count = 1819542387 
 sdk_us_count = 1819543016 
 sdk_us_count = 1819543644 
 sdk_us_count = 1819544272 
 sdk_us_count = 1819544901 
 sdk_us_count = 1819545529 
 sdk_us_count = 1819546157 
 sdk_us_count = 1819546786 
 sdk_us_count = 1819547414 
 sdk_us_count = 1819548042 
 sdk_us_count = 1819549144 
 sdk_us_count = 1819549500 
 sdk_us_count = 1819550129 
 sdk_us_count = 1819550757 
 sdk_us_count = 1819551385 
 sdk_us_count = 1819552014 
 sdk_us_count = 1819552642 
 sdk_us_count = 1819553270 
 sdk_us_count = 1819553899 
 sdk_us_count = 1819554527 
 sdk_us_count = 1819555155 
 sdk_us_count = 1819555784 
 sdk_us_count = 1819556412 
 sdk_us_count = 1819557228 
 sdk_us_count = 1819557805 
 sdk_us_count = 1819558434 
 sdk_us_count = 1819559062 
 sdk_us_count = 1819559690 
 sdk_us_count = 1819560319 
 sdk_us_count = 1819560947 
 sdk_us_count = 1819561575 
 sdk_us_count = 1819562204 
 sdk_us_count = 1819562832 
 sdk_us_count = 1819563460 
 sdk_us_count = 1819564089 
 sdk_us_count = 1819565208 
 sdk_us_count = 1819565564 
 sdk_us_count = 1819566192 
 sdk_us_count = 1819566821 
 sdk_us_count = 1819567449 
 sdk_us_count = 1819568077 
 sdk_us_count = 1819568706 
 sdk_us_count = 1819569334 
 sdk_us_count = 1819569962 
 sdk_us_count = 1819570591 
 sdk_us_count = 1819571219 
 sdk_us_count = 1819571847 
 sdk_us_count = 1819572476 
 sdk_us_count = 1819573291 
 sdk_us_count = 1819573867 
 sdk_us_count = 1819574495 
 sdk_us_count = 1819575123 
 sdk_
[2024-02-07 16:15:00.851] 接收<-:7878631k_
 s souus= unt = 1819686945 
 sdk_us_count = 1819687573 
 sdk_us_count = 1819688202 
 sdk_us_count = 1819688830 
 sdk_us_count = 1819689458 
 sdk_us_count = 1819690087 
 sdk_us_count = 1819690715 
 sdk_us_count = 1819691343 
 sdk_us_count = 1819691972 
 sdk_us_count = 1819692600 
 sdk_us_count = 1819693719 
 sdk_us_count = 1819694076 
 sdk_us_count = 1819694704 
 sdk_us_count = 1819695332 
 sdk_us_count = 1819695961 
 sdk_us_count = 1819696589 
 sdk_us_count = 1819697217 
 sdk_us_count = 1819697846 
 sdk_us_count = 1819698474 
 sdk_us_count = 1819699102 
 sdk_us_count = 1819699731 
 sdk_us_count = 1819700359 
 sdk_us_count = 1819700987 
 sdk_us_count = 1819701800 
 sdk_us_count = 1819702378 
 sdk_us_count = 1819703007 
 sdk_us_count = 1819703635 
 sdk_us_count = 1819704263 
 sdk_us_count = 1819704892 
 sdk_us_count = 1819705520 
 sdk_us_count = 1819706148 
 sdk_us_count = 1819706777 
 sdk_us_count = 1819707405 
 sdk_us_count = 1819708033 
 sdk_us_count = 1819708662 
 sdk_us_count = 1819709784 
 sdk_us_count = 1819710139 
 sdk_us_count = 1819710768 
 sdk_us_count = 1819711396 
 sdk_us_count = 1819712024 
 sdk_us_count = 1819712653 
 sdk_us_count = 1819713281 
 sdk_us_count = 1819713909 
 sdk_us_count = 1819714538 
 sdk_us_count = 1819715166 
 sdk_us_count = 1819715794 
 sdk_us_count = 1819716423 
 sdk_us_count = 1819717051 
 sdk_us_count = 1819717868 
 sdk_us_count = 1819718446 
 sdk_us_count = 1819719075 
 sdk_us_count = 1819719703 
 sdk_us_count = 1819720331 
 sdk_us_count = 1819720960 
 sdk_us_count = 1819721588 
 sdk_us_count = 1819722216 
 sdk_us_count = 1819722845 
 sdk_us_count = 1819723473 
 sdk_us_count = 1819724101 
 sdk_us_count = 1819724730 
 sdk_us_count = 1819725848 
 sdk_us_count = 1819726203 
 sdk_us_count = 1819726831 
 sdk_us_count = 1819727460 
 sdk_us_count = 1819728088 
 sdk_us_count = 1819728716 
 sdk_us_count = 1819729345 
 sdk_us_count = 1819729973 
 sdk_us_count = 1819730601 
 sdk_us_count = 1819731230 
 sdk_us_count = 1819731858 
 sdk_us_count = 1819732486 
 sdk_us_count = 1819733115 
 sdk_us_count = 1819733931 
 sdk_us_count = 1819734506 
 sdk_us_count = 1819735134 
 sdk_us_count = 1819735762 
 sdk_us_count = 1819736391 
 sdk_us_count = 1819737019 
 sdk_us_count = 1819737647 
 sdk_us_count = 1819738276 
 sdk_us_count = 1819738904 
 sdk_us_count = 1819739532 
 sdk_us_count = 1819740161 
 sdk_us_count = 1819740789 
 sdk_us_count = 1819741913 
 sdk_us_count = 1819742269 
 sdk_us_count = 1819742897 
 sdk_us_count = 1819743525 
 sdk_us_count = 1819744154 
 sdk_us_count = 1819744782 
 sdk_us_count = 1819745410 
 sdk_us_count = 1819746039 
 sdk_us_count = 1819746667 
 sdk_us_count = 1819747295 
 sdk_us_count = 1819747924 
 sdk_us_count = 1819748552 
 sdk_us_count = 1819749180 
 sdk_us_count = 1819749993 
 sdk_us_count = 1819750569 
 sdk_us_count = 1819751198 
 sdk_us_count = 1819751826 
 sdk_us_count = 1819752454 
 sdk_us_count = 1819753083 
 sdk_us_count = 1819753711 
 sdk_us_count = 1819754339 
 sdk_us_count = 1819754968 
 sdk_us_count = 1819755596 
 sdk_us_count = 1819756224 
 sdk_us_count = 1819756853 
 sdk_us_count = 1819757973 
 sdk_us_count = 1819758328 
 sdk_us_count = 1819758956 
 sdk_us_count = 1819759585 
 sdk_us_count = 1819760213 
 sdk_us_count = 1819760841 
 sdk_us_count = 1819761470 
 sdk_us_count = 1819762098 
 sdk_us_count = 1819762726 
 sdk_us_count = 1819763355 
 sdk_us_count = 1819763983 
 sdk_us_count = 1819764611 
 sdk_us_count = 1819765240 
 sdk_us_count = 1819766058 
 sdk_us_count = 1819766635 
 sdk_us_count = 1819767263 
 sdk_us_count = 1819767892 
 sdk_us_count = 1819768520 
 sdk_us_count = 1819769148 
 sdk_us_count = 1819769777 
 sdk_us_count = 1819770405 
 sdk_us_count = 1819771033 
 sdk_us_count = 1819771662 
 sdk_us_count = 1819772290 
 sdk_us_count = 1819772918 
 sdk_us_count = 1819774038 
 sdk_us_count = 1819774394 
 sdk_us_count = 1819775022 
 sdk_us_count = 1819775651 
 sdk_us_count = 1819776279 
 sdk_us_count = 181977690
[2024-02-07 16:15:01.052] 接收<-:098 
 sdk_us_count = 1819888727 
 sdk_us_count = 1819889355 
 sdk_us_count = 1819889983 
 sdk_us_count = 1819890612 
 sdk_us_count = 1819891240 
 sdk_us_count = 1819891868 
 sdk_us_count = 1819892497 
 sdk_us_count = 1819893125 
 sdk_us_count = 1819893753 
 sdk_us_count = 1819894573 
 sdk_us_count = 1819895149 
 sdk_us_count = 1819895777 
 sdk_us_count = 1819896405 
 sdk_us_count = 1819897034 
 sdk_us_count = 1819897662 
 sdk_us_count = 1819898290 
 sdk_us_count = 1819898919 
 sdk_us_count = 1819899547 
 sdk_us_count = 1819900175 
 sdk_us_count = 1819900804 
 sdk_us_count = 1819901432 
 sdk_us_count = 1819902550 
 sdk_us_count = 1819902905 
 sdk_us_count = 1819903534 
 sdk_us_count = 1819904162 
 sdk_us_count = 1819904790 
 sdk_us_count = 1819905419 
 sdk_us_count = 1819906047 
 sdk_us_count = 1819906675 
 sdk_us_count = 1819907304 
 sdk_us_count = 1819907932 
 sdk_us_count = 1819908560 
 sdk_us_count = 1819909189 
 sdk_us_count = 1819909817 
 sdk_us_count = 1819910636 
 sdk_us_count = 1819911212 
 sdk_us_count = 1819911841 
 sdk_us_count = 1819912469 
 sdk_us_count = 1819913097 
 sdk_us_count = 1819913726 
 sdk_us_count = 1819914354 
 sdk_us_count = 1819914982 
 sdk_us_count = 1819915611 
 sdk_us_count = 1819916239 
 sdk_us_count = 1819916867 
 sdk_us_count = 1819917496 
 sdk_us_count = 1819918616 
 sdk_us_count = 1819918971 
 sdk_us_count = 1819919600 
 sdk_us_count = 1819920228 
 sdk_us_count = 1819920856 
 sdk_us_count = 1819921485 
 sdk_us_count = 1819922113 
 sdk_us_count = 1819922741 
 sdk_us_count = 1819923370 
 sdk_us_count = 1819923998 
 sdk_us_count = 1819924626 
 sdk_us_count = 1819925255 
 sdk_us_count = 1819925883 
 sdk_us_count = 1819926696 
 sdk_us_count = 1819927274 
 sdk_us_count = 1819927902 
 sdk_us_count = 1819928531 
 sdk_us_count = 1819929159 
 sdk_us_count = 1819929787 
 sdk_us_count = 1819930416 
 sdk_us_count = 1819931044 
 sdk_us_count = 1819931672 
 sdk_us_count = 1819932301 
 sdk_us_count = 1819932929 
 sdk_us_count = 1819933557 
 sdk_us_count = 1819934680 
 sdk_us_count = 1819935037 
 sdk_us_count = 1819935665 
 sdk_us_count = 1819936294 
 sdk_us_count = 1819936922 
 sdk_us_count = 1819937550 
 sdk_us_count = 1819938179 
 sdk_us_count = 1819938807 
 sdk_us_count = 1819939435 
 sdk_us_count = 1819940064 
 sdk_us_count = 1819940692 
 sdk_us_count = 1819941320 
 sdk_us_count = 1819941949 
 sdk_us_count = 1819942761 
 sdk_us_count = 1819943338 
 sdk_us_count = 1819943966 
 sdk_us_count = 1819944594 
 sdk_us_count = 1819945223 
 sdk_us_count = 1819945851 
 sdk_us_count = 1819946479 
 sdk_us_count = 1819947108 
 sdk_us_count = 1819947736 
 sdk_us_count = 1819948364 
 sdk_us_count = 1819948993 
 sdk_us_count = 1819949621 
 sdk_us_count = 1819950745 
 sdk_us_count = 1819951101 
 sdk_us_count = 1819951729 
 sdk_us_count = 1819952357 
 sdk_us_count = 1819952986 
 sdk_us_count = 1819953614 
 sdk_us_count = 1819954242 
 sdk_us_count = 1819954871 
 sdk_us_count = 1819955499 
 sdk_us_count = 1819956127 
 sdk_us_count = 1819956756 
 sdk_us_count = 1819957384 
 sdk_us_count = 1819958012 
 sdk_us_count = 1819958826 
 sdk_us_count = 1819959403 
 sdk_us_count = 1819960032 
 sdk_us_count = 1819960660 
 sdk_us_count = 1819961288 
 sdk_us_count = 1819961917 
 sdk_us_count = 1819962545 
 sdk_us_count = 1819963173 
 sdk_us_count = 1819963802 
 sdk_us_count = 1819964430 
 sdk_us_count = 1819965058 
 sdk_us_count = 1819965687 
 sdk_us_count = 1819966806 
 sdk_us_count = 1819967162 
 sdk_us_count = 1819967791 
 sdk_us_count = 1819968419 
 sdk_us_count = 1819969047 
 sdk_us_count = 1819969676 
 sdk_us_count = 1819970304 
 sdk_us_count = 1819970932 
 sdk_us_count = 1819971561 
 sdk_us_count = 1819972189 
 sdk_us_count = 1819972817 
 sdk_us_count = 1819973446 
 sdk_us_count = 1819974074 
 sdk_us_count = 1819974891 
 sdk_us_count = 1819975467 
 sdk_us_count = 1819976095 
 sdk_us_count = 1819976724 
 sdk_us_count = 1819977352 
 sdk_us_count = 1819977980 
 sdk_us_count = 1819978609 
 
